./experiment-scripts/random-walk-almabench,/home/fyquah/fyp/prod/rundir/2018-03-14T20_08_25.257655Z
./experiment-scripts/random-walk-almabench,/home/fyquah/fyp/prod/rundir/2018-03-14T20_08_27.072600Z
./experiment-scripts/random-walk-almabench,/home/fyquah/fyp/prod/rundir/2018-03-14T20_08_28.754936Z
./experiment-scripts/random-walk-bdd,/home/fyquah/fyp/prod/rundir/2018-03-14T20_10_45.635527Z
./experiment-scripts/random-walk-bdd,/home/fyquah/fyp/prod/rundir/2018-03-14T20_10_47.376895Z
./experiment-scripts/random-walk-bdd,/home/fyquah/fyp/prod/rundir/2018-03-14T20_10_50.143957Z
./experiment-scripts/random-walk-fft,/home/fyquah/fyp/prod/rundir/2018-03-14T20_21_27.187738Z
./experiment-scripts/random-walk-fft,/home/fyquah/fyp/prod/rundir/2018-03-14T20_21_28.917696Z
./experiment-scripts/random-walk-fft,/home/fyquah/fyp/prod/rundir/2018-03-14T20_21_30.617847Z
./experiment-scripts/random-walk-floats-in-functor,/home/fyquah/fyp/prod/rundir/2018-03-14T20_22_22.507457Z
./experiment-scripts/random-walk-floats-in-functor,/home/fyquah/fyp/prod/rundir/2018-03-14T20_22_24.221930Z
./experiment-scripts/random-walk-floats-in-functor,/home/fyquah/fyp/prod/rundir/2018-03-14T20_22_25.941487Z
./experiment-scripts/random-walk-almabench,/home/fyquah/fyp/prod/rundir/2018-03-14T20_45_11.586334Z
./experiment-scripts/random-walk-almabench,/home/fyquah/fyp/prod/rundir/2018-03-14T20_45_13.395586Z
./experiment-scripts/random-walk-almabench,/home/fyquah/fyp/prod/rundir/2018-03-14T20_45_15.102967Z
./experiment-scripts/random-walk-bdd,/home/fyquah/fyp/prod/rundir/2018-03-15T00_23_56.479109Z
./experiment-scripts/random-walk-bdd,/home/fyquah/fyp/prod/rundir/2018-03-15T00_23_58.259843Z
./experiment-scripts/random-walk-bdd,/home/fyquah/fyp/prod/rundir/2018-03-15T00_23_59.976660Z
./experiment-scripts/random-walk-fft,/home/fyquah/fyp/prod/rundir/2018-03-15T05_13_02.687025Z
./experiment-scripts/random-walk-fft,/home/fyquah/fyp/prod/rundir/2018-03-15T05_13_04.411170Z
./experiment-scripts/random-walk-fft,/home/fyquah/fyp/prod/rundir/2018-03-15T05_13_06.083836Z
./experiment-scripts/random-walk-floats-in-functor,/home/fyquah/fyp/prod/rundir/2018-03-15T07_47_21.162418Z
./experiment-scripts/random-walk-floats-in-functor,/home/fyquah/fyp/prod/rundir/2018-03-15T07_47_22.939404Z
./experiment-scripts/random-walk-floats-in-functor,/home/fyquah/fyp/prod/rundir/2018-03-15T07_47_24.674854Z
./experiment-scripts/random-walk-hamming,/home/fyquah/fyp/prod/rundir/2018-03-15T11_00_45.541433Z
./experiment-scripts/random-walk-hamming,/home/fyquah/fyp/prod/rundir/2018-03-15T11_00_47.389635Z
./experiment-scripts/random-walk-hamming,/home/fyquah/fyp/prod/rundir/2018-03-15T11_00_49.094928Z
./experiment-scripts/random-walk-kahan-sum,/home/fyquah/fyp/prod/rundir/2018-03-15T15_31_21.568587Z
./experiment-scripts/random-walk-kahan-sum,/home/fyquah/fyp/prod/rundir/2018-03-15T15_31_23.282998Z
./experiment-scripts/random-walk-kahan-sum,/home/fyquah/fyp/prod/rundir/2018-03-15T15_31_24.973159Z
./experiment-scripts/random-walk-kb,/home/fyquah/fyp/prod/rundir/2018-03-15T15_53_02.263495Z
./experiment-scripts/random-walk-kb,/home/fyquah/fyp/prod/rundir/2018-03-15T15_53_03.976508Z
./experiment-scripts/random-walk-kb,/home/fyquah/fyp/prod/rundir/2018-03-15T15_53_05.734924Z
./experiment-scripts/random-walk-lens-benchmark,/home/fyquah/fyp/prod/rundir/2018-03-15T19_19_26.624607Z
./experiment-scripts/random-walk-lens-benchmark,/home/fyquah/fyp/prod/rundir/2018-03-15T19_19_28.383039Z
./experiment-scripts/random-walk-lens-benchmark,/home/fyquah/fyp/prod/rundir/2018-03-15T19_19_30.087190Z
./experiment-scripts/random-walk-almabench,/home/fyquah/fyp/prod/rundir/2018-03-15T22_06_06.784270Z
./experiment-scripts/random-walk-almabench,/home/fyquah/fyp/prod/rundir/2018-03-15T22_06_08.570699Z
./experiment-scripts/random-walk-almabench,/home/fyquah/fyp/prod/rundir/2018-03-15T22_06_10.327305Z
./experiment-scripts/random-walk-bdd,/home/fyquah/fyp/prod/rundir/2018-03-16T01_41_06.726674Z
./experiment-scripts/random-walk-bdd,/home/fyquah/fyp/prod/rundir/2018-03-16T01_41_08.420636Z
./experiment-scripts/random-walk-bdd,/home/fyquah/fyp/prod/rundir/2018-03-16T01_41_10.188564Z
./experiment-scripts/random-walk-fft,/home/fyquah/fyp/prod/rundir/2018-03-16T06_34_33.139580Z
./experiment-scripts/random-walk-fft,/home/fyquah/fyp/prod/rundir/2018-03-16T06_34_34.890870Z
./experiment-scripts/random-walk-fft,/home/fyquah/fyp/prod/rundir/2018-03-16T06_34_36.584598Z
./experiment-scripts/random-walk-floats-in-functor,/home/fyquah/fyp/prod/rundir/2018-03-16T09_07_31.658871Z
./experiment-scripts/random-walk-floats-in-functor,/home/fyquah/fyp/prod/rundir/2018-03-16T09_07_33.447814Z
./experiment-scripts/random-walk-floats-in-functor,/home/fyquah/fyp/prod/rundir/2018-03-16T09_07_35.190676Z
./experiment-scripts/random-walk-hamming,/home/fyquah/fyp/prod/rundir/2018-03-16T11_50_45.436562Z
./experiment-scripts/random-walk-hamming,/home/fyquah/fyp/prod/rundir/2018-03-16T11_50_47.169633Z
./experiment-scripts/random-walk-hamming,/home/fyquah/fyp/prod/rundir/2018-03-16T11_50_48.891989Z
