./experiment-scripts/simulated-annealing-generic lens,/home/fyquah/fyp/prod/rundir/2018-05-13T18_46_21.474804Z
./experiment-scripts/simulated-annealing-generic lens,/home/fyquah/fyp/prod/rundir/2018-05-13T18_46_23.955370Z
./experiment-scripts/simulated-annealing-generic lens,/home/fyquah/fyp/prod/rundir/2018-05-13T18_46_25.977003Z
./experiment-scripts/simulated-annealing-generic lens,/home/fyquah/fyp/prod/rundir/2018-05-13T18_52_32.939019Z
./experiment-scripts/simulated-annealing-generic lens,/home/fyquah/fyp/prod/rundir/2018-05-13T18_52_35.408366Z
./experiment-scripts/simulated-annealing-generic lens,/home/fyquah/fyp/prod/rundir/2018-05-13T18_52_37.357310Z
./experiment-scripts/simulated-annealing-generic sequence,/home/fyquah/fyp/prod/rundir/2018-05-13T22_34_39.775997Z
./experiment-scripts/simulated-annealing-generic sequence,/home/fyquah/fyp/prod/rundir/2018-05-13T22_34_41.602196Z
./experiment-scripts/simulated-annealing-generic sequence,/home/fyquah/fyp/prod/rundir/2018-05-13T22_34_43.437356Z
./experiment-scripts/simulated-annealing-generic fyq-stdlib-functor-record-sets,/home/fyquah/fyp/prod/rundir/2018-05-14T00_35_27.482044Z
./experiment-scripts/simulated-annealing-generic fyq-stdlib-functor-record-sets,/home/fyquah/fyp/prod/rundir/2018-05-14T00_35_29.438609Z
./experiment-scripts/simulated-annealing-generic fyq-stdlib-functor-record-sets,/home/fyquah/fyp/prod/rundir/2018-05-14T00_35_31.286184Z
./experiment-scripts/simulated-annealing-generic kb,/home/fyquah/fyp/prod/rundir/2018-05-14T04_49_18.993647Z
./experiment-scripts/simulated-annealing-generic kb,/home/fyquah/fyp/prod/rundir/2018-05-14T04_49_20.907191Z
./experiment-scripts/simulated-annealing-generic kb,/home/fyquah/fyp/prod/rundir/2018-05-14T04_49_22.758298Z
./experiment-scripts/simulated-annealing-generic fyq-stdlib-int-sets,/home/fyquah/fyp/prod/rundir/2018-05-14T09_56_51.434617Z
./experiment-scripts/simulated-annealing-generic fyq-stdlib-int-sets,/home/fyquah/fyp/prod/rundir/2018-05-14T09_56_53.325964Z
./experiment-scripts/simulated-annealing-generic fyq-stdlib-int-sets,/home/fyquah/fyp/prod/rundir/2018-05-14T09_56_55.168338Z
./experiment-scripts/simulated-annealing-generic bdd,/home/fyquah/fyp/prod/rundir/2018-05-14T12_31_06.558569Z
./experiment-scripts/simulated-annealing-generic bdd,/home/fyquah/fyp/prod/rundir/2018-05-14T12_31_08.619716Z
./experiment-scripts/simulated-annealing-generic bdd,/home/fyquah/fyp/prod/rundir/2018-05-14T12_31_10.469642Z
