./experiment-scripts/simulated-annealing-generic lens,/home/fyquah/fyp/prod/rundir/2018-05-14T15_55_10.254184Z
./experiment-scripts/simulated-annealing-generic lens,/home/fyquah/fyp/prod/rundir/2018-05-14T15_55_12.776577Z
./experiment-scripts/simulated-annealing-generic lens,/home/fyquah/fyp/prod/rundir/2018-05-14T15_55_14.787999Z
./experiment-scripts/simulated-annealing-generic lens,/home/fyquah/fyp/prod/rundir/2018-05-14T16_03_30.130056Z
./experiment-scripts/simulated-annealing-generic lens,/home/fyquah/fyp/prod/rundir/2018-05-14T16_03_32.477240Z
./experiment-scripts/simulated-annealing-generic lens,/home/fyquah/fyp/prod/rundir/2018-05-14T16_03_34.317183Z
./experiment-scripts/simulated-annealing-generic lens,/home/fyquah/fyp/prod/rundir/2018-05-14T16_06_22.367839Z
./experiment-scripts/simulated-annealing-generic lens,/home/fyquah/fyp/prod/rundir/2018-05-14T16_06_24.738189Z
./experiment-scripts/simulated-annealing-generic lens,/home/fyquah/fyp/prod/rundir/2018-05-14T16_06_26.558699Z
./experiment-scripts/simulated-annealing-generic sequence,/home/fyquah/fyp/prod/rundir/2018-05-15T04_50_39.399922Z
./experiment-scripts/simulated-annealing-generic sequence,/home/fyquah/fyp/prod/rundir/2018-05-15T04_50_41.820192Z
./experiment-scripts/simulated-annealing-generic sequence,/home/fyquah/fyp/prod/rundir/2018-05-15T04_50_43.720898Z
./experiment-scripts/simulated-annealing-generic fyq-stdlib-functor-record-sets,/home/fyquah/fyp/prod/rundir/2018-05-15T05_21_21.559589Z
./experiment-scripts/simulated-annealing-generic fyq-stdlib-functor-record-sets,/home/fyquah/fyp/prod/rundir/2018-05-15T05_21_23.398380Z
./experiment-scripts/simulated-annealing-generic fyq-stdlib-functor-record-sets,/home/fyquah/fyp/prod/rundir/2018-05-15T05_21_25.259702Z
./experiment-scripts/simulated-annealing-generic kb,/home/fyquah/fyp/prod/rundir/2018-05-15T09_59_54.577809Z
./experiment-scripts/simulated-annealing-generic kb,/home/fyquah/fyp/prod/rundir/2018-05-15T09_59_56.605438Z
./experiment-scripts/simulated-annealing-generic kb,/home/fyquah/fyp/prod/rundir/2018-05-15T09_59_58.453871Z
./experiment-scripts/simulated-annealing-generic fyq-stdlib-int-sets,/home/fyquah/fyp/prod/rundir/2018-05-15T14_53_37.371713Z
./experiment-scripts/simulated-annealing-generic fyq-stdlib-int-sets,/home/fyquah/fyp/prod/rundir/2018-05-15T14_53_40.155933Z
./experiment-scripts/simulated-annealing-generic fyq-stdlib-int-sets,/home/fyquah/fyp/prod/rundir/2018-05-15T14_53_42.007122Z
./experiment-scripts/simulated-annealing-generic bdd,/home/fyquah/fyp/prod/rundir/2018-05-15T15_30_51.208885Z
./experiment-scripts/simulated-annealing-generic bdd,/home/fyquah/fyp/prod/rundir/2018-05-15T15_30_53.280851Z
./experiment-scripts/simulated-annealing-generic bdd,/home/fyquah/fyp/prod/rundir/2018-05-15T15_30_55.158295Z
./experiment-scripts/simulated-annealing-generic lexifi,/home/fyquah/fyp/prod/rundir/2018-05-16T12_12_59.060275Z
./experiment-scripts/simulated-annealing-generic lexifi,/home/fyquah/fyp/prod/rundir/2018-05-16T12_13_01.082001Z
./experiment-scripts/simulated-annealing-generic lexifi,/home/fyquah/fyp/prod/rundir/2018-05-16T12_13_02.946512Z
./experiment-scripts/simulated-annealing-generic fyq-symbolic-maths,/home/fyquah/fyp/prod/rundir/2018-05-16T14_50_28.559143Z
./experiment-scripts/simulated-annealing-generic fyq-symbolic-maths,/home/fyquah/fyp/prod/rundir/2018-05-16T14_50_30.418053Z
./experiment-scripts/simulated-annealing-generic fyq-symbolic-maths,/home/fyquah/fyp/prod/rundir/2018-05-16T14_50_32.324523Z
./experiment-scripts/simulated-annealing-generic floats-in-functor,/home/fyquah/fyp/prod/rundir/2018-05-16T15_09_17.815447Z
./experiment-scripts/simulated-annealing-generic floats-in-functor,/home/fyquah/fyp/prod/rundir/2018-05-16T15_09_19.883718Z
./experiment-scripts/simulated-annealing-generic floats-in-functor,/home/fyquah/fyp/prod/rundir/2018-05-16T15_09_21.835525Z
./experiment-scripts/simulated-annealing-generic almabench,/home/fyquah/fyp/prod/rundir/2018-05-16T18_23_28.880924Z
./experiment-scripts/simulated-annealing-generic almabench,/home/fyquah/fyp/prod/rundir/2018-05-16T18_23_30.888887Z
./experiment-scripts/simulated-annealing-generic almabench,/home/fyquah/fyp/prod/rundir/2018-05-16T18_23_33.096862Z
./experiment-scripts/simulated-annealing-generic kahan-sum,/home/fyquah/fyp/prod/rundir/2018-05-16T23_32_23.375785Z
./experiment-scripts/simulated-annealing-generic kahan-sum,/home/fyquah/fyp/prod/rundir/2018-05-16T23_32_25.284358Z
./experiment-scripts/simulated-annealing-generic kahan-sum,/home/fyquah/fyp/prod/rundir/2018-05-16T23_32_27.139657Z
./experiment-scripts/simulated-annealing-generic quicksort,/home/fyquah/fyp/prod/rundir/2018-05-17T03_30_45.511595Z
./experiment-scripts/simulated-annealing-generic quicksort,/home/fyquah/fyp/prod/rundir/2018-05-17T03_30_47.423036Z
./experiment-scripts/simulated-annealing-generic quicksort,/home/fyquah/fyp/prod/rundir/2018-05-17T03_30_49.244704Z
./experiment-scripts/simulated-annealing-generic hamming,/home/fyquah/fyp/prod/rundir/2018-05-17T10_39_27.655498Z
./experiment-scripts/simulated-annealing-generic hamming,/home/fyquah/fyp/prod/rundir/2018-05-17T10_39_29.690339Z
./experiment-scripts/simulated-annealing-generic hamming,/home/fyquah/fyp/prod/rundir/2018-05-17T10_39_31.587837Z
./experiment-scripts/simulated-annealing-generic fyq-rev-list,/home/fyquah/fyp/prod/rundir/2018-05-17T17_03_03.872027Z
./experiment-scripts/simulated-annealing-generic fyq-rev-list,/home/fyquah/fyp/prod/rundir/2018-05-17T17_03_06.321855Z
./experiment-scripts/simulated-annealing-generic fyq-rev-list,/home/fyquah/fyp/prod/rundir/2018-05-17T17_03_08.203637Z
./experiment-scripts/simulated-annealing-generic fft,/home/fyquah/fyp/prod/rundir/2018-05-18T09_56_57.255879Z
./experiment-scripts/simulated-annealing-generic fft,/home/fyquah/fyp/prod/rundir/2018-05-18T09_56_59.232350Z
./experiment-scripts/simulated-annealing-generic fft,/home/fyquah/fyp/prod/rundir/2018-05-18T09_57_01.063211Z
./experiment-scripts/simulated-annealing-generic sequence-cps,/home/fyquah/fyp/prod/rundir/2018-05-18T14_04_04.360664Z
./experiment-scripts/simulated-annealing-generic sequence-cps,/home/fyquah/fyp/prod/rundir/2018-05-18T14_04_06.391178Z
./experiment-scripts/simulated-annealing-generic sequence-cps,/home/fyquah/fyp/prod/rundir/2018-05-18T14_04_08.190967Z
./experiment-scripts/simulated-annealing-generic lens,/home/fyquah/fyp/prod/rundir/2018-05-19T19_08_00.907000Z
./experiment-scripts/simulated-annealing-generic lens,/home/fyquah/fyp/prod/rundir/2018-05-19T19_08_02.976812Z
./experiment-scripts/simulated-annealing-generic lens,/home/fyquah/fyp/prod/rundir/2018-05-19T19_08_04.804529Z
./experiment-scripts/simulated-annealing-generic sequence,/home/fyquah/fyp/prod/rundir/2018-05-20T10_29_30.955299Z
./experiment-scripts/simulated-annealing-generic sequence,/home/fyquah/fyp/prod/rundir/2018-05-20T10_29_32.894517Z
./experiment-scripts/simulated-annealing-generic sequence,/home/fyquah/fyp/prod/rundir/2018-05-20T10_29_34.744548Z
./experiment-scripts/simulated-annealing-generic fyq-stdlib-functor-record-sets,/home/fyquah/fyp/prod/rundir/2018-05-20T19_47_05.402755Z
./experiment-scripts/simulated-annealing-generic fyq-stdlib-functor-record-sets,/home/fyquah/fyp/prod/rundir/2018-05-20T19_47_07.383261Z
./experiment-scripts/simulated-annealing-generic fyq-stdlib-functor-record-sets,/home/fyquah/fyp/prod/rundir/2018-05-20T19_47_09.225647Z
./experiment-scripts/simulated-annealing-generic kb,/home/fyquah/fyp/prod/rundir/2018-05-21T00_39_18.365978Z
./experiment-scripts/simulated-annealing-generic kb,/home/fyquah/fyp/prod/rundir/2018-05-21T00_39_20.197872Z
./experiment-scripts/simulated-annealing-generic kb,/home/fyquah/fyp/prod/rundir/2018-05-21T00_39_22.071898Z
./experiment-scripts/simulated-annealing-generic fyq-stdlib-int-sets,/home/fyquah/fyp/prod/rundir/2018-05-21T05_47_46.904740Z
./experiment-scripts/simulated-annealing-generic fyq-stdlib-int-sets,/home/fyquah/fyp/prod/rundir/2018-05-21T05_47_49.441953Z
./experiment-scripts/simulated-annealing-generic fyq-stdlib-int-sets,/home/fyquah/fyp/prod/rundir/2018-05-21T05_47_51.346048Z
./experiment-scripts/simulated-annealing-generic bdd,/home/fyquah/fyp/prod/rundir/2018-05-21T08_11_28.115395Z
./experiment-scripts/simulated-annealing-generic bdd,/home/fyquah/fyp/prod/rundir/2018-05-21T08_11_30.250628Z
./experiment-scripts/simulated-annealing-generic bdd,/home/fyquah/fyp/prod/rundir/2018-05-21T08_11_32.149023Z
./experiment-scripts/simulated-annealing-generic lexifi,/home/fyquah/fyp/prod/rundir/2018-05-21T15_27_00.892684Z
./experiment-scripts/simulated-annealing-generic lexifi,/home/fyquah/fyp/prod/rundir/2018-05-21T15_27_03.081254Z
./experiment-scripts/simulated-annealing-generic lexifi,/home/fyquah/fyp/prod/rundir/2018-05-21T15_27_04.986331Z
./experiment-scripts/simulated-annealing-generic fyq-symbolic-maths,/home/fyquah/fyp/prod/rundir/2018-05-21T22_38_54.782479Z
./experiment-scripts/simulated-annealing-generic fyq-symbolic-maths,/home/fyquah/fyp/prod/rundir/2018-05-21T22_38_56.772462Z
./experiment-scripts/simulated-annealing-generic fyq-symbolic-maths,/home/fyquah/fyp/prod/rundir/2018-05-21T22_38_58.654749Z
./experiment-scripts/simulated-annealing-generic floats-in-functor,/home/fyquah/fyp/prod/rundir/2018-05-22T01_54_38.644192Z
./experiment-scripts/simulated-annealing-generic floats-in-functor,/home/fyquah/fyp/prod/rundir/2018-05-22T01_54_40.825607Z
./experiment-scripts/simulated-annealing-generic floats-in-functor,/home/fyquah/fyp/prod/rundir/2018-05-22T01_54_42.694800Z
./experiment-scripts/simulated-annealing-generic almabench,/home/fyquah/fyp/prod/rundir/2018-05-22T06_37_56.589190Z
./experiment-scripts/simulated-annealing-generic almabench,/home/fyquah/fyp/prod/rundir/2018-05-22T06_37_59.004390Z
./experiment-scripts/simulated-annealing-generic almabench,/home/fyquah/fyp/prod/rundir/2018-05-22T06_38_00.853794Z
./experiment-scripts/simulated-annealing-generic kahan-sum,/home/fyquah/fyp/prod/rundir/2018-05-22T12_02_05.598334Z
./experiment-scripts/simulated-annealing-generic kahan-sum,/home/fyquah/fyp/prod/rundir/2018-05-22T12_02_07.603810Z
./experiment-scripts/simulated-annealing-generic kahan-sum,/home/fyquah/fyp/prod/rundir/2018-05-22T12_02_09.422313Z
./experiment-scripts/simulated-annealing-generic quicksort,/home/fyquah/fyp/prod/rundir/2018-05-22T16_13_27.474159Z
./experiment-scripts/simulated-annealing-generic quicksort,/home/fyquah/fyp/prod/rundir/2018-05-22T16_13_29.855995Z
./experiment-scripts/simulated-annealing-generic quicksort,/home/fyquah/fyp/prod/rundir/2018-05-22T16_13_31.693266Z
