./experiment-scripts/simulated-annealing-generic lexifi,/home/fyquah/fyp/prod/rundir/2018-05-23T14_07_29.497468Z
./experiment-scripts/simulated-annealing-generic lexifi,/home/fyquah/fyp/prod/rundir/2018-05-23T14_07_31.831656Z
./experiment-scripts/simulated-annealing-generic lexifi,/home/fyquah/fyp/prod/rundir/2018-05-23T14_07_34.084938Z
./experiment-scripts/simulated-annealing-generic fyq-symbolic-maths,/home/fyquah/fyp/prod/rundir/2018-05-23T21_06_21.694337Z
./experiment-scripts/simulated-annealing-generic fyq-symbolic-maths,/home/fyquah/fyp/prod/rundir/2018-05-23T21_06_24.053519Z
./experiment-scripts/simulated-annealing-generic fyq-symbolic-maths,/home/fyquah/fyp/prod/rundir/2018-05-23T21_06_26.333261Z
./experiment-scripts/simulated-annealing-generic lexifi,/home/fyquah/fyp/prod/rundir/2018-05-24T20_21_50.944062Z
./experiment-scripts/simulated-annealing-generic lexifi,/home/fyquah/fyp/prod/rundir/2018-05-24T20_21_53.799586Z
./experiment-scripts/simulated-annealing-generic lexifi,/home/fyquah/fyp/prod/rundir/2018-05-24T20_21_56.219579Z
./experiment-scripts/simulated-annealing-generic lexifi,/home/fyquah/fyp/prod/rundir/2018-05-24T20_54_58.098872Z
./experiment-scripts/simulated-annealing-generic lexifi,/home/fyquah/fyp/prod/rundir/2018-05-24T20_55_00.577453Z
./experiment-scripts/simulated-annealing-generic lexifi,/home/fyquah/fyp/prod/rundir/2018-05-24T20_55_02.811879Z
./experiment-scripts/simulated-annealing-generic fyq-symbolic-maths,/home/fyquah/fyp/prod/rundir/2018-05-25T04_54_56.467850Z
./experiment-scripts/simulated-annealing-generic fyq-symbolic-maths,/home/fyquah/fyp/prod/rundir/2018-05-25T04_54_58.794451Z
./experiment-scripts/simulated-annealing-generic fyq-symbolic-maths,/home/fyquah/fyp/prod/rundir/2018-05-25T04_55_01.051982Z
./experiment-scripts/simulated-annealing-generic floats-in-functor,/home/fyquah/fyp/prod/rundir/2018-05-25T08_24_41.283517Z
./experiment-scripts/simulated-annealing-generic floats-in-functor,/home/fyquah/fyp/prod/rundir/2018-05-25T08_24_43.788153Z
./experiment-scripts/simulated-annealing-generic floats-in-functor,/home/fyquah/fyp/prod/rundir/2018-05-25T08_24_45.987438Z
./experiment-scripts/simulated-annealing-generic almabench,/home/fyquah/fyp/prod/rundir/2018-05-25T11_49_08.419236Z
./experiment-scripts/simulated-annealing-generic almabench,/home/fyquah/fyp/prod/rundir/2018-05-25T11_49_10.746383Z
./experiment-scripts/simulated-annealing-generic almabench,/home/fyquah/fyp/prod/rundir/2018-05-25T11_49_12.924521Z
./experiment-scripts/simulated-annealing-generic kahan-sum,/home/fyquah/fyp/prod/rundir/2018-05-25T17_12_48.103214Z
./experiment-scripts/simulated-annealing-generic kahan-sum,/home/fyquah/fyp/prod/rundir/2018-05-25T17_12_50.438550Z
./experiment-scripts/simulated-annealing-generic kahan-sum,/home/fyquah/fyp/prod/rundir/2018-05-25T17_12_52.609701Z
./experiment-scripts/simulated-annealing-generic quicksort,/home/fyquah/fyp/prod/rundir/2018-05-25T21_14_25.915748Z
./experiment-scripts/simulated-annealing-generic quicksort,/home/fyquah/fyp/prod/rundir/2018-05-25T21_14_28.115573Z
./experiment-scripts/simulated-annealing-generic quicksort,/home/fyquah/fyp/prod/rundir/2018-05-25T21_14_30.348546Z
./experiment-scripts/simulated-annealing-generic hamming,/home/fyquah/fyp/prod/rundir/2018-05-26T04_29_45.179777Z
./experiment-scripts/simulated-annealing-generic hamming,/home/fyquah/fyp/prod/rundir/2018-05-26T04_29_48.112761Z
./experiment-scripts/simulated-annealing-generic hamming,/home/fyquah/fyp/prod/rundir/2018-05-26T04_29_50.373793Z
./experiment-scripts/simulated-annealing-generic fyq-rev-list,/home/fyquah/fyp/prod/rundir/2018-05-26T11_08_06.706747Z
./experiment-scripts/simulated-annealing-generic fyq-rev-list,/home/fyquah/fyp/prod/rundir/2018-05-26T11_08_09.184516Z
./experiment-scripts/simulated-annealing-generic fyq-rev-list,/home/fyquah/fyp/prod/rundir/2018-05-26T11_08_11.342278Z
./experiment-scripts/simulated-annealing-generic fft,/home/fyquah/fyp/prod/rundir/2018-05-26T16_50_01.930432Z
./experiment-scripts/simulated-annealing-generic fft,/home/fyquah/fyp/prod/rundir/2018-05-26T16_50_04.472763Z
./experiment-scripts/simulated-annealing-generic fft,/home/fyquah/fyp/prod/rundir/2018-05-26T16_50_06.726174Z
./experiment-scripts/simulated-annealing-generic sequence-cps,/home/fyquah/fyp/prod/rundir/2018-05-26T20_59_46.325979Z
./experiment-scripts/simulated-annealing-generic sequence-cps,/home/fyquah/fyp/prod/rundir/2018-05-26T20_59_48.746112Z
./experiment-scripts/simulated-annealing-generic sequence-cps,/home/fyquah/fyp/prod/rundir/2018-05-26T20_59_50.910114Z
./experiment-scripts/simulated-annealing-generic lens,/home/fyquah/fyp/prod/rundir/2018-05-27T13_16_51.623222Z
./experiment-scripts/simulated-annealing-generic lens,/home/fyquah/fyp/prod/rundir/2018-05-27T13_16_53.952810Z
./experiment-scripts/simulated-annealing-generic lens,/home/fyquah/fyp/prod/rundir/2018-05-27T13_16_56.123291Z
./experiment-scripts/simulated-annealing-generic sequence,/home/fyquah/fyp/prod/rundir/2018-05-27T23_30_02.977669Z
./experiment-scripts/simulated-annealing-generic sequence,/home/fyquah/fyp/prod/rundir/2018-05-27T23_30_05.297241Z
./experiment-scripts/simulated-annealing-generic sequence,/home/fyquah/fyp/prod/rundir/2018-05-27T23_30_07.544291Z
