./experiment-scripts/random-walk-almabench,/home/fyquah/fyp/prod/rundir/2018-03-16T12_44_49.548701Z
./experiment-scripts/random-walk-almabench,/home/fyquah/fyp/prod/rundir/2018-03-16T12_44_51.308783Z
./experiment-scripts/random-walk-almabench,/home/fyquah/fyp/prod/rundir/2018-03-16T12_44_53.036335Z
./experiment-scripts/random-walk-bdd,/home/fyquah/fyp/prod/rundir/2018-03-16T16_24_59.608773Z
./experiment-scripts/random-walk-bdd,/home/fyquah/fyp/prod/rundir/2018-03-16T16_25_01.446801Z
./experiment-scripts/random-walk-bdd,/home/fyquah/fyp/prod/rundir/2018-03-16T16_25_03.201566Z
./experiment-scripts/random-walk-fft,/home/fyquah/fyp/prod/rundir/2018-03-16T21_21_36.211466Z
./experiment-scripts/random-walk-fft,/home/fyquah/fyp/prod/rundir/2018-03-16T21_21_37.938453Z
./experiment-scripts/random-walk-fft,/home/fyquah/fyp/prod/rundir/2018-03-16T21_21_39.671548Z
./experiment-scripts/random-walk-floats-in-functor,/home/fyquah/fyp/prod/rundir/2018-03-17T00_03_24.954985Z
./experiment-scripts/random-walk-floats-in-functor,/home/fyquah/fyp/prod/rundir/2018-03-17T00_03_26.697355Z
./experiment-scripts/random-walk-floats-in-functor,/home/fyquah/fyp/prod/rundir/2018-03-17T00_03_28.423651Z
./experiment-scripts/random-walk-hamming,/home/fyquah/fyp/prod/rundir/2018-03-17T03_05_04.171539Z
./experiment-scripts/random-walk-hamming,/home/fyquah/fyp/prod/rundir/2018-03-17T03_05_05.928203Z
./experiment-scripts/random-walk-hamming,/home/fyquah/fyp/prod/rundir/2018-03-17T03_05_07.668982Z
./experiment-scripts/random-walk-kahan-sum,/home/fyquah/fyp/prod/rundir/2018-03-17T07_37_50.268705Z
./experiment-scripts/random-walk-kahan-sum,/home/fyquah/fyp/prod/rundir/2018-03-17T07_37_52.018557Z
./experiment-scripts/random-walk-kahan-sum,/home/fyquah/fyp/prod/rundir/2018-03-17T07_37_54.026581Z
./experiment-scripts/random-walk-kb,/home/fyquah/fyp/prod/rundir/2018-03-17T07_58_31.254929Z
./experiment-scripts/random-walk-kb,/home/fyquah/fyp/prod/rundir/2018-03-17T07_58_33.043921Z
./experiment-scripts/random-walk-kb,/home/fyquah/fyp/prod/rundir/2018-03-17T07_58_34.768912Z
./experiment-scripts/random-walk-lens-benchmark,/home/fyquah/fyp/prod/rundir/2018-03-17T13_08_52.093223Z
./experiment-scripts/random-walk-lens-benchmark,/home/fyquah/fyp/prod/rundir/2018-03-17T13_08_53.853798Z
./experiment-scripts/random-walk-lens-benchmark,/home/fyquah/fyp/prod/rundir/2018-03-17T13_08_55.585993Z
./experiment-scripts/random-walk-lexifi-g2pp_benchmark,/home/fyquah/fyp/prod/rundir/2018-03-17T16_20_56.517587Z
./experiment-scripts/random-walk-lexifi-g2pp_benchmark,/home/fyquah/fyp/prod/rundir/2018-03-17T16_20_58.276819Z
./experiment-scripts/random-walk-lexifi-g2pp_benchmark,/home/fyquah/fyp/prod/rundir/2018-03-17T16_20_59.982158Z
./experiment-scripts/random-walk-quicksort,/home/fyquah/fyp/prod/rundir/2018-03-17T22_05_38.964493Z
./experiment-scripts/random-walk-quicksort,/home/fyquah/fyp/prod/rundir/2018-03-17T22_05_40.695705Z
./experiment-scripts/random-walk-quicksort,/home/fyquah/fyp/prod/rundir/2018-03-17T22_05_42.440957Z
./experiment-scripts/random-walk-sequence_benchmark,/home/fyquah/fyp/prod/rundir/2018-03-18T02_41_55.206432Z
./experiment-scripts/random-walk-sequence_benchmark,/home/fyquah/fyp/prod/rundir/2018-03-18T02_41_56.992388Z
./experiment-scripts/random-walk-sequence_benchmark,/home/fyquah/fyp/prod/rundir/2018-03-18T02_41_58.716126Z
./experiment-scripts/random-walk-sequence_cps_benchmark,/home/fyquah/fyp/prod/rundir/2018-03-18T09_20_52.055659Z
./experiment-scripts/random-walk-sequence_cps_benchmark,/home/fyquah/fyp/prod/rundir/2018-03-18T09_20_53.857504Z
./experiment-scripts/random-walk-sequence_cps_benchmark,/home/fyquah/fyp/prod/rundir/2018-03-18T09_20_55.575502Z
./experiment-scripts/random-walk-almabench,/home/fyquah/fyp/prod/rundir/2018-03-18T14_05_03.479127Z
./experiment-scripts/random-walk-almabench,/home/fyquah/fyp/prod/rundir/2018-03-18T14_05_05.181962Z
./experiment-scripts/random-walk-almabench,/home/fyquah/fyp/prod/rundir/2018-03-18T14_05_06.922701Z
./experiment-scripts/random-walk-bdd,/home/fyquah/fyp/prod/rundir/2018-03-18T17_45_23.429771Z
./experiment-scripts/random-walk-bdd,/home/fyquah/fyp/prod/rundir/2018-03-18T17_45_25.259906Z
./experiment-scripts/random-walk-bdd,/home/fyquah/fyp/prod/rundir/2018-03-18T17_45_27.014646Z
./experiment-scripts/random-walk-fft,/home/fyquah/fyp/prod/rundir/2018-03-18T22_43_19.992052Z
./experiment-scripts/random-walk-fft,/home/fyquah/fyp/prod/rundir/2018-03-18T22_43_21.809652Z
./experiment-scripts/random-walk-fft,/home/fyquah/fyp/prod/rundir/2018-03-18T22_43_23.509502Z
./experiment-scripts/random-walk-floats-in-functor,/home/fyquah/fyp/prod/rundir/2018-03-19T01_25_28.768345Z
./experiment-scripts/random-walk-floats-in-functor,/home/fyquah/fyp/prod/rundir/2018-03-19T01_25_30.537066Z
./experiment-scripts/random-walk-floats-in-functor,/home/fyquah/fyp/prod/rundir/2018-03-19T01_25_32.269069Z
./experiment-scripts/random-walk-hamming,/home/fyquah/fyp/prod/rundir/2018-03-19T04_22_32.798606Z
./experiment-scripts/random-walk-hamming,/home/fyquah/fyp/prod/rundir/2018-03-19T04_22_34.561800Z
./experiment-scripts/random-walk-hamming,/home/fyquah/fyp/prod/rundir/2018-03-19T04_22_38.433077Z
./experiment-scripts/random-walk-kahan-sum,/home/fyquah/fyp/prod/rundir/2018-03-19T08_53_56.002161Z
./experiment-scripts/random-walk-kahan-sum,/home/fyquah/fyp/prod/rundir/2018-03-19T08_53_57.738466Z
./experiment-scripts/random-walk-kahan-sum,/home/fyquah/fyp/prod/rundir/2018-03-19T08_53_59.432079Z
./experiment-scripts/random-walk-kb,/home/fyquah/fyp/prod/rundir/2018-03-19T09_16_16.902168Z
./experiment-scripts/random-walk-kb,/home/fyquah/fyp/prod/rundir/2018-03-19T09_16_18.677857Z
./experiment-scripts/random-walk-kb,/home/fyquah/fyp/prod/rundir/2018-03-19T09_16_20.385046Z
./experiment-scripts/random-walk-lens-benchmark,/home/fyquah/fyp/prod/rundir/2018-03-19T13_11_51.386842Z
./experiment-scripts/random-walk-lens-benchmark,/home/fyquah/fyp/prod/rundir/2018-03-19T13_11_53.157158Z
./experiment-scripts/random-walk-lens-benchmark,/home/fyquah/fyp/prod/rundir/2018-03-19T13_11_56.973319Z
./experiment-scripts/random-walk-lexifi-g2pp_benchmark,/home/fyquah/fyp/prod/rundir/2018-03-19T15_46_57.109109Z
./experiment-scripts/random-walk-lexifi-g2pp_benchmark,/home/fyquah/fyp/prod/rundir/2018-03-19T15_46_58.801971Z
./experiment-scripts/random-walk-lexifi-g2pp_benchmark,/home/fyquah/fyp/prod/rundir/2018-03-19T15_47_00.557669Z
./experiment-scripts/random-walk-quicksort,/home/fyquah/fyp/prod/rundir/2018-03-19T21_25_19.371256Z
./experiment-scripts/random-walk-quicksort,/home/fyquah/fyp/prod/rundir/2018-03-19T21_25_21.172983Z
./experiment-scripts/random-walk-quicksort,/home/fyquah/fyp/prod/rundir/2018-03-19T21_25_22.867703Z
./experiment-scripts/random-walk-sequence_benchmark,/home/fyquah/fyp/prod/rundir/2018-03-20T02_05_50.649626Z
./experiment-scripts/random-walk-sequence_benchmark,/home/fyquah/fyp/prod/rundir/2018-03-20T02_05_52.430090Z
./experiment-scripts/random-walk-sequence_benchmark,/home/fyquah/fyp/prod/rundir/2018-03-20T02_05_54.164809Z
./experiment-scripts/random-walk-sequence_cps_benchmark,/home/fyquah/fyp/prod/rundir/2018-03-20T08_36_37.450274Z
./experiment-scripts/random-walk-sequence_cps_benchmark,/home/fyquah/fyp/prod/rundir/2018-03-20T08_36_39.221058Z
./experiment-scripts/random-walk-sequence_cps_benchmark,/home/fyquah/fyp/prod/rundir/2018-03-20T08_36_40.915894Z
./experiment-scripts/random-walk-almabench,/home/fyquah/fyp/prod/rundir/2018-03-20T13_23_58.995251Z
./experiment-scripts/random-walk-almabench,/home/fyquah/fyp/prod/rundir/2018-03-20T13_24_00.771953Z
./experiment-scripts/random-walk-almabench,/home/fyquah/fyp/prod/rundir/2018-03-20T13_24_03.384234Z
./experiment-scripts/random-walk-bdd,/home/fyquah/fyp/prod/rundir/2018-03-20T16_53_34.599569Z
./experiment-scripts/random-walk-bdd,/home/fyquah/fyp/prod/rundir/2018-03-20T16_53_36.366277Z
./experiment-scripts/random-walk-bdd,/home/fyquah/fyp/prod/rundir/2018-03-20T16_53_38.131478Z
./experiment-scripts/random-walk-fft,/home/fyquah/fyp/prod/rundir/2018-03-20T21_55_20.990392Z
./experiment-scripts/random-walk-fft,/home/fyquah/fyp/prod/rundir/2018-03-20T21_55_22.778574Z
./experiment-scripts/random-walk-fft,/home/fyquah/fyp/prod/rundir/2018-03-20T21_55_24.464602Z
./experiment-scripts/random-walk-floats-in-functor,/home/fyquah/fyp/prod/rundir/2018-03-21T00_29_54.532948Z
./experiment-scripts/random-walk-floats-in-functor,/home/fyquah/fyp/prod/rundir/2018-03-21T00_29_56.277652Z
./experiment-scripts/random-walk-floats-in-functor,/home/fyquah/fyp/prod/rundir/2018-03-21T00_29_57.994242Z
./experiment-scripts/random-walk-hamming,/home/fyquah/fyp/prod/rundir/2018-03-21T03_30_23.612990Z
./experiment-scripts/random-walk-hamming,/home/fyquah/fyp/prod/rundir/2018-03-21T03_30_25.340539Z
./experiment-scripts/random-walk-hamming,/home/fyquah/fyp/prod/rundir/2018-03-21T03_30_27.074208Z
./experiment-scripts/random-walk-kahan-sum,/home/fyquah/fyp/prod/rundir/2018-03-21T08_03_54.661844Z
./experiment-scripts/random-walk-kahan-sum,/home/fyquah/fyp/prod/rundir/2018-03-21T08_03_56.414795Z
./experiment-scripts/random-walk-kahan-sum,/home/fyquah/fyp/prod/rundir/2018-03-21T08_03_58.108215Z
./experiment-scripts/random-walk-kb,/home/fyquah/fyp/prod/rundir/2018-03-21T08_28_10.426870Z
./experiment-scripts/random-walk-kb,/home/fyquah/fyp/prod/rundir/2018-03-21T08_28_12.140036Z
./experiment-scripts/random-walk-kb,/home/fyquah/fyp/prod/rundir/2018-03-21T08_28_13.877604Z
./experiment-scripts/random-walk-lens-benchmark,/home/fyquah/fyp/prod/rundir/2018-03-21T11_56_34.562622Z
./experiment-scripts/random-walk-lens-benchmark,/home/fyquah/fyp/prod/rundir/2018-03-21T11_56_36.296233Z
./experiment-scripts/random-walk-lens-benchmark,/home/fyquah/fyp/prod/rundir/2018-03-21T11_56_38.002935Z
./experiment-scripts/random-walk-almabench,/home/fyquah/fyp/prod/rundir/2018-03-21T12_51_37.738448Z
./experiment-scripts/random-walk-almabench,/home/fyquah/fyp/prod/rundir/2018-03-21T12_51_39.587820Z
./experiment-scripts/random-walk-almabench,/home/fyquah/fyp/prod/rundir/2018-03-21T12_51_43.189007Z
./experiment-scripts/random-walk-bdd,/home/fyquah/fyp/prod/rundir/2018-03-21T16_26_03.959934Z
./experiment-scripts/random-walk-bdd,/home/fyquah/fyp/prod/rundir/2018-03-21T16_26_05.704049Z
./experiment-scripts/random-walk-bdd,/home/fyquah/fyp/prod/rundir/2018-03-21T16_26_07.417870Z
./experiment-scripts/random-walk-fft,/home/fyquah/fyp/prod/rundir/2018-03-21T21_23_45.885867Z
./experiment-scripts/random-walk-fft,/home/fyquah/fyp/prod/rundir/2018-03-21T21_23_47.684657Z
./experiment-scripts/random-walk-fft,/home/fyquah/fyp/prod/rundir/2018-03-21T21_23_49.387101Z
./experiment-scripts/random-walk-floats-in-functor,/home/fyquah/fyp/prod/rundir/2018-03-21T23_54_44.376371Z
./experiment-scripts/random-walk-floats-in-functor,/home/fyquah/fyp/prod/rundir/2018-03-21T23_54_46.192091Z
./experiment-scripts/random-walk-floats-in-functor,/home/fyquah/fyp/prod/rundir/2018-03-21T23_54_47.926911Z
./experiment-scripts/random-walk-hamming,/home/fyquah/fyp/prod/rundir/2018-03-22T02_44_33.296989Z
./experiment-scripts/random-walk-hamming,/home/fyquah/fyp/prod/rundir/2018-03-22T02_44_35.093451Z
./experiment-scripts/random-walk-hamming,/home/fyquah/fyp/prod/rundir/2018-03-22T02_44_36.796675Z
./experiment-scripts/random-walk-kahan-sum,/home/fyquah/fyp/prod/rundir/2018-03-22T07_14_34.265683Z
./experiment-scripts/random-walk-kahan-sum,/home/fyquah/fyp/prod/rundir/2018-03-22T07_14_36.037572Z
./experiment-scripts/random-walk-kahan-sum,/home/fyquah/fyp/prod/rundir/2018-03-22T07_14_38.568643Z
./experiment-scripts/random-walk-kb,/home/fyquah/fyp/prod/rundir/2018-03-22T07_40_45.899246Z
./experiment-scripts/random-walk-kb,/home/fyquah/fyp/prod/rundir/2018-03-22T07_40_47.630300Z
./experiment-scripts/random-walk-kb,/home/fyquah/fyp/prod/rundir/2018-03-22T07_40_49.356655Z
./experiment-scripts/random-walk-lens-benchmark,/home/fyquah/fyp/prod/rundir/2018-03-22T11_11_40.855749Z
./experiment-scripts/random-walk-lens-benchmark,/home/fyquah/fyp/prod/rundir/2018-03-22T11_11_42.625961Z
./experiment-scripts/random-walk-lens-benchmark,/home/fyquah/fyp/prod/rundir/2018-03-22T11_11_44.374907Z
./experiment-scripts/random-walk-lexifi-g2pp_benchmark,/home/fyquah/fyp/prod/rundir/2018-03-22T13_48_59.430358Z
./experiment-scripts/random-walk-lexifi-g2pp_benchmark,/home/fyquah/fyp/prod/rundir/2018-03-22T13_49_01.172884Z
./experiment-scripts/random-walk-lexifi-g2pp_benchmark,/home/fyquah/fyp/prod/rundir/2018-03-22T13_49_02.917289Z
./experiment-scripts/random-walk-quicksort,/home/fyquah/fyp/prod/rundir/2018-03-22T19_32_41.667905Z
./experiment-scripts/random-walk-quicksort,/home/fyquah/fyp/prod/rundir/2018-03-22T19_32_43.367298Z
./experiment-scripts/random-walk-quicksort,/home/fyquah/fyp/prod/rundir/2018-03-22T19_32_45.071305Z
./experiment-scripts/random-walk-sequence_benchmark,/home/fyquah/fyp/prod/rundir/2018-03-23T00_13_07.667030Z
./experiment-scripts/random-walk-sequence_benchmark,/home/fyquah/fyp/prod/rundir/2018-03-23T00_13_09.365593Z
./experiment-scripts/random-walk-sequence_benchmark,/home/fyquah/fyp/prod/rundir/2018-03-23T00_13_11.091103Z
./experiment-scripts/random-walk-sequence_cps_benchmark,/home/fyquah/fyp/prod/rundir/2018-03-23T06_59_09.668908Z
./experiment-scripts/random-walk-sequence_cps_benchmark,/home/fyquah/fyp/prod/rundir/2018-03-23T06_59_11.513411Z
./experiment-scripts/random-walk-sequence_cps_benchmark,/home/fyquah/fyp/prod/rundir/2018-03-23T06_59_13.250083Z
./experiment-scripts/random-walk-almabench,/home/fyquah/fyp/prod/rundir/2018-03-23T11_43_10.971349Z
./experiment-scripts/random-walk-almabench,/home/fyquah/fyp/prod/rundir/2018-03-23T11_43_12.647346Z
./experiment-scripts/random-walk-almabench,/home/fyquah/fyp/prod/rundir/2018-03-23T11_43_14.398405Z
./experiment-scripts/random-walk-bdd,/home/fyquah/fyp/prod/rundir/2018-03-23T15_15_10.640973Z
./experiment-scripts/random-walk-bdd,/home/fyquah/fyp/prod/rundir/2018-03-23T15_15_12.402766Z
./experiment-scripts/random-walk-bdd,/home/fyquah/fyp/prod/rundir/2018-03-23T15_15_14.139855Z
./experiment-scripts/random-walk-fft,/home/fyquah/fyp/prod/rundir/2018-03-23T20_11_52.154274Z
./experiment-scripts/random-walk-fft,/home/fyquah/fyp/prod/rundir/2018-03-23T20_11_53.917977Z
./experiment-scripts/random-walk-fft,/home/fyquah/fyp/prod/rundir/2018-03-23T20_11_55.655159Z
./experiment-scripts/random-walk-floats-in-functor,/home/fyquah/fyp/prod/rundir/2018-03-23T22_44_55.721537Z
./experiment-scripts/random-walk-floats-in-functor,/home/fyquah/fyp/prod/rundir/2018-03-23T22_44_57.454082Z
./experiment-scripts/random-walk-floats-in-functor,/home/fyquah/fyp/prod/rundir/2018-03-23T22_44_59.215750Z
./experiment-scripts/random-walk-hamming,/home/fyquah/fyp/prod/rundir/2018-03-24T01_25_49.467090Z
./experiment-scripts/random-walk-hamming,/home/fyquah/fyp/prod/rundir/2018-03-24T01_25_51.277647Z
./experiment-scripts/random-walk-hamming,/home/fyquah/fyp/prod/rundir/2018-03-24T01_25_53.013734Z
./experiment-scripts/random-walk-kahan-sum,/home/fyquah/fyp/prod/rundir/2018-03-24T05_56_00.573593Z
./experiment-scripts/random-walk-kahan-sum,/home/fyquah/fyp/prod/rundir/2018-03-24T05_56_02.355550Z
./experiment-scripts/random-walk-kahan-sum,/home/fyquah/fyp/prod/rundir/2018-03-24T05_56_04.087756Z
./experiment-scripts/random-walk-kb,/home/fyquah/fyp/prod/rundir/2018-03-24T06_21_21.477843Z
./experiment-scripts/random-walk-kb,/home/fyquah/fyp/prod/rundir/2018-03-24T06_21_23.234140Z
./experiment-scripts/random-walk-kb,/home/fyquah/fyp/prod/rundir/2018-03-24T06_21_25.714393Z
./experiment-scripts/random-walk-lens-benchmark,/home/fyquah/fyp/prod/rundir/2018-03-24T09_55_31.483970Z
./experiment-scripts/random-walk-lens-benchmark,/home/fyquah/fyp/prod/rundir/2018-03-24T09_55_33.304112Z
./experiment-scripts/random-walk-lens-benchmark,/home/fyquah/fyp/prod/rundir/2018-03-24T09_55_35.070706Z
./experiment-scripts/random-walk-lexifi-g2pp_benchmark,/home/fyquah/fyp/prod/rundir/2018-03-24T12_46_30.470828Z
./experiment-scripts/random-walk-lexifi-g2pp_benchmark,/home/fyquah/fyp/prod/rundir/2018-03-24T12_46_32.285445Z
./experiment-scripts/random-walk-lexifi-g2pp_benchmark,/home/fyquah/fyp/prod/rundir/2018-03-24T12_46_34.088938Z
./experiment-scripts/random-walk-quicksort,/home/fyquah/fyp/prod/rundir/2018-03-24T18_29_08.004172Z
./experiment-scripts/random-walk-quicksort,/home/fyquah/fyp/prod/rundir/2018-03-24T18_29_09.778807Z
./experiment-scripts/random-walk-quicksort,/home/fyquah/fyp/prod/rundir/2018-03-24T18_29_11.525982Z
./experiment-scripts/random-walk-sequence_benchmark,/home/fyquah/fyp/prod/rundir/2018-03-24T23_11_19.446015Z
./experiment-scripts/random-walk-sequence_benchmark,/home/fyquah/fyp/prod/rundir/2018-03-24T23_11_21.277892Z
./experiment-scripts/random-walk-sequence_benchmark,/home/fyquah/fyp/prod/rundir/2018-03-24T23_11_23.036484Z
./experiment-scripts/random-walk-sequence_cps_benchmark,/home/fyquah/fyp/prod/rundir/2018-03-25T06_16_51.934182Z
./experiment-scripts/random-walk-sequence_cps_benchmark,/home/fyquah/fyp/prod/rundir/2018-03-25T06_16_53.720535Z
./experiment-scripts/random-walk-sequence_cps_benchmark,/home/fyquah/fyp/prod/rundir/2018-03-25T06_16_55.932047Z
./experiment-scripts/random-walk-almabench,/home/fyquah/fyp/prod/rundir/2018-03-25T10_56_23.773629Z
./experiment-scripts/random-walk-almabench,/home/fyquah/fyp/prod/rundir/2018-03-25T10_56_25.536849Z
./experiment-scripts/random-walk-almabench,/home/fyquah/fyp/prod/rundir/2018-03-25T10_56_28.502725Z
./experiment-scripts/random-walk-bdd,/home/fyquah/fyp/prod/rundir/2018-03-25T14_31_04.842050Z
./experiment-scripts/random-walk-bdd,/home/fyquah/fyp/prod/rundir/2018-03-25T14_31_06.590673Z
./experiment-scripts/random-walk-bdd,/home/fyquah/fyp/prod/rundir/2018-03-25T14_31_08.330545Z
./experiment-scripts/random-walk-fft,/home/fyquah/fyp/prod/rundir/2018-03-25T19_31_26.361483Z
./experiment-scripts/random-walk-fft,/home/fyquah/fyp/prod/rundir/2018-03-25T19_31_28.134303Z
./experiment-scripts/random-walk-fft,/home/fyquah/fyp/prod/rundir/2018-03-25T19_31_29.848005Z
./experiment-scripts/random-walk-floats-in-functor,/home/fyquah/fyp/prod/rundir/2018-03-25T22_02_49.883793Z
./experiment-scripts/random-walk-floats-in-functor,/home/fyquah/fyp/prod/rundir/2018-03-25T22_02_51.646456Z
./experiment-scripts/random-walk-floats-in-functor,/home/fyquah/fyp/prod/rundir/2018-03-25T22_02_53.384020Z
./experiment-scripts/random-walk-hamming,/home/fyquah/fyp/prod/rundir/2018-03-26T00_44_03.600332Z
./experiment-scripts/random-walk-hamming,/home/fyquah/fyp/prod/rundir/2018-03-26T00_44_05.384646Z
./experiment-scripts/random-walk-hamming,/home/fyquah/fyp/prod/rundir/2018-03-26T00_44_07.115571Z
./experiment-scripts/random-walk-kahan-sum,/home/fyquah/fyp/prod/rundir/2018-03-26T05_13_04.659230Z
./experiment-scripts/random-walk-kahan-sum,/home/fyquah/fyp/prod/rundir/2018-03-26T05_13_06.329787Z
./experiment-scripts/random-walk-kahan-sum,/home/fyquah/fyp/prod/rundir/2018-03-26T05_13_08.037846Z
./experiment-scripts/random-walk-kb,/home/fyquah/fyp/prod/rundir/2018-03-26T05_34_30.336581Z
./experiment-scripts/random-walk-kb,/home/fyquah/fyp/prod/rundir/2018-03-26T05_34_32.124217Z
./experiment-scripts/random-walk-kb,/home/fyquah/fyp/prod/rundir/2018-03-26T05_34_33.874922Z
./experiment-scripts/random-walk-lens-benchmark,/home/fyquah/fyp/prod/rundir/2018-03-26T09_05_14.590472Z
./experiment-scripts/random-walk-lens-benchmark,/home/fyquah/fyp/prod/rundir/2018-03-26T09_05_16.360256Z
./experiment-scripts/random-walk-lens-benchmark,/home/fyquah/fyp/prod/rundir/2018-03-26T09_05_18.088280Z
./experiment-scripts/random-walk-lexifi-g2pp_benchmark,/home/fyquah/fyp/prod/rundir/2018-03-26T11_53_58.465942Z
./experiment-scripts/random-walk-lexifi-g2pp_benchmark,/home/fyquah/fyp/prod/rundir/2018-03-26T11_54_00.190644Z
./experiment-scripts/random-walk-lexifi-g2pp_benchmark,/home/fyquah/fyp/prod/rundir/2018-03-26T11_54_01.925982Z
./experiment-scripts/simulated-annealing-generic fyq-stdlib-int-sets,/home/fyquah/fyp/prod/rundir/2018-05-07T16_48_10.177191Z
./experiment-scripts/simulated-annealing-generic fyq-stdlib-int-sets,/home/fyquah/fyp/prod/rundir/2018-05-07T16_48_12.078742Z
./experiment-scripts/simulated-annealing-generic fyq-stdlib-int-sets,/home/fyquah/fyp/prod/rundir/2018-05-07T16_48_13.895913Z
./experiment-scripts/simulated-annealing-generic fyq-stdlib-functor-record-sets,/home/fyquah/fyp/prod/rundir/2018-05-07T19_50_19.693036Z
./experiment-scripts/simulated-annealing-generic fyq-stdlib-functor-record-sets,/home/fyquah/fyp/prod/rundir/2018-05-07T19_50_21.571830Z
./experiment-scripts/simulated-annealing-generic fyq-stdlib-functor-record-sets,/home/fyquah/fyp/prod/rundir/2018-05-07T19_50_23.439611Z
./experiment-scripts/simulated-annealing-generic fyq-rev-list,/home/fyquah/fyp/prod/rundir/2018-05-08T00_09_39.938168Z
./experiment-scripts/simulated-annealing-generic fyq-rev-list,/home/fyquah/fyp/prod/rundir/2018-05-08T00_09_41.783585Z
./experiment-scripts/simulated-annealing-generic fyq-rev-list,/home/fyquah/fyp/prod/rundir/2018-05-08T00_09_43.661403Z
./experiment-scripts/simulated-annealing-kahan-sum,/home/fyquah/fyp/prod/rundir/2018-05-11T19_05_57.685060Z
./experiment-scripts/simulated-annealing-kahan-sum,/home/fyquah/fyp/prod/rundir/2018-05-11T19_05_59.688684Z
./experiment-scripts/simulated-annealing-kahan-sum,/home/fyquah/fyp/prod/rundir/2018-05-11T19_06_02.386446Z
./experiment-scripts/simulated-annealing-generic fyq-stdlib-functor-record-sets,/home/fyquah/fyp/prod/rundir/2018-05-11T19_48_20.361532Z
./experiment-scripts/simulated-annealing-generic fyq-stdlib-functor-record-sets,/home/fyquah/fyp/prod/rundir/2018-05-11T19_48_22.273080Z
./experiment-scripts/simulated-annealing-generic fyq-stdlib-functor-record-sets,/home/fyquah/fyp/prod/rundir/2018-05-11T19_48_24.107304Z
./experiment-scripts/simulated-annealing-floats-in-functor,/home/fyquah/fyp/prod/rundir/2018-05-12T00_12_56.945045Z
./experiment-scripts/simulated-annealing-floats-in-functor,/home/fyquah/fyp/prod/rundir/2018-05-12T00_12_58.880608Z
./experiment-scripts/simulated-annealing-floats-in-functor,/home/fyquah/fyp/prod/rundir/2018-05-12T00_13_00.660272Z
./experiment-scripts/simulated-annealing-hamming,/home/fyquah/fyp/prod/rundir/2018-05-12T03_20_17.164596Z
./experiment-scripts/simulated-annealing-hamming,/home/fyquah/fyp/prod/rundir/2018-05-12T03_20_19.077109Z
./experiment-scripts/simulated-annealing-hamming,/home/fyquah/fyp/prod/rundir/2018-05-12T03_20_21.811288Z
./experiment-scripts/simulated-annealing-kb,/home/fyquah/fyp/prod/rundir/2018-05-12T09_52_03.523924Z
./experiment-scripts/simulated-annealing-kb,/home/fyquah/fyp/prod/rundir/2018-05-12T09_52_05.392716Z
./experiment-scripts/simulated-annealing-kb,/home/fyquah/fyp/prod/rundir/2018-05-12T09_52_07.172382Z
./experiment-scripts/simulated-annealing-generic fyq-stdlib-int-sets,/home/fyquah/fyp/prod/rundir/2018-05-12T15_37_16.529411Z
./experiment-scripts/simulated-annealing-generic fyq-stdlib-int-sets,/home/fyquah/fyp/prod/rundir/2018-05-12T15_37_18.483300Z
./experiment-scripts/simulated-annealing-generic fyq-stdlib-int-sets,/home/fyquah/fyp/prod/rundir/2018-05-12T15_37_20.314395Z
./experiment-scripts/simulated-annealing-sequence_cps_benchmark,/home/fyquah/fyp/prod/rundir/2018-05-12T19_31_07.861294Z
./experiment-scripts/simulated-annealing-sequence_cps_benchmark,/home/fyquah/fyp/prod/rundir/2018-05-12T19_31_09.871937Z
./experiment-scripts/simulated-annealing-sequence_cps_benchmark,/home/fyquah/fyp/prod/rundir/2018-05-12T19_31_11.670643Z
./experiment-scripts/simulated-annealing-lexifi-g2pp_benchmark,/home/fyquah/fyp/prod/rundir/2018-05-13T02_31_09.004508Z
./experiment-scripts/simulated-annealing-lexifi-g2pp_benchmark,/home/fyquah/fyp/prod/rundir/2018-05-13T02_31_10.856129Z
./experiment-scripts/simulated-annealing-lexifi-g2pp_benchmark,/home/fyquah/fyp/prod/rundir/2018-05-13T02_31_12.633384Z
./experiment-scripts/simulated-annealing-fft,/home/fyquah/fyp/prod/rundir/2018-05-13T09_54_42.863388Z
./experiment-scripts/simulated-annealing-fft,/home/fyquah/fyp/prod/rundir/2018-05-13T09_54_44.941329Z
./experiment-scripts/simulated-annealing-fft,/home/fyquah/fyp/prod/rundir/2018-05-13T09_54_46.716025Z
./experiment-scripts/simulated-annealing-quicksort,/home/fyquah/fyp/prod/rundir/2018-05-13T13_50_09.600701Z
./experiment-scripts/simulated-annealing-quicksort,/home/fyquah/fyp/prod/rundir/2018-05-13T13_50_11.525278Z
./experiment-scripts/simulated-annealing-quicksort,/home/fyquah/fyp/prod/rundir/2018-05-13T13_50_13.299640Z
