./experiment-scripts/simulated-annealing-floats-in-functor,/home/fyquah/fyp/prod/rundir/2018-02-19T23_08_56.166626Z
./experiment-scripts/simulated-annealing-sequence_benchmark,/home/fyquah/fyp/prod/rundir/2018-02-20T01_58_03.272533Z
./experiment-scripts/mcts-floats-in-functor,/home/fyquah/fyp/prod/rundir/2018-02-20T06_13_56.056897Z
./experiment-scripts/mcts-sequence_benchmark,/home/fyquah/fyp/prod/rundir/2018-02-20T09_34_21.270736Z
./experiment-scripts/simulated-annealing-lexifi-g2pp_benchmark,/home/fyquah/fyp/prod/rundir/2018-02-20T18_58_26.233198Z
./experiment-scripts/simulated-annealing-lexifi-g2pp_benchmark,/home/fyquah/fyp/prod/rundir/2018-02-20T21_05_26.416394Z
./experiment-scripts/simulated-annealing-almabench,/home/fyquah/fyp/prod/rundir/2018-02-21T07_57_32.358530Z
./experiment-scripts/simulated-annealing-bdd,/home/fyquah/fyp/prod/rundir/2018-02-21T11_05_04.618465Z
./experiment-scripts/simulated-annealing-floats-in-functor,/home/fyquah/fyp/prod/rundir/2018-02-21T16_41_04.065590Z
./experiment-scripts/simulated-annealing-kb,/home/fyquah/fyp/prod/rundir/2018-02-21T16_44_23.260579Z
./experiment-scripts/simulated-annealing-lexifi-g2pp_benchmark,/home/fyquah/fyp/prod/rundir/2018-02-21T16_47_41.075910Z
./experiment-scripts/simulated-annealing-quicksort,/home/fyquah/fyp/prod/rundir/2018-02-21T16_52_59.104607Z
./experiment-scripts/simulated-annealing-sequence_benchmark,/home/fyquah/fyp/prod/rundir/2018-02-21T16_57_37.029761Z
./experiment-scripts/simulated-annealing-sequence_cps_benchmark,/home/fyquah/fyp/prod/rundir/2018-02-21T17_02_45.010209Z
./experiment-scripts/simulated-annealing-almabench,/home/fyquah/fyp/prod/rundir/2018-02-21T17_07_27.880235Z
./experiment-scripts/simulated-annealing-bdd,/home/fyquah/fyp/prod/rundir/2018-02-21T17_11_05.787268Z
./experiment-scripts/simulated-annealing-floats-in-functor,/home/fyquah/fyp/prod/rundir/2018-02-21T17_16_18.724751Z
./experiment-scripts/simulated-annealing-kb,/home/fyquah/fyp/prod/rundir/2018-02-21T17_19_31.611932Z
./experiment-scripts/simulated-annealing-lexifi-g2pp_benchmark,/home/fyquah/fyp/prod/rundir/2018-02-21T17_22_44.417988Z
./experiment-scripts/simulated-annealing-quicksort,/home/fyquah/fyp/prod/rundir/2018-02-21T17_28_07.531919Z
./experiment-scripts/simulated-annealing-sequence_benchmark,/home/fyquah/fyp/prod/rundir/2018-02-21T17_32_45.441510Z
./experiment-scripts/simulated-annealing-sequence_cps_benchmark,/home/fyquah/fyp/prod/rundir/2018-02-21T17_37_53.237366Z
./experiment-scripts/simulated-annealing-almabench,/home/fyquah/fyp/prod/rundir/2018-02-21T17_42_35.983855Z
./experiment-scripts/simulated-annealing-bdd,/home/fyquah/fyp/prod/rundir/2018-02-21T17_46_18.569976Z
./experiment-scripts/simulated-annealing-floats-in-functor,/home/fyquah/fyp/prod/rundir/2018-02-21T17_51_21.149856Z
./experiment-scripts/simulated-annealing-kb,/home/fyquah/fyp/prod/rundir/2018-02-21T17_54_33.790385Z
./experiment-scripts/simulated-annealing-lexifi-g2pp_benchmark,/home/fyquah/fyp/prod/rundir/2018-02-21T17_57_46.344073Z
./experiment-scripts/simulated-annealing-quicksort,/home/fyquah/fyp/prod/rundir/2018-02-21T18_03_14.211641Z
./experiment-scripts/simulated-annealing-sequence_benchmark,/home/fyquah/fyp/prod/rundir/2018-02-21T18_07_52.018973Z
./experiment-scripts/simulated-annealing-sequence_cps_benchmark,/home/fyquah/fyp/prod/rundir/2018-02-21T23_20_55.563324Z
./experiment-scripts/simulated-annealing-almabench,/home/fyquah/fyp/prod/rundir/2018-02-22T03_39_17.375827Z
./experiment-scripts/simulated-annealing-bdd,/home/fyquah/fyp/prod/rundir/2018-02-22T06_32_17.654317Z
./experiment-scripts/simulated-annealing-floats-in-functor,/home/fyquah/fyp/prod/rundir/2018-02-22T12_00_58.085847Z
./experiment-scripts/simulated-annealing-kb,/home/fyquah/fyp/prod/rundir/2018-02-22T14_23_04.273824Z
./experiment-scripts/simulated-annealing-lexifi-g2pp_benchmark,/home/fyquah/fyp/prod/rundir/2018-02-22T18_25_04.943600Z
./experiment-scripts/simulated-annealing-almabench,/home/fyquah/fyp/prod/rundir/2018-02-22T22_54_16.419669Z
./experiment-scripts/simulated-annealing-almabench,/home/fyquah/fyp/prod/rundir/2018-02-22T22_54_18.421818Z
./experiment-scripts/simulated-annealing-almabench,/home/fyquah/fyp/prod/rundir/2018-02-22T22_54_20.338643Z
./experiment-scripts/simulated-annealing-bdd,/home/fyquah/fyp/prod/rundir/2018-02-23T12_49_46.014887Z
./experiment-scripts/simulated-annealing-bdd,/home/fyquah/fyp/prod/rundir/2018-02-23T12_49_48.067673Z
./experiment-scripts/simulated-annealing-bdd,/home/fyquah/fyp/prod/rundir/2018-02-23T12_49_50.220108Z
./experiment-scripts/simulated-annealing-fft,/home/fyquah/fyp/prod/rundir/2018-02-23T16_40_13.324704Z
./experiment-scripts/simulated-annealing-fft,/home/fyquah/fyp/prod/rundir/2018-02-23T16_40_15.284362Z
./experiment-scripts/simulated-annealing-fft,/home/fyquah/fyp/prod/rundir/2018-02-23T16_40_17.217011Z
./experiment-scripts/simulated-annealing-lens-benchmark,/home/fyquah/fyp/prod/rundir/2018-02-23T20_38_12.851645Z
./experiment-scripts/simulated-annealing-lens-benchmark,/home/fyquah/fyp/prod/rundir/2018-02-23T20_38_14.856239Z
./experiment-scripts/simulated-annealing-lens-benchmark,/home/fyquah/fyp/prod/rundir/2018-02-23T20_38_16.749846Z
./experiment-scripts/simulated-annealing-kb,/home/fyquah/fyp/prod/rundir/2018-02-23T23_59_11.994560Z
./experiment-scripts/simulated-annealing-kb,/home/fyquah/fyp/prod/rundir/2018-02-23T23_59_13.965275Z
./experiment-scripts/simulated-annealing-kb,/home/fyquah/fyp/prod/rundir/2018-02-23T23_59_16.212630Z
./experiment-scripts/simulated-annealing-kahan-sum,/home/fyquah/fyp/prod/rundir/2018-02-24T05_01_39.282197Z
./experiment-scripts/simulated-annealing-kahan-sum,/home/fyquah/fyp/prod/rundir/2018-02-24T05_01_41.355763Z
./experiment-scripts/simulated-annealing-kahan-sum,/home/fyquah/fyp/prod/rundir/2018-02-24T05_01_43.271788Z
./experiment-scripts/simulated-annealing-hamming,/home/fyquah/fyp/prod/rundir/2018-02-24T05_36_51.571198Z
./experiment-scripts/simulated-annealing-hamming,/home/fyquah/fyp/prod/rundir/2018-02-24T05_36_53.584743Z
./experiment-scripts/simulated-annealing-hamming,/home/fyquah/fyp/prod/rundir/2018-02-24T05_36_55.571165Z
./experiment-scripts/simulated-annealing-sequence_cps_benchmark,/home/fyquah/fyp/prod/rundir/2018-02-24T12_13_50.241619Z
./experiment-scripts/simulated-annealing-sequence_cps_benchmark,/home/fyquah/fyp/prod/rundir/2018-02-24T12_13_52.276013Z
./experiment-scripts/simulated-annealing-sequence_cps_benchmark,/home/fyquah/fyp/prod/rundir/2018-02-24T12_13_54.173588Z
./experiment-scripts/simulated-annealing-sequence_benchmark,/home/fyquah/fyp/prod/rundir/2018-02-24T19_05_53.480163Z
./experiment-scripts/simulated-annealing-sequence_benchmark,/home/fyquah/fyp/prod/rundir/2018-02-24T19_05_55.455664Z
./experiment-scripts/simulated-annealing-sequence_benchmark,/home/fyquah/fyp/prod/rundir/2018-02-24T19_05_57.754609Z
./experiment-scripts/simulated-annealing-lexifi-g2pp_benchmark,/home/fyquah/fyp/prod/rundir/2018-02-24T21_27_29.372006Z
./experiment-scripts/simulated-annealing-lexifi-g2pp_benchmark,/home/fyquah/fyp/prod/rundir/2018-02-24T21_27_31.476604Z
./experiment-scripts/simulated-annealing-lexifi-g2pp_benchmark,/home/fyquah/fyp/prod/rundir/2018-02-24T21_27_33.825253Z
./experiment-scripts/simulated-annealing-bdd,/home/fyquah/fyp/prod/rundir/2018-02-25T04_27_22.444379Z
./experiment-scripts/simulated-annealing-bdd,/home/fyquah/fyp/prod/rundir/2018-02-25T04_27_24.520101Z
./experiment-scripts/simulated-annealing-bdd,/home/fyquah/fyp/prod/rundir/2018-02-25T04_27_26.596669Z
./experiment-scripts/simulated-annealing-almabench,/home/fyquah/fyp/prod/rundir/2018-02-25T11_37_25.625059Z
./experiment-scripts/simulated-annealing-almabench,/home/fyquah/fyp/prod/rundir/2018-02-25T11_37_27.643804Z
./experiment-scripts/simulated-annealing-almabench,/home/fyquah/fyp/prod/rundir/2018-02-25T11_37_29.543525Z
./experiment-scripts/simulated-annealing-kb,/home/fyquah/fyp/prod/rundir/2018-02-25T15_35_58.068705Z
./experiment-scripts/simulated-annealing-kb,/home/fyquah/fyp/prod/rundir/2018-02-25T15_36_00.113729Z
./experiment-scripts/simulated-annealing-kb,/home/fyquah/fyp/prod/rundir/2018-02-25T15_36_02.451930Z
./experiment-scripts/simulated-annealing-sequence_cps_benchmark,/home/fyquah/fyp/prod/rundir/2018-02-25T21_06_40.766492Z
./experiment-scripts/simulated-annealing-sequence_cps_benchmark,/home/fyquah/fyp/prod/rundir/2018-02-25T21_06_42.829122Z
./experiment-scripts/simulated-annealing-sequence_cps_benchmark,/home/fyquah/fyp/prod/rundir/2018-02-25T21_06_44.812395Z
./experiment-scripts/simulated-annealing-lexifi-g2pp_benchmark,/home/fyquah/fyp/prod/rundir/2018-02-26T03_54_04.577772Z
./experiment-scripts/simulated-annealing-lexifi-g2pp_benchmark,/home/fyquah/fyp/prod/rundir/2018-02-26T03_54_06.822932Z
./experiment-scripts/simulated-annealing-lexifi-g2pp_benchmark,/home/fyquah/fyp/prod/rundir/2018-02-26T03_54_09.162801Z
./experiment-scripts/simulated-annealing-almabench,/home/fyquah/fyp/prod/rundir/2018-02-26T10_35_40.172689Z
./experiment-scripts/simulated-annealing-almabench,/home/fyquah/fyp/prod/rundir/2018-02-26T10_35_42.252867Z
./experiment-scripts/simulated-annealing-almabench,/home/fyquah/fyp/prod/rundir/2018-02-26T10_35_44.145831Z
./experiment-scripts/simulated-annealing-kahan-sum,/home/fyquah/fyp/prod/rundir/2018-02-26T15_58_59.465235Z
./experiment-scripts/simulated-annealing-kahan-sum,/home/fyquah/fyp/prod/rundir/2018-02-26T15_59_01.464049Z
./experiment-scripts/simulated-annealing-kahan-sum,/home/fyquah/fyp/prod/rundir/2018-02-26T15_59_03.389030Z
./experiment-scripts/simulated-annealing-fft,/home/fyquah/fyp/prod/rundir/2018-02-26T16_23_01.686562Z
./experiment-scripts/simulated-annealing-fft,/home/fyquah/fyp/prod/rundir/2018-02-26T16_23_03.645807Z
./experiment-scripts/simulated-annealing-fft,/home/fyquah/fyp/prod/rundir/2018-02-26T16_23_05.586834Z
./experiment-scripts/simulated-annealing-lens-benchmark,/home/fyquah/fyp/prod/rundir/2018-02-26T20_15_08.621442Z
./experiment-scripts/simulated-annealing-lens-benchmark,/home/fyquah/fyp/prod/rundir/2018-02-26T20_15_10.567856Z
./experiment-scripts/simulated-annealing-lens-benchmark,/home/fyquah/fyp/prod/rundir/2018-02-26T20_15_12.473333Z
./experiment-scripts/simulated-annealing-hamming,/home/fyquah/fyp/prod/rundir/2018-02-26T23_55_23.920385Z
./experiment-scripts/simulated-annealing-hamming,/home/fyquah/fyp/prod/rundir/2018-02-26T23_55_26.083181Z
./experiment-scripts/simulated-annealing-hamming,/home/fyquah/fyp/prod/rundir/2018-02-26T23_55_28.065220Z
./experiment-scripts/simulated-annealing-quicksort,/home/fyquah/fyp/prod/rundir/2018-02-27T06_22_32.967190Z
./experiment-scripts/simulated-annealing-quicksort,/home/fyquah/fyp/prod/rundir/2018-02-27T06_22_35.060083Z
./experiment-scripts/simulated-annealing-quicksort,/home/fyquah/fyp/prod/rundir/2018-02-27T06_22_36.953345Z
./experiment-scripts/simulated-annealing-bdd,/home/fyquah/fyp/prod/rundir/2018-02-27T13_29_06.918347Z
./experiment-scripts/simulated-annealing-bdd,/home/fyquah/fyp/prod/rundir/2018-02-27T13_29_08.911114Z
./experiment-scripts/simulated-annealing-bdd,/home/fyquah/fyp/prod/rundir/2018-02-27T13_29_11.138772Z
./experiment-scripts/simulated-annealing-sequence_benchmark,/home/fyquah/fyp/prod/rundir/2018-02-27T20_38_25.757067Z
./experiment-scripts/simulated-annealing-sequence_benchmark,/home/fyquah/fyp/prod/rundir/2018-02-27T20_38_27.835324Z
./experiment-scripts/simulated-annealing-sequence_benchmark,/home/fyquah/fyp/prod/rundir/2018-02-27T20_38_29.896465Z
./experiment-scripts/simulated-annealing-floats-in-functor,/home/fyquah/fyp/prod/rundir/2018-02-27T22_48_18.003827Z
./experiment-scripts/simulated-annealing-floats-in-functor,/home/fyquah/fyp/prod/rundir/2018-02-27T22_48_19.945989Z
./experiment-scripts/simulated-annealing-floats-in-functor,/home/fyquah/fyp/prod/rundir/2018-02-27T22_48_21.908508Z
./experiment-scripts/simulated-annealing-kb,/home/fyquah/fyp/prod/rundir/2018-02-28T01_58_23.100608Z
./experiment-scripts/simulated-annealing-kb,/home/fyquah/fyp/prod/rundir/2018-02-28T01_58_25.060817Z
./experiment-scripts/simulated-annealing-kb,/home/fyquah/fyp/prod/rundir/2018-02-28T01_58_27.166365Z
./experiment-scripts/simulated-annealing-sequence_cps_benchmark,/home/fyquah/fyp/prod/rundir/2018-02-28T07_27_38.773743Z
./experiment-scripts/simulated-annealing-sequence_cps_benchmark,/home/fyquah/fyp/prod/rundir/2018-02-28T07_27_40.838471Z
./experiment-scripts/simulated-annealing-sequence_cps_benchmark,/home/fyquah/fyp/prod/rundir/2018-02-28T07_27_42.731144Z
./experiment-scripts/simulated-annealing-lexifi-g2pp_benchmark,/home/fyquah/fyp/prod/rundir/2018-02-28T14_02_56.463066Z
./experiment-scripts/simulated-annealing-lexifi-g2pp_benchmark,/home/fyquah/fyp/prod/rundir/2018-02-28T14_02_58.401154Z
./experiment-scripts/simulated-annealing-lexifi-g2pp_benchmark,/home/fyquah/fyp/prod/rundir/2018-02-28T14_03_00.686035Z
./experiment-scripts/simulated-annealing-almabench,/home/fyquah/fyp/prod/rundir/2018-02-28T20_58_56.207887Z
./experiment-scripts/simulated-annealing-almabench,/home/fyquah/fyp/prod/rundir/2018-02-28T20_58_58.237651Z
./experiment-scripts/simulated-annealing-almabench,/home/fyquah/fyp/prod/rundir/2018-02-28T20_59_00.148726Z
./experiment-scripts/simulated-annealing-kahan-sum,/home/fyquah/fyp/prod/rundir/2018-03-01T02_21_35.794018Z
./experiment-scripts/simulated-annealing-kahan-sum,/home/fyquah/fyp/prod/rundir/2018-03-01T02_21_37.749750Z
./experiment-scripts/simulated-annealing-kahan-sum,/home/fyquah/fyp/prod/rundir/2018-03-01T02_21_39.681678Z
./experiment-scripts/simulated-annealing-fft,/home/fyquah/fyp/prod/rundir/2018-03-01T02_54_38.818645Z
./experiment-scripts/simulated-annealing-fft,/home/fyquah/fyp/prod/rundir/2018-03-01T02_54_40.768019Z
./experiment-scripts/simulated-annealing-fft,/home/fyquah/fyp/prod/rundir/2018-03-01T02_54_42.677355Z
./experiment-scripts/simulated-annealing-lens-benchmark,/home/fyquah/fyp/prod/rundir/2018-03-01T06_42_49.288601Z
./experiment-scripts/simulated-annealing-lens-benchmark,/home/fyquah/fyp/prod/rundir/2018-03-01T06_42_51.236458Z
./experiment-scripts/simulated-annealing-lens-benchmark,/home/fyquah/fyp/prod/rundir/2018-03-01T06_42_53.474536Z
./experiment-scripts/simulated-annealing-hamming,/home/fyquah/fyp/prod/rundir/2018-03-01T09_36_28.564940Z
./experiment-scripts/simulated-annealing-hamming,/home/fyquah/fyp/prod/rundir/2018-03-01T09_36_30.676671Z
./experiment-scripts/simulated-annealing-hamming,/home/fyquah/fyp/prod/rundir/2018-03-01T09_36_32.648760Z
./experiment-scripts/simulated-annealing-quicksort,/home/fyquah/fyp/prod/rundir/2018-03-01T16_11_51.225817Z
./experiment-scripts/simulated-annealing-quicksort,/home/fyquah/fyp/prod/rundir/2018-03-01T16_11_53.174556Z
./experiment-scripts/simulated-annealing-quicksort,/home/fyquah/fyp/prod/rundir/2018-03-01T16_11_55.081609Z
./experiment-scripts/mcts-almabench,/home/fyquah/fyp/prod/rundir/2018-03-01T21_21_59.773163Z
./experiment-scripts/mcts-almabench,/home/fyquah/fyp/prod/rundir/2018-03-01T21_22_01.866058Z
./experiment-scripts/mcts-almabench,/home/fyquah/fyp/prod/rundir/2018-03-01T21_22_04.139155Z
./experiment-scripts/mcts-floats-in-functor,/home/fyquah/fyp/prod/rundir/2018-03-02T13_25_20.234226Z
./experiment-scripts/mcts-floats-in-functor,/home/fyquah/fyp/prod/rundir/2018-03-02T13_25_22.285078Z
./experiment-scripts/mcts-floats-in-functor,/home/fyquah/fyp/prod/rundir/2018-03-02T13_25_24.538496Z
./experiment-scripts/simulated-annealing-almabench,/home/fyquah/fyp/prod/rundir/2018-03-02T19_43_39.618057Z
./experiment-scripts/simulated-annealing-almabench,/home/fyquah/fyp/prod/rundir/2018-03-02T19_43_42.014242Z
./experiment-scripts/simulated-annealing-almabench,/home/fyquah/fyp/prod/rundir/2018-03-02T19_43_43.941170Z
./experiment-scripts/simulated-annealing-bdd,/home/fyquah/fyp/prod/rundir/2018-03-03T00_50_48.710044Z
./experiment-scripts/simulated-annealing-bdd,/home/fyquah/fyp/prod/rundir/2018-03-03T00_50_50.834229Z
./experiment-scripts/simulated-annealing-bdd,/home/fyquah/fyp/prod/rundir/2018-03-03T00_50_53.077410Z
./experiment-scripts/simulated-annealing-fft,/home/fyquah/fyp/prod/rundir/2018-03-03T07_54_27.451165Z
./experiment-scripts/simulated-annealing-fft,/home/fyquah/fyp/prod/rundir/2018-03-03T07_54_29.893813Z
./experiment-scripts/simulated-annealing-fft,/home/fyquah/fyp/prod/rundir/2018-03-03T07_54_31.804935Z
./experiment-scripts/simulated-annealing-floats-in-functor,/home/fyquah/fyp/prod/rundir/2018-03-03T11_53_13.719069Z
./experiment-scripts/simulated-annealing-floats-in-functor,/home/fyquah/fyp/prod/rundir/2018-03-03T11_53_15.741618Z
./experiment-scripts/simulated-annealing-floats-in-functor,/home/fyquah/fyp/prod/rundir/2018-03-03T11_53_17.688653Z
./experiment-scripts/simulated-annealing-hamming,/home/fyquah/fyp/prod/rundir/2018-03-03T15_11_18.051334Z
./experiment-scripts/simulated-annealing-hamming,/home/fyquah/fyp/prod/rundir/2018-03-03T15_11_20.135837Z
./experiment-scripts/simulated-annealing-hamming,/home/fyquah/fyp/prod/rundir/2018-03-03T15_11_22.131459Z
./experiment-scripts/simulated-annealing-kahan-sum,/home/fyquah/fyp/prod/rundir/2018-03-03T21_37_24.994336Z
./experiment-scripts/simulated-annealing-kahan-sum,/home/fyquah/fyp/prod/rundir/2018-03-03T21_37_26.929989Z
./experiment-scripts/simulated-annealing-kahan-sum,/home/fyquah/fyp/prod/rundir/2018-03-03T21_37_28.872740Z
./experiment-scripts/simulated-annealing-kb,/home/fyquah/fyp/prod/rundir/2018-03-03T22_09_47.282769Z
./experiment-scripts/simulated-annealing-kb,/home/fyquah/fyp/prod/rundir/2018-03-03T22_09_49.236048Z
./experiment-scripts/simulated-annealing-kb,/home/fyquah/fyp/prod/rundir/2018-03-03T22_09_51.373508Z
./experiment-scripts/simulated-annealing-almabench,/home/fyquah/fyp/prod/rundir/2018-03-06T16_09_33.998179Z
./experiment-scripts/simulated-annealing-almabench,/home/fyquah/fyp/prod/rundir/2018-03-06T16_09_35.726992Z
./experiment-scripts/simulated-annealing-almabench,/home/fyquah/fyp/prod/rundir/2018-03-06T16_09_37.458307Z
./experiment-scripts/simulated-annealing-bdd,/home/fyquah/fyp/prod/rundir/2018-03-06T16_09_44.344146Z
./experiment-scripts/simulated-annealing-bdd,/home/fyquah/fyp/prod/rundir/2018-03-06T16_09_46.111664Z
./experiment-scripts/simulated-annealing-bdd,/home/fyquah/fyp/prod/rundir/2018-03-06T16_09_47.892743Z
./experiment-scripts/simulated-annealing-almabench,/home/fyquah/fyp/prod/rundir/2018-03-06T16_37_47.836799Z
./experiment-scripts/simulated-annealing-almabench,/home/fyquah/fyp/prod/rundir/2018-03-06T16_37_49.628814Z
./experiment-scripts/simulated-annealing-almabench,/home/fyquah/fyp/prod/rundir/2018-03-06T16_37_51.456847Z
./experiment-scripts/simulated-annealing-bdd,/home/fyquah/fyp/prod/rundir/2018-03-06T21_38_50.331058Z
./experiment-scripts/simulated-annealing-bdd,/home/fyquah/fyp/prod/rundir/2018-03-06T21_38_52.090457Z
./experiment-scripts/simulated-annealing-bdd,/home/fyquah/fyp/prod/rundir/2018-03-06T21_38_53.832742Z
./experiment-scripts/simulated-annealing-fft,/home/fyquah/fyp/prod/rundir/2018-03-07T11_34_55.508877Z
./experiment-scripts/simulated-annealing-fft,/home/fyquah/fyp/prod/rundir/2018-03-07T11_34_58.611842Z
./experiment-scripts/simulated-annealing-fft,/home/fyquah/fyp/prod/rundir/2018-03-07T11_35_00.385123Z
./experiment-scripts/simulated-annealing-floats-in-functor,/home/fyquah/fyp/prod/rundir/2018-03-07T15_06_02.219565Z
./experiment-scripts/simulated-annealing-floats-in-functor,/home/fyquah/fyp/prod/rundir/2018-03-07T15_06_03.945998Z
./experiment-scripts/simulated-annealing-floats-in-functor,/home/fyquah/fyp/prod/rundir/2018-03-07T15_06_05.642116Z
./experiment-scripts/simulated-annealing-hamming,/home/fyquah/fyp/prod/rundir/2018-03-07T18_30_02.095743Z
./experiment-scripts/simulated-annealing-hamming,/home/fyquah/fyp/prod/rundir/2018-03-07T18_30_03.882614Z
./experiment-scripts/simulated-annealing-hamming,/home/fyquah/fyp/prod/rundir/2018-03-07T18_30_05.640481Z
./experiment-scripts/simulated-annealing-kahan-sum,/home/fyquah/fyp/prod/rundir/2018-03-08T00_45_36.291916Z
./experiment-scripts/simulated-annealing-kahan-sum,/home/fyquah/fyp/prod/rundir/2018-03-08T00_45_38.082833Z
./experiment-scripts/simulated-annealing-kahan-sum,/home/fyquah/fyp/prod/rundir/2018-03-08T00_45_39.823281Z
./experiment-scripts/simulated-annealing-kb,/home/fyquah/fyp/prod/rundir/2018-03-08T01_14_07.747457Z
./experiment-scripts/simulated-annealing-kb,/home/fyquah/fyp/prod/rundir/2018-03-08T01_14_09.776052Z
./experiment-scripts/simulated-annealing-kb,/home/fyquah/fyp/prod/rundir/2018-03-08T01_14_11.513435Z
./experiment-scripts/simulated-annealing-almabench,/home/fyquah/fyp/prod/rundir/2018-03-08T17_02_08.928542Z
./experiment-scripts/simulated-annealing-almabench,/home/fyquah/fyp/prod/rundir/2018-03-08T17_02_10.652052Z
./experiment-scripts/simulated-annealing-almabench,/home/fyquah/fyp/prod/rundir/2018-03-08T17_02_12.356366Z
./experiment-scripts/simulated-annealing-fft,/home/fyquah/fyp/prod/rundir/2018-03-08T22_33_06.415191Z
./experiment-scripts/simulated-annealing-fft,/home/fyquah/fyp/prod/rundir/2018-03-08T22_33_08.188292Z
./experiment-scripts/simulated-annealing-fft,/home/fyquah/fyp/prod/rundir/2018-03-08T22_33_09.903614Z
./experiment-scripts/simulated-annealing-floats-in-functor,/home/fyquah/fyp/prod/rundir/2018-03-09T02_29_37.278228Z
./experiment-scripts/simulated-annealing-floats-in-functor,/home/fyquah/fyp/prod/rundir/2018-03-09T02_29_39.044939Z
./experiment-scripts/simulated-annealing-floats-in-functor,/home/fyquah/fyp/prod/rundir/2018-03-09T02_29_40.729314Z
./experiment-scripts/simulated-annealing-hamming,/home/fyquah/fyp/prod/rundir/2018-03-09T06_29_52.900907Z
./experiment-scripts/simulated-annealing-hamming,/home/fyquah/fyp/prod/rundir/2018-03-09T06_29_54.669638Z
./experiment-scripts/simulated-annealing-hamming,/home/fyquah/fyp/prod/rundir/2018-03-09T06_29_56.399852Z
./experiment-scripts/simulated-annealing-kahan-sum,/home/fyquah/fyp/prod/rundir/2018-03-09T12_56_47.206339Z
./experiment-scripts/simulated-annealing-kahan-sum,/home/fyquah/fyp/prod/rundir/2018-03-09T12_56_48.975203Z
./experiment-scripts/simulated-annealing-kahan-sum,/home/fyquah/fyp/prod/rundir/2018-03-09T12_56_50.803470Z
./experiment-scripts/simulated-annealing-kb,/home/fyquah/fyp/prod/rundir/2018-03-09T13_30_38.378721Z
./experiment-scripts/simulated-annealing-kb,/home/fyquah/fyp/prod/rundir/2018-03-09T13_30_40.164304Z
./experiment-scripts/simulated-annealing-kb,/home/fyquah/fyp/prod/rundir/2018-03-09T13_30_41.876811Z
./experiment-scripts/random-walk-fft,/home/fyquah/fyp/prod/rundir/2018-03-09T19_02_32.804554Z
./experiment-scripts/random-walk-fft,/home/fyquah/fyp/prod/rundir/2018-03-09T19_02_34.616551Z
./experiment-scripts/random-walk-fft,/home/fyquah/fyp/prod/rundir/2018-03-09T19_02_36.388080Z
./experiment-scripts/random-walk-almabench,/home/fyquah/fyp/prod/rundir/2018-03-09T19_06_39.732515Z
./experiment-scripts/random-walk-almabench,/home/fyquah/fyp/prod/rundir/2018-03-09T19_06_41.439355Z
./experiment-scripts/random-walk-almabench,/home/fyquah/fyp/prod/rundir/2018-03-09T19_06_43.134933Z
./experiment-scripts/random-walk-bdd,/home/fyquah/fyp/prod/rundir/2018-03-09T22_44_35.123111Z
./experiment-scripts/random-walk-bdd,/home/fyquah/fyp/prod/rundir/2018-03-09T22_44_36.923625Z
./experiment-scripts/random-walk-bdd,/home/fyquah/fyp/prod/rundir/2018-03-09T22_44_38.625029Z
./experiment-scripts/random-walk-fft,/home/fyquah/fyp/prod/rundir/2018-03-10T03_38_22.295241Z
./experiment-scripts/random-walk-fft,/home/fyquah/fyp/prod/rundir/2018-03-10T03_38_24.025842Z
./experiment-scripts/random-walk-fft,/home/fyquah/fyp/prod/rundir/2018-03-10T03_38_25.726378Z
./experiment-scripts/random-walk-floats-in-functor,/home/fyquah/fyp/prod/rundir/2018-03-10T06_21_46.488425Z
./experiment-scripts/random-walk-floats-in-functor,/home/fyquah/fyp/prod/rundir/2018-03-10T06_21_48.275755Z
./experiment-scripts/random-walk-floats-in-functor,/home/fyquah/fyp/prod/rundir/2018-03-10T06_21_49.963406Z
./experiment-scripts/random-walk-hamming,/home/fyquah/fyp/prod/rundir/2018-03-10T09_35_16.427291Z
./experiment-scripts/random-walk-hamming,/home/fyquah/fyp/prod/rundir/2018-03-10T09_35_18.167512Z
./experiment-scripts/random-walk-hamming,/home/fyquah/fyp/prod/rundir/2018-03-10T09_35_19.964849Z
./experiment-scripts/random-walk-kahan-sum,/home/fyquah/fyp/prod/rundir/2018-03-10T14_05_33.259557Z
./experiment-scripts/random-walk-kahan-sum,/home/fyquah/fyp/prod/rundir/2018-03-10T14_05_35.099619Z
./experiment-scripts/random-walk-kahan-sum,/home/fyquah/fyp/prod/rundir/2018-03-10T14_05_37.813444Z
./experiment-scripts/random-walk-kb,/home/fyquah/fyp/prod/rundir/2018-03-10T14_31_45.195069Z
./experiment-scripts/random-walk-kb,/home/fyquah/fyp/prod/rundir/2018-03-10T14_31_46.931454Z
./experiment-scripts/random-walk-kb,/home/fyquah/fyp/prod/rundir/2018-03-10T14_31_48.659024Z
./experiment-scripts/random-walk-lens-benchmark,/home/fyquah/fyp/prod/rundir/2018-03-10T18_14_40.186107Z
./experiment-scripts/random-walk-lens-benchmark,/home/fyquah/fyp/prod/rundir/2018-03-10T18_14_42.016584Z
./experiment-scripts/random-walk-lens-benchmark,/home/fyquah/fyp/prod/rundir/2018-03-10T18_14_43.712150Z
./experiment-scripts/random-walk-lexifi-g2pp_benchmark,/home/fyquah/fyp/prod/rundir/2018-03-10T21_37_50.410296Z
./experiment-scripts/random-walk-lexifi-g2pp_benchmark,/home/fyquah/fyp/prod/rundir/2018-03-10T21_37_52.139891Z
./experiment-scripts/random-walk-lexifi-g2pp_benchmark,/home/fyquah/fyp/prod/rundir/2018-03-10T21_37_53.864129Z
./experiment-scripts/random-walk-quicksort,/home/fyquah/fyp/prod/rundir/2018-03-11T03_09_50.463105Z
./experiment-scripts/random-walk-quicksort,/home/fyquah/fyp/prod/rundir/2018-03-11T03_09_52.158879Z
./experiment-scripts/random-walk-quicksort,/home/fyquah/fyp/prod/rundir/2018-03-11T03_09_53.901628Z
./experiment-scripts/random-walk-sequence_benchmark,/home/fyquah/fyp/prod/rundir/2018-03-11T07_49_47.483028Z
./experiment-scripts/random-walk-sequence_benchmark,/home/fyquah/fyp/prod/rundir/2018-03-11T07_49_49.240685Z
./experiment-scripts/random-walk-sequence_benchmark,/home/fyquah/fyp/prod/rundir/2018-03-11T07_49_50.958889Z
./experiment-scripts/random-walk-sequence_cps_benchmark,/home/fyquah/fyp/prod/rundir/2018-03-11T12_55_59.180688Z
./experiment-scripts/random-walk-sequence_cps_benchmark,/home/fyquah/fyp/prod/rundir/2018-03-11T12_56_00.930794Z
./experiment-scripts/random-walk-sequence_cps_benchmark,/home/fyquah/fyp/prod/rundir/2018-03-11T12_56_02.655950Z
./experiment-scripts/random-walk-almabench,/home/fyquah/fyp/prod/rundir/2018-03-11T17_35_41.160501Z
./experiment-scripts/random-walk-almabench,/home/fyquah/fyp/prod/rundir/2018-03-11T17_35_42.910869Z
./experiment-scripts/random-walk-almabench,/home/fyquah/fyp/prod/rundir/2018-03-11T17_35_44.606369Z
./experiment-scripts/random-walk-bdd,/home/fyquah/fyp/prod/rundir/2018-03-11T21_12_36.537201Z
./experiment-scripts/random-walk-bdd,/home/fyquah/fyp/prod/rundir/2018-03-11T21_12_38.295982Z
./experiment-scripts/random-walk-bdd,/home/fyquah/fyp/prod/rundir/2018-03-11T21_12_41.479643Z
./experiment-scripts/random-walk-fft,/home/fyquah/fyp/prod/rundir/2018-03-12T02_08_50.028915Z
./experiment-scripts/random-walk-fft,/home/fyquah/fyp/prod/rundir/2018-03-12T02_08_51.713335Z
./experiment-scripts/random-walk-fft,/home/fyquah/fyp/prod/rundir/2018-03-12T02_08_53.437737Z
./experiment-scripts/random-walk-floats-in-functor,/home/fyquah/fyp/prod/rundir/2018-03-12T04_48_09.011787Z
./experiment-scripts/random-walk-floats-in-functor,/home/fyquah/fyp/prod/rundir/2018-03-12T04_48_10.818009Z
./experiment-scripts/random-walk-floats-in-functor,/home/fyquah/fyp/prod/rundir/2018-03-12T04_48_12.533177Z
./experiment-scripts/random-walk-hamming,/home/fyquah/fyp/prod/rundir/2018-03-12T08_02_33.931419Z
./experiment-scripts/random-walk-hamming,/home/fyquah/fyp/prod/rundir/2018-03-12T08_02_35.706980Z
./experiment-scripts/random-walk-hamming,/home/fyquah/fyp/prod/rundir/2018-03-12T08_02_37.416180Z
./experiment-scripts/random-walk-kahan-sum,/home/fyquah/fyp/prod/rundir/2018-03-12T12_34_05.650692Z
./experiment-scripts/random-walk-kahan-sum,/home/fyquah/fyp/prod/rundir/2018-03-12T12_34_07.416863Z
./experiment-scripts/random-walk-kahan-sum,/home/fyquah/fyp/prod/rundir/2018-03-12T12_34_09.103606Z
./experiment-scripts/random-walk-kb,/home/fyquah/fyp/prod/rundir/2018-03-12T12_57_21.384351Z
./experiment-scripts/random-walk-kb,/home/fyquah/fyp/prod/rundir/2018-03-12T12_57_23.138122Z
./experiment-scripts/random-walk-kb,/home/fyquah/fyp/prod/rundir/2018-03-12T12_57_24.905078Z
./experiment-scripts/random-walk-lens-benchmark,/home/fyquah/fyp/prod/rundir/2018-03-12T16_22_16.048841Z
./experiment-scripts/random-walk-lens-benchmark,/home/fyquah/fyp/prod/rundir/2018-03-12T16_22_17.839699Z
./experiment-scripts/random-walk-lens-benchmark,/home/fyquah/fyp/prod/rundir/2018-03-12T16_22_19.523183Z
./experiment-scripts/random-walk-lexifi-g2pp_benchmark,/home/fyquah/fyp/prod/rundir/2018-03-12T19_43_06.254886Z
./experiment-scripts/random-walk-lexifi-g2pp_benchmark,/home/fyquah/fyp/prod/rundir/2018-03-12T19_43_08.027118Z
./experiment-scripts/random-walk-lexifi-g2pp_benchmark,/home/fyquah/fyp/prod/rundir/2018-03-12T19_43_11.578075Z
./experiment-scripts/random-walk-quicksort,/home/fyquah/fyp/prod/rundir/2018-03-13T01_15_06.231081Z
./experiment-scripts/random-walk-quicksort,/home/fyquah/fyp/prod/rundir/2018-03-13T01_15_08.009706Z
./experiment-scripts/random-walk-quicksort,/home/fyquah/fyp/prod/rundir/2018-03-13T01_15_09.731077Z
./experiment-scripts/random-walk-sequence_benchmark,/home/fyquah/fyp/prod/rundir/2018-03-13T05_53_48.369902Z
./experiment-scripts/random-walk-sequence_benchmark,/home/fyquah/fyp/prod/rundir/2018-03-13T05_53_50.663754Z
./experiment-scripts/random-walk-sequence_benchmark,/home/fyquah/fyp/prod/rundir/2018-03-13T05_53_52.377017Z
./experiment-scripts/random-walk-sequence_cps_benchmark,/home/fyquah/fyp/prod/rundir/2018-03-13T11_04_05.794214Z
./experiment-scripts/random-walk-sequence_cps_benchmark,/home/fyquah/fyp/prod/rundir/2018-03-13T11_04_07.536019Z
./experiment-scripts/random-walk-sequence_cps_benchmark,/home/fyquah/fyp/prod/rundir/2018-03-13T11_04_09.624690Z
./experiment-scripts/random-walk-almabench,/home/fyquah/fyp/prod/rundir/2018-03-13T15_26_55.880143Z
./experiment-scripts/random-walk-almabench,/home/fyquah/fyp/prod/rundir/2018-03-13T15_26_57.603477Z
./experiment-scripts/random-walk-almabench,/home/fyquah/fyp/prod/rundir/2018-03-13T15_26_59.365753Z
./experiment-scripts/random-walk-bdd,/home/fyquah/fyp/prod/rundir/2018-03-13T15_27_06.126787Z
./experiment-scripts/random-walk-bdd,/home/fyquah/fyp/prod/rundir/2018-03-13T15_27_07.905332Z
./experiment-scripts/random-walk-bdd,/home/fyquah/fyp/prod/rundir/2018-03-13T15_27_09.662808Z
./experiment-scripts/random-walk-fft,/home/fyquah/fyp/prod/rundir/2018-03-13T15_27_46.456288Z
./experiment-scripts/random-walk-fft,/home/fyquah/fyp/prod/rundir/2018-03-13T15_27_48.243765Z
./experiment-scripts/random-walk-fft,/home/fyquah/fyp/prod/rundir/2018-03-13T15_27_49.963250Z
./experiment-scripts/random-walk-floats-in-functor,/home/fyquah/fyp/prod/rundir/2018-03-13T15_27_56.758115Z
./experiment-scripts/random-walk-floats-in-functor,/home/fyquah/fyp/prod/rundir/2018-03-13T15_27_58.563841Z
./experiment-scripts/random-walk-floats-in-functor,/home/fyquah/fyp/prod/rundir/2018-03-13T15_28_00.260086Z
./experiment-scripts/random-walk-hamming,/home/fyquah/fyp/prod/rundir/2018-03-13T15_28_07.041174Z
./experiment-scripts/random-walk-hamming,/home/fyquah/fyp/prod/rundir/2018-03-13T15_28_08.833302Z
./experiment-scripts/random-walk-hamming,/home/fyquah/fyp/prod/rundir/2018-03-13T15_28_10.556866Z
./experiment-scripts/random-walk-kahan-sum,/home/fyquah/fyp/prod/rundir/2018-03-13T19_59_49.180367Z
./experiment-scripts/random-walk-kahan-sum,/home/fyquah/fyp/prod/rundir/2018-03-13T19_59_50.972955Z
./experiment-scripts/random-walk-kahan-sum,/home/fyquah/fyp/prod/rundir/2018-03-13T19_59_52.691400Z
./experiment-scripts/random-walk-kb,/home/fyquah/fyp/prod/rundir/2018-03-13T20_25_55.140241Z
./experiment-scripts/random-walk-kb,/home/fyquah/fyp/prod/rundir/2018-03-13T20_25_56.893233Z
./experiment-scripts/random-walk-kb,/home/fyquah/fyp/prod/rundir/2018-03-13T20_25_58.609843Z
./experiment-scripts/random-walk-lens-benchmark,/home/fyquah/fyp/prod/rundir/2018-03-14T00_03_24.981912Z
./experiment-scripts/random-walk-lens-benchmark,/home/fyquah/fyp/prod/rundir/2018-03-14T00_03_26.735213Z
./experiment-scripts/random-walk-lens-benchmark,/home/fyquah/fyp/prod/rundir/2018-03-14T00_03_28.428632Z
./experiment-scripts/random-walk-lexifi-g2pp_benchmark,/home/fyquah/fyp/prod/rundir/2018-03-14T03_31_10.113925Z
./experiment-scripts/random-walk-lexifi-g2pp_benchmark,/home/fyquah/fyp/prod/rundir/2018-03-14T03_31_11.875805Z
./experiment-scripts/random-walk-lexifi-g2pp_benchmark,/home/fyquah/fyp/prod/rundir/2018-03-14T03_31_14.976255Z
./experiment-scripts/random-walk-quicksort,/home/fyquah/fyp/prod/rundir/2018-03-14T09_04_04.489106Z
./experiment-scripts/random-walk-quicksort,/home/fyquah/fyp/prod/rundir/2018-03-14T09_04_06.259769Z
./experiment-scripts/random-walk-quicksort,/home/fyquah/fyp/prod/rundir/2018-03-14T09_04_07.969007Z
./experiment-scripts/random-walk-sequence_benchmark,/home/fyquah/fyp/prod/rundir/2018-03-14T13_49_41.549175Z
./experiment-scripts/random-walk-sequence_benchmark,/home/fyquah/fyp/prod/rundir/2018-03-14T13_49_43.316658Z
./experiment-scripts/random-walk-sequence_benchmark,/home/fyquah/fyp/prod/rundir/2018-03-14T13_49_45.038437Z
./experiment-scripts/random-walk-sequence_cps_benchmark,/home/fyquah/fyp/prod/rundir/2018-03-14T13_50_01.836334Z
./experiment-scripts/random-walk-sequence_cps_benchmark,/home/fyquah/fyp/prod/rundir/2018-03-14T13_50_11.742632Z
./experiment-scripts/random-walk-sequence_cps_benchmark,/home/fyquah/fyp/prod/rundir/2018-03-14T13_50_13.689956Z
