./experiment-scripts/simulated-annealing-floats-in-functor,/home/fyquah/fyp/prod/rundir/2018-02-19T23_08_56.166626Z
./experiment-scripts/simulated-annealing-sequence_benchmark,/home/fyquah/fyp/prod/rundir/2018-02-20T01_58_03.272533Z
./experiment-scripts/simulated-annealing-lexifi-g2pp_benchmark,/home/fyquah/fyp/prod/rundir/2018-02-20T18_58_26.233198Z
./experiment-scripts/simulated-annealing-lexifi-g2pp_benchmark,/home/fyquah/fyp/prod/rundir/2018-02-20T21_05_26.416394Z
./experiment-scripts/simulated-annealing-almabench,/home/fyquah/fyp/prod/rundir/2018-02-21T07_57_32.358530Z
./experiment-scripts/simulated-annealing-bdd,/home/fyquah/fyp/prod/rundir/2018-02-21T11_05_04.618465Z
./experiment-scripts/simulated-annealing-floats-in-functor,/home/fyquah/fyp/prod/rundir/2018-02-21T16_41_04.065590Z
./experiment-scripts/simulated-annealing-kb,/home/fyquah/fyp/prod/rundir/2018-02-21T16_44_23.260579Z
./experiment-scripts/simulated-annealing-lexifi-g2pp_benchmark,/home/fyquah/fyp/prod/rundir/2018-02-21T16_47_41.075910Z
./experiment-scripts/simulated-annealing-quicksort,/home/fyquah/fyp/prod/rundir/2018-02-21T16_52_59.104607Z
./experiment-scripts/simulated-annealing-sequence_benchmark,/home/fyquah/fyp/prod/rundir/2018-02-21T16_57_37.029761Z
./experiment-scripts/simulated-annealing-sequence_cps_benchmark,/home/fyquah/fyp/prod/rundir/2018-02-21T17_02_45.010209Z
./experiment-scripts/simulated-annealing-almabench,/home/fyquah/fyp/prod/rundir/2018-02-21T17_07_27.880235Z
./experiment-scripts/simulated-annealing-bdd,/home/fyquah/fyp/prod/rundir/2018-02-21T17_11_05.787268Z
./experiment-scripts/simulated-annealing-floats-in-functor,/home/fyquah/fyp/prod/rundir/2018-02-21T17_16_18.724751Z
./experiment-scripts/simulated-annealing-kb,/home/fyquah/fyp/prod/rundir/2018-02-21T17_19_31.611932Z
./experiment-scripts/simulated-annealing-lexifi-g2pp_benchmark,/home/fyquah/fyp/prod/rundir/2018-02-21T17_22_44.417988Z
./experiment-scripts/simulated-annealing-quicksort,/home/fyquah/fyp/prod/rundir/2018-02-21T17_28_07.531919Z
./experiment-scripts/simulated-annealing-sequence_benchmark,/home/fyquah/fyp/prod/rundir/2018-02-21T17_32_45.441510Z
./experiment-scripts/simulated-annealing-sequence_cps_benchmark,/home/fyquah/fyp/prod/rundir/2018-02-21T17_37_53.237366Z
./experiment-scripts/simulated-annealing-almabench,/home/fyquah/fyp/prod/rundir/2018-02-21T17_42_35.983855Z
./experiment-scripts/simulated-annealing-bdd,/home/fyquah/fyp/prod/rundir/2018-02-21T17_46_18.569976Z
./experiment-scripts/simulated-annealing-floats-in-functor,/home/fyquah/fyp/prod/rundir/2018-02-21T17_51_21.149856Z
./experiment-scripts/simulated-annealing-kb,/home/fyquah/fyp/prod/rundir/2018-02-21T17_54_33.790385Z
./experiment-scripts/simulated-annealing-lexifi-g2pp_benchmark,/home/fyquah/fyp/prod/rundir/2018-02-21T17_57_46.344073Z
./experiment-scripts/simulated-annealing-quicksort,/home/fyquah/fyp/prod/rundir/2018-02-21T18_03_14.211641Z
./experiment-scripts/simulated-annealing-sequence_benchmark,/home/fyquah/fyp/prod/rundir/2018-02-21T18_07_52.018973Z
./experiment-scripts/simulated-annealing-sequence_cps_benchmark,/home/fyquah/fyp/prod/rundir/2018-02-21T23_20_55.563324Z
./experiment-scripts/simulated-annealing-almabench,/home/fyquah/fyp/prod/rundir/2018-02-22T03_39_17.375827Z
./experiment-scripts/simulated-annealing-bdd,/home/fyquah/fyp/prod/rundir/2018-02-22T06_32_17.654317Z
./experiment-scripts/simulated-annealing-floats-in-functor,/home/fyquah/fyp/prod/rundir/2018-02-22T12_00_58.085847Z
./experiment-scripts/simulated-annealing-kb,/home/fyquah/fyp/prod/rundir/2018-02-22T14_23_04.273824Z
./experiment-scripts/simulated-annealing-lexifi-g2pp_benchmark,/home/fyquah/fyp/prod/rundir/2018-02-22T18_25_04.943600Z
./experiment-scripts/simulated-annealing-almabench,/home/fyquah/fyp/prod/rundir/2018-02-22T22_54_16.419669Z
./experiment-scripts/simulated-annealing-almabench,/home/fyquah/fyp/prod/rundir/2018-02-22T22_54_18.421818Z
./experiment-scripts/simulated-annealing-almabench,/home/fyquah/fyp/prod/rundir/2018-02-22T22_54_20.338643Z
./experiment-scripts/simulated-annealing-bdd,/home/fyquah/fyp/prod/rundir/2018-02-23T12_49_46.014887Z
./experiment-scripts/simulated-annealing-bdd,/home/fyquah/fyp/prod/rundir/2018-02-23T12_49_48.067673Z
./experiment-scripts/simulated-annealing-bdd,/home/fyquah/fyp/prod/rundir/2018-02-23T12_49_50.220108Z
./experiment-scripts/simulated-annealing-fft,/home/fyquah/fyp/prod/rundir/2018-02-23T16_40_13.324704Z
./experiment-scripts/simulated-annealing-fft,/home/fyquah/fyp/prod/rundir/2018-02-23T16_40_15.284362Z
./experiment-scripts/simulated-annealing-fft,/home/fyquah/fyp/prod/rundir/2018-02-23T16_40_17.217011Z
./experiment-scripts/simulated-annealing-lens-benchmark,/home/fyquah/fyp/prod/rundir/2018-02-23T20_38_12.851645Z
./experiment-scripts/simulated-annealing-lens-benchmark,/home/fyquah/fyp/prod/rundir/2018-02-23T20_38_14.856239Z
./experiment-scripts/simulated-annealing-lens-benchmark,/home/fyquah/fyp/prod/rundir/2018-02-23T20_38_16.749846Z
./experiment-scripts/simulated-annealing-kb,/home/fyquah/fyp/prod/rundir/2018-02-23T23_59_11.994560Z
./experiment-scripts/simulated-annealing-kb,/home/fyquah/fyp/prod/rundir/2018-02-23T23_59_13.965275Z
./experiment-scripts/simulated-annealing-kb,/home/fyquah/fyp/prod/rundir/2018-02-23T23_59_16.212630Z
./experiment-scripts/simulated-annealing-kahan-sum,/home/fyquah/fyp/prod/rundir/2018-02-24T05_01_39.282197Z
./experiment-scripts/simulated-annealing-kahan-sum,/home/fyquah/fyp/prod/rundir/2018-02-24T05_01_41.355763Z
./experiment-scripts/simulated-annealing-kahan-sum,/home/fyquah/fyp/prod/rundir/2018-02-24T05_01_43.271788Z
./experiment-scripts/simulated-annealing-hamming,/home/fyquah/fyp/prod/rundir/2018-02-24T05_36_51.571198Z
./experiment-scripts/simulated-annealing-hamming,/home/fyquah/fyp/prod/rundir/2018-02-24T05_36_53.584743Z
./experiment-scripts/simulated-annealing-hamming,/home/fyquah/fyp/prod/rundir/2018-02-24T05_36_55.571165Z
./experiment-scripts/simulated-annealing-sequence_cps_benchmark,/home/fyquah/fyp/prod/rundir/2018-02-24T12_13_50.241619Z
./experiment-scripts/simulated-annealing-sequence_cps_benchmark,/home/fyquah/fyp/prod/rundir/2018-02-24T12_13_52.276013Z
./experiment-scripts/simulated-annealing-sequence_cps_benchmark,/home/fyquah/fyp/prod/rundir/2018-02-24T12_13_54.173588Z
./experiment-scripts/simulated-annealing-sequence_benchmark,/home/fyquah/fyp/prod/rundir/2018-02-24T19_05_53.480163Z
./experiment-scripts/simulated-annealing-sequence_benchmark,/home/fyquah/fyp/prod/rundir/2018-02-24T19_05_55.455664Z
./experiment-scripts/simulated-annealing-sequence_benchmark,/home/fyquah/fyp/prod/rundir/2018-02-24T19_05_57.754609Z
./experiment-scripts/simulated-annealing-lexifi-g2pp_benchmark,/home/fyquah/fyp/prod/rundir/2018-02-24T21_27_29.372006Z
./experiment-scripts/simulated-annealing-lexifi-g2pp_benchmark,/home/fyquah/fyp/prod/rundir/2018-02-24T21_27_31.476604Z
./experiment-scripts/simulated-annealing-lexifi-g2pp_benchmark,/home/fyquah/fyp/prod/rundir/2018-02-24T21_27_33.825253Z
./experiment-scripts/simulated-annealing-bdd,/home/fyquah/fyp/prod/rundir/2018-02-25T04_27_22.444379Z
./experiment-scripts/simulated-annealing-bdd,/home/fyquah/fyp/prod/rundir/2018-02-25T04_27_24.520101Z
./experiment-scripts/simulated-annealing-bdd,/home/fyquah/fyp/prod/rundir/2018-02-25T04_27_26.596669Z
./experiment-scripts/simulated-annealing-almabench,/home/fyquah/fyp/prod/rundir/2018-02-25T11_37_25.625059Z
./experiment-scripts/simulated-annealing-almabench,/home/fyquah/fyp/prod/rundir/2018-02-25T11_37_27.643804Z
./experiment-scripts/simulated-annealing-almabench,/home/fyquah/fyp/prod/rundir/2018-02-25T11_37_29.543525Z
./experiment-scripts/simulated-annealing-kb,/home/fyquah/fyp/prod/rundir/2018-02-25T15_35_58.068705Z
./experiment-scripts/simulated-annealing-kb,/home/fyquah/fyp/prod/rundir/2018-02-25T15_36_00.113729Z
./experiment-scripts/simulated-annealing-kb,/home/fyquah/fyp/prod/rundir/2018-02-25T15_36_02.451930Z
./experiment-scripts/simulated-annealing-sequence_cps_benchmark,/home/fyquah/fyp/prod/rundir/2018-02-25T21_06_40.766492Z
./experiment-scripts/simulated-annealing-sequence_cps_benchmark,/home/fyquah/fyp/prod/rundir/2018-02-25T21_06_42.829122Z
./experiment-scripts/simulated-annealing-sequence_cps_benchmark,/home/fyquah/fyp/prod/rundir/2018-02-25T21_06_44.812395Z
./experiment-scripts/simulated-annealing-lexifi-g2pp_benchmark,/home/fyquah/fyp/prod/rundir/2018-02-26T03_54_04.577772Z
./experiment-scripts/simulated-annealing-lexifi-g2pp_benchmark,/home/fyquah/fyp/prod/rundir/2018-02-26T03_54_06.822932Z
./experiment-scripts/simulated-annealing-lexifi-g2pp_benchmark,/home/fyquah/fyp/prod/rundir/2018-02-26T03_54_09.162801Z
./experiment-scripts/simulated-annealing-almabench,/home/fyquah/fyp/prod/rundir/2018-02-26T10_35_40.172689Z
./experiment-scripts/simulated-annealing-almabench,/home/fyquah/fyp/prod/rundir/2018-02-26T10_35_42.252867Z
./experiment-scripts/simulated-annealing-almabench,/home/fyquah/fyp/prod/rundir/2018-02-26T10_35_44.145831Z
./experiment-scripts/simulated-annealing-kahan-sum,/home/fyquah/fyp/prod/rundir/2018-02-26T15_58_59.465235Z
./experiment-scripts/simulated-annealing-kahan-sum,/home/fyquah/fyp/prod/rundir/2018-02-26T15_59_01.464049Z
./experiment-scripts/simulated-annealing-kahan-sum,/home/fyquah/fyp/prod/rundir/2018-02-26T15_59_03.389030Z
./experiment-scripts/simulated-annealing-fft,/home/fyquah/fyp/prod/rundir/2018-02-26T16_23_01.686562Z
./experiment-scripts/simulated-annealing-fft,/home/fyquah/fyp/prod/rundir/2018-02-26T16_23_03.645807Z
./experiment-scripts/simulated-annealing-fft,/home/fyquah/fyp/prod/rundir/2018-02-26T16_23_05.586834Z
./experiment-scripts/simulated-annealing-lens-benchmark,/home/fyquah/fyp/prod/rundir/2018-02-26T20_15_08.621442Z
./experiment-scripts/simulated-annealing-lens-benchmark,/home/fyquah/fyp/prod/rundir/2018-02-26T20_15_10.567856Z
./experiment-scripts/simulated-annealing-lens-benchmark,/home/fyquah/fyp/prod/rundir/2018-02-26T20_15_12.473333Z
./experiment-scripts/simulated-annealing-hamming,/home/fyquah/fyp/prod/rundir/2018-02-26T23_55_23.920385Z
./experiment-scripts/simulated-annealing-hamming,/home/fyquah/fyp/prod/rundir/2018-02-26T23_55_26.083181Z
./experiment-scripts/simulated-annealing-hamming,/home/fyquah/fyp/prod/rundir/2018-02-26T23_55_28.065220Z
./experiment-scripts/simulated-annealing-quicksort,/home/fyquah/fyp/prod/rundir/2018-02-27T06_22_32.967190Z
./experiment-scripts/simulated-annealing-quicksort,/home/fyquah/fyp/prod/rundir/2018-02-27T06_22_35.060083Z
./experiment-scripts/simulated-annealing-quicksort,/home/fyquah/fyp/prod/rundir/2018-02-27T06_22_36.953345Z
./experiment-scripts/simulated-annealing-bdd,/home/fyquah/fyp/prod/rundir/2018-02-27T13_29_06.918347Z
./experiment-scripts/simulated-annealing-bdd,/home/fyquah/fyp/prod/rundir/2018-02-27T13_29_08.911114Z
./experiment-scripts/simulated-annealing-bdd,/home/fyquah/fyp/prod/rundir/2018-02-27T13_29_11.138772Z
./experiment-scripts/simulated-annealing-sequence_benchmark,/home/fyquah/fyp/prod/rundir/2018-02-27T20_38_25.757067Z
./experiment-scripts/simulated-annealing-sequence_benchmark,/home/fyquah/fyp/prod/rundir/2018-02-27T20_38_27.835324Z
./experiment-scripts/simulated-annealing-sequence_benchmark,/home/fyquah/fyp/prod/rundir/2018-02-27T20_38_29.896465Z
./experiment-scripts/simulated-annealing-floats-in-functor,/home/fyquah/fyp/prod/rundir/2018-02-27T22_48_18.003827Z
./experiment-scripts/simulated-annealing-floats-in-functor,/home/fyquah/fyp/prod/rundir/2018-02-27T22_48_19.945989Z
./experiment-scripts/simulated-annealing-floats-in-functor,/home/fyquah/fyp/prod/rundir/2018-02-27T22_48_21.908508Z
./experiment-scripts/simulated-annealing-kb,/home/fyquah/fyp/prod/rundir/2018-02-28T01_58_23.100608Z
./experiment-scripts/simulated-annealing-kb,/home/fyquah/fyp/prod/rundir/2018-02-28T01_58_25.060817Z
./experiment-scripts/simulated-annealing-kb,/home/fyquah/fyp/prod/rundir/2018-02-28T01_58_27.166365Z
./experiment-scripts/simulated-annealing-sequence_cps_benchmark,/home/fyquah/fyp/prod/rundir/2018-02-28T07_27_38.773743Z
./experiment-scripts/simulated-annealing-sequence_cps_benchmark,/home/fyquah/fyp/prod/rundir/2018-02-28T07_27_40.838471Z
./experiment-scripts/simulated-annealing-sequence_cps_benchmark,/home/fyquah/fyp/prod/rundir/2018-02-28T07_27_42.731144Z
./experiment-scripts/simulated-annealing-lexifi-g2pp_benchmark,/home/fyquah/fyp/prod/rundir/2018-02-28T14_02_56.463066Z
./experiment-scripts/simulated-annealing-lexifi-g2pp_benchmark,/home/fyquah/fyp/prod/rundir/2018-02-28T14_02_58.401154Z
./experiment-scripts/simulated-annealing-lexifi-g2pp_benchmark,/home/fyquah/fyp/prod/rundir/2018-02-28T14_03_00.686035Z
./experiment-scripts/simulated-annealing-almabench,/home/fyquah/fyp/prod/rundir/2018-02-28T20_58_56.207887Z
./experiment-scripts/simulated-annealing-almabench,/home/fyquah/fyp/prod/rundir/2018-02-28T20_58_58.237651Z
./experiment-scripts/simulated-annealing-almabench,/home/fyquah/fyp/prod/rundir/2018-02-28T20_59_00.148726Z
./experiment-scripts/simulated-annealing-kahan-sum,/home/fyquah/fyp/prod/rundir/2018-03-01T02_21_35.794018Z
./experiment-scripts/simulated-annealing-kahan-sum,/home/fyquah/fyp/prod/rundir/2018-03-01T02_21_37.749750Z
./experiment-scripts/simulated-annealing-kahan-sum,/home/fyquah/fyp/prod/rundir/2018-03-01T02_21_39.681678Z
./experiment-scripts/simulated-annealing-fft,/home/fyquah/fyp/prod/rundir/2018-03-01T02_54_38.818645Z
./experiment-scripts/simulated-annealing-fft,/home/fyquah/fyp/prod/rundir/2018-03-01T02_54_40.768019Z
./experiment-scripts/simulated-annealing-fft,/home/fyquah/fyp/prod/rundir/2018-03-01T02_54_42.677355Z
./experiment-scripts/simulated-annealing-lens-benchmark,/home/fyquah/fyp/prod/rundir/2018-03-01T06_42_49.288601Z
./experiment-scripts/simulated-annealing-lens-benchmark,/home/fyquah/fyp/prod/rundir/2018-03-01T06_42_51.236458Z
./experiment-scripts/simulated-annealing-lens-benchmark,/home/fyquah/fyp/prod/rundir/2018-03-01T06_42_53.474536Z
./experiment-scripts/simulated-annealing-hamming,/home/fyquah/fyp/prod/rundir/2018-03-01T09_36_28.564940Z
./experiment-scripts/simulated-annealing-hamming,/home/fyquah/fyp/prod/rundir/2018-03-01T09_36_30.676671Z
./experiment-scripts/simulated-annealing-hamming,/home/fyquah/fyp/prod/rundir/2018-03-01T09_36_32.648760Z
./experiment-scripts/simulated-annealing-quicksort,/home/fyquah/fyp/prod/rundir/2018-03-01T16_11_51.225817Z
./experiment-scripts/simulated-annealing-quicksort,/home/fyquah/fyp/prod/rundir/2018-03-01T16_11_53.174556Z
./experiment-scripts/simulated-annealing-quicksort,/home/fyquah/fyp/prod/rundir/2018-03-01T16_11_55.081609Z
./experiment-scripts/simulated-annealing-almabench,/home/fyquah/fyp/prod/rundir/2018-03-02T19_43_39.618057Z
./experiment-scripts/simulated-annealing-almabench,/home/fyquah/fyp/prod/rundir/2018-03-02T19_43_42.014242Z
./experiment-scripts/simulated-annealing-almabench,/home/fyquah/fyp/prod/rundir/2018-03-02T19_43_43.941170Z
./experiment-scripts/simulated-annealing-bdd,/home/fyquah/fyp/prod/rundir/2018-03-03T00_50_48.710044Z
./experiment-scripts/simulated-annealing-bdd,/home/fyquah/fyp/prod/rundir/2018-03-03T00_50_50.834229Z
./experiment-scripts/simulated-annealing-bdd,/home/fyquah/fyp/prod/rundir/2018-03-03T00_50_53.077410Z
./experiment-scripts/simulated-annealing-fft,/home/fyquah/fyp/prod/rundir/2018-03-03T07_54_27.451165Z
./experiment-scripts/simulated-annealing-fft,/home/fyquah/fyp/prod/rundir/2018-03-03T07_54_29.893813Z
./experiment-scripts/simulated-annealing-fft,/home/fyquah/fyp/prod/rundir/2018-03-03T07_54_31.804935Z
./experiment-scripts/simulated-annealing-floats-in-functor,/home/fyquah/fyp/prod/rundir/2018-03-03T11_53_13.719069Z
./experiment-scripts/simulated-annealing-floats-in-functor,/home/fyquah/fyp/prod/rundir/2018-03-03T11_53_15.741618Z
./experiment-scripts/simulated-annealing-floats-in-functor,/home/fyquah/fyp/prod/rundir/2018-03-03T11_53_17.688653Z
./experiment-scripts/simulated-annealing-hamming,/home/fyquah/fyp/prod/rundir/2018-03-03T15_11_18.051334Z
./experiment-scripts/simulated-annealing-hamming,/home/fyquah/fyp/prod/rundir/2018-03-03T15_11_20.135837Z
./experiment-scripts/simulated-annealing-hamming,/home/fyquah/fyp/prod/rundir/2018-03-03T15_11_22.131459Z
./experiment-scripts/simulated-annealing-kahan-sum,/home/fyquah/fyp/prod/rundir/2018-03-03T21_37_24.994336Z
./experiment-scripts/simulated-annealing-kahan-sum,/home/fyquah/fyp/prod/rundir/2018-03-03T21_37_26.929989Z
./experiment-scripts/simulated-annealing-kahan-sum,/home/fyquah/fyp/prod/rundir/2018-03-03T21_37_28.872740Z
./experiment-scripts/simulated-annealing-kb,/home/fyquah/fyp/prod/rundir/2018-03-03T22_09_47.282769Z
./experiment-scripts/simulated-annealing-kb,/home/fyquah/fyp/prod/rundir/2018-03-03T22_09_49.236048Z
./experiment-scripts/simulated-annealing-kb,/home/fyquah/fyp/prod/rundir/2018-03-03T22_09_51.373508Z
./experiment-scripts/simulated-annealing-almabench,/home/fyquah/fyp/prod/rundir/2018-03-06T16_09_33.998179Z
./experiment-scripts/simulated-annealing-almabench,/home/fyquah/fyp/prod/rundir/2018-03-06T16_09_35.726992Z
./experiment-scripts/simulated-annealing-almabench,/home/fyquah/fyp/prod/rundir/2018-03-06T16_09_37.458307Z
./experiment-scripts/simulated-annealing-bdd,/home/fyquah/fyp/prod/rundir/2018-03-06T16_09_44.344146Z
./experiment-scripts/simulated-annealing-bdd,/home/fyquah/fyp/prod/rundir/2018-03-06T16_09_46.111664Z
./experiment-scripts/simulated-annealing-bdd,/home/fyquah/fyp/prod/rundir/2018-03-06T16_09_47.892743Z
./experiment-scripts/simulated-annealing-almabench,/home/fyquah/fyp/prod/rundir/2018-03-06T16_37_47.836799Z
./experiment-scripts/simulated-annealing-almabench,/home/fyquah/fyp/prod/rundir/2018-03-06T16_37_49.628814Z
./experiment-scripts/simulated-annealing-almabench,/home/fyquah/fyp/prod/rundir/2018-03-06T16_37_51.456847Z
./experiment-scripts/simulated-annealing-bdd,/home/fyquah/fyp/prod/rundir/2018-03-06T21_38_50.331058Z
./experiment-scripts/simulated-annealing-bdd,/home/fyquah/fyp/prod/rundir/2018-03-06T21_38_52.090457Z
./experiment-scripts/simulated-annealing-bdd,/home/fyquah/fyp/prod/rundir/2018-03-06T21_38_53.832742Z
./experiment-scripts/simulated-annealing-fft,/home/fyquah/fyp/prod/rundir/2018-03-07T11_34_55.508877Z
./experiment-scripts/simulated-annealing-fft,/home/fyquah/fyp/prod/rundir/2018-03-07T11_34_58.611842Z
./experiment-scripts/simulated-annealing-fft,/home/fyquah/fyp/prod/rundir/2018-03-07T11_35_00.385123Z
./experiment-scripts/simulated-annealing-floats-in-functor,/home/fyquah/fyp/prod/rundir/2018-03-07T15_06_02.219565Z
./experiment-scripts/simulated-annealing-floats-in-functor,/home/fyquah/fyp/prod/rundir/2018-03-07T15_06_03.945998Z
./experiment-scripts/simulated-annealing-floats-in-functor,/home/fyquah/fyp/prod/rundir/2018-03-07T15_06_05.642116Z
./experiment-scripts/simulated-annealing-hamming,/home/fyquah/fyp/prod/rundir/2018-03-07T18_30_02.095743Z
./experiment-scripts/simulated-annealing-hamming,/home/fyquah/fyp/prod/rundir/2018-03-07T18_30_03.882614Z
./experiment-scripts/simulated-annealing-hamming,/home/fyquah/fyp/prod/rundir/2018-03-07T18_30_05.640481Z
./experiment-scripts/simulated-annealing-kahan-sum,/home/fyquah/fyp/prod/rundir/2018-03-08T00_45_36.291916Z
./experiment-scripts/simulated-annealing-kahan-sum,/home/fyquah/fyp/prod/rundir/2018-03-08T00_45_38.082833Z
./experiment-scripts/simulated-annealing-kahan-sum,/home/fyquah/fyp/prod/rundir/2018-03-08T00_45_39.823281Z
./experiment-scripts/simulated-annealing-kb,/home/fyquah/fyp/prod/rundir/2018-03-08T01_14_07.747457Z
./experiment-scripts/simulated-annealing-kb,/home/fyquah/fyp/prod/rundir/2018-03-08T01_14_09.776052Z
./experiment-scripts/simulated-annealing-kb,/home/fyquah/fyp/prod/rundir/2018-03-08T01_14_11.513435Z
./experiment-scripts/simulated-annealing-almabench,/home/fyquah/fyp/prod/rundir/2018-03-08T17_02_08.928542Z
./experiment-scripts/simulated-annealing-almabench,/home/fyquah/fyp/prod/rundir/2018-03-08T17_02_10.652052Z
./experiment-scripts/simulated-annealing-almabench,/home/fyquah/fyp/prod/rundir/2018-03-08T17_02_12.356366Z
./experiment-scripts/simulated-annealing-fft,/home/fyquah/fyp/prod/rundir/2018-03-08T22_33_06.415191Z
./experiment-scripts/simulated-annealing-fft,/home/fyquah/fyp/prod/rundir/2018-03-08T22_33_08.188292Z
./experiment-scripts/simulated-annealing-fft,/home/fyquah/fyp/prod/rundir/2018-03-08T22_33_09.903614Z
./experiment-scripts/simulated-annealing-floats-in-functor,/home/fyquah/fyp/prod/rundir/2018-03-09T02_29_37.278228Z
./experiment-scripts/simulated-annealing-floats-in-functor,/home/fyquah/fyp/prod/rundir/2018-03-09T02_29_39.044939Z
./experiment-scripts/simulated-annealing-floats-in-functor,/home/fyquah/fyp/prod/rundir/2018-03-09T02_29_40.729314Z
./experiment-scripts/simulated-annealing-hamming,/home/fyquah/fyp/prod/rundir/2018-03-09T06_29_52.900907Z
./experiment-scripts/simulated-annealing-hamming,/home/fyquah/fyp/prod/rundir/2018-03-09T06_29_54.669638Z
./experiment-scripts/simulated-annealing-hamming,/home/fyquah/fyp/prod/rundir/2018-03-09T06_29_56.399852Z
./experiment-scripts/simulated-annealing-kahan-sum,/home/fyquah/fyp/prod/rundir/2018-03-09T12_56_47.206339Z
./experiment-scripts/simulated-annealing-kahan-sum,/home/fyquah/fyp/prod/rundir/2018-03-09T12_56_48.975203Z
./experiment-scripts/simulated-annealing-kahan-sum,/home/fyquah/fyp/prod/rundir/2018-03-09T12_56_50.803470Z
./experiment-scripts/simulated-annealing-kb,/home/fyquah/fyp/prod/rundir/2018-03-09T13_30_38.378721Z
./experiment-scripts/simulated-annealing-kb,/home/fyquah/fyp/prod/rundir/2018-03-09T13_30_40.164304Z
./experiment-scripts/simulated-annealing-kb,/home/fyquah/fyp/prod/rundir/2018-03-09T13_30_41.876811Z
./experiment-scripts/random-walk-fft,/home/fyquah/fyp/prod/rundir/2018-03-09T19_02_32.804554Z
./experiment-scripts/random-walk-fft,/home/fyquah/fyp/prod/rundir/2018-03-09T19_02_34.616551Z
./experiment-scripts/random-walk-fft,/home/fyquah/fyp/prod/rundir/2018-03-09T19_02_36.388080Z
./experiment-scripts/random-walk-almabench,/home/fyquah/fyp/prod/rundir/2018-03-09T19_06_39.732515Z
./experiment-scripts/random-walk-almabench,/home/fyquah/fyp/prod/rundir/2018-03-09T19_06_41.439355Z
./experiment-scripts/random-walk-almabench,/home/fyquah/fyp/prod/rundir/2018-03-09T19_06_43.134933Z
./experiment-scripts/random-walk-bdd,/home/fyquah/fyp/prod/rundir/2018-03-09T22_44_35.123111Z
./experiment-scripts/random-walk-bdd,/home/fyquah/fyp/prod/rundir/2018-03-09T22_44_36.923625Z
./experiment-scripts/random-walk-bdd,/home/fyquah/fyp/prod/rundir/2018-03-09T22_44_38.625029Z
./experiment-scripts/random-walk-fft,/home/fyquah/fyp/prod/rundir/2018-03-10T03_38_22.295241Z
./experiment-scripts/random-walk-fft,/home/fyquah/fyp/prod/rundir/2018-03-10T03_38_24.025842Z
./experiment-scripts/random-walk-fft,/home/fyquah/fyp/prod/rundir/2018-03-10T03_38_25.726378Z
./experiment-scripts/random-walk-floats-in-functor,/home/fyquah/fyp/prod/rundir/2018-03-10T06_21_46.488425Z
./experiment-scripts/random-walk-floats-in-functor,/home/fyquah/fyp/prod/rundir/2018-03-10T06_21_48.275755Z
./experiment-scripts/random-walk-floats-in-functor,/home/fyquah/fyp/prod/rundir/2018-03-10T06_21_49.963406Z
./experiment-scripts/random-walk-hamming,/home/fyquah/fyp/prod/rundir/2018-03-10T09_35_16.427291Z
./experiment-scripts/random-walk-hamming,/home/fyquah/fyp/prod/rundir/2018-03-10T09_35_18.167512Z
./experiment-scripts/random-walk-hamming,/home/fyquah/fyp/prod/rundir/2018-03-10T09_35_19.964849Z
./experiment-scripts/random-walk-kahan-sum,/home/fyquah/fyp/prod/rundir/2018-03-10T14_05_33.259557Z
./experiment-scripts/random-walk-kahan-sum,/home/fyquah/fyp/prod/rundir/2018-03-10T14_05_35.099619Z
./experiment-scripts/random-walk-kahan-sum,/home/fyquah/fyp/prod/rundir/2018-03-10T14_05_37.813444Z
./experiment-scripts/random-walk-kb,/home/fyquah/fyp/prod/rundir/2018-03-10T14_31_45.195069Z
./experiment-scripts/random-walk-kb,/home/fyquah/fyp/prod/rundir/2018-03-10T14_31_46.931454Z
./experiment-scripts/random-walk-kb,/home/fyquah/fyp/prod/rundir/2018-03-10T14_31_48.659024Z
./experiment-scripts/random-walk-lens-benchmark,/home/fyquah/fyp/prod/rundir/2018-03-10T18_14_40.186107Z
./experiment-scripts/random-walk-lens-benchmark,/home/fyquah/fyp/prod/rundir/2018-03-10T18_14_42.016584Z
./experiment-scripts/random-walk-lens-benchmark,/home/fyquah/fyp/prod/rundir/2018-03-10T18_14_43.712150Z
./experiment-scripts/random-walk-lexifi-g2pp_benchmark,/home/fyquah/fyp/prod/rundir/2018-03-10T21_37_50.410296Z
./experiment-scripts/random-walk-lexifi-g2pp_benchmark,/home/fyquah/fyp/prod/rundir/2018-03-10T21_37_52.139891Z
./experiment-scripts/random-walk-lexifi-g2pp_benchmark,/home/fyquah/fyp/prod/rundir/2018-03-10T21_37_53.864129Z
./experiment-scripts/random-walk-quicksort,/home/fyquah/fyp/prod/rundir/2018-03-11T03_09_50.463105Z
./experiment-scripts/random-walk-quicksort,/home/fyquah/fyp/prod/rundir/2018-03-11T03_09_52.158879Z
./experiment-scripts/random-walk-quicksort,/home/fyquah/fyp/prod/rundir/2018-03-11T03_09_53.901628Z
./experiment-scripts/random-walk-sequence_benchmark,/home/fyquah/fyp/prod/rundir/2018-03-11T07_49_47.483028Z
./experiment-scripts/random-walk-sequence_benchmark,/home/fyquah/fyp/prod/rundir/2018-03-11T07_49_49.240685Z
./experiment-scripts/random-walk-sequence_benchmark,/home/fyquah/fyp/prod/rundir/2018-03-11T07_49_50.958889Z
./experiment-scripts/random-walk-sequence_cps_benchmark,/home/fyquah/fyp/prod/rundir/2018-03-11T12_55_59.180688Z
./experiment-scripts/random-walk-sequence_cps_benchmark,/home/fyquah/fyp/prod/rundir/2018-03-11T12_56_00.930794Z
./experiment-scripts/random-walk-sequence_cps_benchmark,/home/fyquah/fyp/prod/rundir/2018-03-11T12_56_02.655950Z
./experiment-scripts/random-walk-almabench,/home/fyquah/fyp/prod/rundir/2018-03-11T17_35_41.160501Z
./experiment-scripts/random-walk-almabench,/home/fyquah/fyp/prod/rundir/2018-03-11T17_35_42.910869Z
./experiment-scripts/random-walk-almabench,/home/fyquah/fyp/prod/rundir/2018-03-11T17_35_44.606369Z
./experiment-scripts/random-walk-bdd,/home/fyquah/fyp/prod/rundir/2018-03-11T21_12_36.537201Z
./experiment-scripts/random-walk-bdd,/home/fyquah/fyp/prod/rundir/2018-03-11T21_12_38.295982Z
./experiment-scripts/random-walk-bdd,/home/fyquah/fyp/prod/rundir/2018-03-11T21_12_41.479643Z
./experiment-scripts/random-walk-fft,/home/fyquah/fyp/prod/rundir/2018-03-12T02_08_50.028915Z
./experiment-scripts/random-walk-fft,/home/fyquah/fyp/prod/rundir/2018-03-12T02_08_51.713335Z
./experiment-scripts/random-walk-fft,/home/fyquah/fyp/prod/rundir/2018-03-12T02_08_53.437737Z
./experiment-scripts/random-walk-floats-in-functor,/home/fyquah/fyp/prod/rundir/2018-03-12T04_48_09.011787Z
./experiment-scripts/random-walk-floats-in-functor,/home/fyquah/fyp/prod/rundir/2018-03-12T04_48_10.818009Z
./experiment-scripts/random-walk-floats-in-functor,/home/fyquah/fyp/prod/rundir/2018-03-12T04_48_12.533177Z
./experiment-scripts/random-walk-hamming,/home/fyquah/fyp/prod/rundir/2018-03-12T08_02_33.931419Z
./experiment-scripts/random-walk-hamming,/home/fyquah/fyp/prod/rundir/2018-03-12T08_02_35.706980Z
./experiment-scripts/random-walk-hamming,/home/fyquah/fyp/prod/rundir/2018-03-12T08_02_37.416180Z
./experiment-scripts/random-walk-kahan-sum,/home/fyquah/fyp/prod/rundir/2018-03-12T12_34_05.650692Z
./experiment-scripts/random-walk-kahan-sum,/home/fyquah/fyp/prod/rundir/2018-03-12T12_34_07.416863Z
./experiment-scripts/random-walk-kahan-sum,/home/fyquah/fyp/prod/rundir/2018-03-12T12_34_09.103606Z
./experiment-scripts/random-walk-kb,/home/fyquah/fyp/prod/rundir/2018-03-12T12_57_21.384351Z
./experiment-scripts/random-walk-kb,/home/fyquah/fyp/prod/rundir/2018-03-12T12_57_23.138122Z
./experiment-scripts/random-walk-kb,/home/fyquah/fyp/prod/rundir/2018-03-12T12_57_24.905078Z
./experiment-scripts/random-walk-lens-benchmark,/home/fyquah/fyp/prod/rundir/2018-03-12T16_22_16.048841Z
./experiment-scripts/random-walk-lens-benchmark,/home/fyquah/fyp/prod/rundir/2018-03-12T16_22_17.839699Z
./experiment-scripts/random-walk-lens-benchmark,/home/fyquah/fyp/prod/rundir/2018-03-12T16_22_19.523183Z
./experiment-scripts/random-walk-lexifi-g2pp_benchmark,/home/fyquah/fyp/prod/rundir/2018-03-12T19_43_06.254886Z
./experiment-scripts/random-walk-lexifi-g2pp_benchmark,/home/fyquah/fyp/prod/rundir/2018-03-12T19_43_08.027118Z
./experiment-scripts/random-walk-lexifi-g2pp_benchmark,/home/fyquah/fyp/prod/rundir/2018-03-12T19_43_11.578075Z
./experiment-scripts/random-walk-quicksort,/home/fyquah/fyp/prod/rundir/2018-03-13T01_15_06.231081Z
./experiment-scripts/random-walk-quicksort,/home/fyquah/fyp/prod/rundir/2018-03-13T01_15_08.009706Z
./experiment-scripts/random-walk-quicksort,/home/fyquah/fyp/prod/rundir/2018-03-13T01_15_09.731077Z
./experiment-scripts/random-walk-sequence_benchmark,/home/fyquah/fyp/prod/rundir/2018-03-13T05_53_48.369902Z
./experiment-scripts/random-walk-sequence_benchmark,/home/fyquah/fyp/prod/rundir/2018-03-13T05_53_50.663754Z
./experiment-scripts/random-walk-sequence_benchmark,/home/fyquah/fyp/prod/rundir/2018-03-13T05_53_52.377017Z
./experiment-scripts/random-walk-sequence_cps_benchmark,/home/fyquah/fyp/prod/rundir/2018-03-13T11_04_05.794214Z
./experiment-scripts/random-walk-sequence_cps_benchmark,/home/fyquah/fyp/prod/rundir/2018-03-13T11_04_07.536019Z
./experiment-scripts/random-walk-sequence_cps_benchmark,/home/fyquah/fyp/prod/rundir/2018-03-13T11_04_09.624690Z
./experiment-scripts/random-walk-almabench,/home/fyquah/fyp/prod/rundir/2018-03-13T15_26_55.880143Z
./experiment-scripts/random-walk-almabench,/home/fyquah/fyp/prod/rundir/2018-03-13T15_26_57.603477Z
./experiment-scripts/random-walk-almabench,/home/fyquah/fyp/prod/rundir/2018-03-13T15_26_59.365753Z
./experiment-scripts/random-walk-bdd,/home/fyquah/fyp/prod/rundir/2018-03-13T15_27_06.126787Z
./experiment-scripts/random-walk-bdd,/home/fyquah/fyp/prod/rundir/2018-03-13T15_27_07.905332Z
./experiment-scripts/random-walk-bdd,/home/fyquah/fyp/prod/rundir/2018-03-13T15_27_09.662808Z
./experiment-scripts/random-walk-fft,/home/fyquah/fyp/prod/rundir/2018-03-13T15_27_46.456288Z
./experiment-scripts/random-walk-fft,/home/fyquah/fyp/prod/rundir/2018-03-13T15_27_48.243765Z
./experiment-scripts/random-walk-fft,/home/fyquah/fyp/prod/rundir/2018-03-13T15_27_49.963250Z
./experiment-scripts/random-walk-floats-in-functor,/home/fyquah/fyp/prod/rundir/2018-03-13T15_27_56.758115Z
./experiment-scripts/random-walk-floats-in-functor,/home/fyquah/fyp/prod/rundir/2018-03-13T15_27_58.563841Z
./experiment-scripts/random-walk-floats-in-functor,/home/fyquah/fyp/prod/rundir/2018-03-13T15_28_00.260086Z
./experiment-scripts/random-walk-hamming,/home/fyquah/fyp/prod/rundir/2018-03-13T15_28_07.041174Z
./experiment-scripts/random-walk-hamming,/home/fyquah/fyp/prod/rundir/2018-03-13T15_28_08.833302Z
./experiment-scripts/random-walk-hamming,/home/fyquah/fyp/prod/rundir/2018-03-13T15_28_10.556866Z
./experiment-scripts/random-walk-kahan-sum,/home/fyquah/fyp/prod/rundir/2018-03-13T19_59_49.180367Z
./experiment-scripts/random-walk-kahan-sum,/home/fyquah/fyp/prod/rundir/2018-03-13T19_59_50.972955Z
./experiment-scripts/random-walk-kahan-sum,/home/fyquah/fyp/prod/rundir/2018-03-13T19_59_52.691400Z
./experiment-scripts/random-walk-kb,/home/fyquah/fyp/prod/rundir/2018-03-13T20_25_55.140241Z
./experiment-scripts/random-walk-kb,/home/fyquah/fyp/prod/rundir/2018-03-13T20_25_56.893233Z
./experiment-scripts/random-walk-kb,/home/fyquah/fyp/prod/rundir/2018-03-13T20_25_58.609843Z
./experiment-scripts/random-walk-lens-benchmark,/home/fyquah/fyp/prod/rundir/2018-03-14T00_03_24.981912Z
./experiment-scripts/random-walk-lens-benchmark,/home/fyquah/fyp/prod/rundir/2018-03-14T00_03_26.735213Z
./experiment-scripts/random-walk-lens-benchmark,/home/fyquah/fyp/prod/rundir/2018-03-14T00_03_28.428632Z
./experiment-scripts/random-walk-lexifi-g2pp_benchmark,/home/fyquah/fyp/prod/rundir/2018-03-14T03_31_10.113925Z
./experiment-scripts/random-walk-lexifi-g2pp_benchmark,/home/fyquah/fyp/prod/rundir/2018-03-14T03_31_11.875805Z
./experiment-scripts/random-walk-lexifi-g2pp_benchmark,/home/fyquah/fyp/prod/rundir/2018-03-14T03_31_14.976255Z
./experiment-scripts/random-walk-quicksort,/home/fyquah/fyp/prod/rundir/2018-03-14T09_04_04.489106Z
./experiment-scripts/random-walk-quicksort,/home/fyquah/fyp/prod/rundir/2018-03-14T09_04_06.259769Z
./experiment-scripts/random-walk-quicksort,/home/fyquah/fyp/prod/rundir/2018-03-14T09_04_07.969007Z
./experiment-scripts/random-walk-sequence_benchmark,/home/fyquah/fyp/prod/rundir/2018-03-14T13_49_41.549175Z
./experiment-scripts/random-walk-sequence_benchmark,/home/fyquah/fyp/prod/rundir/2018-03-14T13_49_43.316658Z
./experiment-scripts/random-walk-sequence_benchmark,/home/fyquah/fyp/prod/rundir/2018-03-14T13_49_45.038437Z
./experiment-scripts/random-walk-sequence_cps_benchmark,/home/fyquah/fyp/prod/rundir/2018-03-14T13_50_01.836334Z
./experiment-scripts/random-walk-sequence_cps_benchmark,/home/fyquah/fyp/prod/rundir/2018-03-14T13_50_11.742632Z
./experiment-scripts/random-walk-sequence_cps_benchmark,/home/fyquah/fyp/prod/rundir/2018-03-14T13_50_13.689956Z
./experiment-scripts/random-walk-almabench,/home/fyquah/fyp/prod/rundir/2018-03-14T20_08_25.257655Z
./experiment-scripts/random-walk-almabench,/home/fyquah/fyp/prod/rundir/2018-03-14T20_08_27.072600Z
./experiment-scripts/random-walk-almabench,/home/fyquah/fyp/prod/rundir/2018-03-14T20_08_28.754936Z
./experiment-scripts/random-walk-bdd,/home/fyquah/fyp/prod/rundir/2018-03-14T20_10_45.635527Z
./experiment-scripts/random-walk-bdd,/home/fyquah/fyp/prod/rundir/2018-03-14T20_10_47.376895Z
./experiment-scripts/random-walk-bdd,/home/fyquah/fyp/prod/rundir/2018-03-14T20_10_50.143957Z
./experiment-scripts/random-walk-fft,/home/fyquah/fyp/prod/rundir/2018-03-14T20_21_27.187738Z
./experiment-scripts/random-walk-fft,/home/fyquah/fyp/prod/rundir/2018-03-14T20_21_28.917696Z
./experiment-scripts/random-walk-fft,/home/fyquah/fyp/prod/rundir/2018-03-14T20_21_30.617847Z
./experiment-scripts/random-walk-floats-in-functor,/home/fyquah/fyp/prod/rundir/2018-03-14T20_22_22.507457Z
./experiment-scripts/random-walk-floats-in-functor,/home/fyquah/fyp/prod/rundir/2018-03-14T20_22_24.221930Z
./experiment-scripts/random-walk-floats-in-functor,/home/fyquah/fyp/prod/rundir/2018-03-14T20_22_25.941487Z
./experiment-scripts/random-walk-almabench,/home/fyquah/fyp/prod/rundir/2018-03-14T20_45_11.586334Z
./experiment-scripts/random-walk-almabench,/home/fyquah/fyp/prod/rundir/2018-03-14T20_45_13.395586Z
./experiment-scripts/random-walk-almabench,/home/fyquah/fyp/prod/rundir/2018-03-14T20_45_15.102967Z
./experiment-scripts/random-walk-bdd,/home/fyquah/fyp/prod/rundir/2018-03-15T00_23_56.479109Z
./experiment-scripts/random-walk-bdd,/home/fyquah/fyp/prod/rundir/2018-03-15T00_23_58.259843Z
./experiment-scripts/random-walk-bdd,/home/fyquah/fyp/prod/rundir/2018-03-15T00_23_59.976660Z
./experiment-scripts/random-walk-fft,/home/fyquah/fyp/prod/rundir/2018-03-15T05_13_02.687025Z
./experiment-scripts/random-walk-fft,/home/fyquah/fyp/prod/rundir/2018-03-15T05_13_04.411170Z
./experiment-scripts/random-walk-fft,/home/fyquah/fyp/prod/rundir/2018-03-15T05_13_06.083836Z
./experiment-scripts/random-walk-floats-in-functor,/home/fyquah/fyp/prod/rundir/2018-03-15T07_47_21.162418Z
./experiment-scripts/random-walk-floats-in-functor,/home/fyquah/fyp/prod/rundir/2018-03-15T07_47_22.939404Z
./experiment-scripts/random-walk-floats-in-functor,/home/fyquah/fyp/prod/rundir/2018-03-15T07_47_24.674854Z
./experiment-scripts/random-walk-hamming,/home/fyquah/fyp/prod/rundir/2018-03-15T11_00_45.541433Z
./experiment-scripts/random-walk-hamming,/home/fyquah/fyp/prod/rundir/2018-03-15T11_00_47.389635Z
./experiment-scripts/random-walk-hamming,/home/fyquah/fyp/prod/rundir/2018-03-15T11_00_49.094928Z
./experiment-scripts/random-walk-kahan-sum,/home/fyquah/fyp/prod/rundir/2018-03-15T15_31_21.568587Z
./experiment-scripts/random-walk-kahan-sum,/home/fyquah/fyp/prod/rundir/2018-03-15T15_31_23.282998Z
./experiment-scripts/random-walk-kahan-sum,/home/fyquah/fyp/prod/rundir/2018-03-15T15_31_24.973159Z
./experiment-scripts/random-walk-kb,/home/fyquah/fyp/prod/rundir/2018-03-15T15_53_02.263495Z
./experiment-scripts/random-walk-kb,/home/fyquah/fyp/prod/rundir/2018-03-15T15_53_03.976508Z
./experiment-scripts/random-walk-kb,/home/fyquah/fyp/prod/rundir/2018-03-15T15_53_05.734924Z
./experiment-scripts/random-walk-lens-benchmark,/home/fyquah/fyp/prod/rundir/2018-03-15T19_19_26.624607Z
./experiment-scripts/random-walk-lens-benchmark,/home/fyquah/fyp/prod/rundir/2018-03-15T19_19_28.383039Z
./experiment-scripts/random-walk-lens-benchmark,/home/fyquah/fyp/prod/rundir/2018-03-15T19_19_30.087190Z
./experiment-scripts/random-walk-almabench,/home/fyquah/fyp/prod/rundir/2018-03-15T22_06_06.784270Z
./experiment-scripts/random-walk-almabench,/home/fyquah/fyp/prod/rundir/2018-03-15T22_06_08.570699Z
./experiment-scripts/random-walk-almabench,/home/fyquah/fyp/prod/rundir/2018-03-15T22_06_10.327305Z
./experiment-scripts/random-walk-bdd,/home/fyquah/fyp/prod/rundir/2018-03-16T01_41_06.726674Z
./experiment-scripts/random-walk-bdd,/home/fyquah/fyp/prod/rundir/2018-03-16T01_41_08.420636Z
./experiment-scripts/random-walk-bdd,/home/fyquah/fyp/prod/rundir/2018-03-16T01_41_10.188564Z
./experiment-scripts/random-walk-fft,/home/fyquah/fyp/prod/rundir/2018-03-16T06_34_33.139580Z
./experiment-scripts/random-walk-fft,/home/fyquah/fyp/prod/rundir/2018-03-16T06_34_34.890870Z
./experiment-scripts/random-walk-fft,/home/fyquah/fyp/prod/rundir/2018-03-16T06_34_36.584598Z
./experiment-scripts/random-walk-floats-in-functor,/home/fyquah/fyp/prod/rundir/2018-03-16T09_07_31.658871Z
./experiment-scripts/random-walk-floats-in-functor,/home/fyquah/fyp/prod/rundir/2018-03-16T09_07_33.447814Z
./experiment-scripts/random-walk-floats-in-functor,/home/fyquah/fyp/prod/rundir/2018-03-16T09_07_35.190676Z
./experiment-scripts/random-walk-hamming,/home/fyquah/fyp/prod/rundir/2018-03-16T11_50_45.436562Z
./experiment-scripts/random-walk-hamming,/home/fyquah/fyp/prod/rundir/2018-03-16T11_50_47.169633Z
./experiment-scripts/random-walk-hamming,/home/fyquah/fyp/prod/rundir/2018-03-16T11_50_48.891989Z
./experiment-scripts/random-walk-almabench,/home/fyquah/fyp/prod/rundir/2018-03-16T12_44_49.548701Z
./experiment-scripts/random-walk-almabench,/home/fyquah/fyp/prod/rundir/2018-03-16T12_44_51.308783Z
./experiment-scripts/random-walk-almabench,/home/fyquah/fyp/prod/rundir/2018-03-16T12_44_53.036335Z
./experiment-scripts/random-walk-bdd,/home/fyquah/fyp/prod/rundir/2018-03-16T16_24_59.608773Z
./experiment-scripts/random-walk-bdd,/home/fyquah/fyp/prod/rundir/2018-03-16T16_25_01.446801Z
./experiment-scripts/random-walk-bdd,/home/fyquah/fyp/prod/rundir/2018-03-16T16_25_03.201566Z
./experiment-scripts/random-walk-fft,/home/fyquah/fyp/prod/rundir/2018-03-16T21_21_36.211466Z
./experiment-scripts/random-walk-fft,/home/fyquah/fyp/prod/rundir/2018-03-16T21_21_37.938453Z
./experiment-scripts/random-walk-fft,/home/fyquah/fyp/prod/rundir/2018-03-16T21_21_39.671548Z
./experiment-scripts/random-walk-floats-in-functor,/home/fyquah/fyp/prod/rundir/2018-03-17T00_03_24.954985Z
./experiment-scripts/random-walk-floats-in-functor,/home/fyquah/fyp/prod/rundir/2018-03-17T00_03_26.697355Z
./experiment-scripts/random-walk-floats-in-functor,/home/fyquah/fyp/prod/rundir/2018-03-17T00_03_28.423651Z
./experiment-scripts/random-walk-hamming,/home/fyquah/fyp/prod/rundir/2018-03-17T03_05_04.171539Z
./experiment-scripts/random-walk-hamming,/home/fyquah/fyp/prod/rundir/2018-03-17T03_05_05.928203Z
./experiment-scripts/random-walk-hamming,/home/fyquah/fyp/prod/rundir/2018-03-17T03_05_07.668982Z
./experiment-scripts/random-walk-kahan-sum,/home/fyquah/fyp/prod/rundir/2018-03-17T07_37_50.268705Z
./experiment-scripts/random-walk-kahan-sum,/home/fyquah/fyp/prod/rundir/2018-03-17T07_37_52.018557Z
./experiment-scripts/random-walk-kahan-sum,/home/fyquah/fyp/prod/rundir/2018-03-17T07_37_54.026581Z
./experiment-scripts/random-walk-kb,/home/fyquah/fyp/prod/rundir/2018-03-17T07_58_31.254929Z
./experiment-scripts/random-walk-kb,/home/fyquah/fyp/prod/rundir/2018-03-17T07_58_33.043921Z
./experiment-scripts/random-walk-kb,/home/fyquah/fyp/prod/rundir/2018-03-17T07_58_34.768912Z
./experiment-scripts/random-walk-lens-benchmark,/home/fyquah/fyp/prod/rundir/2018-03-17T13_08_52.093223Z
./experiment-scripts/random-walk-lens-benchmark,/home/fyquah/fyp/prod/rundir/2018-03-17T13_08_53.853798Z
./experiment-scripts/random-walk-lens-benchmark,/home/fyquah/fyp/prod/rundir/2018-03-17T13_08_55.585993Z
./experiment-scripts/random-walk-lexifi-g2pp_benchmark,/home/fyquah/fyp/prod/rundir/2018-03-17T16_20_56.517587Z
./experiment-scripts/random-walk-lexifi-g2pp_benchmark,/home/fyquah/fyp/prod/rundir/2018-03-17T16_20_58.276819Z
./experiment-scripts/random-walk-lexifi-g2pp_benchmark,/home/fyquah/fyp/prod/rundir/2018-03-17T16_20_59.982158Z
./experiment-scripts/random-walk-quicksort,/home/fyquah/fyp/prod/rundir/2018-03-17T22_05_38.964493Z
./experiment-scripts/random-walk-quicksort,/home/fyquah/fyp/prod/rundir/2018-03-17T22_05_40.695705Z
./experiment-scripts/random-walk-quicksort,/home/fyquah/fyp/prod/rundir/2018-03-17T22_05_42.440957Z
./experiment-scripts/random-walk-sequence_benchmark,/home/fyquah/fyp/prod/rundir/2018-03-18T02_41_55.206432Z
./experiment-scripts/random-walk-sequence_benchmark,/home/fyquah/fyp/prod/rundir/2018-03-18T02_41_56.992388Z
./experiment-scripts/random-walk-sequence_benchmark,/home/fyquah/fyp/prod/rundir/2018-03-18T02_41_58.716126Z
./experiment-scripts/random-walk-sequence_cps_benchmark,/home/fyquah/fyp/prod/rundir/2018-03-18T09_20_52.055659Z
./experiment-scripts/random-walk-sequence_cps_benchmark,/home/fyquah/fyp/prod/rundir/2018-03-18T09_20_53.857504Z
./experiment-scripts/random-walk-sequence_cps_benchmark,/home/fyquah/fyp/prod/rundir/2018-03-18T09_20_55.575502Z
./experiment-scripts/random-walk-almabench,/home/fyquah/fyp/prod/rundir/2018-03-18T14_05_03.479127Z
./experiment-scripts/random-walk-almabench,/home/fyquah/fyp/prod/rundir/2018-03-18T14_05_05.181962Z
./experiment-scripts/random-walk-almabench,/home/fyquah/fyp/prod/rundir/2018-03-18T14_05_06.922701Z
./experiment-scripts/random-walk-bdd,/home/fyquah/fyp/prod/rundir/2018-03-18T17_45_23.429771Z
./experiment-scripts/random-walk-bdd,/home/fyquah/fyp/prod/rundir/2018-03-18T17_45_25.259906Z
./experiment-scripts/random-walk-bdd,/home/fyquah/fyp/prod/rundir/2018-03-18T17_45_27.014646Z
./experiment-scripts/random-walk-fft,/home/fyquah/fyp/prod/rundir/2018-03-18T22_43_19.992052Z
./experiment-scripts/random-walk-fft,/home/fyquah/fyp/prod/rundir/2018-03-18T22_43_21.809652Z
./experiment-scripts/random-walk-fft,/home/fyquah/fyp/prod/rundir/2018-03-18T22_43_23.509502Z
./experiment-scripts/random-walk-floats-in-functor,/home/fyquah/fyp/prod/rundir/2018-03-19T01_25_28.768345Z
./experiment-scripts/random-walk-floats-in-functor,/home/fyquah/fyp/prod/rundir/2018-03-19T01_25_30.537066Z
./experiment-scripts/random-walk-floats-in-functor,/home/fyquah/fyp/prod/rundir/2018-03-19T01_25_32.269069Z
./experiment-scripts/random-walk-hamming,/home/fyquah/fyp/prod/rundir/2018-03-19T04_22_32.798606Z
./experiment-scripts/random-walk-hamming,/home/fyquah/fyp/prod/rundir/2018-03-19T04_22_34.561800Z
./experiment-scripts/random-walk-hamming,/home/fyquah/fyp/prod/rundir/2018-03-19T04_22_38.433077Z
./experiment-scripts/random-walk-kahan-sum,/home/fyquah/fyp/prod/rundir/2018-03-19T08_53_56.002161Z
./experiment-scripts/random-walk-kahan-sum,/home/fyquah/fyp/prod/rundir/2018-03-19T08_53_57.738466Z
./experiment-scripts/random-walk-kahan-sum,/home/fyquah/fyp/prod/rundir/2018-03-19T08_53_59.432079Z
./experiment-scripts/random-walk-kb,/home/fyquah/fyp/prod/rundir/2018-03-19T09_16_16.902168Z
./experiment-scripts/random-walk-kb,/home/fyquah/fyp/prod/rundir/2018-03-19T09_16_18.677857Z
./experiment-scripts/random-walk-kb,/home/fyquah/fyp/prod/rundir/2018-03-19T09_16_20.385046Z
./experiment-scripts/random-walk-lens-benchmark,/home/fyquah/fyp/prod/rundir/2018-03-19T13_11_51.386842Z
./experiment-scripts/random-walk-lens-benchmark,/home/fyquah/fyp/prod/rundir/2018-03-19T13_11_53.157158Z
./experiment-scripts/random-walk-lens-benchmark,/home/fyquah/fyp/prod/rundir/2018-03-19T13_11_56.973319Z
./experiment-scripts/random-walk-lexifi-g2pp_benchmark,/home/fyquah/fyp/prod/rundir/2018-03-19T15_46_57.109109Z
./experiment-scripts/random-walk-lexifi-g2pp_benchmark,/home/fyquah/fyp/prod/rundir/2018-03-19T15_46_58.801971Z
./experiment-scripts/random-walk-lexifi-g2pp_benchmark,/home/fyquah/fyp/prod/rundir/2018-03-19T15_47_00.557669Z
./experiment-scripts/random-walk-quicksort,/home/fyquah/fyp/prod/rundir/2018-03-19T21_25_19.371256Z
./experiment-scripts/random-walk-quicksort,/home/fyquah/fyp/prod/rundir/2018-03-19T21_25_21.172983Z
./experiment-scripts/random-walk-quicksort,/home/fyquah/fyp/prod/rundir/2018-03-19T21_25_22.867703Z
./experiment-scripts/random-walk-sequence_benchmark,/home/fyquah/fyp/prod/rundir/2018-03-20T02_05_50.649626Z
./experiment-scripts/random-walk-sequence_benchmark,/home/fyquah/fyp/prod/rundir/2018-03-20T02_05_52.430090Z
./experiment-scripts/random-walk-sequence_benchmark,/home/fyquah/fyp/prod/rundir/2018-03-20T02_05_54.164809Z
./experiment-scripts/random-walk-sequence_cps_benchmark,/home/fyquah/fyp/prod/rundir/2018-03-20T08_36_37.450274Z
./experiment-scripts/random-walk-sequence_cps_benchmark,/home/fyquah/fyp/prod/rundir/2018-03-20T08_36_39.221058Z
./experiment-scripts/random-walk-sequence_cps_benchmark,/home/fyquah/fyp/prod/rundir/2018-03-20T08_36_40.915894Z
./experiment-scripts/random-walk-almabench,/home/fyquah/fyp/prod/rundir/2018-03-20T13_23_58.995251Z
./experiment-scripts/random-walk-almabench,/home/fyquah/fyp/prod/rundir/2018-03-20T13_24_00.771953Z
./experiment-scripts/random-walk-almabench,/home/fyquah/fyp/prod/rundir/2018-03-20T13_24_03.384234Z
./experiment-scripts/random-walk-bdd,/home/fyquah/fyp/prod/rundir/2018-03-20T16_53_34.599569Z
./experiment-scripts/random-walk-bdd,/home/fyquah/fyp/prod/rundir/2018-03-20T16_53_36.366277Z
./experiment-scripts/random-walk-bdd,/home/fyquah/fyp/prod/rundir/2018-03-20T16_53_38.131478Z
./experiment-scripts/random-walk-fft,/home/fyquah/fyp/prod/rundir/2018-03-20T21_55_20.990392Z
./experiment-scripts/random-walk-fft,/home/fyquah/fyp/prod/rundir/2018-03-20T21_55_22.778574Z
./experiment-scripts/random-walk-fft,/home/fyquah/fyp/prod/rundir/2018-03-20T21_55_24.464602Z
./experiment-scripts/random-walk-floats-in-functor,/home/fyquah/fyp/prod/rundir/2018-03-21T00_29_54.532948Z
./experiment-scripts/random-walk-floats-in-functor,/home/fyquah/fyp/prod/rundir/2018-03-21T00_29_56.277652Z
./experiment-scripts/random-walk-floats-in-functor,/home/fyquah/fyp/prod/rundir/2018-03-21T00_29_57.994242Z
./experiment-scripts/random-walk-hamming,/home/fyquah/fyp/prod/rundir/2018-03-21T03_30_23.612990Z
./experiment-scripts/random-walk-hamming,/home/fyquah/fyp/prod/rundir/2018-03-21T03_30_25.340539Z
./experiment-scripts/random-walk-hamming,/home/fyquah/fyp/prod/rundir/2018-03-21T03_30_27.074208Z
./experiment-scripts/random-walk-kahan-sum,/home/fyquah/fyp/prod/rundir/2018-03-21T08_03_54.661844Z
./experiment-scripts/random-walk-kahan-sum,/home/fyquah/fyp/prod/rundir/2018-03-21T08_03_56.414795Z
./experiment-scripts/random-walk-kahan-sum,/home/fyquah/fyp/prod/rundir/2018-03-21T08_03_58.108215Z
./experiment-scripts/random-walk-kb,/home/fyquah/fyp/prod/rundir/2018-03-21T08_28_10.426870Z
./experiment-scripts/random-walk-kb,/home/fyquah/fyp/prod/rundir/2018-03-21T08_28_12.140036Z
./experiment-scripts/random-walk-kb,/home/fyquah/fyp/prod/rundir/2018-03-21T08_28_13.877604Z
./experiment-scripts/random-walk-lens-benchmark,/home/fyquah/fyp/prod/rundir/2018-03-21T11_56_34.562622Z
./experiment-scripts/random-walk-lens-benchmark,/home/fyquah/fyp/prod/rundir/2018-03-21T11_56_36.296233Z
./experiment-scripts/random-walk-lens-benchmark,/home/fyquah/fyp/prod/rundir/2018-03-21T11_56_38.002935Z
./experiment-scripts/random-walk-almabench,/home/fyquah/fyp/prod/rundir/2018-03-21T12_51_37.738448Z
./experiment-scripts/random-walk-almabench,/home/fyquah/fyp/prod/rundir/2018-03-21T12_51_39.587820Z
./experiment-scripts/random-walk-almabench,/home/fyquah/fyp/prod/rundir/2018-03-21T12_51_43.189007Z
./experiment-scripts/random-walk-bdd,/home/fyquah/fyp/prod/rundir/2018-03-21T16_26_03.959934Z
./experiment-scripts/random-walk-bdd,/home/fyquah/fyp/prod/rundir/2018-03-21T16_26_05.704049Z
./experiment-scripts/random-walk-bdd,/home/fyquah/fyp/prod/rundir/2018-03-21T16_26_07.417870Z
./experiment-scripts/random-walk-fft,/home/fyquah/fyp/prod/rundir/2018-03-21T21_23_45.885867Z
./experiment-scripts/random-walk-fft,/home/fyquah/fyp/prod/rundir/2018-03-21T21_23_47.684657Z
./experiment-scripts/random-walk-fft,/home/fyquah/fyp/prod/rundir/2018-03-21T21_23_49.387101Z
./experiment-scripts/random-walk-floats-in-functor,/home/fyquah/fyp/prod/rundir/2018-03-21T23_54_44.376371Z
./experiment-scripts/random-walk-floats-in-functor,/home/fyquah/fyp/prod/rundir/2018-03-21T23_54_46.192091Z
./experiment-scripts/random-walk-floats-in-functor,/home/fyquah/fyp/prod/rundir/2018-03-21T23_54_47.926911Z
./experiment-scripts/random-walk-hamming,/home/fyquah/fyp/prod/rundir/2018-03-22T02_44_33.296989Z
./experiment-scripts/random-walk-hamming,/home/fyquah/fyp/prod/rundir/2018-03-22T02_44_35.093451Z
./experiment-scripts/random-walk-hamming,/home/fyquah/fyp/prod/rundir/2018-03-22T02_44_36.796675Z
./experiment-scripts/random-walk-kahan-sum,/home/fyquah/fyp/prod/rundir/2018-03-22T07_14_34.265683Z
./experiment-scripts/random-walk-kahan-sum,/home/fyquah/fyp/prod/rundir/2018-03-22T07_14_36.037572Z
./experiment-scripts/random-walk-kahan-sum,/home/fyquah/fyp/prod/rundir/2018-03-22T07_14_38.568643Z
./experiment-scripts/random-walk-kb,/home/fyquah/fyp/prod/rundir/2018-03-22T07_40_45.899246Z
./experiment-scripts/random-walk-kb,/home/fyquah/fyp/prod/rundir/2018-03-22T07_40_47.630300Z
./experiment-scripts/random-walk-kb,/home/fyquah/fyp/prod/rundir/2018-03-22T07_40_49.356655Z
./experiment-scripts/random-walk-lens-benchmark,/home/fyquah/fyp/prod/rundir/2018-03-22T11_11_40.855749Z
./experiment-scripts/random-walk-lens-benchmark,/home/fyquah/fyp/prod/rundir/2018-03-22T11_11_42.625961Z
./experiment-scripts/random-walk-lens-benchmark,/home/fyquah/fyp/prod/rundir/2018-03-22T11_11_44.374907Z
./experiment-scripts/random-walk-lexifi-g2pp_benchmark,/home/fyquah/fyp/prod/rundir/2018-03-22T13_48_59.430358Z
./experiment-scripts/random-walk-lexifi-g2pp_benchmark,/home/fyquah/fyp/prod/rundir/2018-03-22T13_49_01.172884Z
./experiment-scripts/random-walk-lexifi-g2pp_benchmark,/home/fyquah/fyp/prod/rundir/2018-03-22T13_49_02.917289Z
./experiment-scripts/random-walk-quicksort,/home/fyquah/fyp/prod/rundir/2018-03-22T19_32_41.667905Z
./experiment-scripts/random-walk-quicksort,/home/fyquah/fyp/prod/rundir/2018-03-22T19_32_43.367298Z
./experiment-scripts/random-walk-quicksort,/home/fyquah/fyp/prod/rundir/2018-03-22T19_32_45.071305Z
./experiment-scripts/random-walk-sequence_benchmark,/home/fyquah/fyp/prod/rundir/2018-03-23T00_13_07.667030Z
./experiment-scripts/random-walk-sequence_benchmark,/home/fyquah/fyp/prod/rundir/2018-03-23T00_13_09.365593Z
./experiment-scripts/random-walk-sequence_benchmark,/home/fyquah/fyp/prod/rundir/2018-03-23T00_13_11.091103Z
./experiment-scripts/random-walk-sequence_cps_benchmark,/home/fyquah/fyp/prod/rundir/2018-03-23T06_59_09.668908Z
./experiment-scripts/random-walk-sequence_cps_benchmark,/home/fyquah/fyp/prod/rundir/2018-03-23T06_59_11.513411Z
./experiment-scripts/random-walk-sequence_cps_benchmark,/home/fyquah/fyp/prod/rundir/2018-03-23T06_59_13.250083Z
./experiment-scripts/random-walk-almabench,/home/fyquah/fyp/prod/rundir/2018-03-23T11_43_10.971349Z
./experiment-scripts/random-walk-almabench,/home/fyquah/fyp/prod/rundir/2018-03-23T11_43_12.647346Z
./experiment-scripts/random-walk-almabench,/home/fyquah/fyp/prod/rundir/2018-03-23T11_43_14.398405Z
./experiment-scripts/random-walk-bdd,/home/fyquah/fyp/prod/rundir/2018-03-23T15_15_10.640973Z
./experiment-scripts/random-walk-bdd,/home/fyquah/fyp/prod/rundir/2018-03-23T15_15_12.402766Z
./experiment-scripts/random-walk-bdd,/home/fyquah/fyp/prod/rundir/2018-03-23T15_15_14.139855Z
./experiment-scripts/random-walk-fft,/home/fyquah/fyp/prod/rundir/2018-03-23T20_11_52.154274Z
./experiment-scripts/random-walk-fft,/home/fyquah/fyp/prod/rundir/2018-03-23T20_11_53.917977Z
./experiment-scripts/random-walk-fft,/home/fyquah/fyp/prod/rundir/2018-03-23T20_11_55.655159Z
./experiment-scripts/random-walk-floats-in-functor,/home/fyquah/fyp/prod/rundir/2018-03-23T22_44_55.721537Z
./experiment-scripts/random-walk-floats-in-functor,/home/fyquah/fyp/prod/rundir/2018-03-23T22_44_57.454082Z
./experiment-scripts/random-walk-floats-in-functor,/home/fyquah/fyp/prod/rundir/2018-03-23T22_44_59.215750Z
./experiment-scripts/random-walk-hamming,/home/fyquah/fyp/prod/rundir/2018-03-24T01_25_49.467090Z
./experiment-scripts/random-walk-hamming,/home/fyquah/fyp/prod/rundir/2018-03-24T01_25_51.277647Z
./experiment-scripts/random-walk-hamming,/home/fyquah/fyp/prod/rundir/2018-03-24T01_25_53.013734Z
./experiment-scripts/random-walk-kahan-sum,/home/fyquah/fyp/prod/rundir/2018-03-24T05_56_00.573593Z
./experiment-scripts/random-walk-kahan-sum,/home/fyquah/fyp/prod/rundir/2018-03-24T05_56_02.355550Z
./experiment-scripts/random-walk-kahan-sum,/home/fyquah/fyp/prod/rundir/2018-03-24T05_56_04.087756Z
./experiment-scripts/random-walk-kb,/home/fyquah/fyp/prod/rundir/2018-03-24T06_21_21.477843Z
./experiment-scripts/random-walk-kb,/home/fyquah/fyp/prod/rundir/2018-03-24T06_21_23.234140Z
./experiment-scripts/random-walk-kb,/home/fyquah/fyp/prod/rundir/2018-03-24T06_21_25.714393Z
./experiment-scripts/random-walk-lens-benchmark,/home/fyquah/fyp/prod/rundir/2018-03-24T09_55_31.483970Z
./experiment-scripts/random-walk-lens-benchmark,/home/fyquah/fyp/prod/rundir/2018-03-24T09_55_33.304112Z
./experiment-scripts/random-walk-lens-benchmark,/home/fyquah/fyp/prod/rundir/2018-03-24T09_55_35.070706Z
./experiment-scripts/random-walk-lexifi-g2pp_benchmark,/home/fyquah/fyp/prod/rundir/2018-03-24T12_46_30.470828Z
./experiment-scripts/random-walk-lexifi-g2pp_benchmark,/home/fyquah/fyp/prod/rundir/2018-03-24T12_46_32.285445Z
./experiment-scripts/random-walk-lexifi-g2pp_benchmark,/home/fyquah/fyp/prod/rundir/2018-03-24T12_46_34.088938Z
./experiment-scripts/random-walk-quicksort,/home/fyquah/fyp/prod/rundir/2018-03-24T18_29_08.004172Z
./experiment-scripts/random-walk-quicksort,/home/fyquah/fyp/prod/rundir/2018-03-24T18_29_09.778807Z
./experiment-scripts/random-walk-quicksort,/home/fyquah/fyp/prod/rundir/2018-03-24T18_29_11.525982Z
./experiment-scripts/random-walk-sequence_benchmark,/home/fyquah/fyp/prod/rundir/2018-03-24T23_11_19.446015Z
./experiment-scripts/random-walk-sequence_benchmark,/home/fyquah/fyp/prod/rundir/2018-03-24T23_11_21.277892Z
./experiment-scripts/random-walk-sequence_benchmark,/home/fyquah/fyp/prod/rundir/2018-03-24T23_11_23.036484Z
./experiment-scripts/random-walk-sequence_cps_benchmark,/home/fyquah/fyp/prod/rundir/2018-03-25T06_16_51.934182Z
./experiment-scripts/random-walk-sequence_cps_benchmark,/home/fyquah/fyp/prod/rundir/2018-03-25T06_16_53.720535Z
./experiment-scripts/random-walk-sequence_cps_benchmark,/home/fyquah/fyp/prod/rundir/2018-03-25T06_16_55.932047Z
./experiment-scripts/random-walk-almabench,/home/fyquah/fyp/prod/rundir/2018-03-25T10_56_23.773629Z
./experiment-scripts/random-walk-almabench,/home/fyquah/fyp/prod/rundir/2018-03-25T10_56_25.536849Z
./experiment-scripts/random-walk-almabench,/home/fyquah/fyp/prod/rundir/2018-03-25T10_56_28.502725Z
./experiment-scripts/random-walk-bdd,/home/fyquah/fyp/prod/rundir/2018-03-25T14_31_04.842050Z
./experiment-scripts/random-walk-bdd,/home/fyquah/fyp/prod/rundir/2018-03-25T14_31_06.590673Z
./experiment-scripts/random-walk-bdd,/home/fyquah/fyp/prod/rundir/2018-03-25T14_31_08.330545Z
./experiment-scripts/random-walk-fft,/home/fyquah/fyp/prod/rundir/2018-03-25T19_31_26.361483Z
./experiment-scripts/random-walk-fft,/home/fyquah/fyp/prod/rundir/2018-03-25T19_31_28.134303Z
./experiment-scripts/random-walk-fft,/home/fyquah/fyp/prod/rundir/2018-03-25T19_31_29.848005Z
./experiment-scripts/random-walk-floats-in-functor,/home/fyquah/fyp/prod/rundir/2018-03-25T22_02_49.883793Z
./experiment-scripts/random-walk-floats-in-functor,/home/fyquah/fyp/prod/rundir/2018-03-25T22_02_51.646456Z
./experiment-scripts/random-walk-floats-in-functor,/home/fyquah/fyp/prod/rundir/2018-03-25T22_02_53.384020Z
./experiment-scripts/random-walk-hamming,/home/fyquah/fyp/prod/rundir/2018-03-26T00_44_03.600332Z
./experiment-scripts/random-walk-hamming,/home/fyquah/fyp/prod/rundir/2018-03-26T00_44_05.384646Z
./experiment-scripts/random-walk-hamming,/home/fyquah/fyp/prod/rundir/2018-03-26T00_44_07.115571Z
./experiment-scripts/random-walk-kahan-sum,/home/fyquah/fyp/prod/rundir/2018-03-26T05_13_04.659230Z
./experiment-scripts/random-walk-kahan-sum,/home/fyquah/fyp/prod/rundir/2018-03-26T05_13_06.329787Z
./experiment-scripts/random-walk-kahan-sum,/home/fyquah/fyp/prod/rundir/2018-03-26T05_13_08.037846Z
./experiment-scripts/random-walk-kb,/home/fyquah/fyp/prod/rundir/2018-03-26T05_34_30.336581Z
./experiment-scripts/random-walk-kb,/home/fyquah/fyp/prod/rundir/2018-03-26T05_34_32.124217Z
./experiment-scripts/random-walk-kb,/home/fyquah/fyp/prod/rundir/2018-03-26T05_34_33.874922Z
./experiment-scripts/random-walk-lens-benchmark,/home/fyquah/fyp/prod/rundir/2018-03-26T09_05_14.590472Z
./experiment-scripts/random-walk-lens-benchmark,/home/fyquah/fyp/prod/rundir/2018-03-26T09_05_16.360256Z
./experiment-scripts/random-walk-lens-benchmark,/home/fyquah/fyp/prod/rundir/2018-03-26T09_05_18.088280Z
./experiment-scripts/random-walk-lexifi-g2pp_benchmark,/home/fyquah/fyp/prod/rundir/2018-03-26T11_53_58.465942Z
./experiment-scripts/random-walk-lexifi-g2pp_benchmark,/home/fyquah/fyp/prod/rundir/2018-03-26T11_54_00.190644Z
./experiment-scripts/random-walk-lexifi-g2pp_benchmark,/home/fyquah/fyp/prod/rundir/2018-03-26T11_54_01.925982Z
