2018-05-21 15:27:35.673845+01:00 Info fyq-rev-list | Loaded 0 reward entries
2018-05-21 15:27:35.673846+01:00 Info fyq-rev-list | Loaded 0 query entries
2018-05-21 15:27:35.673847+01:00 Info fyq-rev-list | Loaded 0 training examples
2018-05-21 15:27:35.674101+01:00 Info Loaded a total of 0 training examples
2018-05-21 15:27:36.811354+01:00 Info bdd | Loaded 5717 reward entries
2018-05-21 15:27:36.811365+01:00 Info bdd | Loaded 2818 query entries
2018-05-21 15:27:36.811368+01:00 Info bdd | Loaded 824 training examples
2018-05-21 15:27:37.177881+01:00 Info almabench | Loaded 1926 reward entries
2018-05-21 15:27:37.177887+01:00 Info almabench | Loaded 846 query entries
2018-05-21 15:27:37.177890+01:00 Info almabench | Loaded 317 training examples
2018-05-21 15:27:37.861433+01:00 Info lexifi | Loaded 4262 reward entries
2018-05-21 15:27:37.861447+01:00 Info lexifi | Loaded 4073 query entries
2018-05-21 15:27:37.861451+01:00 Info lexifi | Loaded 1370 training examples
2018-05-21 15:27:41.103393+01:00 Info kb | Loaded 4747 reward entries
2018-05-21 15:27:41.103538+01:00 Info kb | Loaded 35367 query entries
2018-05-21 15:27:41.103541+01:00 Info kb | Loaded 281 training examples
2018-05-21 15:27:42.057074+01:00 Info floats-in-functor | Loaded 2774 reward entries
2018-05-21 15:27:42.057102+01:00 Info floats-in-functor | Loaded 8773 query entries
2018-05-21 15:27:42.057106+01:00 Info floats-in-functor | Loaded 784 training examples
2018-05-21 15:27:42.057236+01:00 Info fyq-stdlib-int-sets | Loaded 0 reward entries
2018-05-21 15:27:42.057237+01:00 Info fyq-stdlib-int-sets | Loaded 0 query entries
2018-05-21 15:27:42.057238+01:00 Info fyq-stdlib-int-sets | Loaded 0 training examples
2018-05-21 15:27:42.273151+01:00 Info fft | Loaded 1865 reward entries
2018-05-21 15:27:42.273156+01:00 Info fft | Loaded 842 query entries
2018-05-21 15:27:42.273159+01:00 Info fft | Loaded 306 training examples
2018-05-21 15:27:42.474731+01:00 Info quicksort | Loaded 1667 reward entries
2018-05-21 15:27:42.474737+01:00 Info quicksort | Loaded 829 query entries
2018-05-21 15:27:42.474740+01:00 Info quicksort | Loaded 306 training examples
2018-05-21 15:27:42.474854+01:00 Info fyq-symbolic-maths | Loaded 0 reward entries
2018-05-21 15:27:42.474855+01:00 Info fyq-symbolic-maths | Loaded 0 query entries
2018-05-21 15:27:42.474856+01:00 Info fyq-symbolic-maths | Loaded 0 training examples
2018-05-21 15:27:42.591479+01:00 Info lens | Loaded 1698 reward entries
2018-05-21 15:27:42.591486+01:00 Info lens | Loaded 835 query entries
2018-05-21 15:27:42.591489+01:00 Info lens | Loaded 296 training examples
2018-05-21 15:27:42.768770+01:00 Info sequence-cps | Loaded 3135 reward entries
2018-05-21 15:27:42.768776+01:00 Info sequence-cps | Loaded 1134 query entries
2018-05-21 15:27:42.768779+01:00 Info sequence-cps | Loaded 330 training examples
2018-05-21 15:27:43.678993+01:00 Info hamming | Loaded 3032 reward entries
2018-05-21 15:27:43.679026+01:00 Info hamming | Loaded 8514 query entries
2018-05-21 15:27:43.679031+01:00 Info hamming | Loaded 1412 training examples
2018-05-21 15:27:43.680700+01:00 Info kahan-sum | Loaded 19 reward entries
2018-05-21 15:27:43.680702+01:00 Info kahan-sum | Loaded 14 query entries
2018-05-21 15:27:43.680704+01:00 Info kahan-sum | Loaded 2 training examples
2018-05-21 15:27:46.668286+01:00 Info sequence | Loaded 14618 reward entries
2018-05-21 15:27:46.668303+01:00 Info sequence | Loaded 4111 query entries
2018-05-21 15:27:46.668305+01:00 Info sequence | Loaded 86 training examples
2018-05-21 15:27:46.668451+01:00 Info fyq-stdlib-functor-record-sets | Loaded 0 reward entries
2018-05-21 15:27:46.668453+01:00 Info fyq-stdlib-functor-record-sets | Loaded 0 query entries
2018-05-21 15:27:46.668454+01:00 Info fyq-stdlib-functor-record-sets | Loaded 0 training examples
2018-05-21 15:27:46.668570+01:00 Info Loaded a total of 6314 training examples
2018-05-21 15:27:46.668975+01:00 Info Loaded 6314 IN-SAMPLE training examples and 0 OUT-OF-SAMPLE test examples
2018-05-21 15:27:46.669414+01:00 Info (hyperparams((l2_reg 0.1)(dropout_keep_prob 1)))
2018-05-21 15:27:46.769527+01:00 Info ((name"training examples")(distribution((0 0.648720032507111)(1 0.35127996749288909))))
2018-05-21 15:27:46.769531+01:00 Info ((name"test examples")(distribution((0 -nan)(1 -nan))))
(monitor.ml.Error (Invalid_argument "index out of bounds")
 ("Raised by primitive operation at file \"src/owl/dense/owl_dense_ndarray_generic.ml\", line 229, characters 26-36"
  "Called from file \"tools/decision_model.ml\", line 144, characters 6-150"
  "Called from file \"tools/decision_model.ml\", line 153, characters 18-60"
  "Called from file \"src/deferred0.ml\", line 61, characters 64-69"
  "Called from file \"src/job_queue.ml\", line 159, characters 6-47"))
