2018-05-23 15:34:49.263805+01:00 Info fyq-rev-list | Loaded 0 reward entries
2018-05-23 15:34:49.263806+01:00 Info fyq-rev-list | Loaded 0 query entries
2018-05-23 15:34:49.263808+01:00 Info fyq-rev-list | Loaded 0 training examples
2018-05-23 15:34:49.264214+01:00 Info Loaded a total of 0 training examples
2018-05-23 15:34:51.233769+01:00 Info bdd | Loaded 5717 reward entries
2018-05-23 15:34:51.233784+01:00 Info bdd | Loaded 2818 query entries
2018-05-23 15:34:51.233788+01:00 Info bdd | Loaded 824 training examples
2018-05-23 15:34:51.600795+01:00 Info almabench | Loaded 1926 reward entries
2018-05-23 15:34:51.600802+01:00 Info almabench | Loaded 846 query entries
2018-05-23 15:34:51.600806+01:00 Info almabench | Loaded 317 training examples
2018-05-23 15:34:53.182868+01:00 Info lexifi | Loaded 4262 reward entries
2018-05-23 15:34:53.182893+01:00 Info lexifi | Loaded 4073 query entries
2018-05-23 15:34:53.182899+01:00 Info lexifi | Loaded 1370 training examples
2018-05-23 15:35:01.389446+01:00 Info kb | Loaded 4747 reward entries
2018-05-23 15:35:01.389564+01:00 Info kb | Loaded 35367 query entries
2018-05-23 15:35:01.389567+01:00 Info kb | Loaded 281 training examples
2018-05-23 15:35:03.230403+01:00 Info floats-in-functor | Loaded 2774 reward entries
2018-05-23 15:35:03.230435+01:00 Info floats-in-functor | Loaded 8773 query entries
2018-05-23 15:35:03.230440+01:00 Info floats-in-functor | Loaded 784 training examples
2018-05-23 15:35:03.230556+01:00 Info fyq-stdlib-int-sets | Loaded 0 reward entries
2018-05-23 15:35:03.230557+01:00 Info fyq-stdlib-int-sets | Loaded 0 query entries
2018-05-23 15:35:03.230560+01:00 Info fyq-stdlib-int-sets | Loaded 0 training examples
2018-05-23 15:35:03.644979+01:00 Info fft | Loaded 1865 reward entries
2018-05-23 15:35:03.644991+01:00 Info fft | Loaded 842 query entries
2018-05-23 15:35:03.644995+01:00 Info fft | Loaded 306 training examples
2018-05-23 15:35:03.999943+01:00 Info quicksort | Loaded 1667 reward entries
2018-05-23 15:35:03.999953+01:00 Info quicksort | Loaded 829 query entries
2018-05-23 15:35:03.999957+01:00 Info quicksort | Loaded 306 training examples
2018-05-23 15:35:04.000133+01:00 Info fyq-symbolic-maths | Loaded 0 reward entries
2018-05-23 15:35:04.000134+01:00 Info fyq-symbolic-maths | Loaded 0 query entries
2018-05-23 15:35:04.000135+01:00 Info fyq-symbolic-maths | Loaded 0 training examples
2018-05-23 15:35:04.306245+01:00 Info lens | Loaded 1698 reward entries
2018-05-23 15:35:04.306252+01:00 Info lens | Loaded 835 query entries
2018-05-23 15:35:04.306256+01:00 Info lens | Loaded 296 training examples
2018-05-23 15:35:05.524067+01:00 Info sequence-cps | Loaded 3135 reward entries
2018-05-23 15:35:05.524077+01:00 Info sequence-cps | Loaded 1134 query entries
2018-05-23 15:35:05.524082+01:00 Info sequence-cps | Loaded 330 training examples
2018-05-23 15:35:07.916894+01:00 Info hamming | Loaded 3032 reward entries
2018-05-23 15:35:07.916949+01:00 Info hamming | Loaded 8514 query entries
2018-05-23 15:35:07.916957+01:00 Info hamming | Loaded 1412 training examples
2018-05-23 15:35:07.920278+01:00 Info kahan-sum | Loaded 19 reward entries
2018-05-23 15:35:07.920280+01:00 Info kahan-sum | Loaded 14 query entries
2018-05-23 15:35:07.920281+01:00 Info kahan-sum | Loaded 2 training examples
2018-05-23 15:35:11.115946+01:00 Info sequence | Loaded 14618 reward entries
2018-05-23 15:35:11.115972+01:00 Info sequence | Loaded 4111 query entries
2018-05-23 15:35:11.115976+01:00 Info sequence | Loaded 86 training examples
2018-05-23 15:35:11.116143+01:00 Info fyq-stdlib-functor-record-sets | Loaded 0 reward entries
2018-05-23 15:35:11.116144+01:00 Info fyq-stdlib-functor-record-sets | Loaded 0 query entries
2018-05-23 15:35:11.116146+01:00 Info fyq-stdlib-functor-record-sets | Loaded 0 training examples
2018-05-23 15:35:11.116244+01:00 Info Loaded a total of 6314 training examples
2018-05-23 15:35:11.116788+01:00 Info Loaded 6314 IN-SAMPLE training examples and 0 OUT-OF-SAMPLE test examples
2018-05-23 15:35:11.116812+01:00 Info (hyperparams((l2_reg 0.1)(dropout_keep_prob 0.5)))
(monitor.ml.Error (Invalid_argument "index out of bounds")
 ("Raised by primitive operation at file \"src/owl/dense/owl_dense_ndarray_generic.ml\", line 229, characters 26-36"
  "Called from file \"tools/policy_model.ml\", line 135, characters 6-150"
  "Called from file \"tools/policy_model.ml\", line 150, characters 18-60"
  "Called from file \"src/deferred0.ml\", line 61, characters 64-69"
  "Called from file \"src/job_queue.ml\", line 159, characters 6-47"))
