2018-05-23 15:26:24.487528+01:00 Info fyq-stdlib-functor-record-sets | Loaded 0 reward entries
2018-05-23 15:26:24.487530+01:00 Info fyq-stdlib-functor-record-sets | Loaded 0 query entries
2018-05-23 15:26:24.487531+01:00 Info fyq-stdlib-functor-record-sets | Loaded 0 training examples
2018-05-23 15:26:24.487898+01:00 Info Loaded a total of 0 training examples
2018-05-23 15:26:26.138928+01:00 Info bdd | Loaded 5717 reward entries
2018-05-23 15:26:26.138942+01:00 Info bdd | Loaded 2818 query entries
2018-05-23 15:26:26.138945+01:00 Info bdd | Loaded 824 training examples
2018-05-23 15:26:26.487030+01:00 Info almabench | Loaded 1926 reward entries
2018-05-23 15:26:26.487038+01:00 Info almabench | Loaded 846 query entries
2018-05-23 15:26:26.487042+01:00 Info almabench | Loaded 317 training examples
2018-05-23 15:26:27.569985+01:00 Info lexifi | Loaded 4262 reward entries
2018-05-23 15:26:27.570005+01:00 Info lexifi | Loaded 4073 query entries
2018-05-23 15:26:27.570011+01:00 Info lexifi | Loaded 1370 training examples
2018-05-23 15:26:33.821025+01:00 Info kb | Loaded 4747 reward entries
2018-05-23 15:26:33.821146+01:00 Info kb | Loaded 35367 query entries
2018-05-23 15:26:33.821149+01:00 Info kb | Loaded 281 training examples
2018-05-23 15:26:35.310010+01:00 Info floats-in-functor | Loaded 2774 reward entries
2018-05-23 15:26:35.310051+01:00 Info floats-in-functor | Loaded 8773 query entries
2018-05-23 15:26:35.310055+01:00 Info floats-in-functor | Loaded 784 training examples
2018-05-23 15:26:35.310287+01:00 Info fyq-stdlib-int-sets | Loaded 0 reward entries
2018-05-23 15:26:35.310288+01:00 Info fyq-stdlib-int-sets | Loaded 0 query entries
2018-05-23 15:26:35.310289+01:00 Info fyq-stdlib-int-sets | Loaded 0 training examples
2018-05-23 15:26:35.573081+01:00 Info fft | Loaded 1865 reward entries
2018-05-23 15:26:35.573086+01:00 Info fft | Loaded 842 query entries
2018-05-23 15:26:35.573089+01:00 Info fft | Loaded 306 training examples
2018-05-23 15:26:35.829305+01:00 Info quicksort | Loaded 1667 reward entries
2018-05-23 15:26:35.829310+01:00 Info quicksort | Loaded 829 query entries
2018-05-23 15:26:35.829313+01:00 Info quicksort | Loaded 306 training examples
2018-05-23 15:26:35.829532+01:00 Info fyq-symbolic-maths | Loaded 0 reward entries
2018-05-23 15:26:35.829533+01:00 Info fyq-symbolic-maths | Loaded 0 query entries
2018-05-23 15:26:35.829534+01:00 Info fyq-symbolic-maths | Loaded 0 training examples
2018-05-23 15:26:36.061677+01:00 Info lens | Loaded 1698 reward entries
2018-05-23 15:26:36.061683+01:00 Info lens | Loaded 835 query entries
2018-05-23 15:26:36.061687+01:00 Info lens | Loaded 296 training examples
2018-05-23 15:26:36.061848+01:00 Info fyq-rev-list | Loaded 0 reward entries
2018-05-23 15:26:36.061849+01:00 Info fyq-rev-list | Loaded 0 query entries
2018-05-23 15:26:36.061850+01:00 Info fyq-rev-list | Loaded 0 training examples
2018-05-23 15:26:37.023533+01:00 Info sequence-cps | Loaded 3135 reward entries
2018-05-23 15:26:37.023540+01:00 Info sequence-cps | Loaded 1134 query entries
2018-05-23 15:26:37.023543+01:00 Info sequence-cps | Loaded 330 training examples
2018-05-23 15:26:38.769428+01:00 Info hamming | Loaded 3032 reward entries
2018-05-23 15:26:38.769455+01:00 Info hamming | Loaded 8514 query entries
2018-05-23 15:26:38.769460+01:00 Info hamming | Loaded 1412 training examples
2018-05-23 15:26:38.772105+01:00 Info kahan-sum | Loaded 19 reward entries
2018-05-23 15:26:38.772107+01:00 Info kahan-sum | Loaded 14 query entries
2018-05-23 15:26:38.772108+01:00 Info kahan-sum | Loaded 2 training examples
2018-05-23 15:26:40.741007+01:00 Info sequence | Loaded 14618 reward entries
2018-05-23 15:26:40.741024+01:00 Info sequence | Loaded 4111 query entries
2018-05-23 15:26:40.741027+01:00 Info sequence | Loaded 86 training examples
2018-05-23 15:26:40.741098+01:00 Info Loaded a total of 6314 training examples
2018-05-23 15:26:40.741436+01:00 Info Loaded 6314 IN-SAMPLE training examples and 0 OUT-OF-SAMPLE test examples
2018-05-23 15:26:40.741452+01:00 Info (hyperparams((l2_reg 0.001)(dropout_keep_prob 0.5)))
(monitor.ml.Error (Invalid_argument "index out of bounds")
 ("Raised by primitive operation at file \"src/owl/dense/owl_dense_ndarray_generic.ml\", line 229, characters 26-36"
  "Called from file \"tools/policy_model.ml\", line 135, characters 6-150"
  "Called from file \"tools/policy_model.ml\", line 150, characters 18-60"
  "Called from file \"src/deferred0.ml\", line 61, characters 64-69"
  "Called from file \"src/job_queue.ml\", line 159, characters 6-47"))
