2018-05-23 15:24:53.689128+01:00 Info fyq-stdlib-int-sets | Loaded 0 reward entries
2018-05-23 15:24:53.689129+01:00 Info fyq-stdlib-int-sets | Loaded 0 query entries
2018-05-23 15:24:53.689130+01:00 Info fyq-stdlib-int-sets | Loaded 0 training examples
2018-05-23 15:24:53.689456+01:00 Info Loaded a total of 0 training examples
2018-05-23 15:24:55.575430+01:00 Info bdd | Loaded 5717 reward entries
2018-05-23 15:24:55.575452+01:00 Info bdd | Loaded 2818 query entries
2018-05-23 15:24:55.575457+01:00 Info bdd | Loaded 824 training examples
2018-05-23 15:24:56.009648+01:00 Info almabench | Loaded 1926 reward entries
2018-05-23 15:24:56.009656+01:00 Info almabench | Loaded 846 query entries
2018-05-23 15:24:56.009659+01:00 Info almabench | Loaded 317 training examples
2018-05-23 15:24:57.574179+01:00 Info lexifi | Loaded 4262 reward entries
2018-05-23 15:24:57.574203+01:00 Info lexifi | Loaded 4073 query entries
2018-05-23 15:24:57.574209+01:00 Info lexifi | Loaded 1370 training examples
2018-05-23 15:25:06.216535+01:00 Info kb | Loaded 4747 reward entries
2018-05-23 15:25:06.216700+01:00 Info kb | Loaded 35367 query entries
2018-05-23 15:25:06.216706+01:00 Info kb | Loaded 281 training examples
2018-05-23 15:25:08.026229+01:00 Info floats-in-functor | Loaded 2774 reward entries
2018-05-23 15:25:08.026285+01:00 Info floats-in-functor | Loaded 8773 query entries
2018-05-23 15:25:08.026291+01:00 Info floats-in-functor | Loaded 784 training examples
2018-05-23 15:25:08.360822+01:00 Info fft | Loaded 1865 reward entries
2018-05-23 15:25:08.360829+01:00 Info fft | Loaded 842 query entries
2018-05-23 15:25:08.360832+01:00 Info fft | Loaded 306 training examples
2018-05-23 15:25:08.617727+01:00 Info quicksort | Loaded 1667 reward entries
2018-05-23 15:25:08.617733+01:00 Info quicksort | Loaded 829 query entries
2018-05-23 15:25:08.617736+01:00 Info quicksort | Loaded 306 training examples
2018-05-23 15:25:08.617920+01:00 Info fyq-symbolic-maths | Loaded 0 reward entries
2018-05-23 15:25:08.617921+01:00 Info fyq-symbolic-maths | Loaded 0 query entries
2018-05-23 15:25:08.617922+01:00 Info fyq-symbolic-maths | Loaded 0 training examples
2018-05-23 15:25:08.863416+01:00 Info lens | Loaded 1698 reward entries
2018-05-23 15:25:08.863422+01:00 Info lens | Loaded 835 query entries
2018-05-23 15:25:08.863425+01:00 Info lens | Loaded 296 training examples
2018-05-23 15:25:08.863540+01:00 Info fyq-rev-list | Loaded 0 reward entries
2018-05-23 15:25:08.863540+01:00 Info fyq-rev-list | Loaded 0 query entries
2018-05-23 15:25:08.863541+01:00 Info fyq-rev-list | Loaded 0 training examples
2018-05-23 15:25:09.929539+01:00 Info sequence-cps | Loaded 3135 reward entries
2018-05-23 15:25:09.929547+01:00 Info sequence-cps | Loaded 1134 query entries
2018-05-23 15:25:09.929551+01:00 Info sequence-cps | Loaded 330 training examples
2018-05-23 15:25:12.353179+01:00 Info hamming | Loaded 3032 reward entries
2018-05-23 15:25:12.353231+01:00 Info hamming | Loaded 8514 query entries
2018-05-23 15:25:12.353239+01:00 Info hamming | Loaded 1412 training examples
2018-05-23 15:25:12.356213+01:00 Info kahan-sum | Loaded 19 reward entries
2018-05-23 15:25:12.356215+01:00 Info kahan-sum | Loaded 14 query entries
2018-05-23 15:25:12.356216+01:00 Info kahan-sum | Loaded 2 training examples
2018-05-23 15:25:15.337638+01:00 Info sequence | Loaded 14618 reward entries
2018-05-23 15:25:15.337661+01:00 Info sequence | Loaded 4111 query entries
2018-05-23 15:25:15.337665+01:00 Info sequence | Loaded 86 training examples
2018-05-23 15:25:15.337915+01:00 Info fyq-stdlib-functor-record-sets | Loaded 0 reward entries
2018-05-23 15:25:15.337916+01:00 Info fyq-stdlib-functor-record-sets | Loaded 0 query entries
2018-05-23 15:25:15.337917+01:00 Info fyq-stdlib-functor-record-sets | Loaded 0 training examples
2018-05-23 15:25:15.338009+01:00 Info Loaded a total of 6314 training examples
2018-05-23 15:25:15.338391+01:00 Info Loaded 6314 IN-SAMPLE training examples and 0 OUT-OF-SAMPLE test examples
2018-05-23 15:25:15.338410+01:00 Info (hyperparams((l2_reg 0.001)(dropout_keep_prob 0.5)))
(monitor.ml.Error (Invalid_argument "index out of bounds")
 ("Raised by primitive operation at file \"src/owl/dense/owl_dense_ndarray_generic.ml\", line 229, characters 26-36"
  "Called from file \"tools/policy_model.ml\", line 135, characters 6-150"
  "Called from file \"tools/policy_model.ml\", line 150, characters 18-60"
  "Called from file \"src/deferred0.ml\", line 61, characters 64-69"
  "Called from file \"src/job_queue.ml\", line 159, characters 6-47"))
