almabench,correct = APPLY,predicted = DOESNT_MATTER,-0.00592340268857,0.0059045105668,metadata = ['/Apply(camlAlmabench__Apply[14])/Apply(camlGc__Over[10])/Decl(CamlinternalFormat.make_printf/4930)/Apply(camlCamlinternalFormat__Apply[519])']
almabench,correct = APPLY,predicted = DOESNT_MATTER,-0.01067808965,0.00971114944877,metadata = ['/Apply(camlAlmabench__Apply[14])/Apply(camlGc__Over[13])/Apply(camlCamlinternalFormat__Apply[589])/Apply(camlCamlinternalFormat__Apply[471])']
almabench,correct = APPLY,predicted = DOESNT_MATTER,-0.00927427763088,0.00834188991708,metadata = ['/Apply(camlAlmabench__Apply[14])/Apply(camlGc__Over[6])/Apply(camlCamlinternalFormat__Apply[613])/Apply(camlCamlinternalFormat__Apply[468])']
almabench,correct = APPLY,predicted = DOESNT_MATTER,-0.0100908914954,0.00375661454338,metadata = ['/Apply(camlAlmabench__Apply[14])/Apply(camlGc__Apply[10])/Apply(camlPrintf__Apply[18])/Apply(camlPrintf__Apply[17])/Decl(CamlinternalFormat.make_invalid_arg/5527)/Apply(camlCamlinternalFormat__Apply[564])']
almabench,correct = APPLY,predicted = DOESNT_MATTER,-0.00724975381561,0.00359158162572,metadata = ['/Apply(camlAlmabench__Apply[14])/Apply(camlGc__Apply[10])/Apply(camlPrintf__Apply[18])/Decl(CamlinternalFormat.make_from_fmtty/5305)/Apply(camlCamlinternalFormat__Apply[563])']
almabench,correct = APPLY,predicted = DOESNT_MATTER,-0.00724975381561,0.00359158162566,metadata = ['/Apply(camlAlmabench__Apply[14])/Apply(camlGc__Apply[5])/Apply(camlPrintf__Apply[18])/Decl(CamlinternalFormat.make_from_fmtty/5305)/Apply(camlCamlinternalFormat__Apply[563])']
almabench,correct = INLINE,predicted = DOESNT_MATTER,0.0059552385216,-0.00608606532049,metadata = ['/Apply(camlAlmabench__Apply[14])/Apply(camlGc__Over[14])/Apply(camlCamlinternalFormat__Apply[589])/Apply(camlCamlinternalFormat__Apply[466])']
almabench,correct = APPLY,predicted = DOESNT_MATTER,-0.00504035239675,0.00628773171301,metadata = ['/Apply(camlAlmabench__Apply[14])/Apply(camlGc__Over[7])/Apply(camlCamlinternalFormat__Apply[612])/Apply(camlCamlinternalFormat__Apply[500])/Apply(camlCamlinternalFormat__Apply[487])']
almabench,correct = INLINE,predicted = DOESNT_MATTER,0.00630107720847,-0.00631996933021,metadata = ['/Apply(camlAlmabench__Apply[14])/Apply(camlGc__Over[10])/Decl(CamlinternalFormat.make_printf/4930)/Apply(camlCamlinternalFormat__Apply[520])']
almabench,correct = APPLY,predicted = DOESNT_MATTER,-0.00599519558973,0.0047512075498,metadata = ['/Apply(camlAlmabench__Apply[14])/Apply(camlGc__Over[7])/Apply(camlCamlinternalFormat__Apply[612])/Apply(camlCamlinternalFormat__Apply[500])/Apply(camlCamlinternalFormat__Apply[493])']
almabench,correct = APPLY,predicted = DOESNT_MATTER,-0.00736225938117,0.00522761772864,metadata = ['/Apply(camlAlmabench__Apply[14])/Apply(camlGc__Over[8])/Apply(camlCamlinternalFormat__Apply[613])/Apply(camlCamlinternalFormat__Apply[471])']
almabench,correct = APPLY,predicted = DOESNT_MATTER,-0.0100908914954,0.00375661454338,metadata = ['/Apply(camlAlmabench__Apply[14])/Apply(camlGc__Apply[5])/Apply(camlPrintf__Apply[18])/Apply(camlPrintf__Apply[17])/Decl(CamlinternalFormat.make_invalid_arg/5527)/Apply(camlCamlinternalFormat__Apply[564])']
bdd,correct = APPLY,predicted = DOESNT_MATTER,-0.0418154464465,-0.012988899158,metadata = ['/Decl(Bdd.xor/669)/Apply(camlBdd__Apply[46])/Apply(camlBdd__Apply[22])']
bdd,correct = DOESNT_MATTER,predicted = INLINE,-0.00531799701206,-0.0061947460184,metadata = ['/Apply(camlBdd__Apply[72])/Apply(camlBdd__Apply[69])/Decl(Bdd.g/786)/Apply(camlBdd__Apply[60])']
bdd,correct = APPLY,predicted = DOESNT_MATTER,-0.0069703954625,0.00462392220908,metadata = ['/Apply(camlBdd__Apply[74])/Apply(camlGc__Over[13])/Apply(camlCamlinternalFormat__Apply[590])/Apply(camlCamlinternalFormat__Apply[524])/Apply(camlCamlinternalFormat__Apply[544])']
bdd,correct = INLINE,predicted = APPLY,0.0478864341516,-0.0527986639376,metadata = ['/Decl(Bdd.xor/669)/Apply(camlBdd__Apply[37])']
bdd,correct = APPLY,predicted = DOESNT_MATTER,-0.0166321265478,0.00408297756701,metadata = ['/Apply(camlBdd__Apply[72])/Decl(Bdd.h/757)/Decl(Bdd.lookup/404)/Apply(camlBdd__Apply[15])']
bdd,correct = APPLY,predicted = INLINE,-0.0579771748491,0.0632539723541,metadata = ['/Decl(Bdd.hwb/745)/Decl(Bdd.g/786)/Apply(camlBdd__Apply[58])/Apply(camlBdd__Apply[22])']
bdd,correct = INLINE,predicted = APPLY,-0.00890116158292,-0.0644479710786,metadata = ['/Decl(Bdd.hwb/745)/Decl(Bdd.g/786)/Apply(camlBdd__Apply[62])/Apply(camlBdd__Apply[58])']
bdd,correct = DOESNT_MATTER,predicted = INLINE,-0.00735745244048,-0.00932144497242,metadata = ['/Decl(Bdd.hwb/745)/Decl(Bdd.g/786)/Apply(camlBdd__Apply[62])/Apply(camlBdd__Apply[57])/Apply(camlBdd__Apply[20])']
bdd,correct = APPLY,predicted = DOESNT_MATTER,-0.0143698781493,0.00880863149259,metadata = ['/Apply(camlBdd__Apply[72])/Apply(camlBdd__Apply[69])/Decl(Bdd.g/786)/Apply(camlBdd__Apply[65])/Apply(camlBdd__Apply[20])']
bdd,correct = DOESNT_MATTER,predicted = APPLY,-0.00748708476058,-0.00364467229308,metadata = ['/Apply(camlBdd__Apply[72])/Apply(camlBdd__Apply[69])/Decl(Bdd.h/757)/Apply(camlBdd__Apply[56])']
bdd,correct = APPLY,predicted = DOESNT_MATTER,-0.00939958460429,0.0240040491327,metadata = ['/Apply(camlBdd__Apply[74])/Apply(camlGc__Over[13])']
bdd,correct = APPLY,predicted = DOESNT_MATTER,-0.00868104992291,0.00740672768031,metadata = ['/Apply(camlBdd__Apply[74])/Apply(camlGc__Over[10])/Decl(CamlinternalFormat.make_printf/4930)/Apply(camlCamlinternalFormat__Apply[537])']
bdd,correct = APPLY,predicted = DOESNT_MATTER,-0.0189984828716,0.0322722207729,metadata = ['/Apply(camlBdd__Apply[74])/Apply(camlGc__Over[15])/Apply(camlCamlinternalFormat__Apply[589])/Apply(camlCamlinternalFormat__Apply[468])']
bdd,correct = INLINE,predicted = APPLY,0.0171132321658,-0.0140137862388,metadata = ['/Decl(Bdd.hwb/745)/Decl(Bdd.g/786)/Apply(camlBdd__Apply[64])']
bdd,correct = APPLY,predicted = DOESNT_MATTER,-0.0842987912192,0.0801857821237,metadata = ['/Decl(Bdd.main/929)/Apply(camlBdd__Apply[70])/Apply(camlBdd__Apply[67])']
bdd,correct = APPLY,predicted = DOESNT_MATTER,-0.0958189776161,-0.00131609771087,metadata = ['/Decl(Bdd.xor/669)/Apply(camlBdd__Apply[46])/Apply(camlBdd__Apply[21])']
bdd,correct = DOESNT_MATTER,predicted = APPLY,-0.00460293043717,-0.00704280588651,metadata = ['/Apply(camlBdd__Apply[72])/Apply(camlBdd__Apply[69])/Decl(Bdd.g/786)/Apply(camlBdd__Apply[62])']
bdd,correct = APPLY,predicted = INLINE,-0.0243028513785,-0.00633848711762,metadata = ['/Decl(Bdd.hwb/745)/Decl(Bdd.g/786)/Apply(camlBdd__Apply[59])/Apply(camlBdd__Apply[48])/Apply(camlBdd__Apply[20])']
bdd,correct = APPLY,predicted = DOESNT_MATTER,-0.019632643841,0.00781539441639,metadata = ['/Apply(camlBdd__Apply[74])/Apply(camlGc__Over[11])/Apply(camlCamlinternalFormat__Apply[589])/Apply(camlCamlinternalFormat__Apply[470])']
bdd,correct = INLINE,predicted = DOESNT_MATTER,0.00260032953787,-0.00840073471799,metadata = ['/Apply(camlBdd__Apply[72])/Decl(Bdd.h/757)/Apply(camlBdd__Apply[49])/Apply(camlBdd__Apply[21])']
bdd,correct = INLINE,predicted = DOESNT_MATTER,0.00981367820719,-0.00874717658736,metadata = ['/Apply(camlBdd__Apply[74])/Apply(camlGc__Apply[7])/Apply(camlPrintf__Apply[8])/Apply(camlPrintf__Apply[3])/Apply(camlCamlinternalFormat__Apply[523])']
bdd,correct = APPLY,predicted = DOESNT_MATTER,-0.0173871337535,0.012397074654,metadata = ['/Apply(camlBdd__Apply[72])/Apply(camlBdd__Apply[69])/Decl(Bdd.g/786)/Apply(camlBdd__Apply[57])/Apply(camlBdd__Apply[20])']
bdd,correct = INLINE,predicted = APPLY,0.0199560726512,0.00640240840464,metadata = ['/Decl(Bdd.resize/203)/Decl(Bdd.copyBucket/222)/Apply(camlBdd__Apply[6])/Apply(camlBdd__Apply[5])']
bdd,correct = INLINE,predicted = DOESNT_MATTER,0.0101184964218,-0.00874717658736,metadata = ['/Apply(camlBdd__Apply[74])/Apply(camlGc__Apply[13])/Apply(camlPrintf__Apply[8])/Apply(camlPrintf__Apply[3])/Apply(camlCamlinternalFormat__Apply[523])']
bdd,correct = INLINE,predicted = APPLY,-0.011068252577,-0.0827531068398,metadata = ['/Decl(Bdd.hwb/745)/Decl(Bdd.h/757)/Apply(camlBdd__Apply[53])/Apply(camlBdd__Apply[64])']
bdd,correct = APPLY,predicted = INLINE,-0.024388137418,0.064277382183,metadata = ['/Decl(Bdd.hwb/745)/Decl(Bdd.g/786)/Apply(camlBdd__Apply[58])/Apply(camlBdd__Apply[21])']
bdd,correct = APPLY,predicted = DOESNT_MATTER,-0.0408905060897,0.0401020169352,metadata = ['/Apply(camlBdd__Apply[74])/Apply(camlGc__Over[7])']
bdd,correct = APPLY,predicted = INLINE,0.0366119661518,0.203250336977,metadata = ['/Decl(Bdd.mkNode/373)/Apply(camlBdd__Apply[19])/Apply(camlBdd__Apply[13])']
bdd,correct = APPLY,predicted = DOESNT_MATTER,-0.0185363486531,0.0104406590965,metadata = ['/Apply(camlBdd__Apply[74])/Apply(camlGc__Over[16])/Apply(camlCamlinternalFormat__Apply[589])/Apply(camlCamlinternalFormat__Apply[466])']
bdd,correct = INLINE,predicted = DOESNT_MATTER,0.00169403112239,-0.013511280547,metadata = ['/Apply(camlBdd__Apply[74])/Apply(camlGc__Over[11])/Apply(camlCamlinternalFormat__Apply[589])/Apply(camlCamlinternalFormat__Apply[469])']
bdd,correct = APPLY,predicted = INLINE,-0.107228953176,0.028574941575,metadata = ['/Decl(Bdd.hwb/745)/Decl(Bdd.g/786)/Apply(camlBdd__Apply[59])/Apply(camlBdd__Apply[55])']
bdd,correct = INLINE,predicted = DOESNT_MATTER,0.0284876668662,-0.0150849798713,metadata = ['/Apply(camlBdd__Apply[74])/Apply(camlGc__Over[8])/Apply(camlCamlinternalFormat__Apply[612])']
bdd,correct = APPLY,predicted = DOESNT_MATTER,-0.0305165745985,0.0285517168726,metadata = ['/Apply(camlBdd__Apply[74])/Apply(camlGc__Over[16])']
bdd,correct = INLINE,predicted = DOESNT_MATTER,0.12008332982,0.0021908572075,metadata = ['/Decl(Bdd.hwb/745)/Apply(camlBdd__Apply[66])/Apply(camlBdd__Apply[56])']
bdd,correct = DOESNT_MATTER,predicted = INLINE,-0.00563828040032,-0.0116313237681,metadata = ['/Apply(camlBdd__Apply[72])/Apply(camlBdd__Apply[69])/Apply(camlBdd__Apply[66])/Apply(camlBdd__Apply[55])/Apply(camlBdd__Apply[41])']
bdd,correct = DOESNT_MATTER,predicted = INLINE,-0.00471465606148,-0.00926198116143,metadata = ['/Apply(camlBdd__Apply[72])/Apply(camlBdd__Apply[69])/Apply(camlBdd__Apply[66])/Apply(camlBdd__Apply[53])']
bdd,correct = INLINE,predicted = DOESNT_MATTER,0.0127378746019,-0.00732452423278,metadata = ['/Apply(camlBdd__Apply[74])/Apply(camlGc__Over[11])']
bdd,correct = INLINE,predicted = APPLY,0.0474731559156,0.00861300767459,metadata = ['/Decl(Bdd.xor/669)/Apply(camlBdd__Apply[45])']
bdd,correct = DOESNT_MATTER,predicted = APPLY,-0.0124091054827,-0.0137066329873,metadata = ['/Decl(Bdd.xor/669)/Apply(camlBdd__Apply[39])']
bdd,correct = APPLY,predicted = INLINE,-0.0173093801582,0.0238135402019,metadata = ['/Decl(Bdd.hwb/745)/Decl(Bdd.h/757)/Apply(camlBdd__Apply[56])/Apply(camlBdd__Apply[20])']
bdd,correct = INLINE,predicted = APPLY,0.0431372332645,-0.00849969253843,metadata = ['/Apply(camlBdd__Apply[72])/Apply(camlBdd__Apply[69])/Apply(camlBdd__Apply[66])/Apply(camlBdd__Apply[51])']
bdd,correct = DOESNT_MATTER,predicted = INLINE,0.00542232453856,-9.43657540203e-05,metadata = ['/Apply(camlBdd__Apply[72])/Decl(Bdd.g/786)/Apply(camlBdd__Apply[58])']
bdd,correct = DOESNT_MATTER,predicted = APPLY,0.0249027155023,0.0194740644257,metadata = ['/Apply(camlBdd__Apply[72])/Apply(camlBdd__Apply[69])/Apply(camlBdd__Apply[66])']
bdd,correct = INLINE,predicted = DOESNT_MATTER,0.0101184964218,-0.00874717658736,metadata = ['/Apply(camlBdd__Apply[74])/Apply(camlGc__Apply[1])/Apply(camlPrintf__Apply[8])/Apply(camlPrintf__Apply[3])/Apply(camlCamlinternalFormat__Apply[523])']
bdd,correct = APPLY,predicted = INLINE,-0.0895595540939,0.08698064721,metadata = ['/Decl(Bdd.eval/110)/Apply(camlBdd__Apply[1])/Apply(camlBdd__Apply[1])']
bdd,correct = INLINE,predicted = DOESNT_MATTER,0.0209457010797,0.00640588960556,metadata = ['/Apply(camlBdd__Apply[72])/Apply(camlBdd__Apply[69])/Apply(camlBdd__Apply[66])/Apply(camlBdd__Apply[52])/Apply(camlBdd__Apply[20])']
bdd,correct = INLINE,predicted = DOESNT_MATTER,0.00308431509567,-0.0155243760553,metadata = ['/Apply(camlBdd__Apply[72])/Apply(camlBdd__Apply[69])/Apply(camlBdd__Apply[66])/Apply(camlBdd__Apply[49])/Apply(camlBdd__Apply[21])']
bdd,correct = DOESNT_MATTER,predicted = INLINE,-0.00591488478651,0.0010026550006,metadata = ['/Decl(Bdd.xor/669)/Apply(camlBdd__Apply[36])']
bdd,correct = APPLY,predicted = INLINE,-0.0505830577758,0.0315758135329,metadata = ['/Decl(Bdd.hwb/745)/Decl(Bdd.h/757)/Apply(camlBdd__Apply[49])/Apply(camlBdd__Apply[22])']
bdd,correct = APPLY,predicted = INLINE,-0.0653488135987,-0.0458865657501,metadata = ['/Decl(Bdd.hwb/745)/Decl(Bdd.h/757)/Apply(camlBdd__Apply[50])/Apply(camlBdd__Apply[50])']
bdd,correct = INLINE,predicted = DOESNT_MATTER,0.00379625541371,-0.012683718475,metadata = ['/Apply(camlBdd__Apply[74])']
bdd,correct = APPLY,predicted = DOESNT_MATTER,-0.00974485227286,0.00171822401837,metadata = ['/Apply(camlBdd__Apply[72])/Decl(Bdd.g/786)/Apply(camlBdd__Apply[60])/Apply(camlBdd__Apply[33])']
bdd,correct = APPLY,predicted = DOESNT_MATTER,-0.00921463734338,0.0071948159798,metadata = ['/Apply(camlBdd__Apply[72])/Apply(camlBdd__Apply[69])/Apply(camlBdd__Apply[66])/Apply(camlBdd__Apply[53])/Apply(camlBdd__Apply[65])/Apply(camlBdd__Apply[20])']
bdd,correct = INLINE,predicted = DOESNT_MATTER,0.0135841682834,-0.00303412495126,metadata = ['/Apply(camlBdd__Apply[72])/Apply(camlBdd__Apply[69])/Apply(camlBdd__Apply[66])/Apply(camlBdd__Apply[51])/Apply(camlBdd__Apply[26])']
bdd,correct = APPLY,predicted = INLINE,0.000851080564419,0.0136755456774,metadata = ['/Decl(Bdd.hwb/745)/Apply(camlBdd__Apply[66])/Apply(camlBdd__Apply[51])']
bdd,correct = INLINE,predicted = DOESNT_MATTER,-0.0436302258977,-0.0607223718715,metadata = ['/Apply(camlBdd__Apply[72])/Apply(camlBdd__Apply[70])/Apply(camlBdd__Apply[67])']
bdd,correct = INLINE,predicted = DOESNT_MATTER,0.00981367820719,-0.00874717658736,metadata = ['/Apply(camlBdd__Apply[74])/Apply(camlGc__Apply[8])/Apply(camlPrintf__Apply[8])/Apply(camlPrintf__Apply[3])/Apply(camlCamlinternalFormat__Apply[523])']
bdd,correct = INLINE,predicted = DOESNT_MATTER,0.00981367820719,-0.00874717658736,metadata = ['/Apply(camlBdd__Apply[74])/Apply(camlGc__Apply[6])/Apply(camlPrintf__Apply[8])/Apply(camlPrintf__Apply[3])/Apply(camlCamlinternalFormat__Apply[523])']
bdd,correct = APPLY,predicted = DOESNT_MATTER,-0.016593010918,0.0183542000468,metadata = ['/Apply(camlBdd__Apply[73])']
bdd,correct = INLINE,predicted = APPLY,0.219917774533,-0.124073977341,metadata = ['/Decl(Bdd.hwb/745)/Decl(Bdd.g/786)/Apply(camlBdd__Apply[61])']
bdd,correct = DOESNT_MATTER,predicted = APPLY,-0.0592887912429,-0.0604176404549,metadata = ['/Decl(Bdd.hwb/745)/Decl(Bdd.h/757)/Apply(camlBdd__Apply[50])/Apply(camlBdd__Apply[49])']
bdd,correct = APPLY,predicted = INLINE,-0.0340650337665,0.0418462276181,metadata = ['/Decl(Bdd.hwb/745)/Apply(camlBdd__Apply[66])/Apply(camlBdd__Apply[54])']
bdd,correct = APPLY,predicted = DOESNT_MATTER,-0.148455454952,-0.0308250485647,metadata = ['/Decl(Bdd.xor/669)/Apply(camlBdd__Apply[47])/Apply(camlBdd__Apply[23])']
bdd,correct = APPLY,predicted = DOESNT_MATTER,-0.011793265313,0.0149256103656,metadata = ['/Apply(camlBdd__Apply[72])/Decl(Bdd.h/757)/Apply(camlBdd__Apply[51])']
bdd,correct = APPLY,predicted = INLINE,-0.0450089919508,0.0502333658846,metadata = ['/Decl(Bdd.eval/110)/Apply(camlBdd__Apply[2])/Apply(camlBdd__Apply[1])']
bdd,correct = INLINE,predicted = DOESNT_MATTER,0.0101184964218,-0.00874717658736,metadata = ['/Apply(camlBdd__Apply[74])/Apply(camlGc__Apply[11])/Apply(camlPrintf__Apply[8])/Apply(camlPrintf__Apply[3])/Apply(camlCamlinternalFormat__Apply[523])']
bdd,correct = APPLY,predicted = DOESNT_MATTER,-0.0220756282558,-0.00612134050623,metadata = ['/Decl(Bdd.hwb/745)/Decl(Bdd.h/757)/Apply(camlBdd__Apply[53])/Apply(camlBdd__Apply[61])/Apply(camlBdd__Apply[20])']
bdd,correct = APPLY,predicted = DOESNT_MATTER,-0.0299912458765,0.0325374362963,metadata = ['/Apply(camlBdd__Apply[74])/Apply(camlGc__Over[11])/Apply(camlCamlinternalFormat__Apply[589])']
bdd,correct = INLINE,predicted = DOESNT_MATTER,0.00454447861411,-0.00736844802963,metadata = ['/Apply(camlBdd__Apply[72])/Apply(camlBdd__Apply[69])/Apply(camlBdd__Apply[66])/Apply(camlBdd__Apply[54])/Apply(camlBdd__Apply[30])']
bdd,correct = INLINE,predicted = DOESNT_MATTER,2.24104878699e-05,-0.0116313237681,metadata = ['/Apply(camlBdd__Apply[72])/Apply(camlBdd__Apply[69])/Apply(camlBdd__Apply[66])/Apply(camlBdd__Apply[55])/Apply(camlBdd__Apply[47])']
bdd,correct = APPLY,predicted = DOESNT_MATTER,-0.132426252411,0.0257737797114,metadata = ['/Decl(Bdd.xor/669)/Apply(camlBdd__Apply[47])/Apply(camlBdd__Apply[22])']
bdd,correct = APPLY,predicted = INLINE,-0.0114157475024,0.0030874906044,metadata = ['/Decl(Bdd.xor/669)/Apply(camlBdd__Apply[46])']
bdd,correct = APPLY,predicted = DOESNT_MATTER,-0.0434638282533,0.0110189749794,metadata = ['/Apply(camlBdd__Apply[74])/Apply(camlGc__Over[6])/Apply(camlCamlinternalFormat__Apply[612])/Apply(camlCamlinternalFormat__Apply[500])']
bdd,correct = INLINE,predicted = DOESNT_MATTER,0.0233346027742,-0.0282468325602,metadata = ['/Decl(Bdd.mkNode/373)/Apply(camlBdd__Apply[10])']
bdd,correct = APPLY,predicted = DOESNT_MATTER,-0.0626649363904,0.0650638548028,metadata = ['/Apply(camlBdd__Apply[74])/Apply(camlGc__Over[6])/Apply(camlCamlinternalFormat__Apply[612])']
bdd,correct = APPLY,predicted = INLINE,-0.0276740175983,0.00350954281344,metadata = ['/Apply(camlBdd__Apply[72])/Apply(camlBdd__Apply[71])/Apply(camlBdd__Apply[68])/Apply(camlBdd__Apply[1])']
bdd,correct = APPLY,predicted = DOESNT_MATTER,-0.0251825733544,-0.0107927493334,metadata = ['/Decl(Bdd.hwb/745)/Decl(Bdd.h/757)/Apply(camlBdd__Apply[53])/Apply(camlBdd__Apply[65])/Apply(camlBdd__Apply[20])']
bdd,correct = INLINE,predicted = DOESNT_MATTER,0.0101184964218,-0.00874717658736,metadata = ['/Apply(camlBdd__Apply[74])/Apply(camlGc__Apply[15])/Apply(camlPrintf__Apply[8])/Apply(camlPrintf__Apply[3])/Apply(camlCamlinternalFormat__Apply[523])']
bdd,correct = INLINE,predicted = DOESNT_MATTER,0.027755346164,-0.0411433455086,metadata = ['/Apply(camlBdd__Apply[74])/Apply(camlGc__Over[7])/Apply(camlCamlinternalFormat__Apply[612])']
bdd,correct = DOESNT_MATTER,predicted = APPLY,-0.0061468315388,0.00123460175289,metadata = ['/Decl(Bdd.not/538)/Apply(camlBdd__Apply[22])']
bdd,correct = INLINE,predicted = APPLY,0.00508042206814,-0.0104683878727,metadata = ['/Decl(Bdd.and2/589)/Apply(camlBdd__Apply[28])']
bdd,correct = INLINE,predicted = DOESNT_MATTER,0.00775299642129,-0.0126652262072,metadata = ['/Decl(Bdd.and2/589)/Apply(camlBdd__Apply[24])']
bdd,correct = APPLY,predicted = DOESNT_MATTER,0.00400611720441,0.0245622552316,metadata = ['/Apply(camlBdd__Apply[72])/Apply(camlBdd__Apply[71])/Apply(camlBdd__Apply[68])/Apply(camlBdd__Apply[2])/Apply(camlBdd__Apply[1])']
bdd,correct = INLINE,predicted = APPLY,0.110699770055,-0.0747979943,metadata = ['/Decl(Bdd.main/929)/Apply(camlBdd__Apply[71])/Apply(camlBdd__Apply[68])']
bdd,correct = APPLY,predicted = INLINE,-0.0990620897561,-0.0206246807595,metadata = ['/Decl(Bdd.hwb/745)/Apply(camlBdd__Apply[66])/Apply(camlBdd__Apply[50])']
bdd,correct = INLINE,predicted = DOESNT_MATTER,0.0224398416903,-0.00336689007614,metadata = ['/Apply(camlBdd__Apply[72])/Apply(camlBdd__Apply[69])/Apply(camlBdd__Apply[66])/Apply(camlBdd__Apply[51])/Apply(camlBdd__Apply[34])']
bdd,correct = DOESNT_MATTER,predicted = APPLY,0.000820198122073,-0.00573242790799,metadata = ['/Decl(Bdd.and2/589)/Apply(camlBdd__Apply[30])']
bdd,correct = APPLY,predicted = DOESNT_MATTER,-0.0477336133843,0.0428213835984,metadata = ['/Decl(Bdd.xor/669)/Apply(camlBdd__Apply[35])']
bdd,correct = APPLY,predicted = DOESNT_MATTER,-0.00915250993327,0.0071948159798,metadata = ['/Apply(camlBdd__Apply[72])/Apply(camlBdd__Apply[69])/Apply(camlBdd__Apply[66])/Apply(camlBdd__Apply[53])/Apply(camlBdd__Apply[57])/Apply(camlBdd__Apply[20])']
bdd,correct = INLINE,predicted = DOESNT_MATTER,0.0407856382238,-0.00106930384752,metadata = ['/Apply(camlBdd__Apply[74])/Apply(camlGc__Over[15])/Apply(camlCamlinternalFormat__Apply[589])']
bdd,correct = APPLY,predicted = INLINE,-0.0104252972081,0.00040638476523,metadata = ['/Apply(camlBdd__Apply[72])/Apply(camlBdd__Apply[69])/Apply(camlBdd__Apply[66])/Apply(camlBdd__Apply[50])/Apply(camlBdd__Apply[55])']
bdd,correct = APPLY,predicted = INLINE,-0.0385299070686,0.0410356699232,metadata = ['/Decl(Bdd.eval/110)/Apply(camlBdd__Apply[2])/Apply(camlBdd__Apply[2])']
bdd,correct = INLINE,predicted = DOESNT_MATTER,0.0101184964218,-0.00874717658736,metadata = ['/Apply(camlBdd__Apply[74])/Apply(camlGc__Apply[19])/Apply(camlPrintf__Apply[8])/Apply(camlPrintf__Apply[3])/Apply(camlCamlinternalFormat__Apply[523])']
bdd,correct = DOESNT_MATTER,predicted = INLINE,0.00418321274247,0.0112174602021,metadata = ['/Decl(Bdd.test_hwb/883)/Apply(camlBdd__Apply[68])']
bdd,correct = INLINE,predicted = DOESNT_MATTER,0.102676836773,0.0304672952367,metadata = ['/Decl(Bdd.xor/669)/Apply(camlBdd__Apply[47])/Apply(camlBdd__Apply[21])']
bdd,correct = DOESNT_MATTER,predicted = INLINE,-0.00673103249614,-0.0116313237681,metadata = ['/Apply(camlBdd__Apply[72])/Apply(camlBdd__Apply[69])/Apply(camlBdd__Apply[66])/Apply(camlBdd__Apply[55])/Apply(camlBdd__Apply[45])']
bdd,correct = APPLY,predicted = INLINE,-0.0144661592906,-0.00265583865205,metadata = ['/Decl(Bdd.eval/110)/Apply(camlBdd__Apply[2])/Apply(camlBdd__Apply[2])/Apply(camlBdd__Apply[1])']
bdd,correct = APPLY,predicted = DOESNT_MATTER,-0.0203407937979,0.00852354437327,metadata = ['/Apply(camlBdd__Apply[74])/Apply(camlGc__Over[11])/Apply(camlCamlinternalFormat__Apply[589])/Apply(camlCamlinternalFormat__Apply[471])']
bdd,correct = APPLY,predicted = DOESNT_MATTER,-0.0149639250947,-0.000175269118261,metadata = ['/Apply(camlBdd__Apply[74])/Apply(camlGc__Over[6])/Apply(camlCamlinternalFormat__Apply[612])/Apply(camlCamlinternalFormat__Apply[500])/Apply(camlCamlinternalFormat__Apply[490])']
bdd,correct = INLINE,predicted = APPLY,0.00597770831311,-0.00794260022747,metadata = ['/Decl(Bdd.mkNode/373)/Decl(Bdd.lookup/404)/Apply(camlBdd__Apply[14])']
bdd,correct = INLINE,predicted = DOESNT_MATTER,0.0097260890661,-0.00336689007614,metadata = ['/Apply(camlBdd__Apply[72])/Apply(camlBdd__Apply[69])/Apply(camlBdd__Apply[66])/Apply(camlBdd__Apply[51])/Apply(camlBdd__Apply[31])']
bdd,correct = INLINE,predicted = DOESNT_MATTER,0.0178482548808,-0.00180818237042,metadata = ['/Apply(camlBdd__Apply[72])/Apply(camlBdd__Apply[69])/Apply(camlBdd__Apply[66])/Apply(camlBdd__Apply[51])/Apply(camlBdd__Apply[33])']
bdd,correct = APPLY,predicted = DOESNT_MATTER,-0.0182498602606,0.0145925316902,metadata = ['/Apply(camlBdd__Apply[74])/Apply(camlGc__Over[6])/Apply(camlCamlinternalFormat__Apply[613])']
bdd,correct = INLINE,predicted = APPLY,0.0700651703453,-0.0349697714118,metadata = ['/Decl(Bdd.hwb/745)/Decl(Bdd.h/757)/Apply(camlBdd__Apply[48])']
bdd,correct = INLINE,predicted = DOESNT_MATTER,0.0109289848154,-0.00319924942704,metadata = ['/Apply(camlBdd__Apply[74])/Apply(camlGc__Over[14])']
bdd,correct = INLINE,predicted = DOESNT_MATTER,0.0101184964218,-0.00874717658736,metadata = ['/Apply(camlBdd__Apply[74])/Apply(camlGc__Apply[14])/Apply(camlPrintf__Apply[8])/Apply(camlPrintf__Apply[3])/Apply(camlCamlinternalFormat__Apply[523])']
bdd,correct = APPLY,predicted = INLINE,-0.0308714936754,0.0261516844501,metadata = ['/Decl(Bdd.eval/110)/Apply(camlBdd__Apply[1])/Apply(camlBdd__Apply[2])']
bdd,correct = INLINE,predicted = DOESNT_MATTER,0.0345835036556,-0.0242740964039,metadata = ['/Apply(camlBdd__Apply[74])/Apply(camlGc__Over[8])']
bdd,correct = DOESNT_MATTER,predicted = INLINE,-0.00585638158985,0.0030856925113,metadata = ['/Decl(Bdd.hwb/745)/Decl(Bdd.h/757)/Apply(camlBdd__Apply[51])']
bdd,correct = APPLY,predicted = DOESNT_MATTER,-0.0239992925249,0.00453543330657,metadata = ['/Apply(camlBdd__Apply[72])/Apply(camlBdd__Apply[69])/Apply(camlBdd__Apply[66])/Apply(camlBdd__Apply[50])']
bdd,correct = INLINE,predicted = DOESNT_MATTER,0.0101184964218,-0.00874717658736,metadata = ['/Apply(camlBdd__Apply[74])/Apply(camlGc__Apply[3])/Apply(camlPrintf__Apply[8])/Apply(camlPrintf__Apply[3])/Apply(camlCamlinternalFormat__Apply[523])']
bdd,correct = INLINE,predicted = DOESNT_MATTER,0.0101184964218,-0.00874717658736,metadata = ['/Apply(camlBdd__Apply[74])/Apply(camlGc__Apply[12])/Apply(camlPrintf__Apply[8])/Apply(camlPrintf__Apply[3])/Apply(camlCamlinternalFormat__Apply[523])']
bdd,correct = APPLY,predicted = DOESNT_MATTER,-0.0473583187886,0.0351044089839,metadata = ['/Apply(camlBdd__Apply[73])/Apply(camlPervasives__Apply[8])']
bdd,correct = DOESNT_MATTER,predicted = INLINE,-0.0149220640566,-0.00736844802963,metadata = ['/Apply(camlBdd__Apply[72])/Apply(camlBdd__Apply[69])/Apply(camlBdd__Apply[66])/Apply(camlBdd__Apply[54])/Apply(camlBdd__Apply[28])']
bdd,correct = INLINE,predicted = APPLY,0.00375238253571,-0.0142166848571,metadata = ['/Apply(camlBdd__Apply[72])/Apply(camlBdd__Apply[69])/Decl(Bdd.g/786)/Apply(camlBdd__Apply[58])']
bdd,correct = INLINE,predicted = DOESNT_MATTER,0.0101184964218,-0.00874717658736,metadata = ['/Apply(camlBdd__Apply[74])/Apply(camlGc__Apply[16])/Apply(camlPrintf__Apply[8])/Apply(camlPrintf__Apply[3])/Apply(camlCamlinternalFormat__Apply[523])']
bdd,correct = DOESNT_MATTER,predicted = APPLY,-0.042545501371,-0.0329296252522,metadata = ['/Decl(Bdd.hwb/745)/Decl(Bdd.g/786)/Apply(camlBdd__Apply[62])/Apply(camlBdd__Apply[57])']
bdd,correct = INLINE,predicted = DOESNT_MATTER,0.0197593592658,-0.00336689007614,metadata = ['/Apply(camlBdd__Apply[72])/Apply(camlBdd__Apply[69])/Apply(camlBdd__Apply[66])/Apply(camlBdd__Apply[51])/Apply(camlBdd__Apply[30])']
bdd,correct = INLINE,predicted = DOESNT_MATTER,0.0101184964218,-0.00874717658736,metadata = ['/Apply(camlBdd__Apply[74])/Apply(camlGc__Apply[18])/Apply(camlPrintf__Apply[8])/Apply(camlPrintf__Apply[3])/Apply(camlCamlinternalFormat__Apply[523])']
bdd,correct = APPLY,predicted = DOESNT_MATTER,-0.00976807307276,0.023041810974,metadata = ['/Apply(camlBdd__Apply[74])/Apply(camlGc__Over[15])/Apply(camlCamlinternalFormat__Apply[589])/Apply(camlCamlinternalFormat__Apply[469])']
bdd,correct = INLINE,predicted = DOESNT_MATTER,0.0101184964218,-0.00874717658736,metadata = ['/Apply(camlBdd__Apply[74])/Apply(camlGc__Apply[20])/Apply(camlPrintf__Apply[8])/Apply(camlPrintf__Apply[3])/Apply(camlCamlinternalFormat__Apply[523])']
bdd,correct = APPLY,predicted = DOESNT_MATTER,0.000119077068648,0.0131546608326,metadata = ['/Apply(camlBdd__Apply[74])/Apply(camlGc__Over[15])/Apply(camlCamlinternalFormat__Apply[589])/Apply(camlCamlinternalFormat__Apply[471])']
bdd,correct = APPLY,predicted = INLINE,-0.0240531254579,-0.0132097257149,metadata = ['/Decl(Bdd.hwb/745)/Decl(Bdd.g/786)/Apply(camlBdd__Apply[59])/Apply(camlBdd__Apply[52])/Apply(camlBdd__Apply[20])']
bdd,correct = INLINE,predicted = APPLY,0.0231692422381,-0.0251341341524,metadata = ['/Decl(Bdd.resize/203)/Decl(Bdd.copyBucket/222)/Apply(camlBdd__Apply[4])']
bdd,correct = INLINE,predicted = APPLY,0.0046278923184,-0.0149632398248,metadata = ['/Apply(camlBdd__Apply[72])/Apply(camlBdd__Apply[69])/Decl(Bdd.h/757)/Apply(camlBdd__Apply[55])']
bdd,correct = INLINE,predicted = APPLY,0.0233286886135,0.00523223678316,metadata = ['/Apply(camlBdd__Apply[72])/Apply(camlBdd__Apply[69])/Apply(camlBdd__Apply[66])/Apply(camlBdd__Apply[56])/Apply(camlBdd__Apply[20])']
bdd,correct = INLINE,predicted = DOESNT_MATTER,0.00123763392055,-0.00961534834958,metadata = ['/Apply(camlBdd__Apply[72])/Apply(camlBdd__Apply[69])/Apply(camlBdd__Apply[66])/Apply(camlBdd__Apply[50])/Apply(camlBdd__Apply[50])']
bdd,correct = INLINE,predicted = DOESNT_MATTER,0.000249832069784,-0.0116313237681,metadata = ['/Apply(camlBdd__Apply[72])/Apply(camlBdd__Apply[69])/Apply(camlBdd__Apply[66])/Apply(camlBdd__Apply[55])/Apply(camlBdd__Apply[36])']
bdd,correct = INLINE,predicted = DOESNT_MATTER,0.0174743613327,-0.0144175188593,metadata = ['/Apply(camlBdd__Apply[72])/Apply(camlBdd__Apply[69])/Apply(camlBdd__Apply[66])/Apply(camlBdd__Apply[53])/Apply(camlBdd__Apply[62])']
bdd,correct = INLINE,predicted = DOESNT_MATTER,0.00575723141366,-0.00441196532497,metadata = ['/Apply(camlBdd__Apply[72])/Apply(camlBdd__Apply[69])/Apply(camlBdd__Apply[66])/Apply(camlBdd__Apply[53])/Apply(camlBdd__Apply[63])']
bdd,correct = APPLY,predicted = DOESNT_MATTER,-0.0275295792805,0.0150905704863,metadata = ['/Apply(camlBdd__Apply[72])/Apply(camlBdd__Apply[69])/Apply(camlBdd__Apply[66])/Apply(camlBdd__Apply[49])']
bdd,correct = DOESNT_MATTER,predicted = INLINE,-0.00272936949571,0.00292837612592,metadata = ['/Apply(camlBdd__Apply[72])/Apply(camlBdd__Apply[69])/Apply(camlBdd__Apply[66])/Apply(camlBdd__Apply[53])/Apply(camlBdd__Apply[64])']
bdd,correct = APPLY,predicted = DOESNT_MATTER,-0.00963115740423,0.00153546784764,metadata = ['/Apply(camlBdd__Apply[74])/Apply(camlGc__Over[16])/Apply(camlCamlinternalFormat__Apply[589])/Apply(camlCamlinternalFormat__Apply[468])']
bdd,correct = APPLY,predicted = DOESNT_MATTER,-0.00408894597836,0.0060901027633,metadata = ['/Apply(camlBdd__Apply[74])/Apply(camlGc__Over[12])']
bdd,correct = INLINE,predicted = DOESNT_MATTER,0.0331635213017,-0.298219254166,metadata = ['/Decl(Bdd.mkNode/373)/Decl(Bdd.lookup/404)/Apply(camlBdd__Apply[18])/Apply(camlBdd__Apply[17])']
bdd,correct = APPLY,predicted = DOESNT_MATTER,-0.0232446602176,0.0173769348147,metadata = ['/Apply(camlBdd__Apply[72])/Apply(camlBdd__Apply[69])/Decl(Bdd.g/786)/Apply(camlBdd__Apply[61])/Apply(camlBdd__Apply[20])']
bdd,correct = INLINE,predicted = APPLY,-0.000265943047401,-0.0106600077167,metadata = ['/Apply(camlBdd__Apply[72])/Apply(camlBdd__Apply[69])/Decl(Bdd.h/757)/Apply(camlBdd__Apply[53])']
bdd,correct = INLINE,predicted = APPLY,-0.0158786958019,-0.0785284118085,metadata = ['/Decl(Bdd.hwb/745)/Decl(Bdd.h/757)/Apply(camlBdd__Apply[53])/Apply(camlBdd__Apply[58])']
bdd,correct = INLINE,predicted = DOESNT_MATTER,0.0453333880959,-0.0502456178818,metadata = ['/Decl(Bdd.mkNode/373)/Apply(camlBdd__Apply[11])']
bdd,correct = INLINE,predicted = DOESNT_MATTER,0.0101184964218,-0.00874717658736,metadata = ['/Apply(camlBdd__Apply[74])/Apply(camlGc__Apply[2])/Apply(camlPrintf__Apply[8])/Apply(camlPrintf__Apply[3])/Apply(camlCamlinternalFormat__Apply[523])']
bdd,correct = APPLY,predicted = DOESNT_MATTER,-0.01714829183,0.0147560175688,metadata = ['/Apply(camlBdd__Apply[74])/Apply(camlGc__Over[20])']
bdd,correct = APPLY,predicted = INLINE,-0.079114644851,-0.0134315094295,metadata = ['/Decl(Bdd.hwb/745)/Decl(Bdd.h/757)/Apply(camlBdd__Apply[53])/Apply(camlBdd__Apply[59])']
bdd,correct = APPLY,predicted = DOESNT_MATTER,-0.00323858922119,0.0420603506644,metadata = ['/Decl(Bdd.mkNode/373)/Decl(Bdd.lookup/404)/Apply(camlBdd__Apply[15])/Apply(camlBdd__Apply[9])']
bdd,correct = INLINE,predicted = DOESNT_MATTER,0.00087600721177,-0.00933611904497,metadata = ['/Apply(camlBdd__Apply[72])/Apply(camlBdd__Apply[69])/Apply(camlBdd__Apply[66])/Apply(camlBdd__Apply[50])/Apply(camlBdd__Apply[54])']
bdd,correct = APPLY,predicted = DOESNT_MATTER,-0.0231185979629,0.0150229084063,metadata = ['/Apply(camlBdd__Apply[74])/Apply(camlGc__Over[16])/Apply(camlCamlinternalFormat__Apply[589])/Apply(camlCamlinternalFormat__Apply[470])']
bdd,correct = INLINE,predicted = DOESNT_MATTER,0.0951073810457,-0.0801263446601,metadata = ['/Apply(camlBdd__Apply[74])/Apply(camlGc__Over[15])']
bdd,correct = APPLY,predicted = DOESNT_MATTER,-0.00819504142959,0.0070119732965,metadata = ["/Apply(camlBdd__Apply[74])/Apply(camlGc__Over[10])/Decl(CamlinternalFormat.make_printf/4930)/Decl(CamlinternalFormat.k'/5163)/Apply(camlCamlinternalFormat__Apply[534])"]
bdd,correct = INLINE,predicted = APPLY,0.0328188717354,-0.0148174839475,metadata = ['/Decl(Bdd.hwb/745)/Decl(Bdd.g/786)/Apply(camlBdd__Apply[57])']
bdd,correct = APPLY,predicted = INLINE,-0.00252955510391,0.0288880361598,metadata = ['/Decl(Bdd.resize/203)/Decl(Bdd.copyBucket/222)/Apply(camlBdd__Apply[6])/Apply(camlBdd__Apply[3])']
bdd,correct = INLINE,predicted = DOESNT_MATTER,0.0359412395058,-0.021209685557,metadata = ['/Apply(camlBdd__Apply[74])/Apply(camlGc__Over[8])/Apply(camlCamlinternalFormat__Apply[613])']
bdd,correct = APPLY,predicted = DOESNT_MATTER,-0.00147603451304,0.0245160289322,metadata = ['/Apply(camlBdd__Apply[72])/Apply(camlBdd__Apply[71])/Apply(camlBdd__Apply[68])/Apply(camlBdd__Apply[2])/Apply(camlBdd__Apply[2])']
bdd,correct = DOESNT_MATTER,predicted = INLINE,0.0330523063001,0.0256072064659,metadata = ['/Decl(Bdd.resize/203)/Apply(camlBdd__Apply[7])/Apply(camlBdd__Apply[3])']
bdd,correct = INLINE,predicted = DOESNT_MATTER,0.0537844164915,-0.0450216734734,metadata = ['/Apply(camlBdd__Apply[74])/Apply(camlGc__Over[14])/Apply(camlCamlinternalFormat__Apply[589])']
bdd,correct = INLINE,predicted = APPLY,0.0351763435649,-0.00585250393204,metadata = ['/Decl(Bdd.main/929)/Apply(camlBdd__Apply[71])/Apply(camlBdd__Apply[68])/Apply(camlBdd__Apply[2])']
bdd,correct = APPLY,predicted = DOESNT_MATTER,-0.0247163284309,0.0189356416181,metadata = ['/Apply(camlBdd__Apply[74])/Apply(camlGc__Over[12])/Apply(camlCamlinternalFormat__Apply[589])']
bdd,correct = APPLY,predicted = DOESNT_MATTER,-0.155522276974,0.12818439626,metadata = ['/Apply(camlBdd__Apply[74])/Apply(camlGc__Over[13])/Apply(camlCamlinternalFormat__Apply[589])']
bdd,correct = INLINE,predicted = DOESNT_MATTER,-0.00215513069227,-0.0529334744562,metadata = ['/Apply(camlBdd__Apply[74])/Apply(camlGc__Over[13])/Apply(camlCamlinternalFormat__Apply[589])/Apply(camlCamlinternalFormat__Apply[471])']
bdd,correct = APPLY,predicted = DOESNT_MATTER,-0.0193746113925,0.00888304018408,metadata = ['/Apply(camlBdd__Apply[74])/Apply(camlGc__Over[16])/Apply(camlCamlinternalFormat__Apply[589])']
bdd,correct = INLINE,predicted = DOESNT_MATTER,0.00387664733549,-0.00736844802963,metadata = ['/Apply(camlBdd__Apply[72])/Apply(camlBdd__Apply[69])/Apply(camlBdd__Apply[66])/Apply(camlBdd__Apply[54])/Apply(camlBdd__Apply[33])']
bdd,correct = DOESNT_MATTER,predicted = INLINE,-0.00239241772592,-0.00891944325228,metadata = ['/Apply(camlBdd__Apply[72])/Apply(camlBdd__Apply[69])/Decl(Bdd.h/757)/Apply(camlBdd__Apply[54])']
bdd,correct = INLINE,predicted = DOESNT_MATTER,0.0359772511117,-0.301032983976,metadata = ['/Decl(Bdd.mkNode/373)/Decl(Bdd.lookup/404)/Apply(camlBdd__Apply[18])/Apply(camlBdd__Apply[13])']
bdd,correct = APPLY,predicted = DOESNT_MATTER,-0.00911947777317,0.0071948159798,metadata = ['/Apply(camlBdd__Apply[72])/Apply(camlBdd__Apply[69])/Apply(camlBdd__Apply[66])/Apply(camlBdd__Apply[53])/Apply(camlBdd__Apply[61])/Apply(camlBdd__Apply[20])']
bdd,correct = INLINE,predicted = APPLY,0.02758254969,-0.0353840913615,metadata = ['/Apply(camlBdd__Apply[72])/Apply(camlBdd__Apply[69])/Decl(Bdd.h/757)/Apply(camlBdd__Apply[49])']
fft,correct = INLINE,predicted = DOESNT_MATTER,0.00424893566521,-0.00628624785449,metadata = ['/Apply(camlFft__Apply[9])/Apply(camlFft__Apply[7])/Apply(camlFft__Apply[6])/Apply(camlFft__Apply[2])']
fft,correct = APPLY,predicted = DOESNT_MATTER,-0.00547383536007,0.00506131119182,metadata = ['/Apply(camlFft__Apply[11])/Apply(camlGc__Over[12])/Apply(camlCamlinternalFormat__Apply[589])/Apply(camlCamlinternalFormat__Apply[469])']
floats-in-functor,correct = INLINE,predicted = DOESNT_MATTER,0.420366995368,0.02657473481,metadata = ['/Decl(B.float_modulo/8)/Apply(camlB__Apply[8])/Apply(camlB__Apply[8])/Apply(camlB__Apply[8])']
floats-in-functor,correct = INLINE,predicted = DOESNT_MATTER,0.00837752252429,-0.00194748262579,metadata = ['/Apply(camlB__Apply[15])/Apply(camlB__Apply[12])/Apply(camlB__Apply[8])/Apply(camlB__Apply[8])/Apply(camlB__Apply[8])/Apply(camlB__Apply[8])/Apply(camlB__Apply[8])/Apply(camlB__Apply[8])/Apply(camlB__Apply[8])']
floats-in-functor,correct = INLINE,predicted = DOESNT_MATTER,0.166987470837,0.00385452907821,metadata = ['/Decl(B.float_modulo/8)/Apply(camlB__Apply[8])/Apply(camlB__Apply[8])/Apply(camlB__Apply[8])/Apply(camlB__Apply[8])/Apply(camlB__Apply[8])/Apply(camlB__Apply[8])']
floats-in-functor,correct = INLINE,predicted = DOESNT_MATTER,0.110067484118,0.0107722559192,metadata = ['/Decl(B.float_modulo/8)/Apply(camlB__Apply[8])/Apply(camlB__Apply[8])/Apply(camlB__Apply[8])/Apply(camlB__Apply[8])/Apply(camlB__Apply[8])/Apply(camlB__Apply[8])/Apply(camlB__Apply[8])']
floats-in-functor,correct = INLINE,predicted = DOESNT_MATTER,0.230045683985,0.0119377753444,metadata = ['/Decl(B.float_modulo/8)/Apply(camlB__Apply[8])/Apply(camlB__Apply[8])/Apply(camlB__Apply[8])/Apply(camlB__Apply[8])/Apply(camlB__Apply[8])']
floats-in-functor,correct = INLINE,predicted = DOESNT_MATTER,0.739120400832,-0.224203335373,metadata = ['/Decl(B.float_modulo/8)/Apply(camlB__Apply[8])']
floats-in-functor,correct = INLINE,predicted = DOESNT_MATTER,0.00752043597812,-0.00524169128689,metadata = ['/Apply(camlB__Apply[14])/Apply(camlB__Apply[10])/Apply(camlB__Apply[8])/Apply(camlB__Apply[8])/Apply(camlB__Apply[8])/Apply(camlB__Apply[8])/Apply(camlB__Apply[8])/Apply(camlB__Apply[8])/Apply(camlB__Apply[8])/Apply(camlB__Apply[8])']
floats-in-functor,correct = INLINE,predicted = DOESNT_MATTER,0.0663396426887,0.00488959442915,metadata = ['/Decl(B.float_modulo/8)/Apply(camlB__Apply[8])/Apply(camlB__Apply[8])/Apply(camlB__Apply[8])/Apply(camlB__Apply[8])/Apply(camlB__Apply[8])/Apply(camlB__Apply[8])/Apply(camlB__Apply[8])/Apply(camlB__Apply[8])']
floats-in-functor,correct = INLINE,predicted = DOESNT_MATTER,0.0101801259804,-0.00459285134045,metadata = ['/Decl(B.+/46)/Apply(camlB__Apply[10])/Apply(camlB__Apply[8])/Apply(camlB__Apply[8])/Apply(camlB__Apply[8])/Apply(camlB__Apply[8])/Apply(camlB__Apply[8])']
floats-in-functor,correct = INLINE,predicted = DOESNT_MATTER,0.566008063135,0.0190640623066,metadata = ['/Decl(B.float_modulo/8)/Apply(camlB__Apply[8])/Apply(camlB__Apply[8])']
floats-in-functor,correct = INLINE,predicted = DOESNT_MATTER,0.00982083615589,-0.00123509711687,metadata = ['/Apply(camlB__Apply[14])/Apply(camlB__Apply[10])/Apply(camlB__Apply[8])/Apply(camlB__Apply[8])/Apply(camlB__Apply[8])/Apply(camlB__Apply[8])/Apply(camlB__Apply[8])/Apply(camlB__Apply[8])/Apply(camlB__Apply[8])/Apply(camlB__Apply[8])/Apply(camlB__Apply[8])/Apply(camlB__Apply[8])/Apply(camlB__Apply[8])/Apply(camlB__Apply[8])']
floats-in-functor,correct = INLINE,predicted = DOESNT_MATTER,0.0116220864852,-0.000552281480883,metadata = ['/Apply(camlB__Apply[14])/Apply(camlB__Apply[10])/Apply(camlB__Apply[8])/Apply(camlB__Apply[8])/Apply(camlB__Apply[8])/Apply(camlB__Apply[8])/Apply(camlB__Apply[8])/Apply(camlB__Apply[8])/Apply(camlB__Apply[8])']
floats-in-functor,correct = INLINE,predicted = DOESNT_MATTER,0.0110193754961,-0.000874007813913,metadata = ['/Apply(camlB__Apply[14])/Apply(camlB__Apply[10])/Apply(camlB__Apply[8])/Apply(camlB__Apply[8])']
floats-in-functor,correct = INLINE,predicted = DOESNT_MATTER,0.308924155116,0.0262186906577,metadata = ['/Decl(B.float_modulo/8)/Apply(camlB__Apply[8])/Apply(camlB__Apply[8])/Apply(camlB__Apply[8])/Apply(camlB__Apply[8])']
floats-in-functor,correct = INLINE,predicted = DOESNT_MATTER,0.0116957764902,-0.00419313731385,metadata = ['/Apply(camlB__Apply[14])/Apply(camlB__Apply[10])/Apply(camlB__Apply[8])/Apply(camlB__Apply[8])/Apply(camlB__Apply[8])/Apply(camlB__Apply[8])/Apply(camlB__Apply[8])/Apply(camlB__Apply[8])/Apply(camlB__Apply[8])/Apply(camlB__Apply[8])/Apply(camlB__Apply[8])/Apply(camlB__Apply[8])/Apply(camlB__Apply[8])/Apply(camlB__Apply[8])/Apply(camlB__Apply[8])/Apply(camlB__Apply[8])/Apply(camlB__Apply[8])/Apply(camlB__Apply[8])']
floats-in-functor,correct = INLINE,predicted = DOESNT_MATTER,0.0287817910993,0.00761063653017,metadata = ['/Decl(B.float_modulo/8)/Apply(camlB__Apply[8])/Apply(camlB__Apply[8])/Apply(camlB__Apply[8])/Apply(camlB__Apply[8])/Apply(camlB__Apply[8])/Apply(camlB__Apply[8])/Apply(camlB__Apply[8])/Apply(camlB__Apply[8])/Apply(camlB__Apply[8])']
floats-in-functor,correct = INLINE,predicted = DOESNT_MATTER,0.0144910015355,-0.000345769772209,metadata = ['/Apply(camlB__Apply[14])/Apply(camlB__Apply[10])/Apply(camlB__Apply[8])/Apply(camlB__Apply[8])/Apply(camlB__Apply[8])/Apply(camlB__Apply[8])/Apply(camlB__Apply[8])/Apply(camlB__Apply[8])/Apply(camlB__Apply[8])/Apply(camlB__Apply[8])/Apply(camlB__Apply[8])/Apply(camlB__Apply[8])/Apply(camlB__Apply[8])/Apply(camlB__Apply[8])/Apply(camlB__Apply[8])/Apply(camlB__Apply[8])']
floats-in-functor,correct = INLINE,predicted = DOESNT_MATTER,0.00987359265562,-0.00216006096686,metadata = ['/Apply(camlB__Apply[14])/Apply(camlB__Apply[10])/Apply(camlB__Apply[8])/Apply(camlB__Apply[8])/Apply(camlB__Apply[8])/Apply(camlB__Apply[8])/Apply(camlB__Apply[8])/Apply(camlB__Apply[8])/Apply(camlB__Apply[8])/Apply(camlB__Apply[8])/Apply(camlB__Apply[8])/Apply(camlB__Apply[8])/Apply(camlB__Apply[8])']
floats-in-functor,correct = INLINE,predicted = DOESNT_MATTER,0.010432787025,-0.00256273786483,metadata = ['/Apply(camlB__Apply[14])/Apply(camlB__Apply[10])/Apply(camlB__Apply[8])/Apply(camlB__Apply[8])/Apply(camlB__Apply[8])/Apply(camlB__Apply[8])/Apply(camlB__Apply[8])/Apply(camlB__Apply[8])/Apply(camlB__Apply[8])/Apply(camlB__Apply[8])/Apply(camlB__Apply[8])']
hamming,correct = INLINE,predicted = DOESNT_MATTER,0.00185829394738,-0.00876591149436,metadata = ['/Apply(camlHamming__Apply[48])/Apply(camlGc__Over[15])/Apply(camlCamlinternalFormat__Apply[589])/Apply(camlCamlinternalFormat__Apply[470])']
hamming,correct = DOESNT_MATTER,predicted = INLINE,0.00139957048651,-0.00110115751467,metadata = ['/Decl(Hamming.make_hamming/433)/Decl(Hamming.anon-fn[hamming.ml:105,18--42]/482)/Apply(camlHamming__Apply[32])']
hamming,correct = INLINE,predicted = DOESNT_MATTER,0.00565788851289,-0.00723434007039,metadata = ['/Decl(Hamming.check_string/540)/Decl(Hamming.iter/396)/Apply(camlHamming__Apply[25])/Apply(camlHamming__Apply[40])']
hamming,correct = APPLY,predicted = INLINE,-0.00548601475953,0.00607128338035,metadata = ['/Apply(camlHamming__Apply[45])/Apply(camlHamming__Apply[43])/Apply(camlBuffer__Apply[1])/Apply(camlBytes__Apply[5])']
hamming,correct = APPLY,predicted = DOESNT_MATTER,-0.0102900675018,0.0171180116662,metadata = ['/Decl(Hamming.run/523)/Apply(camlHamming__Apply[37])/Apply(camlHamming__Apply[23])']
hamming,correct = INLINE,predicted = DOESNT_MATTER,0.00547854234722,-0.00454305610597,metadata = ['/Apply(camlHamming__Apply[48])/Apply(camlGc__Over[3])']
hamming,correct = APPLY,predicted = DOESNT_MATTER,-0.00546623205164,0.00655265575366,metadata = ['/Apply(camlHamming__Apply[44])/Apply(camlHamming__Apply[37])']
hamming,correct = INLINE,predicted = DOESNT_MATTER,0.00967516648606,-0.0014444073744,metadata = ['/Decl(Hamming.run/523)/Apply(camlHamming__Apply[36])/Apply(camlHamming__Apply[23])/Apply(camlHamming__Apply[23])']
hamming,correct = APPLY,predicted = DOESNT_MATTER,-0.0202317780327,0.016445353489,metadata = ['/Apply(camlHamming__Apply[48])/Apply(camlGc__Over[6])/Apply(camlCamlinternalFormat__Apply[613])']
hamming,correct = INLINE,predicted = APPLY,0.0198886910304,-0.0171579472749,metadata = ['/Decl(Hamming.skip/369)/Apply(camlHamming__Apply[23])/Apply(camlHamming__Apply[22])']
hamming,correct = APPLY,predicted = DOESNT_MATTER,-0.0182691874771,0.0147732465191,metadata = ['/Apply(camlHamming__Apply[48])/Apply(camlGc__Over[15])/Apply(camlCamlinternalFormat__Apply[589])']
hamming,correct = INLINE,predicted = DOESNT_MATTER,0.0360335243487,-0.0218055477462,metadata = ['/Decl(Hamming.run/523)/Apply(camlHamming__Apply[37])/Apply(camlHamming__Apply[22])']
hamming,correct = INLINE,predicted = DOESNT_MATTER,0.0106069884842,-0.00882781005206,metadata = ['/Apply(camlHamming__Apply[46])/Apply(camlPrintf__Apply[11])/Apply(camlPrintf__Apply[8])/Apply(camlPrintf__Apply[3])']
hamming,correct = DOESNT_MATTER,predicted = APPLY,0.00456771874153,-0.00231972816866,metadata = ['/Decl(Hamming.skip/369)/Apply(camlHamming__Apply[23])/Apply(camlHamming__Apply[23])/Apply(camlHamming__Apply[22])']
hamming,correct = APPLY,predicted = DOESNT_MATTER,-0.00635000016374,0.00606295202967,metadata = ['/Apply(camlHamming__Apply[45])/Apply(camlHamming__Apply[41])/Apply(camlHamming__Apply[25])/Apply(camlHamming__Apply[40])']
hamming,correct = APPLY,predicted = DOESNT_MATTER,-0.0232752784581,0.0236035311872,metadata = ['/Decl(Hamming.check_string/540)/Apply(camlHamming__Apply[41])/Apply(camlHamming__Apply[26])/Apply(camlHamming__Apply[24])']
hamming,correct = DOESNT_MATTER,predicted = APPLY,-0.000211092695073,0.000316461461876,metadata = ['/Decl(Hamming.make_hamming/433)/Decl(Hamming.anon-fn[hamming.ml:103,25--75]/447)/Apply(camlHamming__Apply[28])']
hamming,correct = INLINE,predicted = APPLY,0.038582914789,-0.0324375755559,metadata = ['/Decl(Hamming.merge/307)/Decl(Hamming.anon-fn[hamming.ml:77,7--287]/315)/Apply(camlHamming__Apply[21])']
hamming,correct = INLINE,predicted = DOESNT_MATTER,0.00652902808318,-0.00427580824745,metadata = ['/Apply(camlHamming__Apply[46])']
hamming,correct = INLINE,predicted = DOESNT_MATTER,0.00778571166185,-0.00752228974484,metadata = ['/Decl(Hamming.x2/204)/Apply(camlHamming__Apply[8])']
hamming,correct = APPLY,predicted = DOESNT_MATTER,-0.0127155215796,0.00373081413989,metadata = ['/Apply(camlHamming__Apply[44])/Decl(Hamming.anon-fn[hamming.ml:106,18--42]/502)/Apply(camlHamming__Apply[34])']
hamming,correct = APPLY,predicted = DOESNT_MATTER,-0.00893652806531,0.00910761753601,metadata = ['/Decl(Hamming.map/272)/Decl(Hamming.anon-fn[hamming.ml:70,7--78]/279)/Apply(camlHamming__Apply[15])/Decl(Hamming.anon-fn[hamming.ml:70,7--78]/279)/Apply(camlHamming__Apply[13])']
hamming,correct = INLINE,predicted = DOESNT_MATTER,0.013653514002,-0.00538477188366,metadata = ['/Decl(Hamming.make_hamming/433)/Decl(Hamming.anon-fn[hamming.ml:106,18--42]/502)/Apply(camlHamming__Apply[33])']
hamming,correct = APPLY,predicted = DOESNT_MATTER,-0.0139069402574,0.0114483747561,metadata = ['/Apply(camlHamming__Apply[45])/Decl(Hamming.iter/396)/Apply(camlHamming__Apply[24])']
hamming,correct = APPLY,predicted = DOESNT_MATTER,-0.00967357492176,0.00902724939741,metadata = ['/Apply(camlHamming__Apply[48])/Apply(camlGc__Over[14])']
hamming,correct = APPLY,predicted = DOESNT_MATTER,-0.00491335955348,0.00635053864293,metadata = ['/Apply(camlHamming__Apply[48])/Apply(camlGc__Over[15])']
hamming,correct = INLINE,predicted = DOESNT_MATTER,0.011574527755,-0.0131679535205,metadata = ['/Apply(camlHamming__Apply[45])/Apply(camlHamming__Apply[41])/Apply(camlHamming__Apply[24])']
hamming,correct = APPLY,predicted = DOESNT_MATTER,-0.0111876898029,0.0100696420237,metadata = ['/Apply(camlHamming__Apply[48])/Apply(camlGc__Over[12])/Apply(camlCamlinternalFormat__Apply[589])']
hamming,correct = DOESNT_MATTER,predicted = INLINE,0.00500283564055,0.000294731849084,metadata = ['/Decl(Hamming.skip/369)/Apply(camlHamming__Apply[23])']
hamming,correct = INLINE,predicted = DOESNT_MATTER,0.00873421180394,-0.0102138505679,metadata = ['/Apply(camlHamming__Apply[44])/Apply(camlHamming__Apply[37])/Apply(camlHamming__Apply[23])']
hamming,correct = INLINE,predicted = DOESNT_MATTER,-0.00435068986881,-0.015315077365,metadata = ['/Apply(camlHamming__Apply[45])/Apply(camlHamming__Apply[42])']
hamming,correct = INLINE,predicted = DOESNT_MATTER,0.014789981717,-0.00398269200701,metadata = ['/Decl(Hamming.run/523)/Apply(camlHamming__Apply[36])/Apply(camlHamming__Apply[23])']
hamming,correct = DOESNT_MATTER,predicted = APPLY,-0.000585881039292,0.000521928864147,metadata = ['/Decl(Hamming.make_hamming/433)/Decl(Hamming.anon-fn[hamming.ml:106,18--42]/502)/Decl(Hamming.map/272)/Decl(Hamming.anon-fn[hamming.ml:70,7--78]/279)/Apply(camlHamming__Apply[13])']
hamming,correct = APPLY,predicted = DOESNT_MATTER,-0.0100714113546,0.010356434614,metadata = ['/Apply(camlHamming__Apply[48])/Apply(camlGc__Over[7])/Apply(camlCamlinternalFormat__Apply[612])']
hamming,correct = APPLY,predicted = DOESNT_MATTER,-0.00696376976513,0.00686445861908,metadata = ['/Decl(Hamming.make_hamming/433)/Decl(Hamming.anon-fn[hamming.ml:105,18--42]/482)/Apply(camlHamming__Apply[31])/Decl(Hamming.anon-fn[hamming.ml:70,7--78]/279)/Apply(camlHamming__Apply[15])']
hamming,correct = INLINE,predicted = DOESNT_MATTER,0.0079023540918,-0.00670700545027,metadata = ['/Decl(Hamming.check_string/540)/Decl(Hamming.iter/396)/Apply(camlHamming__Apply[24])']
hamming,correct = INLINE,predicted = APPLY,0.0179693311893,-0.0189991986423,metadata = ['/Decl(Hamming.check_string/540)/Apply(camlHamming__Apply[43])/Apply(camlBuffer__Apply[1])/Apply(camlBytes__Apply[5])']
hamming,correct = INLINE,predicted = DOESNT_MATTER,0.00637055340666,-0.0085919734086,metadata = ['/Apply(camlHamming__Apply[45])/Apply(camlHamming__Apply[41])/Apply(camlHamming__Apply[25])/Apply(camlHamming__Apply[40])/Apply(camlHamming__Over[11])']
hamming,correct = APPLY,predicted = DOESNT_MATTER,-0.0123170761719,0.0121410920477,metadata = ['/Apply(camlHamming__Apply[45])/Apply(camlHamming__Apply[38])']
hamming,correct = INLINE,predicted = DOESNT_MATTER,0.0120687481097,-0.0141135507584,metadata = ['/Apply(camlHamming__Apply[44])/Apply(camlHamming__Apply[36])/Apply(camlHamming__Apply[22])']
hamming,correct = INLINE,predicted = DOESNT_MATTER,0.00679785994447,-0.00612018076342,metadata = ['/Apply(camlHamming__Apply[45])/Decl(Hamming.iter/396)/Apply(camlHamming__Apply[25])/Apply(camlHamming__Apply[40])']
hamming,correct = INLINE,predicted = DOESNT_MATTER,0.00384402120534,-0.00651873258136,metadata = ['/Apply(camlHamming__Apply[44])/Apply(camlHamming__Apply[37])/Apply(camlHamming__Apply[22])']
hamming,correct = INLINE,predicted = APPLY,0.0102175554481,-0.0013374817482,metadata = ['/Decl(Hamming.run/523)/Apply(camlHamming__Apply[37])/Apply(camlHamming__Apply[23])/Apply(camlHamming__Apply[22])']
hamming,correct = APPLY,predicted = INLINE,-0.0295203550075,0.0255539506698,metadata = ['/Decl(Hamming.map/272)/Decl(Hamming.anon-fn[hamming.ml:70,7--78]/279)/Apply(camlHamming__Apply[13])']
hamming,correct = INLINE,predicted = DOESNT_MATTER,0.0178266424797,-0.0127649825872,metadata = ['/Decl(Hamming.iter/396)/Apply(camlHamming__Apply[26])/Apply(camlHamming__Apply[26])']
hamming,correct = DOESNT_MATTER,predicted = APPLY,0.000155241888265,-3.30214401897e-05,metadata = ['/Apply(camlHamming__Apply[44])/Apply(camlHamming__Apply[35])/Decl(Hamming.anon-fn[hamming.ml:104,18--42]/462)/Decl(Hamming.anon-fn[hamming.ml:70,7--78]/279)/Decl(Hamming.map/272)/Decl(Hamming.anon-fn[hamming.ml:70,7--78]/279)/Apply(camlHamming__Apply[15])']
hamming,correct = INLINE,predicted = DOESNT_MATTER,0.00826688090835,-0.00716810054274,metadata = ['/Apply(camlHamming__Apply[45])/Apply(camlHamming__Apply[41])/Apply(camlHamming__Apply[26])']
hamming,correct = INLINE,predicted = DOESNT_MATTER,0.00750222515852,-0.00571481393518,metadata = ['/Decl(Hamming.make_hamming/433)/Decl(Hamming.anon-fn[hamming.ml:106,18--42]/502)/Apply(camlHamming__Apply[33])/Decl(Hamming.anon-fn[hamming.ml:70,7--78]/279)/Apply(camlHamming__Apply[15])']
hamming,correct = INLINE,predicted = DOESNT_MATTER,0.0108299459637,-0.00725025846042,metadata = ['/Apply(camlHamming__Apply[48])/Apply(camlGc__Over[8])']
hamming,correct = APPLY,predicted = DOESNT_MATTER,-0.00415298929551,0.00620047428551,metadata = ['/Apply(camlHamming__Apply[48])/Apply(camlGc__Over[6])']
hamming,correct = APPLY,predicted = DOESNT_MATTER,-0.0045914460439,0.0067000934982,metadata = ['/Decl(Hamming.check_string/540)/Apply(camlHamming__Apply[43])']
hamming,correct = INLINE,predicted = DOESNT_MATTER,0.00448385304108,-0.00674628824544,metadata = ['/Apply(camlHamming__Apply[48])/Apply(camlGc__Over[14])/Apply(camlCamlinternalFormat__Apply[589])/Apply(camlCamlinternalFormat__Apply[466])']
hamming,correct = DOESNT_MATTER,predicted = INLINE,0.000124658921676,2.78521587423e-05,metadata = ['/Apply(camlHamming__Apply[44])/Apply(camlHamming__Apply[36])/Apply(camlHamming__Apply[23])/Apply(camlHamming__Apply[23])/Apply(camlHamming__Apply[22])']
hamming,correct = APPLY,predicted = DOESNT_MATTER,-0.0193747631346,0.01902192503,metadata = ['/Apply(camlHamming__Apply[45])/Apply(camlHamming__Apply[41])/Apply(camlHamming__Apply[26])/Apply(camlHamming__Apply[24])']
hamming,correct = DOESNT_MATTER,predicted = APPLY,2.83258519687e-05,-2.32062976228e-05,metadata = ['/Apply(camlHamming__Apply[44])/Apply(camlHamming__Apply[35])/Decl(Hamming.anon-fn[hamming.ml:106,18--42]/502)/Decl(Hamming.anon-fn[hamming.ml:70,7--78]/279)/Decl(Hamming.map/272)/Decl(Hamming.anon-fn[hamming.ml:70,7--78]/279)/Apply(camlHamming__Apply[13])']
hamming,correct = APPLY,predicted = DOESNT_MATTER,-0.00324891577944,0.00832671608089,metadata = ['/Apply(camlHamming__Apply[45])/Apply(camlHamming__Over[42])/Apply(camlFormat__Apply[302])']
hamming,correct = INLINE,predicted = DOESNT_MATTER,0.0146130711462,-0.00339302269068,metadata = ['/Decl(Hamming.make_hamming/433)/Decl(Hamming.anon-fn[hamming.ml:104,18--42]/462)/Apply(camlHamming__Apply[29])']
hamming,correct = APPLY,predicted = DOESNT_MATTER,-0.00691093110134,0.00631255204779,metadata = ['/Apply(camlHamming__Apply[48])/Apply(camlGc__Over[11])/Apply(camlCamlinternalFormat__Apply[589])']
hamming,correct = INLINE,predicted = DOESNT_MATTER,0.0094870613906,-0.00705361219046,metadata = ['/Decl(Hamming.check_string/540)/Apply(camlHamming__Apply[41])/Apply(camlHamming__Apply[26])/Apply(camlHamming__Apply[26])']
hamming,correct = INLINE,predicted = DOESNT_MATTER,0.0178930321651,-0.0124301372176,metadata = ['/Apply(camlHamming__Apply[48])/Apply(camlGc__Over[8])/Apply(camlCamlinternalFormat__Apply[613])']
hamming,correct = INLINE,predicted = DOESNT_MATTER,0.00675850150536,-0.00602866101282,metadata = ['/Decl(Hamming.check_string/540)/Apply(camlHamming__Apply[41])/Decl(Hamming.iter/396)/Apply(camlHamming__Apply[24])']
kahan-sum,correct = INLINE,predicted = DOESNT_MATTER,0.00989696272066,-0.00365165735125,metadata = ['/Decl(Micro_bench_types.add/18)/Apply(camlMicro_bench_types__Apply[1])/Apply(camlPervasives__Apply[7])/Apply(camlPervasives__Apply[7])/Apply(camlPervasives__Apply[7])/Apply(camlPervasives__Apply[7])/Apply(camlPervasives__Apply[7])/Apply(camlPervasives__Apply[7])']
kb,correct = APPLY,predicted = DOESNT_MATTER,-0.00803415011219,0.00362850973793,metadata = ['/Decl(Kb.mrewrite1_sons/788)/Apply(camlKb__Apply[69])/Apply(camlKb__Apply[64])']
kb,correct = INLINE,predicted = DOESNT_MATTER,0.00469643169327,-0.00985613280229,metadata = ['/Decl(Kb.mutual_critical_pairs/1482)/Apply(camlKb__Apply[133])/Decl(Kb.mk_pair/1453)/Apply(camlKb__Apply[129])']
kb,correct = APPLY,predicted = DOESNT_MATTER,-0.00392852535773,0.0075829449079,metadata = ['/Decl(Kb.replace/237)/Apply(camlKb__Apply[12])/Apply(camlKb__Apply[13])']
kb,correct = DOESNT_MATTER,predicted = INLINE,0.0045792037493,-0.00133033360782,metadata = ['/Decl(Kb.can_match/683)/Apply(camlKb__Apply[57])']
kb,correct = APPLY,predicted = DOESNT_MATTER,-0.00674228189713,0.00696994351955,metadata = ['/Decl(Kb.pretty_rule/614)/Apply(camlKb__Apply[48])/Apply(camlPervasives__Apply[29])']
kb,correct = APPLY,predicted = DOESNT_MATTER,-0.00813644206127,0.00213407122069,metadata = ['/Apply(camlKb__Apply[201])/Apply(camlGc__Over[11])/Apply(camlCamlinternalFormat__Apply[589])']
kb,correct = APPLY,predicted = DOESNT_MATTER,-0.0137359408865,0.0133472577729,metadata = ['/Apply(camlKb__Apply[201])/Apply(camlGc__Over[11])']
kb,correct = APPLY,predicted = DOESNT_MATTER,-0.00973472490725,0.0078766625437,metadata = ['/Decl(Kb.mk_rule/527)/Apply(camlKb__Apply[41])/Apply(camlKb__Apply[3])']
kb,correct = INLINE,predicted = DOESNT_MATTER,0.0207016380096,-0.0176915018479,metadata = ['/Decl(Kb.super/1249)/Decl(Kb.collate/1259)/Apply(camlKb__Apply[111])']
kb,correct = INLINE,predicted = DOESNT_MATTER,0.00493977224696,-0.00600599949303,metadata = ['/Decl(Kb.union/152)/Apply(camlKb__Apply[1])/Apply(camlList__Apply[67])']
kb,correct = DOESNT_MATTER,predicted = INLINE,0.00157284468216,-0.000887813622369,metadata = ['/Decl(Kb.unify/419)/Decl(List.fold_left2/684)/Apply(camlList__Apply[52])']
kb,correct = INLINE,predicted = DOESNT_MATTER,0.0141553113711,-0.000614355755711,metadata = ['/Decl(Kb.super_strict/1326)/Apply(camlKb__Apply[120])/Apply(camlKb__Apply[119])']
kb,correct = INLINE,predicted = DOESNT_MATTER,0.0166341935854,-0.014371331716,metadata = ['/Decl(Kb.mrewrite1_sons/788)/Apply(camlKb__Apply[68])/Apply(camlKb__Apply[68])']
kb,correct = INLINE,predicted = DOESNT_MATTER,0.00627948176894,-0.00538422960067,metadata = ['/Decl(Kb.lex_ext/1057)/Decl(Kb.lexrec/1081)/Decl(List.for_all/740)/Apply(camlList__Apply[57])']
kb,correct = INLINE,predicted = APPLY,0.00952131347956,-0.0102311746268,metadata = ['/Decl(Kb.vars/174)/Apply(camlKb__Apply[4])/Apply(camlKb__Apply[6])']
kb,correct = APPLY,predicted = INLINE,-0.00864372853785,0.00764130555241,metadata = ['/Decl(Kb.vars_of_list/185)/Apply(camlKb__Apply[5])']
kb,correct = APPLY,predicted = DOESNT_MATTER,-0.0123841508782,0.0117553313822,metadata = ['/Decl(Kb.diff_eq/912)/Apply(camlKb__Apply[84])/Apply(camlKb__Apply[80])']
kb,correct = INLINE,predicted = DOESNT_MATTER,0.00563670904462,-0.00570793379759,metadata = ['/Decl(Kb.compsubst/366)/Apply(camlKb__Apply[25])/Apply(camlList__Apply[25])']
kb,correct = APPLY,predicted = DOESNT_MATTER,-0.00886737468955,0.00725426442962,metadata = ['/Decl(Kb.super/1249)/Apply(camlKb__Apply[113])/Apply(camlKb__Apply[111])']
kb,correct = APPLY,predicted = DOESNT_MATTER,-0.0094459701402,0.00811398252454,metadata = ['/Decl(Kb.kb_completion/1656)/Decl(Kb.kbrec/1674)/Decl(Kb.process/1698)/Apply(camlKb__Apply[177])']
kb,correct = INLINE,predicted = APPLY,0.00786475551168,-0.00594726747701,metadata = ['/Decl(Kb.super/1249)/Apply(camlKb__Apply[113])']
kb,correct = INLINE,predicted = DOESNT_MATTER,0.0110482885587,-0.00830965100228,metadata = ['/Decl(Kb.substitute/202)/Apply(camlKb__Apply[10])']
kb,correct = DOESNT_MATTER,predicted = INLINE,-0.000559218264626,0.00333526400672,metadata = ['/Decl(Kb.mk_rule/527)/Apply(camlKb__Apply[40])']
kb,correct = INLINE,predicted = DOESNT_MATTER,0.0118575377419,-0.010006663373,metadata = ['/Decl(Kb.super_strict/1326)/Decl(Kb.collate/1336)/Apply(camlKb__Apply[118])']
kb,correct = INLINE,predicted = DOESNT_MATTER,0.00901359419252,-0.00726622245113,metadata = ['/Apply(camlKb__Apply[201])/Apply(camlGc__Apply[10])/Apply(camlPrintf__Apply[18])']
kb,correct = APPLY,predicted = INLINE,-0.0248445933503,0.0229381429271,metadata = ['/Decl(Kb.critical_pairs/1389)/Decl(Kb.mk_pair/1406)/Apply(camlKb__Apply[122])']
kb,correct = APPLY,predicted = DOESNT_MATTER,-0.0100386288019,0.00960481470069,metadata = ['/Decl(Kb.diff_eq/912)/Apply(camlKb__Apply[83])']
kb,correct = INLINE,predicted = DOESNT_MATTER,0.0103872152945,-0.00877761973388,metadata = ['/Decl(Kb.lex_ext/1057)/Decl(Kb.lexrec/1081)/Decl(List.for_all/740)/Apply(camlList__Apply[58])']
kb,correct = INLINE,predicted = DOESNT_MATTER,0.00744402220735,-0.00725420677378,metadata = ['/Decl(Kb.kb_complete/1990)/Apply(camlKb__Apply[192])']
kb,correct = INLINE,predicted = DOESNT_MATTER,0.017497206119,-0.0195166400169,metadata = ['/Apply(camlKb__Apply[199])/Apply(camlKb__Apply[188])']
kb,correct = APPLY,predicted = DOESNT_MATTER,-0.00423710372887,0.00858373579343,metadata = ['/Decl(Kb.rename/1497)/Decl(Kb.ren_rec/1503)/Apply(camlKb__Apply[136])/Apply(camlList__Apply[25])']
kb,correct = DOESNT_MATTER,predicted = INLINE,0.0050145361336,-0.00482472070002,metadata = ['/Decl(Kb.non_orientable/1571)/Apply(camlKb__Apply[143])']
kb,correct = DOESNT_MATTER,predicted = APPLY,-0.00203478261453,-0.00416552307431,metadata = ['/Decl(Kb.diff_eq/912)/Apply(camlKb__Apply[83])/Apply(camlKb__Apply[78])']
kb,correct = APPLY,predicted = DOESNT_MATTER,-0.00864420948954,0.00700165344349,metadata = ['/Decl(Kb.check_rules/574)/Apply(camlKb__Apply[47])/Apply(camlList__Apply[32])']
kb,correct = APPLY,predicted = DOESNT_MATTER,-0.0113968667102,0.0102144921104,metadata = ['/Decl(Kb.super_strict/1326)/Decl(Kb.collate/1336)/Apply(camlKb__Apply[117])']
kb,correct = DOESNT_MATTER,predicted = INLINE,-0.00269706893467,0.00337460253426,metadata = ['/Decl(Kb.rem_eq/886)/Apply(camlKb__Apply[77])']
kb,correct = INLINE,predicted = DOESNT_MATTER,0.00851084480246,-0.00683154057668,metadata = ['/Decl(Kb.rpo/1162)/Decl(Kb.rporec/1173)/Apply(camlKb__Apply[103])']
kb,correct = INLINE,predicted = DOESNT_MATTER,0.00521555150602,-0.00619771227119,metadata = ['/Decl(Kb.kb_complete/1990)/Decl(List.map/427)/Apply(camlList__Apply[25])/Apply(camlList__Apply[24])']
kb,correct = APPLY,predicted = DOESNT_MATTER,-0.017427422877,0.0138218162416,metadata = ['/Decl(Kb.match_rec/301)/Apply(camlKb__Apply[21])/Decl(List.fold_left2/684)/Apply(camlList__Apply[53])']
kb,correct = DOESNT_MATTER,predicted = INLINE,-0.0012027252237,0.00161238960513,metadata = ['/Decl(Kb.kb_complete/1990)/Apply(camlKb__Apply[189])/Decl(List.map/427)/Apply(camlList__Apply[24])']
kb,correct = INLINE,predicted = DOESNT_MATTER,0.0204794860534,-0.017624358887,metadata = ['/Decl(Kb.lex_ext/1057)/Decl(Kb.lexrec/1081)/Decl(Kb.anon-fn[kb.ml:293,39--70]/1107)/Apply(camlKb__Apply[93])']
kb,correct = DOESNT_MATTER,predicted = INLINE,0.00237516289256,-0.00203930510279,metadata = ['/Decl(Kb.reducible/704)/Apply(camlKb__Apply[58])/Apply(camlKb__Apply[57])/Apply(camlKb__Apply[22])']
kb,correct = INLINE,predicted = DOESNT_MATTER,0.0224073427728,-0.0239669876012,metadata = ['/Decl(Kb.union/152)/Apply(camlKb__Apply[3])/Apply(camlKb__Apply[3])']
kb,correct = DOESNT_MATTER,predicted = INLINE,0.000697546145316,-0.000507730711738,metadata = ['/Decl(Kb.mreduce/724)/Apply(camlKb__Apply[61])']
kb,correct = INLINE,predicted = DOESNT_MATTER,0.00548305728023,-0.00529324184665,metadata = ['/Decl(Kb.pretty_rule/614)/Apply(camlKb__Apply[53])']
kb,correct = APPLY,predicted = INLINE,-0.0251831813543,0.0218994545321,metadata = ['/Decl(Kb.replace_nth/262)/Apply(camlKb__Apply[14])']
kb,correct = APPLY,predicted = DOESNT_MATTER,-0.0114535725568,0.00687385114894,metadata = ['/Decl(Kb.can_match/683)/Apply(camlKb__Apply[57])/Apply(camlKb__Apply[22])/Apply(camlKb__Apply[21])']
kb,correct = DOESNT_MATTER,predicted = INLINE,0.00201251017606,-0.000609900275379,metadata = ['/Decl(Kb.occurs/398)/Apply(camlKb__Apply[28])']
kb,correct = DOESNT_MATTER,predicted = APPLY,-0.000755338969455,-0.000602231210218,metadata = ['/Decl(Kb.can_match/683)/Apply(camlKb__Apply[57])/Apply(camlKb__Apply[22])/Apply(camlKb__Apply[21])/Apply(camlList__Apply[53])']
kb,correct = INLINE,predicted = DOESNT_MATTER,0.0121688510377,-0.0120929248643,metadata = ['/Decl(Kb.kb_complete/1990)/Decl(List.map/427)/Apply(camlList__Apply[24])']
kb,correct = INLINE,predicted = DOESNT_MATTER,0.00999550867353,-0.0075935695783,metadata = ['/Decl(Kb.mk_rule/527)/Apply(camlKb__Apply[43])']
kb,correct = INLINE,predicted = DOESNT_MATTER,0.00958790146321,-0.00647454745846,metadata = ['/Decl(Kb.mk_rule/527)/Apply(camlKb__Apply[43])/Apply(camlList__Apply[24])']
kb,correct = DOESNT_MATTER,predicted = INLINE,0.00298565769567,-0.00220202210804,metadata = ['/Decl(Kb.mk_rule/527)/Apply(camlKb__Apply[42])']
kb,correct = INLINE,predicted = DOESNT_MATTER,0.00530848449772,-0.0061581523656,metadata = ['/Decl(Kb.vars_of_list/185)/Apply(camlKb__Apply[7])/Apply(camlKb__Apply[2])']
kb,correct = APPLY,predicted = DOESNT_MATTER,-0.00888931777231,0.00219226666963,metadata = ['/Decl(Kb.match_rec/301)/Decl(List.fold_left2/684)/Apply(camlList__Apply[53])/Apply(camlList__Apply[53])']
kb,correct = INLINE,predicted = DOESNT_MATTER,0.0241157392126,-0.017868214234,metadata = ['/Decl(Kb.pretty_rules/658)/Decl(List.iter/504)/Apply(camlList__Apply[33])']
kb,correct = INLINE,predicted = DOESNT_MATTER,0.00894676734635,-0.0072082522734,metadata = ['/Decl(Kb.unify/419)/Apply(camlKb__Apply[38])/Decl(List.fold_left2/684)/Apply(camlList__Apply[52])']
kb,correct = APPLY,predicted = DOESNT_MATTER,-0.00582179717334,0.00502823890985,metadata = ['/Decl(Kb.rpo/1162)/Decl(Kb.rporec/1173)/Decl(Kb.anon-fn[kb.ml:321,39--71]/1222)/Apply(camlKb__Apply[105])']
kb,correct = INLINE,predicted = DOESNT_MATTER,0.0027918606815,-0.0109595918487,metadata = ['/Decl(Kb.strict_critical_pairs/1436)/Decl(Kb.mk_pair/1453)/Apply(camlKb__Apply[129])/Apply(camlKb__Apply[8])']
kb,correct = INLINE,predicted = DOESNT_MATTER,0.014790570836,-0.0102992750084,metadata = ['/Decl(Kb.mk_rule/527)/Apply(camlKb__Apply[45])/Apply(camlKb__Apply[10])']
kb,correct = INLINE,predicted = DOESNT_MATTER,0.00960550113975,-0.0211184490301,metadata = ['/Decl(Kb.rpo/1162)/Decl(Kb.rporec/1173)/Decl(List.exists/756)/Apply(camlList__Apply[60])']
kb,correct = INLINE,predicted = DOESNT_MATTER,0.0059077066099,-0.00424397289274,metadata = ['/Decl(Kb.kb_completion/1656)/Decl(Kb.kbrec/1674)/Decl(Kb.process/1698)/Decl(Kb.enter_rule/1782)/Apply(camlKb__Apply[163])']
kb,correct = DOESNT_MATTER,predicted = APPLY,-0.00168305542841,0.00222695834443,metadata = ['/Decl(Kb.replace_nth/262)/Apply(camlKb__Apply[15])/Apply(camlKb__Apply[12])']
kb,correct = APPLY,predicted = DOESNT_MATTER,-0.0120938933345,0.011381433951,metadata = ['/Decl(Kb.check_rules/574)/Decl(List.iter/504)/Apply(camlList__Apply[33])']
kb,correct = APPLY,predicted = DOESNT_MATTER,-0.0197438114609,0.0180098647739,metadata = ['/Decl(Kb.match_rec/301)/Apply(camlKb__Apply[17])/Apply(camlList__Apply[69])']
kb,correct = INLINE,predicted = DOESNT_MATTER,0.0116540418482,-0.00660454188455,metadata = ['/Decl(Kb.replace/237)/Apply(camlKb__Apply[12])/Apply(camlKb__Apply[15])']
kb,correct = APPLY,predicted = INLINE,-0.00781227272857,0.007888198902,metadata = ['/Decl(Kb.check_rules/574)/Decl(Kb.anon-fn[kb.ml:153,12--139]/584)/Apply(camlKb__Apply[46])']
kb,correct = APPLY,predicted = DOESNT_MATTER,-0.0113108764846,0.010781037941,metadata = ['/Decl(Kb.pretty_rules/658)/Decl(List.iter/504)/Apply(camlList__Apply[32])']
kb,correct = INLINE,predicted = DOESNT_MATTER,0.0096432939844,-0.00945347855082,metadata = ['/Decl(Kb.mrewrite1/760)/Apply(camlKb__Apply[64])']
kb,correct = APPLY,predicted = DOESNT_MATTER,-0.00996932088201,0.00707380398689,metadata = ['/Apply(camlKb__Apply[201])/Apply(camlGc__Over[8])/Apply(camlCamlinternalFormat__Apply[613])']
kb,correct = DOESNT_MATTER,predicted = INLINE,0.00481005770148,-0.00308326953369,metadata = ['/Decl(Kb.critical_pairs/1389)/Decl(Kb.mk_pair/1406)/Apply(camlKb__Apply[123])']
kb,correct = DOESNT_MATTER,predicted = APPLY,0.00154802392816,-0.00114468795276,metadata = ['/Decl(Kb.partition/1600)/Apply(camlKb__Apply[148])']
kb,correct = INLINE,predicted = DOESNT_MATTER,0.00755445207904,-0.00736463664547,metadata = ['/Decl(Kb.unify/419)/Apply(camlKb__Apply[33])']
kb,correct = DOESNT_MATTER,predicted = INLINE,-0.00062143513824,-0.00242805602478,metadata = ['/Decl(Kb.reducible/704)/Apply(camlKb__Apply[60])/Apply(camlList__Apply[60])']
kb,correct = INLINE,predicted = DOESNT_MATTER,0.0107301608103,-0.0120327987967,metadata = ['/Decl(Kb.kb_complete/1990)/Apply(camlKb__Apply[191])/Apply(camlPervasives__Apply[26])']
kb,correct = APPLY,predicted = DOESNT_MATTER,-0.00811087693422,0.00663628803286,metadata = ['/Apply(camlKb__Apply[199])/Apply(camlKb__Apply[189])']
kb,correct = APPLY,predicted = DOESNT_MATTER,-0.00948869759758,0.0119529721947,metadata = ['/Decl(Kb.union/152)/Apply(camlKb__Apply[3])']
kb,correct = APPLY,predicted = INLINE,-0.00831662038867,0.00757907137326,metadata = ['/Decl(Kb.reducible/704)/Apply(camlKb__Apply[60])']
kb,correct = DOESNT_MATTER,predicted = APPLY,-0.00118081255068,0.00333726841299,metadata = ['/Decl(Kb.anon-fn[kb.ml:96,24--153]/478)/Apply(camlKb__Apply[34])']
kb,correct = INLINE,predicted = DOESNT_MATTER,0.0075062137221,-0.00858936087229,metadata = ['/Decl(Kb.mrewrite_all/822)/Apply(camlKb__Apply[71])/Apply(camlKb__Apply[70])']
kb,correct = INLINE,predicted = DOESNT_MATTER,0.00967729004056,-0.00228352869744,metadata = ['/Decl(Kb.match_rec/301)/Apply(camlKb__Apply[17])']
kb,correct = INLINE,predicted = DOESNT_MATTER,0.00606237769736,-0.00404536647381,metadata = ['/Apply(camlKb__Apply[201])/Apply(camlGc__Over[13])']
kb,correct = APPLY,predicted = DOESNT_MATTER,-0.00773457010349,0.0109764728213,metadata = ['/Decl(Kb.mrewrite1/760)/Apply(camlKb__Apply[66])']
kb,correct = DOESNT_MATTER,predicted = APPLY,0.00324949136546,-0.0026114702263,metadata = ['/Decl(Kb.mutual_critical_pairs/1482)/Apply(camlKb__Apply[135])']
kb,correct = INLINE,predicted = DOESNT_MATTER,0.00723049963765,-0.00669935649356,metadata = ['/Decl(Kb.kb_completion/1656)/Decl(Kb.kbrec/1674)/Decl(Kb.next_criticals/1909)/Apply(camlKb__Apply[183])']
kb,correct = APPLY,predicted = INLINE,-0.0277628648164,0.0255578189593,metadata = ['/Decl(Kb.compsubst/366)/Decl(Kb.anon-fn[kb.ml:77,12--51]/373)/Apply(camlKb__Apply[23])']
kb,correct = APPLY,predicted = INLINE,-0.00589628058813,0.00523516944856,metadata = ['/Decl(Kb.kb_complete/1990)/Apply(camlKb__Apply[193])']
kb,correct = DOESNT_MATTER,predicted = APPLY,0.00189958557342,-0.00182365939999,metadata = ['/Decl(Kb.super/1249)/Decl(Kb.collate/1259)/Apply(camlKb__Apply[109])']
kb,correct = INLINE,predicted = DOESNT_MATTER,0.0118635266182,-0.0126495981451,metadata = ['/Apply(camlKb__Apply[199])/Apply(camlKb__Apply[191])/Apply(camlPervasives__Apply[26])']
kb,correct = APPLY,predicted = INLINE,-0.0211972738235,0.0201395914563,metadata = ['/Decl(Kb.strict_critical_pairs/1436)/Decl(Kb.mk_pair/1453)/Apply(camlKb__Apply[129])']
kb,correct = INLINE,predicted = DOESNT_MATTER,0.0115695983487,-0.0146171760887,metadata = ['/Decl(Kb.critical_pairs/1389)/Decl(Kb.mk_pair/1406)/Apply(camlKb__Apply[121])/Apply(camlKb__Apply[11])']
kb,correct = APPLY,predicted = DOESNT_MATTER,-0.0119984448649,0.0116484145972,metadata = ['/Decl(Kb.kb_completion/1656)/Decl(Kb.kbrec/1674)/Decl(Kb.next_criticals/1909)/Apply(camlKb__Apply[185])']
kb,correct = APPLY,predicted = DOESNT_MATTER,-0.00775112402678,0.00654437446892,metadata = ['/Decl(Kb.can_match/683)/Apply(camlKb__Apply[57])/Apply(camlKb__Apply[22])/Apply(camlKb__Apply[18])']
kb,correct = INLINE,predicted = DOESNT_MATTER,0.0217131732632,-0.0171658248208,metadata = ['/Decl(Kb.match_rec/301)/Apply(camlKb__Apply[16])']
kb,correct = APPLY,predicted = DOESNT_MATTER,-0.00631427974807,0.00547371507977,metadata = ['/Decl(Kb.mult_ext/985)/Decl(Kb.anon-fn[kb.ml:277,16--71]/1017)/Decl(Kb.anon-fn[kb.ml:277,38--67]/1024)/Apply(camlKb__Apply[88])']
kb,correct = INLINE,predicted = DOESNT_MATTER,0.00711264550947,-0.00367566918885,metadata = ['/Decl(Kb.mutual_critical_pairs/1482)/Apply(camlKb__Apply[134])/Decl(Kb.mk_pair/1406)/Apply(camlKb__Apply[121])']
kb,correct = APPLY,predicted = INLINE,-0.0107707340714,0.0102332650582,metadata = ['/Decl(Kb.super/1249)/Decl(Kb.collate/1259)/Apply(camlKb__Apply[112])']
kb,correct = APPLY,predicted = DOESNT_MATTER,-0.0106182401768,0.00928631283198,metadata = ['/Decl(Kb.anon-fn[kb.ml:96,24--153]/478)/Apply(camlKb__Apply[34])/Apply(camlKb__Apply[10])']
kb,correct = APPLY,predicted = DOESNT_MATTER,-0.0129861257857,0.0128775684978,metadata = ['/Decl(Kb.rpo/1162)/Decl(Kb.rporec/1173)/Apply(camlKb__Apply[106])']
kb,correct = INLINE,predicted = DOESNT_MATTER,0.0102645770061,-0.0106053452316,metadata = ['/Apply(camlKb__Apply[199])/Apply(camlKb__Apply[193])']
kb,correct = APPLY,predicted = DOESNT_MATTER,-0.0063341167045,0.00749316278221,metadata = ['/Decl(Kb.rename/1497)/Apply(camlKb__Apply[138])/Apply(camlKb__Apply[136])']
kb,correct = APPLY,predicted = DOESNT_MATTER,-0.00559747163881,0.00580139795467,metadata = ['/Decl(Kb.kb_complete/1990)/Apply(camlKb__Apply[188])']
kb,correct = DOESNT_MATTER,predicted = APPLY,-0.0015344936831,0.00144690061486,metadata = ['/Decl(Kb.reduce/672)/Apply(camlKb__Apply[55])/Apply(camlKb__Apply[22])/Apply(camlKb__Apply[21])/Apply(camlList__Apply[53])']
kb,correct = INLINE,predicted = DOESNT_MATTER,0.00709776387681,-0.00605523935343,metadata = ['/Decl(Kb.union/152)/Apply(camlKb__Apply[2])/Apply(camlKb__Apply[3])']
kb,correct = INLINE,predicted = DOESNT_MATTER,0.0143420054786,-0.0119763282941,metadata = ['/Apply(camlKb__Apply[201])/Apply(camlGc__Over[7])/Apply(camlCamlinternalFormat__Apply[613])']
kb,correct = APPLY,predicted = DOESNT_MATTER,-0.00615769109029,0.00880776576439,metadata = ['/Decl(Kb.compsubst/366)/Apply(camlKb__Apply[26])/Apply(camlPervasives__Apply[7])']
kb,correct = APPLY,predicted = DOESNT_MATTER,-0.00489318368703,0.00852409374819,metadata = ['/Decl(Kb.mk_rule/527)/Apply(camlKb__Apply[45])/Apply(camlKb__Apply[8])']
kb,correct = INLINE,predicted = DOESNT_MATTER,0.0155301779978,-0.0153403625642,metadata = ['/Decl(Kb.match_rec/301)/Apply(camlKb__Apply[20])']
kb,correct = DOESNT_MATTER,predicted = INLINE,3.48538029113e-05,0.000154961630666,metadata = ['/Decl(Kb.lex_ext/1057)/Apply(camlKb__Apply[91])']
kb,correct = APPLY,predicted = INLINE,-0.0119556886791,0.0144103039742,metadata = ['/Decl(Kb.strict_critical_pairs/1436)/Apply(camlKb__Apply[131])']
kb,correct = DOESNT_MATTER,predicted = INLINE,-0.00299677402742,0.003186589461,metadata = ['/Decl(Kb.replace_nth/262)/Apply(camlKb__Apply[13])']
kb,correct = INLINE,predicted = DOESNT_MATTER,0.0190020449373,-0.0167269456978,metadata = ['/Decl(Kb.lex_ext/1057)/Decl(Kb.lexrec/1081)/Decl(List.exists/756)/Apply(camlList__Apply[59])']
kb,correct = DOESNT_MATTER,predicted = INLINE,-0.00164598011213,0.00183579554571,metadata = ['/Decl(Kb.pretty_rule/614)/Apply(camlKb__Apply[50])']
kb,correct = INLINE,predicted = DOESNT_MATTER,0.0134639716923,-0.0135705328142,metadata = ['/Decl(Kb.vars/174)/Apply(camlKb__Apply[4])/Apply(camlKb__Apply[5])']
kb,correct = INLINE,predicted = DOESNT_MATTER,0.0111017346438,-0.0110713641744,metadata = ['/Decl(Kb.kb_completion/1656)/Decl(Kb.kbrec/1674)/Decl(Kb.process/1698)/Apply(camlKb__Apply[152])']
kb,correct = APPLY,predicted = DOESNT_MATTER,-0.0121255363671,0.0102239857733,metadata = ['/Apply(camlKb__Apply[199])/Apply(camlKb__Apply[192])']
kb,correct = INLINE,predicted = DOESNT_MATTER,0.00309073801702,-0.00837712630072,metadata = ['/Decl(Kb.mk_rule/527)/Apply(camlKb__Apply[44])/Apply(camlKb__Apply[10])']
kb,correct = INLINE,predicted = DOESNT_MATTER,0.00549461647621,-0.00530480104263,metadata = ['/Decl(Kb.group_precedence/2189)/Apply(camlKb__Apply[196])']
kb,correct = INLINE,predicted = DOESNT_MATTER,0.0204890917442,0.00974284870397,metadata = ['/Decl(Kb.reduce/672)/Apply(camlKb__Apply[55])/Apply(camlKb__Apply[22])/Apply(camlKb__Apply[20])']
kb,correct = INLINE,predicted = APPLY,0.00918192483189,-0.00546733923982,metadata = ['/Decl(Kb.mrewrite1_sons/788)/Apply(camlKb__Apply[68])']
kb,correct = INLINE,predicted = APPLY,0.00667276544715,-0.00661901505464,metadata = ['/Decl(Kb.vars_of_list/185)/Apply(camlKb__Apply[6])/Apply(camlKb__Apply[6])']
kb,correct = INLINE,predicted = DOESNT_MATTER,0.00741967004317,-0.00698407226033,metadata = ['/Decl(Kb.replace_nth/262)/Apply(camlKb__Apply[15])/Apply(camlKb__Apply[11])']
kb,correct = APPLY,predicted = DOESNT_MATTER,-0.00982786495233,0.00768731553481,metadata = ['/Decl(Kb.check_rules/574)/Apply(camlKb__Apply[47])/Apply(camlList__Apply[33])']
kb,correct = INLINE,predicted = DOESNT_MATTER,0.0078004072381,-0.00761059180452,metadata = ['/Decl(Kb.non_orientable/1571)/Apply(camlKb__Apply[146])']
kb,correct = INLINE,predicted = DOESNT_MATTER,0.0109208736367,-0.0102525635555,metadata = ['/Decl(Kb.vars_of_list/185)/Apply(camlKb__Apply[6])/Apply(camlKb__Apply[7])']
kb,correct = APPLY,predicted = DOESNT_MATTER,-0.00704347312486,0.00615298638212,metadata = ['/Decl(Kb.mult_ext/985)/Apply(camlKb__Apply[90])/Apply(camlList__Apply[58])']
kb,correct = APPLY,predicted = DOESNT_MATTER,-0.0054005553003,0.00608122289794,metadata = ['/Decl(Kb.non_orientable/1571)/Apply(camlKb__Apply[144])']
kb,correct = APPLY,predicted = DOESNT_MATTER,-0.00567916996574,0.00960678343448,metadata = ['/Decl(Kb.diff_eq/912)/Apply(camlKb__Apply[84])/Apply(camlKb__Apply[79])']
kb,correct = INLINE,predicted = DOESNT_MATTER,0.00420035326829,-0.00601556603068,metadata = ['/Decl(Kb.super_strict/1326)/Apply(camlKb__Apply[120])/Apply(camlKb__Apply[116])']
kb,correct = DOESNT_MATTER,predicted = INLINE,0.00337262636801,-0.00318281093444,metadata = ['/Decl(Kb.mult_ext/985)/Apply(camlKb__Apply[85])']
kb,correct = INLINE,predicted = DOESNT_MATTER,0.0115467423399,-0.0104604555624,metadata = ['/Decl(Kb.check_rules/574)/Apply(camlKb__Apply[47])/Decl(List.iter/504)/Apply(camlList__Apply[33])']
kb,correct = INLINE,predicted = DOESNT_MATTER,0.0183295894693,0.00687081216745,metadata = ['/Decl(Kb.reduce/672)/Apply(camlKb__Apply[55])/Apply(camlKb__Apply[22])/Apply(camlKb__Apply[19])']
kb,correct = INLINE,predicted = DOESNT_MATTER,0.0115609179568,-0.00641632423093,metadata = ['/Decl(Kb.substitute/202)/Apply(camlKb__Apply[10])/Apply(camlList__Apply[25])']
kb,correct = APPLY,predicted = INLINE,-0.00668368878771,0.00687350422129,metadata = ['/Decl(Kb.anon-fn[kb.ml:96,24--153]/478)/Apply(camlKb__Apply[36])']
kb,correct = DOESNT_MATTER,predicted = INLINE,-0.00115014421588,0.00318558337636,metadata = ['/Decl(Kb.rename/1497)/Decl(Kb.ren_rec/1503)/Apply(camlKb__Apply[136])/Decl(List.map/427)/Apply(camlList__Apply[25])']
kb,correct = APPLY,predicted = DOESNT_MATTER,-0.00674244792402,0.00343252108881,metadata = ['/Decl(Kb.mreduce/724)/Apply(camlKb__Apply[62])/Apply(camlKb__Apply[62])']
kb,correct = INLINE,predicted = DOESNT_MATTER,0.0140174589859,-0.0126585668106,metadata = ['/Decl(Kb.rename/1497)/Decl(Kb.ren_rec/1503)/Decl(List.map/427)/Apply(camlList__Apply[25])']
kb,correct = APPLY,predicted = DOESNT_MATTER,-0.00494088295916,0.0056977000444,metadata = ['/Decl(Kb.critical_pairs/1389)/Decl(Kb.mk_pair/1406)/Apply(camlKb__Apply[123])/Apply(camlKb__Apply[10])']
kb,correct = DOESNT_MATTER,predicted = APPLY,-0.000235025888126,0.00130173389899,metadata = ['/Decl(Kb.critical_pairs/1389)/Apply(camlKb__Apply[125])']
kb,correct = INLINE,predicted = DOESNT_MATTER,0.00562563610088,-0.00557920689383,metadata = ['/Decl(Kb.mrewrite_all/822)/Apply(camlKb__Apply[70])/Apply(camlKb__Apply[66])']
kb,correct = DOESNT_MATTER,predicted = APPLY,0.000343252169014,-0.00142848858798,metadata = ['/Decl(Kb.mk_rule/527)/Apply(camlKb__Apply[40])/Apply(camlKb__Apply[4])/Apply(camlKb__Apply[6])']
kb,correct = DOESNT_MATTER,predicted = INLINE,0.00392844075415,-0.00315642089043,metadata = ['/Decl(Kb.unify/419)/Apply(camlKb__Apply[29])']
kb,correct = APPLY,predicted = INLINE,-0.00762532919222,0.00905888018909,metadata = ['/Decl(Kb.rename/1497)/Apply(camlKb__Apply[137])']
kb,correct = INLINE,predicted = DOESNT_MATTER,0.00262220543407,-0.00767099904203,metadata = ['/Decl(Kb.pretty_rules/658)/Apply(camlKb__Apply[54])/Decl(List.iter/504)/Apply(camlList__Apply[33])']
kb,correct = INLINE,predicted = DOESNT_MATTER,0.00746673871481,-0.008095003047,metadata = ['/Decl(Kb.diff_eq/912)/Decl(Kb.diffrec/923)/Apply(camlKb__Apply[79])/Apply(camlKb__Apply[75])']
kb,correct = DOESNT_MATTER,predicted = INLINE,0.00490770898667,-0.00380447241936,metadata = ['/Decl(Kb.mult_ext/985)/Decl(Kb.anon-fn[kb.ml:277,16--71]/1017)/Decl(List.exists/756)/Apply(camlList__Apply[60])']
kb,correct = DOESNT_MATTER,predicted = APPLY,0.00010680558336,0.00096132907264,metadata = ['/Decl(Kb.vars_of_list/185)/Apply(camlKb__Apply[6])/Apply(camlKb__Apply[5])/Apply(camlKb__Apply[4])']
kb,correct = DOESNT_MATTER,predicted = APPLY,0.00106473555572,0.000230198416529,metadata = ['/Decl(Kb.mrewrite1/760)/Apply(camlKb__Apply[65])']
kb,correct = INLINE,predicted = DOESNT_MATTER,0.00492916865964,-0.00694518761009,metadata = ['/Decl(Kb.critical_pairs/1389)/Decl(Kb.mk_pair/1406)/Apply(camlKb__Apply[121])/Apply(camlKb__Apply[12])']
kb,correct = INLINE,predicted = DOESNT_MATTER,0.0062959938813,-0.00495451333854,metadata = ['/Decl(Kb.strict_critical_pairs/1436)/Apply(camlKb__Apply[132])']
kb,correct = INLINE,predicted = DOESNT_MATTER,-0.00305737450018,-0.0137548222819,metadata = ['/Decl(Kb.mreduce/724)/Apply(camlKb__Apply[63])/Apply(camlKb__Apply[56])']
kb,correct = INLINE,predicted = APPLY,0.0103290509914,-0.00661612925209,metadata = ['/Decl(Kb.compsubst/366)/Apply(camlKb__Apply[26])']
kb,correct = APPLY,predicted = DOESNT_MATTER,-0.00817804252378,0.00606684184553,metadata = ['/Decl(Kb.anon-fn[kb.ml:96,24--153]/478)/Apply(camlKb__Apply[37])/Apply(camlKb__Apply[26])']
kb,correct = INLINE,predicted = DOESNT_MATTER,0.00901359419252,-0.00726622245113,metadata = ['/Apply(camlKb__Apply[201])/Apply(camlGc__Apply[5])/Apply(camlPrintf__Apply[18])']
kb,correct = APPLY,predicted = INLINE,-0.00782535521316,0.00925736723191,metadata = ['/Decl(Kb.super_strict/1326)/Apply(camlKb__Apply[120])']
kb,correct = APPLY,predicted = DOESNT_MATTER,-0.00716618719869,0.00621354233709,metadata = ['/Decl(Kb.mult_ext/985)/Apply(camlKb__Apply[90])/Apply(camlList__Apply[57])']
kb,correct = APPLY,predicted = DOESNT_MATTER,-0.00723411402274,0.00658261624928,metadata = ['/Decl(Kb.anon-fn[kb.ml:96,24--153]/478)/Apply(camlKb__Apply[37])/Decl(Kb.anon-fn[kb.ml:77,12--51]/373)/Apply(camlKb__Apply[23])']
kb,correct = APPLY,predicted = DOESNT_MATTER,-0.00704336615655,0.00362823070586,metadata = ['/Apply(camlKb__Apply[199])/Apply(camlKb__Apply[189])/Apply(camlList__Apply[24])']
kb,correct = APPLY,predicted = DOESNT_MATTER,-0.00772245296247,0.0064634717707,metadata = ['/Decl(Kb.anon-fn[kb.ml:96,24--153]/478)/Apply(camlKb__Apply[34])/Apply(camlKb__Apply[8])']
kb,correct = APPLY,predicted = DOESNT_MATTER,-0.00661096862758,0.00589866249197,metadata = ['/Decl(Kb.rpo/1162)/Decl(Kb.rporec/1173)/Decl(List.for_all/740)/Apply(camlList__Apply[58])']
kb,correct = APPLY,predicted = DOESNT_MATTER,-0.0165437204095,0.0118295257571,metadata = ['/Decl(Kb.mrewrite1/760)/Apply(camlKb__Apply[66])/Apply(camlKb__Apply[62])']
kb,correct = INLINE,predicted = DOESNT_MATTER,0.00875652632945,-0.00872615586008,metadata = ['/Decl(Kb.kb_completion/1656)/Decl(Kb.kbrec/1674)/Decl(Kb.next_criticals/1909)/Apply(camlKb__Apply[178])']
kb,correct = APPLY,predicted = DOESNT_MATTER,-0.00611313947961,0.00753957641507,metadata = ['/Decl(Kb.anon-fn[kb.ml:96,24--153]/478)/Apply(camlKb__Apply[37])']
kb,correct = INLINE,predicted = DOESNT_MATTER,0.0140812634222,-0.0128936634686,metadata = ['/Apply(camlKb__Apply[201])/Apply(camlGc__Over[12])/Apply(camlCamlinternalFormat__Apply[589])']
kb,correct = DOESNT_MATTER,predicted = APPLY,-0.00490791899424,0.00500815292774,metadata = ['/Decl(Kb.kb_completion/1656)/Decl(Kb.kbrec/1674)/Decl(Kb.next_criticals/1909)/Apply(camlKb__Apply[179])']
kb,correct = APPLY,predicted = DOESNT_MATTER,-0.00545449922278,0.00496984430787,metadata = ['/Decl(Kb.mk_rule/527)/Decl(List.map/427)/Apply(camlList__Apply[25])']
kb,correct = INLINE,predicted = DOESNT_MATTER,0.0115721111471,-0.0105479501936,metadata = ['/Decl(Kb.kb_complete/1990)/Apply(camlKb__Apply[189])/Apply(camlList__Apply[24])']
kb,correct = INLINE,predicted = APPLY,0.0127546660873,-0.00888745971931,metadata = ['/Decl(Kb.mk_rule/527)/Apply(camlKb__Apply[45])']
kb,correct = INLINE,predicted = APPLY,0.00693584826014,-0.00593919863139,metadata = ['/Decl(Kb.kb_completion/1656)/Decl(Kb.kbrec/1674)/Decl(Kb.process/1698)/Apply(camlKb__Apply[157])']
kb,correct = INLINE,predicted = DOESNT_MATTER,0.0100914579335,-0.0123160557355,metadata = ['/Decl(Kb.rename/1497)/Apply(camlKb__Apply[137])/Apply(camlKb__Apply[136])']
kb,correct = INLINE,predicted = DOESNT_MATTER,0.0105157597955,-0.0088867938375,metadata = ['/Apply(camlKb__Apply[201])/Apply(camlGc__Over[6])/Apply(camlCamlinternalFormat__Apply[612])']
kb,correct = DOESNT_MATTER,predicted = APPLY,-0.00321566506626,0.00506153652352,metadata = ['/Decl(Kb.strict_critical_pairs/1436)/Apply(camlKb__Apply[131])/Apply(camlKb__Apply[120])']
kb,correct = APPLY,predicted = DOESNT_MATTER,-0.00683328601517,0.0053307169363,metadata = ['/Decl(Kb.kb_complete/1990)/Apply(camlKb__Apply[194])']
kb,correct = APPLY,predicted = DOESNT_MATTER,-0.00458382864766,0.0108938325221,metadata = ['/Decl(Kb.match_rec/301)/Apply(camlKb__Apply[16])/Apply(camlList__Apply[73])']
lens,correct = APPLY,predicted = DOESNT_MATTER,-0.0072774641437,0.00719500147183,metadata = ['/Apply(camlLens_benchmark__Apply[57])/Apply(camlGc__Apply[10])/Apply(camlPrintf__Apply[18])/Apply(camlPrintf__Apply[17])/Decl(CamlinternalFormat.make_printf/4930)/Apply(camlCamlinternalFormat__Apply[517])']
lens,correct = INLINE,predicted = DOESNT_MATTER,0.0101991746471,-0.00386898414145,metadata = ['/Apply(camlLens_benchmark__Apply[57])/Apply(camlGc__Over[7])/Apply(camlCamlinternalFormat__Apply[614])/Apply(camlCamlinternalFormat__Apply[524])/Apply(camlCamlinternalFormat__Apply[544])/Apply(camlPrintf__Apply[1])/Apply(camlCamlinternalFormat__Apply[695])/Apply(camlCamlinternalFormat__Apply[697])']
lens,correct = APPLY,predicted = DOESNT_MATTER,-0.00914288556231,0.00367196710468,metadata = ['/Apply(camlLens_benchmark__Apply[57])/Apply(camlGc__Over[19])/Apply(camlCamlinternalFormat__Apply[599])/Apply(camlCamlinternalFormat__Apply[524])/Apply(camlCamlinternalFormat__Apply[544])/Apply(camlPrintf__Apply[1])/Apply(camlCamlinternalFormat__Apply[695])/Apply(camlCamlinternalFormat__Apply[697])']
lens,correct = INLINE,predicted = DOESNT_MATTER,0.0121201740786,-0.00378574360426,metadata = ['/Apply(camlLens_benchmark__Apply[57])/Apply(camlGc__Over[1])/Apply(camlCamlinternalFormat__Apply[599])/Apply(camlCamlinternalFormat__Apply[524])/Apply(camlCamlinternalFormat__Apply[544])/Apply(camlPrintf__Apply[1])/Apply(camlCamlinternalFormat__Apply[695])']
lens,correct = INLINE,predicted = DOESNT_MATTER,0.0127536779576,-0.00652282122389,metadata = ['/Apply(camlLens_benchmark__Apply[57])/Apply(camlGc__Over[18])/Apply(camlCamlinternalFormat__Apply[599])/Apply(camlCamlinternalFormat__Apply[524])/Apply(camlCamlinternalFormat__Apply[544])/Apply(camlPrintf__Apply[1])']
lens,correct = APPLY,predicted = DOESNT_MATTER,-0.0072774641437,0.00719500147183,metadata = ['/Apply(camlLens_benchmark__Apply[57])/Apply(camlGc__Apply[5])/Apply(camlPrintf__Apply[18])/Apply(camlPrintf__Apply[17])/Decl(CamlinternalFormat.make_printf/4930)/Apply(camlCamlinternalFormat__Apply[517])']
lens,correct = INLINE,predicted = DOESNT_MATTER,0.487033894645,-0.479758128529,metadata = ['/Apply(camlLens_benchmark__Apply[53])']
lens,correct = APPLY,predicted = DOESNT_MATTER,-0.0287304397913,0.00949435059189,metadata = ['/Apply(camlLens_benchmark__Apply[57])/Apply(camlGc__Apply[10])/Apply(camlPrintf__Apply[18])/Apply(camlPrintf__Apply[17])/Decl(CamlinternalFormat.make_printf/4930)/Apply(camlCamlinternalFormat__Apply[535])']
lens,correct = APPLY,predicted = DOESNT_MATTER,-0.024606524593,0.0209236654342,metadata = ['/Apply(camlLens_benchmark__Apply[57])/Apply(camlGc__Over[6])/Apply(camlCamlinternalFormat__Apply[613])/Apply(camlCamlinternalFormat__Apply[471])']
lens,correct = INLINE,predicted = DOESNT_MATTER,0.0143451951827,-0.00194620750561,metadata = ['/Apply(camlLens_benchmark__Apply[57])/Apply(camlGc__Over[7])']
lens,correct = APPLY,predicted = DOESNT_MATTER,-0.00879833330122,0.0109835772116,metadata = ['/Apply(camlLens_benchmark__Apply[57])/Apply(camlGc__Over[16])/Apply(camlCamlinternalFormat__Apply[589])']
lens,correct = APPLY,predicted = DOESNT_MATTER,-0.0879572855914,0.0747623903817,metadata = ['/Apply(camlLens_benchmark__Apply[57])/Apply(camlGc__Over[16])/Apply(camlCamlinternalFormat__Apply[589])/Apply(camlCamlinternalFormat__Apply[470])']
lens,correct = INLINE,predicted = DOESNT_MATTER,0.023911844739,-0.0154884953972,metadata = ['/Apply(camlLens_benchmark__Apply[54])/Apply(camlLens_benchmark__Apply[43])']
lens,correct = INLINE,predicted = DOESNT_MATTER,0.00934716342821,-0.00698183627029,metadata = ['/Apply(camlLens_benchmark__Apply[57])/Apply(camlGc__Over[8])/Apply(camlCamlinternalFormat__Apply[612])']
lens,correct = INLINE,predicted = DOESNT_MATTER,0.0132262132419,-0.00359969089276,metadata = ['/Apply(camlLens_benchmark__Apply[57])/Apply(camlGc__Over[7])/Apply(camlCamlinternalFormat__Apply[614])/Apply(camlCamlinternalFormat__Apply[524])/Apply(camlCamlinternalFormat__Apply[544])/Apply(camlPrintf__Apply[1])/Apply(camlCamlinternalFormat__Apply[695])']
lens,correct = INLINE,predicted = DOESNT_MATTER,0.010943536924,-0.00714060365946,metadata = ['/Apply(camlLens_benchmark__Apply[57])/Apply(camlGc__Over[1])/Apply(camlCamlinternalFormat__Apply[599])/Apply(camlCamlinternalFormat__Apply[524])/Apply(camlCamlinternalFormat__Apply[544])/Apply(camlPrintf__Apply[1])/Apply(camlCamlinternalFormat__Apply[695])/Apply(camlCamlinternalFormat__Apply[698])']
lens,correct = APPLY,predicted = DOESNT_MATTER,-0.0102936616099,0.00482274315227,metadata = ['/Apply(camlLens_benchmark__Apply[57])/Apply(camlGc__Over[19])/Apply(camlCamlinternalFormat__Apply[599])/Apply(camlCamlinternalFormat__Apply[524])/Apply(camlCamlinternalFormat__Apply[544])/Apply(camlPrintf__Apply[1])/Apply(camlCamlinternalFormat__Apply[695])/Apply(camlCamlinternalFormat__Apply[698])']
lens,correct = INLINE,predicted = DOESNT_MATTER,0.00823035533965,-0.00215100451363,metadata = ['/Apply(camlLens_benchmark__Apply[57])/Apply(camlGc__Over[7])/Apply(camlCamlinternalFormat__Apply[613])']
lens,correct = INLINE,predicted = DOESNT_MATTER,0.00989497299047,-0.00354647429376,metadata = ['/Apply(camlLens_benchmark__Apply[54])/Apply(camlLens_benchmark__Apply[42])']
lens,correct = APPLY,predicted = DOESNT_MATTER,-0.0263559865441,0.0186547897352,metadata = ['/Apply(camlLens_benchmark__Apply[57])/Apply(camlGc__Over[2])/Apply(camlCamlinternalFormat__Apply[599])/Apply(camlCamlinternalFormat__Apply[524])/Apply(camlCamlinternalFormat__Apply[544])/Apply(camlPrintf__Apply[1])/Apply(camlCamlinternalFormat__Apply[695])/Apply(camlCamlinternalFormat__Apply[698])']
lens,correct = APPLY,predicted = DOESNT_MATTER,-0.0287304397913,0.00949435059189,metadata = ['/Apply(camlLens_benchmark__Apply[57])/Apply(camlGc__Apply[5])/Apply(camlPrintf__Apply[18])/Apply(camlPrintf__Apply[17])/Decl(CamlinternalFormat.make_printf/4930)/Apply(camlCamlinternalFormat__Apply[535])']
lens,correct = INLINE,predicted = DOESNT_MATTER,0.00739651677732,-0.00622166791466,metadata = ['/Apply(camlLens_benchmark__Apply[57])/Apply(camlGc__Over[15])/Apply(camlCamlinternalFormat__Apply[590])/Apply(camlCamlinternalFormat__Apply[524])/Apply(camlCamlinternalFormat__Apply[544])/Apply(camlPrintf__Apply[1])/Apply(camlCamlinternalFormat__Apply[695])/Apply(camlCamlinternalFormat__Apply[697])']
lens,correct = INLINE,predicted = DOESNT_MATTER,0.00951755442369,-0.00898315522888,metadata = ['/Apply(camlLens_benchmark__Apply[57])/Apply(camlGc__Over[8])/Apply(camlCamlinternalFormat__Apply[612])/Apply(camlCamlinternalFormat__Apply[500])/Apply(camlCamlinternalFormat__Apply[490])']
lens,correct = APPLY,predicted = DOESNT_MATTER,-0.00599429777563,0.00517190645663,metadata = ['/Apply(camlLens_benchmark__Apply[54])/Apply(camlLens_benchmark__Apply[49])']
lens,correct = INLINE,predicted = DOESNT_MATTER,0.0159567128549,-0.000766326456719,metadata = ['/Apply(camlLens_benchmark__Apply[57])/Apply(camlGc__Over[7])/Apply(camlCamlinternalFormat__Apply[614])/Apply(camlCamlinternalFormat__Apply[524])/Apply(camlCamlinternalFormat__Apply[544])/Apply(camlPrintf__Apply[1])']
lexifi,correct = INLINE,predicted = DOESNT_MATTER,0.00956163532002,-0.00497474696806,metadata = ['/Decl(G2pp_calibration.pricer_of_swaption/629)/Decl(G2pp_calibration.anon-fn[g2pp_calibration.ml:146,2--4522]/759)/Decl(G2pp_calibration.integrand/1299)/Apply(camlG2pp_calibration__Apply[157])']
lexifi,correct = INLINE,predicted = DOESNT_MATTER,0.0116813406506,-0.0058953606776,metadata = ['/Decl(G2pp_calibration.pricer_of_swaption/629)/Decl(G2pp_calibration.anon-fn[g2pp_calibration.ml:146,2--4522]/759)/Decl(G2pp_calibration.a_fun/790)/Apply(camlG2pp_calibration__Apply[139])']
lexifi,correct = DOESNT_MATTER,predicted = INLINE,-0.00176091820887,0.00170622785659,metadata = ['/Decl(Date.end_of_month/690)/Apply(camlDate__Apply[14])']
lexifi,correct = APPLY,predicted = DOESNT_MATTER,-0.0116091570205,0.00894722389553,metadata = ['/Decl(G2pp_calibration.black_price/1432)/Apply(camlG2pp_calibration__Apply[168])/Apply(camlMath__Apply[22])']
lexifi,correct = APPLY,predicted = DOESNT_MATTER,-0.0147008929213,0.00726081745466,metadata = ['/Apply(camlMain__Apply[187])/Apply(camlList__Apply[38])/Apply(camlList__Apply[37])/Apply(camlMain__Apply[184])/Apply(camlG2pp_calibration__Apply[165])/Apply(camlList__Apply[38])/Apply(camlList__Apply[38])/Apply(camlList__Apply[38])/Apply(camlList__Apply[38])/Apply(camlList__Apply[38])/Apply(camlList__Apply[38])/Apply(camlList__Apply[38])/Apply(camlList__Apply[38])/Apply(camlList__Apply[38])/Apply(camlList__Apply[38])/Apply(camlList__Apply[38])/Apply(camlList__Apply[38])']
lexifi,correct = DOESNT_MATTER,predicted = INLINE,0.000615005108441,0.00062613254566,metadata = ['/Decl(Date.add_months/713)/Apply(camlDate__Apply[16])/Apply(camlDate__Apply[14])']
quicksort,correct = DOESNT_MATTER,predicted = INLINE,-0.00015031741198,-0.000247776964887,metadata = ['/Decl(Quicksort.test_sort/283)/Apply(camlQuicksort__Apply[7])']
sequence,correct = APPLY,predicted = INLINE,-0.0251121004106,0.0216542817013,metadata = ['/Decl(Sequence.hd_exn/1433)/Apply(camlSequence__Apply[95])/Apply(camlSequence__Apply[94])']
sequence,correct = INLINE,predicted = DOESNT_MATTER,0.0204315375855,-0.0226043420893,metadata = ['/Apply(camlSequence_benchmark__Apply[239])/Decl(Sequence.anon-fn[sequence.ml:124,13--214]/682)/Apply(camlSequence__Apply[31])']
sequence,correct = APPLY,predicted = DOESNT_MATTER,-0.0167639133843,0.0144886449591,metadata = ['/Apply(camlSequence_benchmark__Apply[238])']
sequence,correct = APPLY,predicted = DOESNT_MATTER,-0.00616005345105,0.0100109832661,metadata = ['/Decl(Sequence.to_array/813)/Apply(camlSequence__Apply[43])']
sequence,correct = APPLY,predicted = INLINE,-0.00805159699223,0.0126504227751,metadata = ['/Decl(Sequence_benchmark.do_stuff_2/187)/Apply(camlSequence_benchmark__Apply[249])']
sequence,correct = APPLY,predicted = INLINE,-0.0392714081397,0.0330958113537,metadata = ['/Decl(Sequence.length_is_bounded_by_inner/2106)/Apply(camlSequence__Apply[149])']
sequence,correct = APPLY,predicted = DOESNT_MATTER,-0.0142921340057,0.0136170236384,metadata = ['/Apply(camlSequence_benchmark__Apply[239])']
sequence,correct = APPLY,predicted = DOESNT_MATTER,-0.00667248690876,0.00435153669048,metadata = ['/Decl(Sequence.findi/1712)/Apply(camlSequence__Apply[124])/Apply(camlSequence__Apply[49])/Decl(Sequence.loop/880)/Apply(camlSequence__Apply[47])']
sequence,correct = APPLY,predicted = DOESNT_MATTER,-0.0279922562213,-0.00661344495775,metadata = ['/Decl(Sequence.to_list/424)/Apply(camlSequence__Apply[18])/Decl(Sequence.loop/360)/Apply(camlSequence__Apply[9])']
sequence,correct = INLINE,predicted = APPLY,0.070047457098,-0.0588902157777,metadata = ['/Decl(Sequence.test_to_list/572)/Apply(camlSequence__Apply[23])']
sequence,correct = INLINE,predicted = APPLY,0.0114828936448,-0.00989312696709,metadata = ['/Decl(Sequence_benchmark.do_stuff_1/140)/Apply(camlSequence_benchmark__Apply[243])/Apply(camlSequence__Apply[21])']
sequence,correct = APPLY,predicted = DOESNT_MATTER,-0.020707059539,0.0178879088856,metadata = ['/Apply(camlSequence_benchmark__Apply[254])']
sequence,correct = DOESNT_MATTER,predicted = INLINE,-0.000957159242018,0.000827504988958,metadata = ['/Decl(Sequence.to_list_rev/385)/Apply(camlSequence__Apply[12])/Decl(Sequence.loop/360)/Apply(camlSequence__Apply[8])']
sequence,correct = INLINE,predicted = APPLY,0.0151755328468,-0.0130675577064,metadata = ['/Decl(Sequence.drop_while_option/3100)/Apply(camlSequence__Apply[222])']
sequence,correct = APPLY,predicted = DOESNT_MATTER,-0.022273525239,0.0188237070613,metadata = ['/Apply(camlSequence_benchmark__Apply[236])']
sequence,correct = INLINE,predicted = APPLY,0.0123539942758,-0.0104052374618,metadata = ['/Decl(Sequence_benchmark.do_stuff_2/187)/Apply(camlSequence_benchmark__Apply[247])']
sequence,correct = APPLY,predicted = DOESNT_MATTER,-0.0182546720805,0.0154117888172,metadata = ['/Decl(Sequence.filter_map/1602)/Apply(camlSequence__Apply[107])']
sequence,correct = INLINE,predicted = APPLY,0.0370988859754,-0.0143283677699,metadata = ['/Decl(Sequence.reduce/2255)/Apply(camlSequence__Apply[159])/Apply(camlSequence__Apply[105])']
sequence,correct = APPLY,predicted = INLINE,-0.0369961469687,0.0311655659055,metadata = ['/Decl(Sequence.reduce_exn/2276)/Apply(camlSequence__Apply[161])']
sequence,correct = INLINE,predicted = DOESNT_MATTER,0.0125476992387,-0.0125453315274,metadata = ['/Decl(Sequence.to_list_rev_with_length/784)/Apply(camlSequence__Apply[42])/Decl(Sequence.loop/360)/Apply(camlSequence__Apply[9])']
sequence,correct = INLINE,predicted = DOESNT_MATTER,0.0589731306021,-0.0441187780159,metadata = ['/Decl(Sequence.reduce/2255)/Apply(camlSequence__Apply[159])']
sequence,correct = INLINE,predicted = DOESNT_MATTER,0.00777649632109,-0.00654432488187,metadata = ['/Decl(Sequence.filter_map/1602)/Apply(camlSequence__Apply[108])']
sequence,correct = DOESNT_MATTER,predicted = INLINE,0.00490054670386,0.00404499562752,metadata = ['/Decl(Sequence.to_array/813)/Apply(camlSequence__Apply[43])/Decl(Sequence.loop/360)/Apply(camlSequence__Apply[10])']
sequence,correct = INLINE,predicted = DOESNT_MATTER,0.00638938012314,-0.0227282196505,metadata = ['/Decl(Sequence.safe_to_list/409)/Apply(camlSequence__Apply[13])']
sequence,correct = APPLY,predicted = INLINE,-0.0371276161678,0.0320124849403,metadata = ['/Decl(Sequence.reduce/2255)/Apply(camlSequence__Apply[160])/Apply(camlSequence__Apply[11])']
sequence,correct = INLINE,predicted = APPLY,0.00831191777334,-0.00710245085983,metadata = ['/Decl(Sequence.findi/1712)/Apply(camlSequence__Apply[124])/Decl(Sequence.loop/880)/Apply(camlSequence__Apply[47])']
sequence,correct = APPLY,predicted = DOESNT_MATTER,-0.00889881160853,0.0048880153311,metadata = ['/Decl(Sequence.filter_mapi/1614)/Apply(camlSequence__Apply[112])/Apply(camlSequence__Apply[108])']
sequence,correct = APPLY,predicted = DOESNT_MATTER,-0.0310018410415,-0.00406929001158,metadata = ['/Decl(Sequence.safe_to_list/409)/Apply(camlSequence__Apply[13])/Decl(Sequence.loop/360)/Apply(camlSequence__Apply[9])']
