2018-05-23 16:39:36.651544+01:00 Info fyq-rev-list | Loaded 0 reward entries
2018-05-23 16:39:36.651546+01:00 Info fyq-rev-list | Loaded 0 query entries
2018-05-23 16:39:36.651547+01:00 Info fyq-rev-list | Loaded 0 training examples
2018-05-23 16:39:36.651916+01:00 Info Loaded a total of 0 training examples
2018-05-23 16:39:38.089613+01:00 Info bdd | Loaded 5717 reward entries
2018-05-23 16:39:38.089630+01:00 Info bdd | Loaded 2818 query entries
2018-05-23 16:39:38.089634+01:00 Info bdd | Loaded 824 training examples
2018-05-23 16:39:38.470023+01:00 Info almabench | Loaded 1926 reward entries
2018-05-23 16:39:38.470032+01:00 Info almabench | Loaded 846 query entries
2018-05-23 16:39:38.470036+01:00 Info almabench | Loaded 317 training examples
2018-05-23 16:39:39.726851+01:00 Info lexifi | Loaded 4262 reward entries
2018-05-23 16:39:39.726874+01:00 Info lexifi | Loaded 4073 query entries
2018-05-23 16:39:39.726880+01:00 Info lexifi | Loaded 1370 training examples
2018-05-23 16:39:46.747330+01:00 Info kb | Loaded 4747 reward entries
2018-05-23 16:39:46.747455+01:00 Info kb | Loaded 35367 query entries
2018-05-23 16:39:46.747460+01:00 Info kb | Loaded 281 training examples
2018-05-23 16:39:48.562714+01:00 Info floats-in-functor | Loaded 2774 reward entries
2018-05-23 16:39:48.562776+01:00 Info floats-in-functor | Loaded 8773 query entries
2018-05-23 16:39:48.562786+01:00 Info floats-in-functor | Loaded 784 training examples
2018-05-23 16:39:48.562968+01:00 Info fyq-stdlib-int-sets | Loaded 0 reward entries
2018-05-23 16:39:48.562969+01:00 Info fyq-stdlib-int-sets | Loaded 0 query entries
2018-05-23 16:39:48.562969+01:00 Info fyq-stdlib-int-sets | Loaded 0 training examples
2018-05-23 16:39:49.805979+01:00 Info fft | Loaded 1865 reward entries
2018-05-23 16:39:49.805987+01:00 Info fft | Loaded 842 query entries
2018-05-23 16:39:49.805990+01:00 Info fft | Loaded 306 training examples
2018-05-23 16:39:50.196235+01:00 Info quicksort | Loaded 1667 reward entries
2018-05-23 16:39:50.196241+01:00 Info quicksort | Loaded 829 query entries
2018-05-23 16:39:50.196244+01:00 Info quicksort | Loaded 306 training examples
2018-05-23 16:39:50.196498+01:00 Info fyq-symbolic-maths | Loaded 0 reward entries
2018-05-23 16:39:50.196499+01:00 Info fyq-symbolic-maths | Loaded 0 query entries
2018-05-23 16:39:50.196500+01:00 Info fyq-symbolic-maths | Loaded 0 training examples
2018-05-23 16:39:50.484926+01:00 Info lens | Loaded 1698 reward entries
2018-05-23 16:39:50.484932+01:00 Info lens | Loaded 835 query entries
2018-05-23 16:39:50.484936+01:00 Info lens | Loaded 296 training examples
2018-05-23 16:39:51.574604+01:00 Info sequence-cps | Loaded 3135 reward entries
2018-05-23 16:39:51.574613+01:00 Info sequence-cps | Loaded 1134 query entries
2018-05-23 16:39:51.574617+01:00 Info sequence-cps | Loaded 330 training examples
2018-05-23 16:39:53.993652+01:00 Info hamming | Loaded 3032 reward entries
2018-05-23 16:39:53.993700+01:00 Info hamming | Loaded 8514 query entries
2018-05-23 16:39:53.993708+01:00 Info hamming | Loaded 1412 training examples
2018-05-23 16:39:53.997723+01:00 Info kahan-sum | Loaded 19 reward entries
2018-05-23 16:39:53.997725+01:00 Info kahan-sum | Loaded 14 query entries
2018-05-23 16:39:53.997726+01:00 Info kahan-sum | Loaded 2 training examples
2018-05-23 16:39:56.963876+01:00 Info sequence | Loaded 14618 reward entries
2018-05-23 16:39:56.963905+01:00 Info sequence | Loaded 4111 query entries
2018-05-23 16:39:56.963909+01:00 Info sequence | Loaded 86 training examples
2018-05-23 16:39:56.964047+01:00 Info fyq-stdlib-functor-record-sets | Loaded 0 reward entries
2018-05-23 16:39:56.964048+01:00 Info fyq-stdlib-functor-record-sets | Loaded 0 query entries
2018-05-23 16:39:56.964049+01:00 Info fyq-stdlib-functor-record-sets | Loaded 0 training examples
2018-05-23 16:39:56.964598+01:00 Info Loaded a total of 6314 training examples
2018-05-23 16:39:56.965214+01:00 Info Loaded 6314 IN-SAMPLE training examples and 0 OUT-OF-SAMPLE test examples
2018-05-23 16:39:56.965237+01:00 Info (hyperparams((l2_reg 0.01)(dropout_keep_prob 0.5)))
(monitor.ml.Error (Invalid_argument "index out of bounds")
 ("Raised by primitive operation at file \"src/owl/dense/owl_dense_ndarray_generic.ml\", line 229, characters 26-36"
  "Called from file \"tools/policy_model.ml\", line 135, characters 6-150"
  "Called from file \"tools/policy_model.ml\", line 150, characters 18-60"
  "Called from file \"src/deferred0.ml\", line 61, characters 64-69"
  "Called from file \"src/job_queue.ml\", line 159, characters 6-47"))
