2018-05-23 16:38:49.498497+01:00 Info fyq-symbolic-maths | Loaded 0 reward entries
2018-05-23 16:38:49.498498+01:00 Info fyq-symbolic-maths | Loaded 0 query entries
2018-05-23 16:38:49.498500+01:00 Info fyq-symbolic-maths | Loaded 0 training examples
2018-05-23 16:38:49.498921+01:00 Info Loaded a total of 0 training examples
2018-05-23 16:38:51.158249+01:00 Info bdd | Loaded 5717 reward entries
2018-05-23 16:38:51.158268+01:00 Info bdd | Loaded 2818 query entries
2018-05-23 16:38:51.158273+01:00 Info bdd | Loaded 824 training examples
2018-05-23 16:38:51.650636+01:00 Info almabench | Loaded 1926 reward entries
2018-05-23 16:38:51.650644+01:00 Info almabench | Loaded 846 query entries
2018-05-23 16:38:51.650648+01:00 Info almabench | Loaded 317 training examples
2018-05-23 16:38:52.892782+01:00 Info lexifi | Loaded 4262 reward entries
2018-05-23 16:38:52.892800+01:00 Info lexifi | Loaded 4073 query entries
2018-05-23 16:38:52.892807+01:00 Info lexifi | Loaded 1370 training examples
2018-05-23 16:39:00.330544+01:00 Info kb | Loaded 4747 reward entries
2018-05-23 16:39:00.330708+01:00 Info kb | Loaded 35367 query entries
2018-05-23 16:39:00.330714+01:00 Info kb | Loaded 281 training examples
2018-05-23 16:39:20.075920+01:00 Info floats-in-functor | Loaded 2774 reward entries
2018-05-23 16:39:20.090110+01:00 Info floats-in-functor | Loaded 8773 query entries
2018-05-23 16:39:20.103367+01:00 Info floats-in-functor | Loaded 784 training examples
2018-05-23 16:39:20.160778+01:00 Info fyq-stdlib-int-sets | Loaded 0 reward entries
2018-05-23 16:39:20.160782+01:00 Info fyq-stdlib-int-sets | Loaded 0 query entries
2018-05-23 16:39:20.160784+01:00 Info fyq-stdlib-int-sets | Loaded 0 training examples
2018-05-23 16:39:24.847289+01:00 Info fft | Loaded 1865 reward entries
2018-05-23 16:39:24.847298+01:00 Info fft | Loaded 842 query entries
2018-05-23 16:39:24.847302+01:00 Info fft | Loaded 306 training examples
2018-05-23 16:39:26.906970+01:00 Info quicksort | Loaded 1667 reward entries
2018-05-23 16:39:26.906976+01:00 Info quicksort | Loaded 829 query entries
2018-05-23 16:39:26.906982+01:00 Info quicksort | Loaded 306 training examples
2018-05-23 16:39:27.174095+01:00 Info lens | Loaded 1698 reward entries
2018-05-23 16:39:27.174103+01:00 Info lens | Loaded 835 query entries
2018-05-23 16:39:27.174106+01:00 Info lens | Loaded 296 training examples
2018-05-23 16:39:27.174250+01:00 Info fyq-rev-list | Loaded 0 reward entries
2018-05-23 16:39:27.174251+01:00 Info fyq-rev-list | Loaded 0 query entries
2018-05-23 16:39:27.174252+01:00 Info fyq-rev-list | Loaded 0 training examples
2018-05-23 16:39:28.156255+01:00 Info sequence-cps | Loaded 3135 reward entries
2018-05-23 16:39:28.156267+01:00 Info sequence-cps | Loaded 1134 query entries
2018-05-23 16:39:28.156271+01:00 Info sequence-cps | Loaded 330 training examples
2018-05-23 16:39:30.171166+01:00 Info hamming | Loaded 3032 reward entries
2018-05-23 16:39:30.171202+01:00 Info hamming | Loaded 8514 query entries
2018-05-23 16:39:30.171209+01:00 Info hamming | Loaded 1412 training examples
2018-05-23 16:39:30.184552+01:00 Info kahan-sum | Loaded 19 reward entries
2018-05-23 16:39:30.184555+01:00 Info kahan-sum | Loaded 14 query entries
2018-05-23 16:39:30.184557+01:00 Info kahan-sum | Loaded 2 training examples
2018-05-23 16:39:32.827033+01:00 Info sequence | Loaded 14618 reward entries
2018-05-23 16:39:32.827049+01:00 Info sequence | Loaded 4111 query entries
2018-05-23 16:39:32.827053+01:00 Info sequence | Loaded 86 training examples
2018-05-23 16:39:32.827164+01:00 Info fyq-stdlib-functor-record-sets | Loaded 0 reward entries
2018-05-23 16:39:32.827164+01:00 Info fyq-stdlib-functor-record-sets | Loaded 0 query entries
2018-05-23 16:39:32.827166+01:00 Info fyq-stdlib-functor-record-sets | Loaded 0 training examples
2018-05-23 16:39:32.827227+01:00 Info Loaded a total of 6314 training examples
2018-05-23 16:39:32.827785+01:00 Info Loaded 6314 IN-SAMPLE training examples and 0 OUT-OF-SAMPLE test examples
2018-05-23 16:39:32.828485+01:00 Info (hyperparams((l2_reg 0.01)(dropout_keep_prob 0.5)))
(monitor.ml.Error (Invalid_argument "index out of bounds")
 ("Raised by primitive operation at file \"src/owl/dense/owl_dense_ndarray_generic.ml\", line 229, characters 26-36"
  "Called from file \"tools/policy_model.ml\", line 135, characters 6-150"
  "Called from file \"tools/policy_model.ml\", line 150, characters 18-60"
  "Called from file \"src/deferred0.ml\", line 61, characters 64-69"
  "Called from file \"src/job_queue.ml\", line 159, characters 6-47"))
