2018-05-23 15:33:20.800271+01:00 Info fyq-stdlib-functor-record-sets | Loaded 0 reward entries
2018-05-23 15:33:20.800272+01:00 Info fyq-stdlib-functor-record-sets | Loaded 0 query entries
2018-05-23 15:33:20.800275+01:00 Info fyq-stdlib-functor-record-sets | Loaded 0 training examples
2018-05-23 15:33:20.800709+01:00 Info Loaded a total of 0 training examples
2018-05-23 15:33:23.107280+01:00 Info bdd | Loaded 5717 reward entries
2018-05-23 15:33:23.107291+01:00 Info bdd | Loaded 2818 query entries
2018-05-23 15:33:23.107295+01:00 Info bdd | Loaded 824 training examples
2018-05-23 15:33:23.533155+01:00 Info almabench | Loaded 1926 reward entries
2018-05-23 15:33:23.533161+01:00 Info almabench | Loaded 846 query entries
2018-05-23 15:33:23.533165+01:00 Info almabench | Loaded 317 training examples
2018-05-23 15:33:24.892549+01:00 Info lexifi | Loaded 4262 reward entries
2018-05-23 15:33:24.892570+01:00 Info lexifi | Loaded 4073 query entries
2018-05-23 15:33:24.892575+01:00 Info lexifi | Loaded 1370 training examples
2018-05-23 15:33:31.315905+01:00 Info kb | Loaded 4747 reward entries
2018-05-23 15:33:31.316005+01:00 Info kb | Loaded 35367 query entries
2018-05-23 15:33:31.316009+01:00 Info kb | Loaded 281 training examples
2018-05-23 15:33:32.864300+01:00 Info floats-in-functor | Loaded 2774 reward entries
2018-05-23 15:33:32.864338+01:00 Info floats-in-functor | Loaded 8773 query entries
2018-05-23 15:33:32.864342+01:00 Info floats-in-functor | Loaded 784 training examples
2018-05-23 15:33:32.864527+01:00 Info fyq-stdlib-int-sets | Loaded 0 reward entries
2018-05-23 15:33:32.864528+01:00 Info fyq-stdlib-int-sets | Loaded 0 query entries
2018-05-23 15:33:32.864530+01:00 Info fyq-stdlib-int-sets | Loaded 0 training examples
2018-05-23 15:33:33.137881+01:00 Info fft | Loaded 1865 reward entries
2018-05-23 15:33:33.137889+01:00 Info fft | Loaded 842 query entries
2018-05-23 15:33:33.137892+01:00 Info fft | Loaded 306 training examples
2018-05-23 15:33:33.423255+01:00 Info quicksort | Loaded 1667 reward entries
2018-05-23 15:33:33.423265+01:00 Info quicksort | Loaded 829 query entries
2018-05-23 15:33:33.423269+01:00 Info quicksort | Loaded 306 training examples
2018-05-23 15:33:33.423493+01:00 Info fyq-symbolic-maths | Loaded 0 reward entries
2018-05-23 15:33:33.423495+01:00 Info fyq-symbolic-maths | Loaded 0 query entries
2018-05-23 15:33:33.423496+01:00 Info fyq-symbolic-maths | Loaded 0 training examples
2018-05-23 15:33:33.661757+01:00 Info lens | Loaded 1698 reward entries
2018-05-23 15:33:33.661764+01:00 Info lens | Loaded 835 query entries
2018-05-23 15:33:33.661767+01:00 Info lens | Loaded 296 training examples
2018-05-23 15:33:33.661930+01:00 Info fyq-rev-list | Loaded 0 reward entries
2018-05-23 15:33:33.661931+01:00 Info fyq-rev-list | Loaded 0 query entries
2018-05-23 15:33:33.661932+01:00 Info fyq-rev-list | Loaded 0 training examples
2018-05-23 15:33:34.657104+01:00 Info sequence-cps | Loaded 3135 reward entries
2018-05-23 15:33:34.657112+01:00 Info sequence-cps | Loaded 1134 query entries
2018-05-23 15:33:34.657115+01:00 Info sequence-cps | Loaded 330 training examples
2018-05-23 15:33:36.543034+01:00 Info hamming | Loaded 3032 reward entries
2018-05-23 15:33:36.543078+01:00 Info hamming | Loaded 8514 query entries
2018-05-23 15:33:36.543084+01:00 Info hamming | Loaded 1412 training examples
2018-05-23 15:33:36.546169+01:00 Info kahan-sum | Loaded 19 reward entries
2018-05-23 15:33:36.546171+01:00 Info kahan-sum | Loaded 14 query entries
2018-05-23 15:33:36.546173+01:00 Info kahan-sum | Loaded 2 training examples
2018-05-23 15:33:38.640976+01:00 Info sequence | Loaded 14618 reward entries
2018-05-23 15:33:38.640992+01:00 Info sequence | Loaded 4111 query entries
2018-05-23 15:33:38.640996+01:00 Info sequence | Loaded 86 training examples
2018-05-23 15:33:38.641059+01:00 Info Loaded a total of 6314 training examples
2018-05-23 15:33:38.641393+01:00 Info Loaded 6314 IN-SAMPLE training examples and 0 OUT-OF-SAMPLE test examples
2018-05-23 15:33:38.641408+01:00 Info (hyperparams((l2_reg 0.01)(dropout_keep_prob 1)))
(monitor.ml.Error (Invalid_argument "index out of bounds")
 ("Raised by primitive operation at file \"src/owl/dense/owl_dense_ndarray_generic.ml\", line 229, characters 26-36"
  "Called from file \"tools/policy_model.ml\", line 135, characters 6-150"
  "Called from file \"tools/policy_model.ml\", line 150, characters 18-60"
  "Called from file \"src/deferred0.ml\", line 61, characters 64-69"
  "Called from file \"src/job_queue.ml\", line 159, characters 6-47"))
