2018-05-21 15:11:35.716401+01:00 Info fyq-rev-list | Loaded 0 reward entries
2018-05-21 15:11:35.716403+01:00 Info fyq-rev-list | Loaded 0 query entries
2018-05-21 15:11:35.716403+01:00 Info fyq-rev-list | Loaded 0 training examples
2018-05-21 15:11:35.716671+01:00 Info Loaded a total of 0 training examples
2018-05-21 15:11:36.810586+01:00 Info bdd | Loaded 5717 reward entries
2018-05-21 15:11:36.810614+01:00 Info bdd | Loaded 2818 query entries
2018-05-21 15:11:36.810618+01:00 Info bdd | Loaded 824 training examples
2018-05-21 15:11:37.155042+01:00 Info almabench | Loaded 1926 reward entries
2018-05-21 15:11:37.155047+01:00 Info almabench | Loaded 846 query entries
2018-05-21 15:11:37.155050+01:00 Info almabench | Loaded 317 training examples
2018-05-21 15:11:37.853241+01:00 Info lexifi | Loaded 4262 reward entries
2018-05-21 15:11:37.853255+01:00 Info lexifi | Loaded 4073 query entries
2018-05-21 15:11:37.853263+01:00 Info lexifi | Loaded 1370 training examples
2018-05-21 15:11:41.114730+01:00 Info kb | Loaded 4747 reward entries
2018-05-21 15:11:41.114830+01:00 Info kb | Loaded 35367 query entries
2018-05-21 15:11:41.114834+01:00 Info kb | Loaded 281 training examples
2018-05-21 15:11:42.106819+01:00 Info floats-in-functor | Loaded 2774 reward entries
2018-05-21 15:11:42.106858+01:00 Info floats-in-functor | Loaded 8773 query entries
2018-05-21 15:11:42.106862+01:00 Info floats-in-functor | Loaded 784 training examples
2018-05-21 15:11:42.107008+01:00 Info fyq-stdlib-int-sets | Loaded 0 reward entries
2018-05-21 15:11:42.107009+01:00 Info fyq-stdlib-int-sets | Loaded 0 query entries
2018-05-21 15:11:42.107009+01:00 Info fyq-stdlib-int-sets | Loaded 0 training examples
2018-05-21 15:11:42.335661+01:00 Info fft | Loaded 1865 reward entries
2018-05-21 15:11:42.335666+01:00 Info fft | Loaded 842 query entries
2018-05-21 15:11:42.335669+01:00 Info fft | Loaded 306 training examples
2018-05-21 15:11:42.568182+01:00 Info quicksort | Loaded 1667 reward entries
2018-05-21 15:11:42.568188+01:00 Info quicksort | Loaded 829 query entries
2018-05-21 15:11:42.568191+01:00 Info quicksort | Loaded 306 training examples
2018-05-21 15:11:42.568320+01:00 Info fyq-symbolic-maths | Loaded 0 reward entries
2018-05-21 15:11:42.568321+01:00 Info fyq-symbolic-maths | Loaded 0 query entries
2018-05-21 15:11:42.568322+01:00 Info fyq-symbolic-maths | Loaded 0 training examples
2018-05-21 15:11:42.683962+01:00 Info lens | Loaded 1698 reward entries
2018-05-21 15:11:42.683970+01:00 Info lens | Loaded 835 query entries
2018-05-21 15:11:42.683973+01:00 Info lens | Loaded 296 training examples
2018-05-21 15:11:42.860335+01:00 Info sequence-cps | Loaded 3135 reward entries
2018-05-21 15:11:42.860341+01:00 Info sequence-cps | Loaded 1134 query entries
2018-05-21 15:11:42.860344+01:00 Info sequence-cps | Loaded 330 training examples
2018-05-21 15:11:43.720168+01:00 Info hamming | Loaded 3032 reward entries
2018-05-21 15:11:43.720203+01:00 Info hamming | Loaded 8514 query entries
2018-05-21 15:11:43.720207+01:00 Info hamming | Loaded 1412 training examples
2018-05-21 15:11:43.721553+01:00 Info kahan-sum | Loaded 19 reward entries
2018-05-21 15:11:43.721554+01:00 Info kahan-sum | Loaded 14 query entries
2018-05-21 15:11:43.721555+01:00 Info kahan-sum | Loaded 2 training examples
2018-05-21 15:11:46.714670+01:00 Info sequence | Loaded 14618 reward entries
2018-05-21 15:11:46.714685+01:00 Info sequence | Loaded 4111 query entries
2018-05-21 15:11:46.714689+01:00 Info sequence | Loaded 86 training examples
2018-05-21 15:11:46.714918+01:00 Info fyq-stdlib-functor-record-sets | Loaded 0 reward entries
2018-05-21 15:11:46.714919+01:00 Info fyq-stdlib-functor-record-sets | Loaded 0 query entries
2018-05-21 15:11:46.714920+01:00 Info fyq-stdlib-functor-record-sets | Loaded 0 training examples
2018-05-21 15:11:46.714987+01:00 Info Loaded a total of 6314 training examples
2018-05-21 15:11:46.715327+01:00 Info Loaded 6314 IN-SAMPLE training examples and 0 OUT-OF-SAMPLE test examples
2018-05-21 15:11:46.715339+01:00 Info (hyperparams((l2_reg 0.01)(dropout_keep_prob 1)))
(monitor.ml.Error (Invalid_argument "index out of bounds")
 ("Raised by primitive operation at file \"src/owl/dense/owl_dense_ndarray_generic.ml\", line 229, characters 26-36"
  "Called from file \"tools/policy_model.ml\", line 134, characters 6-150"
  "Called from file \"tools/policy_model.ml\", line 149, characters 18-60"
  "Called from file \"src/deferred0.ml\", line 61, characters 64-69"
  "Called from file \"src/job_queue.ml\", line 159, characters 6-47"))
