2018-05-21 15:14:26.761740+01:00 Info fyq-stdlib-functor-record-sets | Loaded 0 reward entries
2018-05-21 15:14:26.761741+01:00 Info fyq-stdlib-functor-record-sets | Loaded 0 query entries
2018-05-21 15:14:26.761743+01:00 Info fyq-stdlib-functor-record-sets | Loaded 0 training examples
2018-05-21 15:14:26.762088+01:00 Info Loaded a total of 0 training examples
2018-05-21 15:14:27.795456+01:00 Info bdd | Loaded 5717 reward entries
2018-05-21 15:14:27.795466+01:00 Info bdd | Loaded 2818 query entries
2018-05-21 15:14:27.795470+01:00 Info bdd | Loaded 824 training examples
2018-05-21 15:14:28.162076+01:00 Info almabench | Loaded 1926 reward entries
2018-05-21 15:14:28.162082+01:00 Info almabench | Loaded 846 query entries
2018-05-21 15:14:28.162084+01:00 Info almabench | Loaded 317 training examples
2018-05-21 15:14:28.844442+01:00 Info lexifi | Loaded 4262 reward entries
2018-05-21 15:14:28.844466+01:00 Info lexifi | Loaded 4073 query entries
2018-05-21 15:14:28.844471+01:00 Info lexifi | Loaded 1370 training examples
2018-05-21 15:14:32.012575+01:00 Info kb | Loaded 4747 reward entries
2018-05-21 15:14:32.012668+01:00 Info kb | Loaded 35367 query entries
2018-05-21 15:14:32.012671+01:00 Info kb | Loaded 281 training examples
2018-05-21 15:14:32.933905+01:00 Info floats-in-functor | Loaded 2774 reward entries
2018-05-21 15:14:32.933933+01:00 Info floats-in-functor | Loaded 8773 query entries
2018-05-21 15:14:32.933937+01:00 Info floats-in-functor | Loaded 784 training examples
2018-05-21 15:14:32.934049+01:00 Info fyq-stdlib-int-sets | Loaded 0 reward entries
2018-05-21 15:14:32.934050+01:00 Info fyq-stdlib-int-sets | Loaded 0 query entries
2018-05-21 15:14:32.934051+01:00 Info fyq-stdlib-int-sets | Loaded 0 training examples
2018-05-21 15:14:33.155290+01:00 Info fft | Loaded 1865 reward entries
2018-05-21 15:14:33.155295+01:00 Info fft | Loaded 842 query entries
2018-05-21 15:14:33.155298+01:00 Info fft | Loaded 306 training examples
2018-05-21 15:14:33.367623+01:00 Info quicksort | Loaded 1667 reward entries
2018-05-21 15:14:33.367630+01:00 Info quicksort | Loaded 829 query entries
2018-05-21 15:14:33.367633+01:00 Info quicksort | Loaded 306 training examples
2018-05-21 15:14:33.367733+01:00 Info fyq-symbolic-maths | Loaded 0 reward entries
2018-05-21 15:14:33.367734+01:00 Info fyq-symbolic-maths | Loaded 0 query entries
2018-05-21 15:14:33.367735+01:00 Info fyq-symbolic-maths | Loaded 0 training examples
2018-05-21 15:14:33.473488+01:00 Info lens | Loaded 1698 reward entries
2018-05-21 15:14:33.473493+01:00 Info lens | Loaded 835 query entries
2018-05-21 15:14:33.473496+01:00 Info lens | Loaded 296 training examples
2018-05-21 15:14:33.473665+01:00 Info fyq-rev-list | Loaded 0 reward entries
2018-05-21 15:14:33.473666+01:00 Info fyq-rev-list | Loaded 0 query entries
2018-05-21 15:14:33.473667+01:00 Info fyq-rev-list | Loaded 0 training examples
2018-05-21 15:14:33.648225+01:00 Info sequence-cps | Loaded 3135 reward entries
2018-05-21 15:14:33.648230+01:00 Info sequence-cps | Loaded 1134 query entries
2018-05-21 15:14:33.648234+01:00 Info sequence-cps | Loaded 330 training examples
2018-05-21 15:14:34.541426+01:00 Info hamming | Loaded 3032 reward entries
2018-05-21 15:14:34.541456+01:00 Info hamming | Loaded 8514 query entries
2018-05-21 15:14:34.541461+01:00 Info hamming | Loaded 1412 training examples
2018-05-21 15:14:34.542853+01:00 Info kahan-sum | Loaded 19 reward entries
2018-05-21 15:14:34.542855+01:00 Info kahan-sum | Loaded 14 query entries
2018-05-21 15:14:34.542856+01:00 Info kahan-sum | Loaded 2 training examples
2018-05-21 15:14:37.420208+01:00 Info sequence | Loaded 14618 reward entries
2018-05-21 15:14:37.420222+01:00 Info sequence | Loaded 4111 query entries
2018-05-21 15:14:37.420225+01:00 Info sequence | Loaded 86 training examples
2018-05-21 15:14:37.420289+01:00 Info Loaded a total of 6314 training examples
2018-05-21 15:14:37.420631+01:00 Info Loaded 6314 IN-SAMPLE training examples and 0 OUT-OF-SAMPLE test examples
2018-05-21 15:14:37.420643+01:00 Info (hyperparams((l2_reg 0.1)(dropout_keep_prob 0.5)))
(monitor.ml.Error (Invalid_argument "index out of bounds")
 ("Raised by primitive operation at file \"src/owl/dense/owl_dense_ndarray_generic.ml\", line 229, characters 26-36"
  "Called from file \"tools/policy_model.ml\", line 134, characters 6-150"
  "Called from file \"tools/policy_model.ml\", line 149, characters 18-60"
  "Called from file \"src/deferred0.ml\", line 61, characters 64-69"
  "Called from file \"src/job_queue.ml\", line 159, characters 6-47"))
