2018-05-23 17:17:17.513288+01:00 Info fyq-stdlib-functor-record-sets | Loaded 0 reward entries
2018-05-23 17:17:17.513289+01:00 Info fyq-stdlib-functor-record-sets | Loaded 0 query entries
2018-05-23 17:17:17.513290+01:00 Info fyq-stdlib-functor-record-sets | Loaded 0 training examples
2018-05-23 17:17:17.513564+01:00 Info Loaded a total of 0 training examples
2018-05-23 17:17:19.222333+01:00 Info bdd | Loaded 5717 reward entries
2018-05-23 17:17:19.222350+01:00 Info bdd | Loaded 2818 query entries
2018-05-23 17:17:19.222354+01:00 Info bdd | Loaded 824 training examples
2018-05-23 17:17:19.686551+01:00 Info almabench | Loaded 1926 reward entries
2018-05-23 17:17:19.686562+01:00 Info almabench | Loaded 846 query entries
2018-05-23 17:17:19.686566+01:00 Info almabench | Loaded 317 training examples
2018-05-23 17:17:21.165536+01:00 Info lexifi | Loaded 4262 reward entries
2018-05-23 17:17:21.165561+01:00 Info lexifi | Loaded 4073 query entries
2018-05-23 17:17:21.165568+01:00 Info lexifi | Loaded 1370 training examples
2018-05-23 17:17:29.633003+01:00 Info kb | Loaded 4747 reward entries
2018-05-23 17:17:29.633174+01:00 Info kb | Loaded 35367 query entries
2018-05-23 17:17:29.633178+01:00 Info kb | Loaded 281 training examples
2018-05-23 17:17:31.283945+01:00 Info floats-in-functor | Loaded 2774 reward entries
2018-05-23 17:17:31.283979+01:00 Info floats-in-functor | Loaded 8773 query entries
2018-05-23 17:17:31.283983+01:00 Info floats-in-functor | Loaded 784 training examples
2018-05-23 17:17:31.284147+01:00 Info fyq-stdlib-int-sets | Loaded 0 reward entries
2018-05-23 17:17:31.284149+01:00 Info fyq-stdlib-int-sets | Loaded 0 query entries
2018-05-23 17:17:31.284150+01:00 Info fyq-stdlib-int-sets | Loaded 0 training examples
2018-05-23 17:17:31.555487+01:00 Info fft | Loaded 1865 reward entries
2018-05-23 17:17:31.555495+01:00 Info fft | Loaded 842 query entries
2018-05-23 17:17:31.555499+01:00 Info fft | Loaded 306 training examples
2018-05-23 17:17:31.821594+01:00 Info quicksort | Loaded 1667 reward entries
2018-05-23 17:17:31.821601+01:00 Info quicksort | Loaded 829 query entries
2018-05-23 17:17:31.821605+01:00 Info quicksort | Loaded 306 training examples
2018-05-23 17:17:31.821762+01:00 Info fyq-symbolic-maths | Loaded 0 reward entries
2018-05-23 17:17:31.821764+01:00 Info fyq-symbolic-maths | Loaded 0 query entries
2018-05-23 17:17:31.821765+01:00 Info fyq-symbolic-maths | Loaded 0 training examples
2018-05-23 17:17:32.061131+01:00 Info lens | Loaded 1698 reward entries
2018-05-23 17:17:32.061136+01:00 Info lens | Loaded 835 query entries
2018-05-23 17:17:32.061139+01:00 Info lens | Loaded 296 training examples
2018-05-23 17:17:32.061296+01:00 Info fyq-rev-list | Loaded 0 reward entries
2018-05-23 17:17:32.061297+01:00 Info fyq-rev-list | Loaded 0 query entries
2018-05-23 17:17:32.061298+01:00 Info fyq-rev-list | Loaded 0 training examples
2018-05-23 17:17:33.106123+01:00 Info sequence-cps | Loaded 3135 reward entries
2018-05-23 17:17:33.106132+01:00 Info sequence-cps | Loaded 1134 query entries
2018-05-23 17:17:33.106136+01:00 Info sequence-cps | Loaded 330 training examples
2018-05-23 17:17:35.353607+01:00 Info hamming | Loaded 3032 reward entries
2018-05-23 17:17:35.353641+01:00 Info hamming | Loaded 8514 query entries
2018-05-23 17:17:35.353647+01:00 Info hamming | Loaded 1412 training examples
2018-05-23 17:17:35.356687+01:00 Info kahan-sum | Loaded 19 reward entries
2018-05-23 17:17:35.356688+01:00 Info kahan-sum | Loaded 14 query entries
2018-05-23 17:17:35.356691+01:00 Info kahan-sum | Loaded 2 training examples
2018-05-23 17:17:37.807144+01:00 Info sequence | Loaded 14618 reward entries
2018-05-23 17:17:37.807167+01:00 Info sequence | Loaded 4111 query entries
2018-05-23 17:17:37.807170+01:00 Info sequence | Loaded 86 training examples
2018-05-23 17:17:37.807266+01:00 Info Loaded a total of 6314 training examples
2018-05-23 17:17:37.807640+01:00 Info Loaded 6314 IN-SAMPLE training examples and 0 OUT-OF-SAMPLE test examples
2018-05-23 17:17:37.808129+01:00 Info (hyperparams((l2_reg 0.1)(dropout_keep_prob 1)))
2018-05-23 17:17:37.908332+01:00 Info ((name"training examples")(distribution((0 0.648720032507111)(1 0.35127996749288909))))
2018-05-23 17:17:37.908338+01:00 Info ((name"test examples")(distribution((0 -nan)(1 -nan))))
(monitor.ml.Error (Invalid_argument "index out of bounds")
 ("Raised by primitive operation at file \"src/owl/dense/owl_dense_ndarray_generic.ml\", line 229, characters 26-36"
  "Called from file \"tools/decision_model.ml\", line 137, characters 6-150"
  "Called from file \"tools/decision_model.ml\", line 146, characters 18-60"
  "Called from file \"src/deferred0.ml\", line 61, characters 64-69"
  "Called from file \"src/job_queue.ml\", line 159, characters 6-47"))
