2018-05-23 17:14:31.444879+01:00 Info fyq-stdlib-int-sets | Loaded 0 reward entries
2018-05-23 17:14:31.444880+01:00 Info fyq-stdlib-int-sets | Loaded 0 query entries
2018-05-23 17:14:31.444882+01:00 Info fyq-stdlib-int-sets | Loaded 0 training examples
2018-05-23 17:14:31.445291+01:00 Info Loaded a total of 0 training examples
2018-05-23 17:14:33.136525+01:00 Info bdd | Loaded 5717 reward entries
2018-05-23 17:14:33.136551+01:00 Info bdd | Loaded 2818 query entries
2018-05-23 17:14:33.136557+01:00 Info bdd | Loaded 824 training examples
2018-05-23 17:14:33.632992+01:00 Info almabench | Loaded 1926 reward entries
2018-05-23 17:14:33.633001+01:00 Info almabench | Loaded 846 query entries
2018-05-23 17:14:33.633006+01:00 Info almabench | Loaded 317 training examples
2018-05-23 17:14:34.929936+01:00 Info lexifi | Loaded 4262 reward entries
2018-05-23 17:14:34.929960+01:00 Info lexifi | Loaded 4073 query entries
2018-05-23 17:14:34.929969+01:00 Info lexifi | Loaded 1370 training examples
2018-05-23 17:14:43.570565+01:00 Info kb | Loaded 4747 reward entries
2018-05-23 17:14:43.570719+01:00 Info kb | Loaded 35367 query entries
2018-05-23 17:14:43.570724+01:00 Info kb | Loaded 281 training examples
2018-05-23 17:14:45.341274+01:00 Info floats-in-functor | Loaded 2774 reward entries
2018-05-23 17:14:45.341348+01:00 Info floats-in-functor | Loaded 8773 query entries
2018-05-23 17:14:45.341354+01:00 Info floats-in-functor | Loaded 784 training examples
2018-05-23 17:14:45.659890+01:00 Info fft | Loaded 1865 reward entries
2018-05-23 17:14:45.659896+01:00 Info fft | Loaded 842 query entries
2018-05-23 17:14:45.659899+01:00 Info fft | Loaded 306 training examples
2018-05-23 17:14:45.934839+01:00 Info quicksort | Loaded 1667 reward entries
2018-05-23 17:14:45.934845+01:00 Info quicksort | Loaded 829 query entries
2018-05-23 17:14:45.934848+01:00 Info quicksort | Loaded 306 training examples
2018-05-23 17:14:45.935004+01:00 Info fyq-symbolic-maths | Loaded 0 reward entries
2018-05-23 17:14:45.935006+01:00 Info fyq-symbolic-maths | Loaded 0 query entries
2018-05-23 17:14:45.935007+01:00 Info fyq-symbolic-maths | Loaded 0 training examples
2018-05-23 17:14:46.185012+01:00 Info lens | Loaded 1698 reward entries
2018-05-23 17:14:46.185020+01:00 Info lens | Loaded 835 query entries
2018-05-23 17:14:46.185024+01:00 Info lens | Loaded 296 training examples
2018-05-23 17:14:46.185151+01:00 Info fyq-rev-list | Loaded 0 reward entries
2018-05-23 17:14:46.185152+01:00 Info fyq-rev-list | Loaded 0 query entries
2018-05-23 17:14:46.185152+01:00 Info fyq-rev-list | Loaded 0 training examples
2018-05-23 17:14:47.498460+01:00 Info sequence-cps | Loaded 3135 reward entries
2018-05-23 17:14:47.498470+01:00 Info sequence-cps | Loaded 1134 query entries
2018-05-23 17:14:47.498474+01:00 Info sequence-cps | Loaded 330 training examples
2018-05-23 17:14:49.758055+01:00 Info hamming | Loaded 3032 reward entries
2018-05-23 17:14:49.758082+01:00 Info hamming | Loaded 8514 query entries
2018-05-23 17:14:49.758086+01:00 Info hamming | Loaded 1412 training examples
2018-05-23 17:14:49.761302+01:00 Info kahan-sum | Loaded 19 reward entries
2018-05-23 17:14:49.761304+01:00 Info kahan-sum | Loaded 14 query entries
2018-05-23 17:14:49.761307+01:00 Info kahan-sum | Loaded 2 training examples
2018-05-23 17:14:52.282902+01:00 Info sequence | Loaded 14618 reward entries
2018-05-23 17:14:52.282918+01:00 Info sequence | Loaded 4111 query entries
2018-05-23 17:14:52.282921+01:00 Info sequence | Loaded 86 training examples
2018-05-23 17:14:52.283041+01:00 Info fyq-stdlib-functor-record-sets | Loaded 0 reward entries
2018-05-23 17:14:52.283042+01:00 Info fyq-stdlib-functor-record-sets | Loaded 0 query entries
2018-05-23 17:14:52.283043+01:00 Info fyq-stdlib-functor-record-sets | Loaded 0 training examples
2018-05-23 17:14:52.283112+01:00 Info Loaded a total of 6314 training examples
2018-05-23 17:14:52.283627+01:00 Info Loaded 6314 IN-SAMPLE training examples and 0 OUT-OF-SAMPLE test examples
2018-05-23 17:14:52.284297+01:00 Info (hyperparams((l2_reg 0.1)(dropout_keep_prob 1)))
2018-05-23 17:14:52.384411+01:00 Info ((name"training examples")(distribution((0 0.648720032507111)(1 0.35127996749288909))))
2018-05-23 17:14:52.384416+01:00 Info ((name"test examples")(distribution((0 -nan)(1 -nan))))
(monitor.ml.Error (Invalid_argument "index out of bounds")
 ("Raised by primitive operation at file \"src/owl/dense/owl_dense_ndarray_generic.ml\", line 229, characters 26-36"
  "Called from file \"tools/decision_model.ml\", line 137, characters 6-150"
  "Called from file \"tools/decision_model.ml\", line 146, characters 18-60"
  "Called from file \"src/deferred0.ml\", line 61, characters 64-69"
  "Called from file \"src/job_queue.ml\", line 159, characters 6-47"))
