2018-05-23 17:15:53.913204+01:00 Info fyq-rev-list | Loaded 0 reward entries
2018-05-23 17:15:53.913206+01:00 Info fyq-rev-list | Loaded 0 query entries
2018-05-23 17:15:53.913207+01:00 Info fyq-rev-list | Loaded 0 training examples
2018-05-23 17:15:53.913600+01:00 Info Loaded a total of 0 training examples
2018-05-23 17:15:55.783279+01:00 Info bdd | Loaded 5717 reward entries
2018-05-23 17:15:55.783304+01:00 Info bdd | Loaded 2818 query entries
2018-05-23 17:15:55.783310+01:00 Info bdd | Loaded 824 training examples
2018-05-23 17:15:56.276959+01:00 Info almabench | Loaded 1926 reward entries
2018-05-23 17:15:56.276969+01:00 Info almabench | Loaded 846 query entries
2018-05-23 17:15:56.276973+01:00 Info almabench | Loaded 317 training examples
2018-05-23 17:15:57.788166+01:00 Info lexifi | Loaded 4262 reward entries
2018-05-23 17:15:57.788195+01:00 Info lexifi | Loaded 4073 query entries
2018-05-23 17:15:57.788202+01:00 Info lexifi | Loaded 1370 training examples
2018-05-23 17:16:06.462963+01:00 Info kb | Loaded 4747 reward entries
2018-05-23 17:16:06.463133+01:00 Info kb | Loaded 35367 query entries
2018-05-23 17:16:06.463137+01:00 Info kb | Loaded 281 training examples
2018-05-23 17:16:08.737680+01:00 Info floats-in-functor | Loaded 2774 reward entries
2018-05-23 17:16:08.737733+01:00 Info floats-in-functor | Loaded 8773 query entries
2018-05-23 17:16:08.737741+01:00 Info floats-in-functor | Loaded 784 training examples
2018-05-23 17:16:08.737891+01:00 Info fyq-stdlib-int-sets | Loaded 0 reward entries
2018-05-23 17:16:08.737892+01:00 Info fyq-stdlib-int-sets | Loaded 0 query entries
2018-05-23 17:16:08.737893+01:00 Info fyq-stdlib-int-sets | Loaded 0 training examples
2018-05-23 17:16:09.196804+01:00 Info fft | Loaded 1865 reward entries
2018-05-23 17:16:09.196815+01:00 Info fft | Loaded 842 query entries
2018-05-23 17:16:09.196820+01:00 Info fft | Loaded 306 training examples
2018-05-23 17:16:09.627931+01:00 Info quicksort | Loaded 1667 reward entries
2018-05-23 17:16:09.627941+01:00 Info quicksort | Loaded 829 query entries
2018-05-23 17:16:09.627944+01:00 Info quicksort | Loaded 306 training examples
2018-05-23 17:16:09.628121+01:00 Info fyq-symbolic-maths | Loaded 0 reward entries
2018-05-23 17:16:09.628122+01:00 Info fyq-symbolic-maths | Loaded 0 query entries
2018-05-23 17:16:09.628124+01:00 Info fyq-symbolic-maths | Loaded 0 training examples
2018-05-23 17:16:10.022356+01:00 Info lens | Loaded 1698 reward entries
2018-05-23 17:16:10.022365+01:00 Info lens | Loaded 835 query entries
2018-05-23 17:16:10.022369+01:00 Info lens | Loaded 296 training examples
2018-05-23 17:16:11.272986+01:00 Info sequence-cps | Loaded 3135 reward entries
2018-05-23 17:16:11.272995+01:00 Info sequence-cps | Loaded 1134 query entries
2018-05-23 17:16:11.272998+01:00 Info sequence-cps | Loaded 330 training examples
2018-05-23 17:16:14.118004+01:00 Info hamming | Loaded 3032 reward entries
2018-05-23 17:16:14.118043+01:00 Info hamming | Loaded 8514 query entries
2018-05-23 17:16:14.118052+01:00 Info hamming | Loaded 1412 training examples
2018-05-23 17:16:14.122058+01:00 Info kahan-sum | Loaded 19 reward entries
2018-05-23 17:16:14.122060+01:00 Info kahan-sum | Loaded 14 query entries
2018-05-23 17:16:14.122062+01:00 Info kahan-sum | Loaded 2 training examples
2018-05-23 17:16:17.255736+01:00 Info sequence | Loaded 14618 reward entries
2018-05-23 17:16:17.255759+01:00 Info sequence | Loaded 4111 query entries
2018-05-23 17:16:17.255763+01:00 Info sequence | Loaded 86 training examples
2018-05-23 17:16:17.255967+01:00 Info fyq-stdlib-functor-record-sets | Loaded 0 reward entries
2018-05-23 17:16:17.255968+01:00 Info fyq-stdlib-functor-record-sets | Loaded 0 query entries
2018-05-23 17:16:17.255969+01:00 Info fyq-stdlib-functor-record-sets | Loaded 0 training examples
2018-05-23 17:16:17.256048+01:00 Info Loaded a total of 6314 training examples
2018-05-23 17:16:17.256423+01:00 Info Loaded 6314 IN-SAMPLE training examples and 0 OUT-OF-SAMPLE test examples
2018-05-23 17:16:17.256884+01:00 Info (hyperparams((l2_reg 0.1)(dropout_keep_prob 1)))
2018-05-23 17:16:17.357114+01:00 Info ((name"training examples")(distribution((0 0.648720032507111)(1 0.35127996749288909))))
2018-05-23 17:16:17.357120+01:00 Info ((name"test examples")(distribution((0 -nan)(1 -nan))))
(monitor.ml.Error (Invalid_argument "index out of bounds")
 ("Raised by primitive operation at file \"src/owl/dense/owl_dense_ndarray_generic.ml\", line 229, characters 26-36"
  "Called from file \"tools/decision_model.ml\", line 137, characters 6-150"
  "Called from file \"tools/decision_model.ml\", line 146, characters 18-60"
  "Called from file \"src/deferred0.ml\", line 61, characters 64-69"
  "Called from file \"src/job_queue.ml\", line 159, characters 6-47"))
