almabench,correct = INLINE,predicted = APPLY,0.00507031402652,0.0,metadata = ['/Apply(camlAlmabench__Apply[8])']
almabench,correct = INLINE,predicted = DOESNT_MATTER,0.00850510711152,0.0,metadata = ['/Apply(camlAlmabench__Apply[14])/Apply(camlGc__Over[13])']
almabench,correct = INLINE,predicted = DOESNT_MATTER,0.0,-0.0440149900022,metadata = ['/Apply(camlAlmabench__Apply[14])/Apply(camlGc__Over[11])/Apply(camlCamlinternalFormat__Apply[589])']
almabench,correct = DOESNT_MATTER,predicted = INLINE,0.0,0.0,metadata = ['/Apply(camlAlmabench__Apply[7])/Apply(camlAlmabench__Apply[5])']
almabench,correct = APPLY,predicted = DOESNT_MATTER,0.0,0.0202202918578,metadata = ['/Apply(camlAlmabench__Apply[14])/Apply(camlGc__Over[10])']
almabench,correct = APPLY,predicted = DOESNT_MATTER,0.0,0.0107784970564,metadata = ['/Apply(camlAlmabench__Apply[14])/Apply(camlGc__Over[7])']
almabench,correct = APPLY,predicted = DOESNT_MATTER,0.0,0.00364550741843,metadata = ['/Apply(camlAlmabench__Apply[14])/Apply(camlGc__Over[14])']
almabench,correct = INLINE,predicted = DOESNT_MATTER,0.0,-0.00681717366657,metadata = ['/Apply(camlAlmabench__Apply[10])/Apply(camlAlmabench__Apply[9])/Apply(camlAlmabench__Apply[1])']
almabench,correct = INLINE,predicted = DOESNT_MATTER,0.00155704531901,0.0,metadata = ['/Apply(camlAlmabench__Apply[14])/Apply(camlGc__Over[2])']
almabench,correct = INLINE,predicted = APPLY,0.0031607714775,-2.50395740936e-05,metadata = ['/Apply(camlAlmabench__Apply[10])']
almabench,correct = INLINE,predicted = DOESNT_MATTER,0.00458628264194,0.0,metadata = ['/Apply(camlAlmabench__Apply[14])/Apply(camlGc__Over[20])']
almabench,correct = APPLY,predicted = DOESNT_MATTER,-0.0010240491061,0.0299465039359,metadata = ['/Decl(Almabench.radecdist/1748)/Apply(camlAlmabench__Apply[5])/Apply(camlAlmabench__Apply[4])']
almabench,correct = INLINE,predicted = DOESNT_MATTER,0.0419188844322,0.0,metadata = ['/Apply(camlAlmabench__Apply[14])/Apply(camlGc__Over[6])/Apply(camlCamlinternalFormat__Apply[613])']
almabench,correct = APPLY,predicted = DOESNT_MATTER,0.0,0.0120693773603,metadata = ['/Apply(camlAlmabench__Apply[6])/Apply(camlAlmabench__Apply[1])']
almabench,correct = INLINE,predicted = DOESNT_MATTER,0.00247459418564,0.0,metadata = ['/Apply(camlAlmabench__Apply[14])/Apply(camlGc__Over[8])']
almabench,correct = APPLY,predicted = DOESNT_MATTER,-0.00290212696477,0.000137550996751,metadata = ['/Decl(Almabench.radecdist/1748)/Decl(Almabench.super_function/1819)/Apply(camlAlmabench__Apply[4])']
almabench,correct = INLINE,predicted = DOESNT_MATTER,0.00747783163698,0.0,metadata = ['/Apply(camlAlmabench__Apply[14])/Apply(camlGc__Over[6])']
bdd,correct = INLINE,predicted = DOESNT_MATTER,0.0,-0.00175555983004,metadata = ['/Decl(Bdd.xor/669)/Apply(camlBdd__Apply[46])/Apply(camlBdd__Apply[22])']
bdd,correct = INLINE,predicted = APPLY,0.0,-0.00723726260167,metadata = ['/Decl(Bdd.xor/669)/Apply(camlBdd__Apply[37])']
bdd,correct = APPLY,predicted = INLINE,-0.000842059929007,0.00030888884203,metadata = ['/Decl(Bdd.mkNode/373)/Decl(Bdd.lookup/404)/Apply(camlBdd__Apply[13])']
bdd,correct = APPLY,predicted = INLINE,0.0,0.0114745873607,metadata = ['/Apply(camlBdd__Apply[72])/Apply(camlBdd__Apply[70])']
bdd,correct = INLINE,predicted = APPLY,0.000678624282083,0.0,metadata = ['/Decl(Bdd.hwb/745)/Decl(Bdd.g/786)/Apply(camlBdd__Apply[64])']
bdd,correct = DOESNT_MATTER,predicted = INLINE,0.0,0.0,metadata = ['/Decl(Bdd.mkNode/373)/Decl(Bdd.lookup/404)/Apply(camlBdd__Apply[17])']
bdd,correct = DOESNT_MATTER,predicted = INLINE,0.0,0.0,metadata = ['/Decl(Bdd.resize/203)/Decl(Bdd.copyBucket/222)/Apply(camlBdd__Apply[3])']
bdd,correct = INLINE,predicted = DOESNT_MATTER,0.0579698276777,0.0,metadata = ['/Decl(Bdd.hwb/745)/Decl(Bdd.g/786)/Apply(camlBdd__Apply[61])/Apply(camlBdd__Apply[20])']
bdd,correct = APPLY,predicted = DOESNT_MATTER,-0.0044777507839,0.00570499240053,metadata = ['/Apply(camlBdd__Apply[74])/Apply(camlGc__Over[7])']
bdd,correct = INLINE,predicted = DOESNT_MATTER,0.0,-0.206857107324,metadata = ['/Decl(Bdd.mkNode/373)/Apply(camlBdd__Apply[19])/Apply(camlBdd__Apply[14])']
bdd,correct = APPLY,predicted = INLINE,-0.0112105623811,0.00274842542326,metadata = ['/Decl(Bdd.and2/589)/Apply(camlBdd__Apply[34])']
bdd,correct = APPLY,predicted = DOESNT_MATTER,0.0,0.00578064117751,metadata = ['/Apply(camlBdd__Apply[74])/Apply(camlGc__Over[16])']
bdd,correct = INLINE,predicted = DOESNT_MATTER,0.0,-0.034240908666,metadata = ['/Decl(Bdd.hwb/745)/Decl(Bdd.g/786)/Apply(camlBdd__Apply[59])/Apply(camlBdd__Apply[50])']
bdd,correct = APPLY,predicted = DOESNT_MATTER,-0.0454135806297,0.0,metadata = ['/Decl(Bdd.eval/110)/Apply(camlBdd__Apply[1])/Apply(camlBdd__Apply[1])']
bdd,correct = APPLY,predicted = INLINE,-0.00066261544179,0.00120750467048,metadata = ['/Decl(Bdd.xor/669)/Apply(camlBdd__Apply[36])']
bdd,correct = INLINE,predicted = DOESNT_MATTER,0.570826289172,0.0,metadata = ['/Decl(Bdd.mkNode/373)/Apply(camlBdd__Apply[19])/Apply(camlBdd__Apply[18])']
bdd,correct = INLINE,predicted = DOESNT_MATTER,0.023196691288,-0.00562403232493,metadata = ['/Decl(Bdd.hwb/745)/Decl(Bdd.g/786)/Apply(camlBdd__Apply[61])']
bdd,correct = INLINE,predicted = DOESNT_MATTER,2.62003261533e-05,0.0,metadata = ['/Decl(Bdd.hwb/745)/Apply(camlBdd__Apply[66])/Apply(camlBdd__Apply[54])']
bdd,correct = INLINE,predicted = DOESNT_MATTER,0.00955327655523,-0.116221346628,metadata = ['/Decl(Bdd.mkNode/373)/Apply(camlBdd__Apply[19])/Apply(camlBdd__Apply[16])']
bdd,correct = APPLY,predicted = DOESNT_MATTER,-0.0117350877112,0.0,metadata = ['/Decl(Bdd.xor/669)/Apply(camlBdd__Apply[47])/Apply(camlBdd__Apply[23])']
bdd,correct = APPLY,predicted = DOESNT_MATTER,0.0,0.0331261515913,metadata = ['/Decl(Bdd.eval/110)/Apply(camlBdd__Apply[2])/Apply(camlBdd__Apply[1])']
bdd,correct = DOESNT_MATTER,predicted = INLINE,0.0,0.0,metadata = ['/Decl(Bdd.eval/110)/Apply(camlBdd__Apply[1])']
bdd,correct = INLINE,predicted = DOESNT_MATTER,0.0,-0.00243637249912,metadata = ['/Apply(camlBdd__Apply[74])/Apply(camlGc__Over[7])/Apply(camlCamlinternalFormat__Apply[612])']
bdd,correct = DOESNT_MATTER,predicted = INLINE,0.0,0.0,metadata = ['/Decl(Bdd.and2/589)/Apply(camlBdd__Apply[24])']
bdd,correct = INLINE,predicted = APPLY,0.00163252812509,0.0,metadata = ['/Decl(Bdd.main/929)/Apply(camlBdd__Apply[71])/Apply(camlBdd__Apply[68])']
bdd,correct = INLINE,predicted = DOESNT_MATTER,0.00262833874308,0.0,metadata = ['/Apply(camlBdd__Apply[74])/Apply(camlGc__Over[6])']
bdd,correct = APPLY,predicted = DOESNT_MATTER,-0.0149417626555,0.0,metadata = ['/Decl(Bdd.hwb/745)/Decl(Bdd.h/757)/Apply(camlBdd__Apply[52])']
bdd,correct = APPLY,predicted = DOESNT_MATTER,-0.00268291106422,0.00383074751275,metadata = ['/Decl(Bdd.xor/669)/Apply(camlBdd__Apply[47])']
bdd,correct = APPLY,predicted = INLINE,-0.000553239565319,0.00974706121728,metadata = ['/Decl(Bdd.xor/669)/Apply(camlBdd__Apply[35])']
bdd,correct = INLINE,predicted = DOESNT_MATTER,0.0130150448042,0.0,metadata = ['/Apply(camlBdd__Apply[74])/Apply(camlGc__Over[15])/Apply(camlCamlinternalFormat__Apply[589])']
bdd,correct = APPLY,predicted = DOESNT_MATTER,-0.0243041245888,0.000587823647112,metadata = ['/Decl(Bdd.eval/110)/Apply(camlBdd__Apply[2])/Apply(camlBdd__Apply[2])']
bdd,correct = INLINE,predicted = DOESNT_MATTER,0.0178769150924,0.0,metadata = ['/Decl(Bdd.xor/669)/Apply(camlBdd__Apply[47])/Apply(camlBdd__Apply[21])']
bdd,correct = APPLY,predicted = DOESNT_MATTER,0.0,7.70268890809e-05,metadata = ['/Apply(camlBdd__Apply[74])/Apply(camlGc__Over[6])/Apply(camlCamlinternalFormat__Apply[613])']
bdd,correct = INLINE,predicted = DOESNT_MATTER,0.0,-0.0271806419045,metadata = ['/Decl(Bdd.eval/110)/Apply(camlBdd__Apply[2])/Apply(camlBdd__Apply[1])/Apply(camlBdd__Apply[1])']
bdd,correct = INLINE,predicted = DOESNT_MATTER,1.68929254568e-05,-0.00438842370295,metadata = ['/Decl(Bdd.hwb/745)/Decl(Bdd.h/757)/Apply(camlBdd__Apply[48])']
bdd,correct = INLINE,predicted = DOESNT_MATTER,0.0070987659898,0.0,metadata = ['/Apply(camlBdd__Apply[74])/Apply(camlGc__Over[8])']
bdd,correct = DOESNT_MATTER,predicted = INLINE,0.0,0.0,metadata = ['/Decl(Bdd.hwb/745)/Decl(Bdd.h/757)/Apply(camlBdd__Apply[51])']
bdd,correct = APPLY,predicted = DOESNT_MATTER,-0.00175937877791,0.0,metadata = ['/Apply(camlBdd__Apply[73])/Apply(camlPervasives__Apply[8])']
bdd,correct = APPLY,predicted = INLINE,-0.00948382103589,0.0,metadata = ['/Decl(Bdd.and2/589)/Apply(camlBdd__Apply[31])']
bdd,correct = INLINE,predicted = DOESNT_MATTER,0.000855744700767,0.0,metadata = ['/Decl(Bdd.resize/203)/Apply(camlBdd__Apply[7])/Apply(camlBdd__Apply[5])']
bdd,correct = INLINE,predicted = DOESNT_MATTER,0.0,-0.000118205693127,metadata = ['/Apply(camlBdd__Apply[72])/Apply(camlBdd__Apply[71])/Apply(camlBdd__Apply[68])/Apply(camlBdd__Apply[2])']
bdd,correct = INLINE,predicted = DOESNT_MATTER,0.0,-0.041848292861,metadata = ['/Decl(Bdd.hwb/745)/Decl(Bdd.g/786)/Apply(camlBdd__Apply[59])/Apply(camlBdd__Apply[53])']
bdd,correct = APPLY,predicted = DOESNT_MATTER,-0.00740738571315,-0.00735162844937,metadata = ['/Decl(Bdd.hwb/745)/Apply(camlBdd__Apply[66])/Apply(camlBdd__Apply[49])']
bdd,correct = INLINE,predicted = DOESNT_MATTER,0.000564725999414,-0.002556152467,metadata = ['/Decl(Bdd.mkNode/373)/Apply(camlBdd__Apply[11])']
bdd,correct = INLINE,predicted = APPLY,0.0,-0.00194728700079,metadata = ['/Decl(Bdd.xor/669)/Apply(camlBdd__Apply[44])']
bdd,correct = INLINE,predicted = DOESNT_MATTER,0.00417066809466,-0.0115675665007,metadata = ['/Apply(camlBdd__Apply[74])/Apply(camlGc__Over[15])']
bdd,correct = INLINE,predicted = DOESNT_MATTER,0.00238968413337,-0.00773812283083,metadata = ['/Decl(Bdd.hwb/745)/Decl(Bdd.g/786)/Apply(camlBdd__Apply[57])']
bdd,correct = APPLY,predicted = DOESNT_MATTER,0.0,0.00635410003986,metadata = ['/Decl(Bdd.resize/203)/Apply(camlBdd__Apply[7])/Apply(camlBdd__Apply[3])']
bdd,correct = INLINE,predicted = DOESNT_MATTER,0.0,-0.00267873611665,metadata = ['/Apply(camlBdd__Apply[74])/Apply(camlGc__Over[14])/Apply(camlCamlinternalFormat__Apply[589])']
bdd,correct = DOESNT_MATTER,predicted = APPLY,0.0,0.0,metadata = ['/Decl(Bdd.main/929)/Apply(camlBdd__Apply[71])/Apply(camlBdd__Apply[68])/Apply(camlBdd__Apply[2])']
bdd,correct = APPLY,predicted = DOESNT_MATTER,-0.0662593939858,0.0,metadata = ['/Apply(camlBdd__Apply[74])/Apply(camlGc__Over[13])/Apply(camlCamlinternalFormat__Apply[589])']
fft,correct = DOESNT_MATTER,predicted = INLINE,0.0,0.0,metadata = ['/Decl(Fft.fft/30)/Apply(camlFft__Apply[5])']
fft,correct = DOESNT_MATTER,predicted = INLINE,0.0,0.0,metadata = ['/Apply(camlFft__Apply[11])']
fft,correct = DOESNT_MATTER,predicted = APPLY,0.0,0.0,metadata = ['/Decl(Fft.run/668)/Apply(camlFft__Apply[8])']
fft,correct = DOESNT_MATTER,predicted = APPLY,0.0,0.0,metadata = ['/Apply(camlFft__Apply[10])']
floats-in-functor,correct = INLINE,predicted = DOESNT_MATTER,-0.00635526151821,-0.021642376913,metadata = ['/Apply(camlB__Apply[19])/Apply(camlGc__Over[13])']
floats-in-functor,correct = INLINE,predicted = DOESNT_MATTER,4.74899601088,0.0,metadata = ['/Decl(B.float_modulo/8)/Apply(camlB__Apply[8])/Apply(camlB__Apply[8])/Apply(camlB__Apply[8])']
floats-in-functor,correct = INLINE,predicted = DOESNT_MATTER,12.0914227085,0.0,metadata = ['/Decl(B.float_modulo/8)/Apply(camlB__Apply[8])/Apply(camlB__Apply[8])/Apply(camlB__Apply[8])/Apply(camlB__Apply[8])/Apply(camlB__Apply[8])/Apply(camlB__Apply[8])']
floats-in-functor,correct = INLINE,predicted = DOESNT_MATTER,0.0,-0.000914160236823,metadata = ['/Apply(camlB__Apply[19])/Apply(camlGc__Over[11])/Apply(camlCamlinternalFormat__Apply[589])']
floats-in-functor,correct = APPLY,predicted = DOESNT_MATTER,-0.0114755490379,0.0316185188635,metadata = ['/Apply(camlB__Apply[19])/Apply(camlGc__Over[14])/Apply(camlCamlinternalFormat__Apply[589])']
floats-in-functor,correct = APPLY,predicted = DOESNT_MATTER,0.0,0.00662031564931,metadata = ['/Apply(camlB__Apply[19])/Apply(camlGc__Apply[5])/Apply(camlPrintf__Apply[18])']
floats-in-functor,correct = INLINE,predicted = DOESNT_MATTER,10.4334125795,0.0,metadata = ['/Decl(B.float_modulo/8)/Apply(camlB__Apply[8])/Apply(camlB__Apply[8])/Apply(camlB__Apply[8])/Apply(camlB__Apply[8])/Apply(camlB__Apply[8])']
floats-in-functor,correct = APPLY,predicted = DOESNT_MATTER,-0.00234070816444,0.0,metadata = ['/Apply(camlB__Apply[19])/Apply(camlGc__Over[5])']
floats-in-functor,correct = APPLY,predicted = DOESNT_MATTER,-0.048143708986,0.0,metadata = ['/Apply(camlB__Apply[19])/Apply(camlGc__Over[14])/Apply(camlCamlinternalFormat__Apply[589])/Apply(camlCamlinternalFormat__Apply[470])']
floats-in-functor,correct = APPLY,predicted = DOESNT_MATTER,0.0,0.0125521362095,metadata = ['/Apply(camlB__Apply[19])/Apply(camlGc__Over[19])']
floats-in-functor,correct = INLINE,predicted = DOESNT_MATTER,0.0,-0.00351094804373,metadata = ['/Apply(camlB__Apply[19])/Apply(camlGc__Over[10])']
floats-in-functor,correct = INLINE,predicted = DOESNT_MATTER,-0.000431538089125,-0.0121669356083,metadata = ['/Apply(camlB__Apply[19])/Apply(camlGc__Over[12])']
floats-in-functor,correct = INLINE,predicted = DOESNT_MATTER,-0.0134961198128,-0.0160972723413,metadata = ['/Apply(camlB__Apply[19])/Apply(camlGc__Over[16])']
floats-in-functor,correct = INLINE,predicted = DOESNT_MATTER,0.00180670326895,0.0,metadata = ['/Apply(camlB__Apply[19])/Apply(camlGc__Over[8])']
floats-in-functor,correct = INLINE,predicted = DOESNT_MATTER,0.00719599439751,0.0,metadata = ['/Apply(camlB__Apply[19])/Apply(camlGc__Over[8])/Apply(camlCamlinternalFormat__Apply[613])']
floats-in-functor,correct = INLINE,predicted = DOESNT_MATTER,3.2731673688,0.0,metadata = ['/Decl(B.float_modulo/8)/Apply(camlB__Apply[8])/Apply(camlB__Apply[8])']
floats-in-functor,correct = APPLY,predicted = DOESNT_MATTER,-0.00713915972979,0.0,metadata = ['/Apply(camlB__Apply[19])/Apply(camlGc__Over[6])/Apply(camlCamlinternalFormat__Apply[612])']
floats-in-functor,correct = INLINE,predicted = DOESNT_MATTER,0.0,-0.124695279669,metadata = ['/Apply(camlB__Apply[17])/Apply(camlPrintf__Apply[11])/Apply(camlPrintf__Apply[8])/Apply(camlPrintf__Apply[3])/Apply(camlCamlinternalFormat__Apply[523])']
floats-in-functor,correct = APPLY,predicted = DOESNT_MATTER,-0.000490624769306,0.0,metadata = ['/Apply(camlB__Apply[19])/Apply(camlGc__Over[1])']
floats-in-functor,correct = INLINE,predicted = DOESNT_MATTER,0.0180642173045,-0.000936705835717,metadata = ['/Apply(camlB__Apply[19])/Apply(camlGc__Over[12])/Apply(camlCamlinternalFormat__Apply[589])']
floats-in-functor,correct = INLINE,predicted = DOESNT_MATTER,0.00421580251513,0.0,metadata = ['/Apply(camlB__Apply[19])/Apply(camlGc__Over[14])']
floats-in-functor,correct = INLINE,predicted = DOESNT_MATTER,0.00635428011965,0.0,metadata = ['/Apply(camlB__Apply[19])/Apply(camlGc__Over[8])/Apply(camlCamlinternalFormat__Apply[612])']
floats-in-functor,correct = INLINE,predicted = APPLY,0.0032590328844,0.00102512056589,metadata = ['/Apply(camlB__Apply[18])']
floats-in-functor,correct = INLINE,predicted = DOESNT_MATTER,0.0,-0.00432649179088,metadata = ['/Apply(camlB__Apply[18])/Apply(camlPervasives__Apply[8])']
floats-in-functor,correct = APPLY,predicted = DOESNT_MATTER,0.0,0.00160217989662,metadata = ['/Apply(camlB__Apply[19])/Apply(camlGc__Over[6])']
floats-in-functor,correct = INLINE,predicted = DOESNT_MATTER,6.6341494638,0.0,metadata = ['/Decl(B.float_modulo/8)/Apply(camlB__Apply[8])/Apply(camlB__Apply[8])/Apply(camlB__Apply[8])/Apply(camlB__Apply[8])']
floats-in-functor,correct = APPLY,predicted = DOESNT_MATTER,-0.00774810448218,0.0,metadata = ['/Apply(camlB__Apply[19])/Apply(camlGc__Over[20])']
floats-in-functor,correct = APPLY,predicted = DOESNT_MATTER,0.0,0.000700738521698,metadata = ['/Apply(camlB__Apply[19])/Apply(camlGc__Over[2])']
floats-in-functor,correct = APPLY,predicted = DOESNT_MATTER,0.0,0.00359127249039,metadata = ['/Apply(camlB__Apply[19])/Apply(camlGc__Over[3])']
floats-in-functor,correct = INLINE,predicted = DOESNT_MATTER,0.0,-0.00311648737001,metadata = ['/Apply(camlB__Apply[19])/Apply(camlGc__Over[15])/Apply(camlCamlinternalFormat__Apply[589])']
floats-in-functor,correct = APPLY,predicted = DOESNT_MATTER,-0.0148551337175,-0.00367972038004,metadata = ['/Apply(camlB__Apply[19])/Apply(camlGc__Over[18])']
floats-in-functor,correct = APPLY,predicted = DOESNT_MATTER,-0.0936776469147,0.0,metadata = ['/Apply(camlB__Apply[17])/Apply(camlPrintf__Apply[11])/Apply(camlPrintf__Apply[8])/Apply(camlPrintf__Apply[3])']
hamming,correct = DOESNT_MATTER,predicted = INLINE,0.0,0.0,metadata = ['/Decl(Hamming.make_hamming/433)/Decl(Hamming.anon-fn[hamming.ml:105,18--42]/482)/Apply(camlHamming__Apply[32])']
hamming,correct = DOESNT_MATTER,predicted = INLINE,0.0,0.0,metadata = ['/Decl(Hamming.map/272)/Decl(Hamming.anon-fn[hamming.ml:70,7--78]/279)/Apply(camlHamming__Apply[15])']
hamming,correct = APPLY,predicted = INLINE,0.0,0.00403102322578,metadata = ['/Decl(Hamming.check_string/540)/Apply(camlHamming__Apply[42])']
hamming,correct = INLINE,predicted = DOESNT_MATTER,0.00381953194225,0.0,metadata = ['/Decl(Hamming.run/523)/Apply(camlHamming__Apply[37])/Apply(camlHamming__Apply[22])']
hamming,correct = INLINE,predicted = APPLY,0.030742275008,-0.0172871809355,metadata = ['/Decl(Hamming.merge/307)/Decl(Hamming.anon-fn[hamming.ml:77,7--287]/315)/Apply(camlHamming__Apply[21])']
hamming,correct = INLINE,predicted = APPLY,0.00662190745436,0.0,metadata = ['/Apply(camlHamming__Apply[46])']
hamming,correct = INLINE,predicted = DOESNT_MATTER,0.00296896322707,-0.002532339281,metadata = ['/Decl(Hamming.x2/204)/Apply(camlHamming__Apply[8])']
hamming,correct = DOESNT_MATTER,predicted = APPLY,0.0,0.0,metadata = ['/Decl(Hamming.make_hamming/433)/Decl(Hamming.anon-fn[hamming.ml:105,18--42]/482)/Apply(camlHamming__Apply[31])']
hamming,correct = APPLY,predicted = DOESNT_MATTER,-0.00322004038686,0.0,metadata = ['/Apply(camlHamming__Apply[47])/Apply(camlPervasives__Apply[8])']
hamming,correct = INLINE,predicted = APPLY,0.00293376194601,0.0,metadata = ['/Decl(Hamming.make_hamming/433)/Decl(Hamming.anon-fn[hamming.ml:106,18--42]/502)/Apply(camlHamming__Apply[33])']
hamming,correct = APPLY,predicted = DOESNT_MATTER,-0.0085738590327,0.00411793239417,metadata = ['/Decl(Hamming.make_hamming/433)/Decl(Hamming.anon-fn[hamming.ml:103,25--75]/447)/Apply(camlHamming__Apply[27])']
hamming,correct = APPLY,predicted = DOESNT_MATTER,-0.00180119368424,0.000393698788402,metadata = ['/Decl(Hamming.skip/369)/Apply(camlHamming__Apply[23])']
hamming,correct = APPLY,predicted = INLINE,-0.000235638975841,0.00018344992098,metadata = ['/Apply(camlHamming__Apply[48])']
hamming,correct = INLINE,predicted = DOESNT_MATTER,0.0,-0.00223812125737,metadata = ['/Apply(camlHamming__Apply[48])/Apply(camlGc__Over[13])']
hamming,correct = APPLY,predicted = DOESNT_MATTER,-0.015917748394,0.0,metadata = ['/Apply(camlHamming__Apply[45])/Apply(camlHamming__Apply[38])']
hamming,correct = DOESNT_MATTER,predicted = APPLY,0.0,0.0,metadata = ['/Decl(Hamming.merge/307)/Decl(Hamming.anon-fn[hamming.ml:77,7--287]/315)/Apply(camlHamming__Apply[20])']
hamming,correct = DOESNT_MATTER,predicted = INLINE,0.0,0.0,metadata = ['/Decl(Hamming.iter/396)/Apply(camlHamming__Apply[26])']
hamming,correct = APPLY,predicted = INLINE,-0.0227826435788,0.0146168913288,metadata = ['/Decl(Hamming.map/272)/Decl(Hamming.anon-fn[hamming.ml:70,7--78]/279)/Apply(camlHamming__Apply[13])']
hamming,correct = APPLY,predicted = DOESNT_MATTER,-0.00313041586948,0.00922723457453,metadata = ['/Decl(Hamming.check_string/540)/Apply(camlHamming__Apply[43])']
hamming,correct = DOESNT_MATTER,predicted = INLINE,0.0,0.0,metadata = ['/Decl(Hamming.pr/233)/Apply(camlHamming__Apply[11])']
hamming,correct = DOESNT_MATTER,predicted = APPLY,0.0,0.0,metadata = ['/Decl(Hamming.make_hamming/433)/Decl(Hamming.anon-fn[hamming.ml:104,18--42]/462)/Apply(camlHamming__Apply[29])']
hamming,correct = APPLY,predicted = INLINE,-0.0070827416837,0.00391162410399,metadata = ['/Decl(Hamming.check_string/540)/Apply(camlHamming__Apply[39])']
hamming,correct = APPLY,predicted = DOESNT_MATTER,-0.00209157976666,0.000947709474251,metadata = ['/Decl(Hamming.x3/213)/Apply(camlHamming__Apply[9])']
kb,correct = DOESNT_MATTER,predicted = INLINE,0.0,0.0,metadata = ['/Decl(Kb.can_match/683)/Apply(camlKb__Apply[57])']
kb,correct = APPLY,predicted = DOESNT_MATTER,-0.000717840611409,0.0070132717008,metadata = ['/Apply(camlKb__Apply[201])/Apply(camlGc__Over[16])']
kb,correct = APPLY,predicted = DOESNT_MATTER,-0.000689464761498,0.00760567057382,metadata = ['/Apply(camlKb__Apply[201])/Apply(camlGc__Over[11])']
kb,correct = INLINE,predicted = DOESNT_MATTER,0.000129399665294,0.0,metadata = ['/Decl(Kb.super/1249)/Decl(Kb.collate/1259)/Apply(camlKb__Apply[111])']
kb,correct = APPLY,predicted = DOESNT_MATTER,0.0,0.0168540407212,metadata = ['/Decl(Kb.mreduce/724)/Apply(camlKb__Apply[62])']
kb,correct = DOESNT_MATTER,predicted = INLINE,0.0,0.0,metadata = ['/Decl(Kb.compsubst/366)/Apply(camlKb__Apply[25])']
kb,correct = APPLY,predicted = INLINE,-0.00566480240757,0.00130735888232,metadata = ['/Decl(Kb.vars_of_list/185)/Apply(camlKb__Apply[5])']
kb,correct = INLINE,predicted = APPLY,0.00210975392763,0.0,metadata = ['/Apply(camlKb__Apply[197])']
kb,correct = APPLY,predicted = DOESNT_MATTER,-3.79160023623e-05,0.0,metadata = ['/Apply(camlKb__Apply[201])/Apply(camlGc__Over[18])']
kb,correct = APPLY,predicted = INLINE,-0.005431863851,0.00148884078875,metadata = ['/Decl(Kb.mk_rule/527)/Apply(camlKb__Apply[40])']
kb,correct = DOESNT_MATTER,predicted = INLINE,0.0,0.0,metadata = ['/Decl(Kb.diff_eq/912)/Apply(camlKb__Apply[83])']
kb,correct = INLINE,predicted = DOESNT_MATTER,0.0,-0.0393420377593,metadata = ['/Apply(camlKb__Apply[199])/Apply(camlKb__Apply[188])']
kb,correct = INLINE,predicted = DOESNT_MATTER,0.0,-0.0156026286814,metadata = ['/Decl(Kb.can_match/683)/Apply(camlKb__Apply[57])/Apply(camlKb__Apply[22])']
kb,correct = DOESNT_MATTER,predicted = INLINE,0.0,0.0,metadata = ['/Decl(Kb.non_orientable/1571)/Apply(camlKb__Apply[143])']
kb,correct = APPLY,predicted = DOESNT_MATTER,-0.0219561617311,0.0,metadata = ['/Decl(Kb.check_rules/574)/Apply(camlKb__Apply[47])/Apply(camlList__Apply[32])']
kb,correct = INLINE,predicted = DOESNT_MATTER,0.00589761263909,-0.00335142591725,metadata = ['/Decl(Kb.rpo/1162)/Decl(Kb.rporec/1173)/Decl(List.exists/756)/Apply(camlList__Apply[59])']
kb,correct = APPLY,predicted = DOESNT_MATTER,-0.000282752934713,0.0,metadata = ['/Decl(Kb.mutual_critical_pairs/1482)/Apply(camlKb__Apply[133])']
kb,correct = INLINE,predicted = DOESNT_MATTER,0.0,-0.0614770604772,metadata = ['/Decl(Kb.union/152)/Apply(camlKb__Apply[3])/Apply(camlKb__Apply[3])']
kb,correct = DOESNT_MATTER,predicted = INLINE,0.0,0.0,metadata = ['/Decl(Kb.mreduce/724)/Apply(camlKb__Apply[61])']
kb,correct = APPLY,predicted = INLINE,-0.0412460482814,0.000276166351583,metadata = ['/Decl(Kb.replace_nth/262)/Apply(camlKb__Apply[14])']
kb,correct = INLINE,predicted = APPLY,0.00357270374637,0.0,metadata = ['/Decl(Kb.occurs/398)/Apply(camlKb__Apply[28])']
kb,correct = APPLY,predicted = DOESNT_MATTER,-0.000365755995049,0.00578432124792,metadata = ['/Decl(Kb.kb_complete/1990)/Apply(camlKb__Apply[191])']
kb,correct = APPLY,predicted = DOESNT_MATTER,-0.000252180427715,0.0,metadata = ['/Apply(camlKb__Apply[201])/Apply(camlGc__Over[20])']
kb,correct = INLINE,predicted = DOESNT_MATTER,0.0243900573447,-7.70323557809e-06,metadata = ['/Decl(Kb.strict_critical_pairs/1436)/Decl(Kb.mk_pair/1453)/Apply(camlKb__Apply[128])']
kb,correct = APPLY,predicted = DOESNT_MATTER,-0.000860985224086,0.000200748549043,metadata = ['/Decl(Kb.substitute/202)/Apply(camlKb__Apply[8])']
kb,correct = INLINE,predicted = DOESNT_MATTER,0.0398442229162,0.0,metadata = ['/Decl(Kb.pretty_rules/658)/Decl(List.iter/504)/Apply(camlList__Apply[33])']
kb,correct = INLINE,predicted = DOESNT_MATTER,0.0,-0.0414257009976,metadata = ['/Decl(Kb.rpo/1162)/Decl(Kb.rporec/1173)/Decl(List.exists/756)/Apply(camlList__Apply[60])']
kb,correct = APPLY,predicted = INLINE,0.0,0.00553849492083,metadata = ['/Decl(Kb.pretty_rules/658)/Apply(camlKb__Apply[54])']
kb,correct = INLINE,predicted = DOESNT_MATTER,0.00145898837145,-0.00098024961321,metadata = ['/Decl(Kb.unify/419)/Apply(camlKb__Apply[31])']
kb,correct = INLINE,predicted = DOESNT_MATTER,0.00099671008668,-0.00251967689875,metadata = ['/Decl(Kb.pretty_rule/614)/Apply(camlKb__Apply[51])']
kb,correct = APPLY,predicted = DOESNT_MATTER,0.0,0.00902691071985,metadata = ['/Decl(Kb.match_rec/301)/Apply(camlKb__Apply[17])/Apply(camlList__Apply[69])']
kb,correct = APPLY,predicted = INLINE,-0.00321074937493,0.000333792359641,metadata = ['/Decl(Kb.union/152)/Apply(camlKb__Apply[1])']
kb,correct = DOESNT_MATTER,predicted = INLINE,0.0,0.0,metadata = ['/Decl(Kb.group_precedence/2189)/Apply(camlKb__Apply[195])']
kb,correct = APPLY,predicted = DOESNT_MATTER,-0.000238877748656,4.89080921115e-05,metadata = ['/Apply(camlKb__Apply[201])/Apply(camlGc__Over[12])']
kb,correct = APPLY,predicted = DOESNT_MATTER,-0.00125149118107,0.000988703547307,metadata = ['/Apply(camlKb__Apply[201])/Apply(camlGc__Over[2])']
kb,correct = APPLY,predicted = DOESNT_MATTER,-0.000109444053167,0.00735274269881,metadata = ['/Apply(camlKb__Apply[199])/Apply(camlKb__Apply[189])']
kb,correct = DOESNT_MATTER,predicted = APPLY,0.0,0.0,metadata = ['/Decl(Kb.anon-fn[kb.ml:96,24--153]/478)/Apply(camlKb__Apply[34])']
kb,correct = INLINE,predicted = DOESNT_MATTER,0.00361076428794,0.0,metadata = ['/Decl(Kb.match_rec/301)/Apply(camlKb__Apply[17])']
kb,correct = INLINE,predicted = DOESNT_MATTER,0.0132206580514,-0.0047380621819,metadata = ['/Decl(Kb.rename/1497)/Decl(Kb.ren_rec/1503)/Apply(camlKb__Apply[136])']
kb,correct = APPLY,predicted = DOESNT_MATTER,-0.0537911338868,0.0092530022535,metadata = ['/Decl(Kb.compsubst/366)/Decl(Kb.anon-fn[kb.ml:77,12--51]/373)/Apply(camlKb__Apply[23])']
kb,correct = DOESNT_MATTER,predicted = APPLY,0.0,0.0,metadata = ['/Decl(Kb.kb_complete/1990)/Apply(camlKb__Apply[193])']
kb,correct = APPLY,predicted = DOESNT_MATTER,-0.00113800186357,0.0118020866704,metadata = ['/Decl(Kb.strict_critical_pairs/1436)/Decl(Kb.mk_pair/1453)/Apply(camlKb__Apply[129])']
kb,correct = INLINE,predicted = DOESNT_MATTER,0.00464866698076,-0.00104327900897,metadata = ['/Decl(Kb.pretty_rule/614)/Apply(camlKb__Apply[48])']
kb,correct = APPLY,predicted = DOESNT_MATTER,-0.0060435806393,0.00133922101941,metadata = ['/Decl(Kb.rpo/1162)/Decl(Kb.rporec/1173)/Apply(camlKb__Apply[106])']
kb,correct = INLINE,predicted = DOESNT_MATTER,0.0,-0.00601135458327,metadata = ['/Apply(camlKb__Apply[199])/Apply(camlKb__Apply[193])']
kb,correct = DOESNT_MATTER,predicted = INLINE,0.0,0.0,metadata = ['/Decl(Kb.kb_complete/1990)/Apply(camlKb__Apply[188])']
kb,correct = DOESNT_MATTER,predicted = INLINE,0.0,0.0,metadata = ['/Decl(Kb.unify/419)/Apply(camlKb__Apply[30])']
kb,correct = DOESNT_MATTER,predicted = INLINE,0.0,0.0,metadata = ['/Decl(Kb.lex_ext/1057)/Apply(camlKb__Apply[91])']
kb,correct = DOESNT_MATTER,predicted = INLINE,0.0,0.0,metadata = ['/Decl(Kb.strict_critical_pairs/1436)/Apply(camlKb__Apply[131])']
kb,correct = APPLY,predicted = DOESNT_MATTER,-0.0096959650749,0.0,metadata = ['/Apply(camlKb__Apply[199])/Apply(camlKb__Apply[194])']
kb,correct = APPLY,predicted = INLINE,-0.00312465612594,0.0010204795648,metadata = ['/Decl(Kb.replace_nth/262)/Apply(camlKb__Apply[13])']
kb,correct = INLINE,predicted = DOESNT_MATTER,0.304549951723,-0.00364071796226,metadata = ['/Decl(Kb.reduce/672)/Apply(camlKb__Apply[55])/Apply(camlKb__Apply[22])']
kb,correct = DOESNT_MATTER,predicted = INLINE,0.0,0.0,metadata = ['/Decl(Kb.pretty_rule/614)/Apply(camlKb__Apply[50])']
kb,correct = DOESNT_MATTER,predicted = APPLY,0.0,0.0,metadata = ['/Decl(Kb.reducible/704)/Apply(camlKb__Apply[58])/Apply(camlKb__Apply[57])']
kb,correct = APPLY,predicted = DOESNT_MATTER,-0.0143490665229,0.0,metadata = ['/Apply(camlKb__Apply[199])/Apply(camlKb__Apply[192])']
kb,correct = APPLY,predicted = INLINE,-0.000162465815053,0.000143387879092,metadata = ['/Decl(Kb.check_rules/574)/Apply(camlKb__Apply[47])']
kb,correct = DOESNT_MATTER,predicted = APPLY,0.0,0.0,metadata = ['/Decl(Kb.diff_eq/912)/Decl(Kb.diffrec/923)/Apply(camlKb__Apply[79])']
kb,correct = APPLY,predicted = DOESNT_MATTER,-0.0025613884898,0.0061066641813,metadata = ['/Decl(Kb.non_orientable/1571)/Apply(camlKb__Apply[144])']
kb,correct = INLINE,predicted = DOESNT_MATTER,0.000983550634674,0.0,metadata = ['/Apply(camlKb__Apply[201])/Apply(camlGc__Over[6])']
kb,correct = APPLY,predicted = DOESNT_MATTER,-0.000186930243584,0.0,metadata = ['/Apply(camlKb__Apply[201])/Apply(camlGc__Over[3])']
kb,correct = DOESNT_MATTER,predicted = INLINE,0.0,0.0,metadata = ['/Decl(Kb.anon-fn[kb.ml:96,24--153]/478)/Apply(camlKb__Apply[36])']
kb,correct = DOESNT_MATTER,predicted = APPLY,0.0,0.0,metadata = ['/Decl(Kb.mrewrite_all/822)/Apply(camlKb__Apply[70])']
kb,correct = INLINE,predicted = DOESNT_MATTER,0.00675892959894,-0.00147999130122,metadata = ['/Decl(Kb.get_rule/1627)/Apply(camlKb__Apply[150])']
kb,correct = APPLY,predicted = DOESNT_MATTER,-5.71050680131e-06,1.51233846439e-05,metadata = ['/Apply(camlKb__Apply[201])/Apply(camlGc__Over[19])']
kb,correct = APPLY,predicted = DOESNT_MATTER,-0.0215902807824,0.00162621991036,metadata = ['/Decl(Kb.rename/1497)/Apply(camlKb__Apply[137])']
kb,correct = INLINE,predicted = DOESNT_MATTER,0.0045765762751,-0.00196473941998,metadata = ['/Decl(Kb.deletion_message/1534)/Apply(camlKb__Apply[140])']
kb,correct = APPLY,predicted = DOESNT_MATTER,0.0,0.000634538684403,metadata = ['/Decl(Kb.strict_critical_pairs/1436)/Decl(Kb.mk_pair/1453)/Apply(camlKb__Apply[127])']
kb,correct = DOESNT_MATTER,predicted = INLINE,0.0,0.0,metadata = ['/Decl(Kb.deletion_message/1534)/Apply(camlKb__Apply[142])']
kb,correct = APPLY,predicted = INLINE,-0.00258373556838,0.00180606298098,metadata = ['/Decl(Kb.unify/419)/Apply(camlKb__Apply[32])']
kb,correct = INLINE,predicted = DOESNT_MATTER,0.0321300171767,0.0,metadata = ['/Apply(camlKb__Apply[201])/Apply(camlGc__Apply[5])/Apply(camlPrintf__Apply[18])']
kb,correct = INLINE,predicted = DOESNT_MATTER,0.0,-0.00343188288166,metadata = ['/Apply(camlKb__Apply[200])/Apply(camlPervasives__Apply[8])']
kb,correct = DOESNT_MATTER,predicted = INLINE,0.0,0.0,metadata = ['/Decl(Kb.mult_ext/985)/Apply(camlKb__Apply[90])']
kb,correct = DOESNT_MATTER,predicted = APPLY,0.0,0.0,metadata = ['/Decl(Kb.anon-fn[kb.ml:96,24--153]/478)/Apply(camlKb__Apply[35])']
kb,correct = INLINE,predicted = APPLY,0.00502715654763,-0.000357077075748,metadata = ['/Decl(Kb.mk_rule/527)/Apply(camlKb__Apply[45])']
kb,correct = APPLY,predicted = INLINE,-0.0047414176498,0.000730933374656,metadata = ['/Decl(Kb.critical_pairs/1389)/Apply(camlKb__Apply[126])']
kb,correct = INLINE,predicted = DOESNT_MATTER,0.00737662976006,0.0,metadata = ['/Apply(camlKb__Apply[201])/Apply(camlGc__Over[6])/Apply(camlCamlinternalFormat__Apply[612])']
lens,correct = DOESNT_MATTER,predicted = INLINE,0.0,0.0,metadata = ['/Apply(camlLens_benchmark__Apply[57])']
lens,correct = DOESNT_MATTER,predicted = APPLY,0.0,0.0,metadata = ['/Apply(camlLens_benchmark__Apply[55])']
lens,correct = DOESNT_MATTER,predicted = APPLY,0.0,0.0,metadata = ['/Apply(camlLens_benchmark__Apply[56])']
lexifi,correct = INLINE,predicted = DOESNT_MATTER,0.0,-0.00403489691818,metadata = ['/Apply(camlMain__Apply[192])/Apply(camlGc__Over[3])']
lexifi,correct = INLINE,predicted = DOESNT_MATTER,0.651072559204,-0.0682560472634,metadata = ['/Decl(G2pp_calibration.pricer_of_swaption/629)/Decl(G2pp_calibration.anon-fn[g2pp_calibration.ml:146,2--4522]/759)/Decl(G2pp_calibration.integrand/1299)/Apply(camlG2pp_calibration__Apply[157])']
lexifi,correct = INLINE,predicted = DOESNT_MATTER,0.000451248171665,-0.0053540818091,metadata = ['/Apply(camlMain__Apply[192])/Apply(camlGc__Over[14])']
lexifi,correct = DOESNT_MATTER,predicted = APPLY,0.0,0.0,metadata = ['/Decl(G2pp_calibration.extended_swaption_of_swaption/28)/Apply(camlG2pp_calibration__Apply[98])/Apply(camlDate__Apply[19])/Apply(camlDate__Apply[15])']
lexifi,correct = INLINE,predicted = APPLY,0.0,-0.00447845973132,metadata = ['/Apply(camlMain__Apply[179])/Apply(camlDate__Apply[12])']
lexifi,correct = APPLY,predicted = DOESNT_MATTER,-0.00442529679425,0.0,metadata = ['/Apply(camlMain__Apply[187])/Decl(List.fold_left/551)/Apply(camlList__Apply[38])']
lexifi,correct = APPLY,predicted = INLINE,-0.00227913430859,0.000964316602612,metadata = ['/Decl(G2pp_calibration.extended_swaption_of_swaption/28)/Apply(camlG2pp_calibration__Apply[102])']
lexifi,correct = INLINE,predicted = APPLY,0.0222579687899,0.00822986983747,metadata = ['/Apply(camlDate__Apply[20])/Apply(camlDate__Apply[7])']
lexifi,correct = DOESNT_MATTER,predicted = APPLY,0.0,0.0,metadata = ['/Decl(G2pp_calibration.black_price/1432)/Apply(camlG2pp_calibration__Apply[159])']
lexifi,correct = INLINE,predicted = APPLY,0.00603187553177,-0.00134927728712,metadata = ['/Decl(Date.add_months/713)/Apply(camlDate__Apply[18])']
lexifi,correct = INLINE,predicted = DOESNT_MATTER,0.000472790499664,0.0,metadata = ['/Apply(camlMain__Apply[192])/Apply(camlGc__Over[19])']
lexifi,correct = APPLY,predicted = DOESNT_MATTER,-0.000213656152328,0.00118750716802,metadata = ['/Decl(Optimization.least_squares/611)/Apply(camlOptimization__Apply[92])']
lexifi,correct = INLINE,predicted = APPLY,0.0127128760189,-0.00197797079256,metadata = ['/Decl(Optimization.optimize/124)/Decl(Optimization.anon-fn[optimization.ml:85,10--479]/189)/Apply(camlOptimization__Apply[43])']
lexifi,correct = INLINE,predicted = DOESNT_MATTER,0.0,-0.00103971996859,metadata = ['/Apply(camlMain__Apply[192])/Apply(camlGc__Over[11])']
lexifi,correct = DOESNT_MATTER,predicted = APPLY,0.0,0.0,metadata = ['/Decl(Date.add_years/789)/Apply(camlDate__Apply[19])']
lexifi,correct = INLINE,predicted = DOESNT_MATTER,0.0,-0.0135777853994,metadata = ['/Apply(camlMain__Apply[192])/Apply(camlGc__Over[6])']
lexifi,correct = INLINE,predicted = DOESNT_MATTER,0.0,-0.00166844814941,metadata = ['/Decl(Optimization.least_squares/611)/Apply(camlOptimization__Apply[74])']
lexifi,correct = INLINE,predicted = DOESNT_MATTER,0.0144194832442,0.0,metadata = ['/Decl(Date.of_string/483)/Apply(camlDate__Apply[10])/Decl(Date.sub/498)/Apply(camlDate__Apply[1])']
lexifi,correct = INLINE,predicted = APPLY,0.00047196901068,-4.6138100332e-05,metadata = ['/Apply(camlMain__Apply[191])']
lexifi,correct = INLINE,predicted = APPLY,0.000387525875809,-0.00609612202612,metadata = ['/Apply(camlDate__Apply[21])']
lexifi,correct = APPLY,predicted = INLINE,0.0,1.54249126811e-06,metadata = ['/Apply(camlMain__Apply[182])/Apply(camlArray__Apply[20])']
lexifi,correct = APPLY,predicted = DOESNT_MATTER,-0.0305721555634,6.5770805715e-07,metadata = ['/Decl(Optimization.least_squares/611)/Apply(camlOptimization__Apply[76])']
lexifi,correct = APPLY,predicted = DOESNT_MATTER,0.0,0.00115725903378,metadata = ['/Apply(camlMain__Apply[191])/Apply(camlPervasives__Apply[8])']
lexifi,correct = APPLY,predicted = DOESNT_MATTER,-0.0109470110749,0.0,metadata = ['/Apply(camlMain__Apply[192])/Apply(camlGc__Over[10])']
lexifi,correct = INLINE,predicted = DOESNT_MATTER,0.0,-0.0179947109074,metadata = ['/Decl(Date.add_years/789)/Apply(camlDate__Apply[19])/Apply(camlDate__Apply[18])']
lexifi,correct = INLINE,predicted = DOESNT_MATTER,0.0,-0.00135482859947,metadata = ['/Apply(camlMain__Apply[187])/Apply(camlList__Apply[37])/Apply(camlMain__Apply[184])']
lexifi,correct = INLINE,predicted = DOESNT_MATTER,0.0,-0.0100007950206,metadata = ['/Apply(camlDate__Apply[20])/Decl(Date.sub/498)/Apply(camlDate__Apply[1])']
lexifi,correct = INLINE,predicted = DOESNT_MATTER,0.0024987935697,-7.6452863123e-07,metadata = ['/Decl(Optimization.optimize/124)/Decl(Optimization.mutation/270)/Apply(camlOptimization__Apply[53])']
lexifi,correct = DOESNT_MATTER,predicted = APPLY,0.0,0.0,metadata = ['/Decl(Date.of_string/483)/Apply(camlDate__Apply[11])']
lexifi,correct = INLINE,predicted = DOESNT_MATTER,0.054051053832,0.0,metadata = ['/Decl(G2pp_calibration.black_price/1432)/Apply(camlG2pp_calibration__Apply[168])/Apply(camlMath__Apply[23])']
quicksort,correct = INLINE,predicted = DOESNT_MATTER,0.00343200755631,0.0,metadata = ['/Apply(camlQuicksort__Apply[17])/Apply(camlGc__Over[16])/Apply(camlCamlinternalFormat__Apply[589])']
quicksort,correct = INLINE,predicted = DOESNT_MATTER,0.000130738031396,0.0,metadata = ['/Apply(camlQuicksort__Apply[17])/Apply(camlGc__Over[7])']
quicksort,correct = APPLY,predicted = DOESNT_MATTER,-0.00359612926688,0.000800767975403,metadata = ['/Apply(camlQuicksort__Apply[17])/Apply(camlGc__Over[13])']
quicksort,correct = INLINE,predicted = DOESNT_MATTER,0.000980535235468,0.0,metadata = ['/Apply(camlQuicksort__Apply[17])/Apply(camlGc__Over[7])/Apply(camlCamlinternalFormat__Apply[613])']
quicksort,correct = INLINE,predicted = DOESNT_MATTER,0.00721836005284,0.0,metadata = ['/Apply(camlQuicksort__Apply[15])/Apply(camlQuicksort__Apply[14])/Apply(camlQuicksort__Apply[10])']
quicksort,correct = APPLY,predicted = DOESNT_MATTER,-0.00673694366982,0.00479201259827,metadata = ['/Apply(camlQuicksort__Apply[17])/Apply(camlGc__Over[11])']
quicksort,correct = APPLY,predicted = DOESNT_MATTER,0.0,0.00147339312575,metadata = ['/Apply(camlQuicksort__Apply[15])/Apply(camlQuicksort__Apply[13])/Apply(camlQuicksort__Apply[11])/Apply(camlPervasives__Apply[26])']
quicksort,correct = INLINE,predicted = DOESNT_MATTER,0.010578572358,0.0,metadata = ['/Apply(camlQuicksort__Apply[15])/Apply(camlQuicksort__Apply[13])/Apply(camlQuicksort__Apply[10])']
quicksort,correct = APPLY,predicted = DOESNT_MATTER,-0.000903234445346,0.000263320965934,metadata = ['/Apply(camlQuicksort__Apply[17])/Apply(camlGc__Over[2])']
quicksort,correct = INLINE,predicted = DOESNT_MATTER,5.13367918992e-05,-0.00659576674671,metadata = ['/Decl(Quicksort.test_sort/283)/Apply(camlQuicksort__Apply[9])/Apply(camlPervasives__Apply[26])']
quicksort,correct = INLINE,predicted = APPLY,0.00356460952285,-0.00550427092087,metadata = ['/Decl(Quicksort.qsort/30)/Apply(camlQuicksort__Apply[1])']
quicksort,correct = INLINE,predicted = DOESNT_MATTER,0.00108286584967,-7.62261637551e-05,metadata = ['/Decl(Quicksort.test_sort/283)/Apply(camlQuicksort__Apply[11])']
quicksort,correct = APPLY,predicted = DOESNT_MATTER,0.0,0.00319031515224,metadata = ['/Apply(camlQuicksort__Apply[15])/Apply(camlQuicksort__Apply[14])/Apply(camlQuicksort__Apply[7])']
quicksort,correct = INLINE,predicted = DOESNT_MATTER,0.00273206101962,0.0,metadata = ['/Apply(camlQuicksort__Apply[15])/Apply(camlQuicksort__Apply[13])/Apply(camlQuicksort__Apply[9])']
quicksort,correct = APPLY,predicted = DOESNT_MATTER,-0.00196369218713,0.00225690385559,metadata = ['/Decl(Quicksort.test_sort/283)/Apply(camlQuicksort__Apply[10])']
quicksort,correct = APPLY,predicted = DOESNT_MATTER,-0.00122138059996,0.000478590463986,metadata = ['/Apply(camlQuicksort__Apply[17])/Apply(camlGc__Over[5])']
quicksort,correct = APPLY,predicted = DOESNT_MATTER,0.0,0.00141383671453,metadata = ['/Apply(camlQuicksort__Apply[15])/Apply(camlQuicksort__Apply[13])/Apply(camlQuicksort__Apply[12])']
quicksort,correct = APPLY,predicted = DOESNT_MATTER,0.0,0.0017974877723,metadata = ['/Decl(Quicksort.test_sort/283)/Apply(camlQuicksort__Apply[11])/Apply(camlPervasives__Apply[26])']
quicksort,correct = APPLY,predicted = DOESNT_MATTER,0.0,0.00129986000238,metadata = ['/Apply(camlQuicksort__Apply[17])/Apply(camlGc__Over[10])']
quicksort,correct = INLINE,predicted = DOESNT_MATTER,0.00620405034708,0.0,metadata = ['/Apply(camlQuicksort__Apply[17])/Apply(camlGc__Over[14])']
quicksort,correct = INLINE,predicted = APPLY,0.00116387188512,0.0,metadata = ['/Apply(camlQuicksort__Apply[16])']
quicksort,correct = APPLY,predicted = INLINE,-0.0014975219347,0.000170231201551,metadata = ['/Decl(Quicksort.qsort2/138)/Apply(camlQuicksort__Apply[4])']
quicksort,correct = INLINE,predicted = DOESNT_MATTER,2.05347167597e-05,0.0,metadata = ['/Decl(Quicksort.test_sort/283)/Apply(camlQuicksort__Apply[9])']
quicksort,correct = INLINE,predicted = DOESNT_MATTER,0.00323339537886,-0.00177847850759,metadata = ['/Apply(camlQuicksort__Apply[17])/Apply(camlGc__Over[19])']
quicksort,correct = INLINE,predicted = DOESNT_MATTER,0.0,-0.000114058761688,metadata = ['/Apply(camlQuicksort__Apply[17])/Apply(camlGc__Over[6])/Apply(camlCamlinternalFormat__Apply[613])']
quicksort,correct = INLINE,predicted = DOESNT_MATTER,0.0029096797128,-0.00351641435967,metadata = ['/Apply(camlQuicksort__Apply[16])/Apply(camlPervasives__Apply[8])']
quicksort,correct = INLINE,predicted = DOESNT_MATTER,0.00140058814181,-0.000883627279755,metadata = ['/Apply(camlQuicksort__Apply[17])/Apply(camlGc__Over[12])']
quicksort,correct = INLINE,predicted = DOESNT_MATTER,0.00158033971437,-0.0014387183833,metadata = ['/Apply(camlQuicksort__Apply[17])/Apply(camlGc__Over[16])']
quicksort,correct = INLINE,predicted = DOESNT_MATTER,0.000589357250301,0.0,metadata = ['/Apply(camlQuicksort__Apply[15])/Apply(camlQuicksort__Apply[13])/Apply(camlQuicksort__Apply[11])']
sequence,correct = INLINE,predicted = DOESNT_MATTER,0.0,-0.0801465608352,metadata = ['/Apply(camlSequence_benchmark__Apply[239])/Decl(Sequence.anon-fn[sequence.ml:124,13--214]/682)/Apply(camlSequence__Apply[31])']
sequence,correct = APPLY,predicted = INLINE,-4.89130557867e-05,0.00863043802371,metadata = ['/Apply(camlSequence_benchmark__Apply[238])']
sequence,correct = APPLY,predicted = DOESNT_MATTER,0.0,0.0365700508675,metadata = ['/Decl(Sequence.iteri/2188)/Apply(camlSequence__Apply[155])/Decl(Sequence.loop/1018)/Apply(camlSequence__Apply[66])']
sequence,correct = APPLY,predicted = INLINE,-1.67129789928e-05,0.0016601559133,metadata = ['/Decl(Sequence_benchmark.do_stuff_2/187)/Apply(camlSequence_benchmark__Apply[249])']
sequence,correct = INLINE,predicted = APPLY,0.000814536279334,-0.2443608838,metadata = ['/Decl(Sequence.test_to_list/572)/Apply(camlSequence__Apply[23])']
sequence,correct = INLINE,predicted = DOESNT_MATTER,0.111656118718,-0.130016186641,metadata = ['/Decl(Sequence.foldi/2222)/Apply(camlSequence__Apply[158])/Decl(Sequence.loop/360)/Apply(camlSequence__Apply[8])']
sequence,correct = APPLY,predicted = INLINE,-0.155162413242,0.0243704882988,metadata = ['/Decl(Sequence.filter_mapi/1614)/Apply(camlSequence__Apply[109])']
sequence,correct = INLINE,predicted = APPLY,0.0337454160351,-0.000287596140571,metadata = ['/Decl(Sequence.drop_while_option/3100)/Apply(camlSequence__Apply[222])']
sequence,correct = INLINE,predicted = APPLY,0.0125902749493,-8.42158859487e-05,metadata = ['/Decl(Sequence_benchmark.do_stuff_2/187)/Apply(camlSequence_benchmark__Apply[247])']
sequence,correct = APPLY,predicted = DOESNT_MATTER,-0.00948446197065,0.0469552258058,metadata = ['/Decl(Sequence.filter_map/1602)/Apply(camlSequence__Apply[107])']
sequence,correct = DOESNT_MATTER,predicted = APPLY,0.0,0.0,metadata = ['/Decl(Sequence.reduce/2255)/Apply(camlSequence__Apply[159])/Apply(camlSequence__Apply[105])']
sequence,correct = INLINE,predicted = APPLY,0.000526357268716,-0.0204470563329,metadata = ['/Apply(camlSequence_benchmark__Apply[250])']
sequence,correct = APPLY,predicted = INLINE,-0.0645563345066,0.0415777309511,metadata = ['/Decl(Sequence.reduce_exn/2276)/Apply(camlSequence__Apply[161])']
sequence,correct = INLINE,predicted = APPLY,0.0125595310738,-0.0823669328215,metadata = ['/Decl(Sequence.safe_to_list/409)/Apply(camlSequence__Apply[14])']
sequence,correct = APPLY,predicted = INLINE,-0.0115496947479,4.70565670463e-05,metadata = ['/Decl(Sequence.iteri/2188)/Apply(camlSequence__Apply[152])']
sequence,correct = APPLY,predicted = INLINE,0.0,0.0342195576583,metadata = ['/Decl(Sequence.findi/1712)/Apply(camlSequence__Apply[121])']
sequence,correct = INLINE,predicted = APPLY,0.241558517908,-0.0221134940586,metadata = ['/Decl(Sequence.drop_while/2664)/Decl(Sequence.anon-fn[sequence.ml:567,13--369]/2678)/Apply(camlSequence__Apply[187])']
sequence,correct = INLINE,predicted = APPLY,0.018788571792,-0.0223546589927,metadata = ['/Decl(Sequence.safe_to_list/409)/Apply(camlSequence__Apply[13])']
sequence-cps,correct = INLINE,predicted = DOESNT_MATTER,0.0,-5.22256437185e-06,metadata = ['/Apply(camlSequence_cps_benchmark__Apply[29])/Apply(camlGc__Over[5])']
sequence-cps,correct = INLINE,predicted = DOESNT_MATTER,0.0,-0.000463955265556,metadata = ['/Apply(camlSequence_cps_benchmark__Apply[29])/Apply(camlGc__Over[15])']
sequence-cps,correct = APPLY,predicted = DOESNT_MATTER,-0.000192485867225,0.0,metadata = ['/Apply(camlSequence_cps_benchmark__Apply[26])']
sequence-cps,correct = INLINE,predicted = APPLY,0.0,-0.000144557405728,metadata = ['/Apply(camlSequence_cps_benchmark__Apply[28])']
sequence-cps,correct = APPLY,predicted = DOESNT_MATTER,-3.0691827005e-05,0.0,metadata = ['/Decl(Sequence_cps_benchmark.test/7)/Apply(camlSequence_cps_benchmark__Apply[20])']
sequence-cps,correct = INLINE,predicted = DOESNT_MATTER,0.0,-0.000341541284557,metadata = ['/Apply(camlSequence_cps_benchmark__Apply[29])/Apply(camlGc__Over[7])']
sequence-cps,correct = INLINE,predicted = DOESNT_MATTER,0.0,-3.53492210744e-05,metadata = ['/Apply(camlSequence_cps_benchmark__Apply[29])/Apply(camlGc__Over[8])']
sequence-cps,correct = APPLY,predicted = INLINE,-3.95535067503e-05,0.0,metadata = ['/Apply(camlSequence_cps_benchmark__Apply[29])']
sequence-cps,correct = INLINE,predicted = DOESNT_MATTER,0.0,-0.000123877679879,metadata = ['/Apply(camlSequence_cps_benchmark__Apply[29])/Apply(camlGc__Over[12])']
sequence-cps,correct = DOESNT_MATTER,predicted = APPLY,0.0,0.0,metadata = ['/Decl(Sequence_cps_benchmark.test/7)/Apply(camlSequence_cps_benchmark__Apply[24])']
sequence-cps,correct = APPLY,predicted = DOESNT_MATTER,-0.000722280354377,0.0,metadata = ['/Apply(camlSequence_cps_benchmark__Apply[29])/Apply(camlGc__Over[13])']
