train_lasso_single_neural_network.py:327: RuntimeWarning: divide by zero encountered in log10
  log_abs_inline    = np.log10(abs(r.inline.long_term))
train_lasso_single_neural_network.py:328: RuntimeWarning: divide by zero encountered in log10
  log_abs_terminate = np.log10(abs(r.no_inline))
/home/fyquah/fyp/worker-dispatcher/tools/fyp_compiler_plugins/training-logs/plugin_v1_neural_network_lasso_general/
Reading pickle from ./report_plots/machine_learning/lasso-general/v3/data.pickle
No Information about rewards 1199
Both inline and termination 4388
Just inline 2228
Just termination 10026
Total 17841
- Dataset statistics:
  - Number of points = 4388
  - doesnt matter = 3907 (0.890383)
  - inline = 270 (0.061531)
  - apply  = 211 (0.048086)
- ANN performance
  - predict dm = 0.9227438468550593
  - predict inline = 0.04307201458523245
  - predict apply  = 0.034184138559708296
  - decision model score: 0.9329990884229717
[[0.87967183 0.00615314 0.00455789]
 [0.02461258 0.03030994 0.00660893]
 [0.01845943 0.00660893 0.02301732]]
Test cases outputs:
-> [ 0.00119; 0.99881; 0.00000 ]
-> [ 0.00000; 0.00000; 1.00000 ]
-> [ 0.99982; 0.00000; 0.00018 ]
-> [ 0.00000; 0.00000; 1.00000 ]
-> [ 0.00000; 0.00145; 0.99855 ]
-> [ 0.86832; 0.07452; 0.05717 ]
-> [ 1.00000; 0.00000; 0.00000 ]
-> [ 0.00000; 0.00000; 1.00000 ]
-> [ 1.00000; 0.00000; 0.00000 ]
-> [ 0.00000; 0.00000; 1.00000 ]
