2018-05-23 16:53:52.006233+01:00 Info fyq-stdlib-int-sets | Loaded 0 reward entries
2018-05-23 16:53:52.006235+01:00 Info fyq-stdlib-int-sets | Loaded 0 query entries
2018-05-23 16:53:52.006238+01:00 Info fyq-stdlib-int-sets | Loaded 0 training examples
2018-05-23 16:53:52.006641+01:00 Info Loaded a total of 0 training examples
2018-05-23 16:53:53.852148+01:00 Info bdd | Loaded 5717 reward entries
2018-05-23 16:53:53.852169+01:00 Info bdd | Loaded 2818 query entries
2018-05-23 16:53:53.852175+01:00 Info bdd | Loaded 824 training examples
2018-05-23 16:53:54.314638+01:00 Info almabench | Loaded 1926 reward entries
2018-05-23 16:53:54.314651+01:00 Info almabench | Loaded 846 query entries
2018-05-23 16:53:54.314658+01:00 Info almabench | Loaded 317 training examples
2018-05-23 16:53:55.865577+01:00 Info lexifi | Loaded 4262 reward entries
2018-05-23 16:53:55.865603+01:00 Info lexifi | Loaded 4073 query entries
2018-05-23 16:53:55.865611+01:00 Info lexifi | Loaded 1370 training examples
2018-05-23 16:54:03.629064+01:00 Info kb | Loaded 4747 reward entries
2018-05-23 16:54:03.629192+01:00 Info kb | Loaded 35367 query entries
2018-05-23 16:54:03.629196+01:00 Info kb | Loaded 281 training examples
2018-05-23 16:54:16.541265+01:00 Info floats-in-functor | Loaded 2774 reward entries
2018-05-23 16:54:16.541324+01:00 Info floats-in-functor | Loaded 8773 query entries
2018-05-23 16:54:16.541332+01:00 Info floats-in-functor | Loaded 784 training examples
2018-05-23 16:54:17.029698+01:00 Info fft | Loaded 1865 reward entries
2018-05-23 16:54:17.029707+01:00 Info fft | Loaded 842 query entries
2018-05-23 16:54:17.029713+01:00 Info fft | Loaded 306 training examples
2018-05-23 16:54:17.458245+01:00 Info quicksort | Loaded 1667 reward entries
2018-05-23 16:54:17.458254+01:00 Info quicksort | Loaded 829 query entries
2018-05-23 16:54:17.458263+01:00 Info quicksort | Loaded 306 training examples
2018-05-23 16:54:17.458387+01:00 Info fyq-symbolic-maths | Loaded 0 reward entries
2018-05-23 16:54:17.458388+01:00 Info fyq-symbolic-maths | Loaded 0 query entries
2018-05-23 16:54:17.458389+01:00 Info fyq-symbolic-maths | Loaded 0 training examples
2018-05-23 16:54:17.854186+01:00 Info lens | Loaded 1698 reward entries
2018-05-23 16:54:17.854192+01:00 Info lens | Loaded 835 query entries
2018-05-23 16:54:17.854196+01:00 Info lens | Loaded 296 training examples
2018-05-23 16:54:17.854370+01:00 Info fyq-rev-list | Loaded 0 reward entries
2018-05-23 16:54:17.854371+01:00 Info fyq-rev-list | Loaded 0 query entries
2018-05-23 16:54:17.854373+01:00 Info fyq-rev-list | Loaded 0 training examples
2018-05-23 16:54:19.292648+01:00 Info sequence-cps | Loaded 3135 reward entries
2018-05-23 16:54:19.292662+01:00 Info sequence-cps | Loaded 1134 query entries
2018-05-23 16:54:19.292666+01:00 Info sequence-cps | Loaded 330 training examples
2018-05-23 16:54:21.700817+01:00 Info hamming | Loaded 3032 reward entries
2018-05-23 16:54:21.700847+01:00 Info hamming | Loaded 8514 query entries
2018-05-23 16:54:21.700853+01:00 Info hamming | Loaded 1412 training examples
2018-05-23 16:54:21.704008+01:00 Info kahan-sum | Loaded 19 reward entries
2018-05-23 16:54:21.704009+01:00 Info kahan-sum | Loaded 14 query entries
2018-05-23 16:54:21.704011+01:00 Info kahan-sum | Loaded 2 training examples
2018-05-23 16:54:24.448647+01:00 Info sequence | Loaded 14618 reward entries
2018-05-23 16:54:24.448663+01:00 Info sequence | Loaded 4111 query entries
2018-05-23 16:54:24.448666+01:00 Info sequence | Loaded 86 training examples
2018-05-23 16:54:24.448777+01:00 Info fyq-stdlib-functor-record-sets | Loaded 0 reward entries
2018-05-23 16:54:24.448778+01:00 Info fyq-stdlib-functor-record-sets | Loaded 0 query entries
2018-05-23 16:54:24.448779+01:00 Info fyq-stdlib-functor-record-sets | Loaded 0 training examples
2018-05-23 16:54:24.448845+01:00 Info Loaded a total of 6314 training examples
2018-05-23 16:54:24.449198+01:00 Info Loaded 6314 IN-SAMPLE training examples and 0 OUT-OF-SAMPLE test examples
2018-05-23 16:54:24.449769+01:00 Info (hyperparams((l2_reg 0.001)(dropout_keep_prob 1)))
2018-05-23 16:54:24.549906+01:00 Info ((name"training examples")(distribution((0 0.648720032507111)(1 0.35127996749288909))))
2018-05-23 16:54:24.549916+01:00 Info ((name"test examples")(distribution((0 -nan)(1 -nan))))
(monitor.ml.Error (Invalid_argument "index out of bounds")
 ("Raised by primitive operation at file \"src/owl/dense/owl_dense_ndarray_generic.ml\", line 229, characters 26-36"
  "Called from file \"tools/decision_model.ml\", line 137, characters 6-150"
  "Called from file \"tools/decision_model.ml\", line 146, characters 18-60"
  "Called from file \"src/deferred0.ml\", line 61, characters 64-69"
  "Called from file \"src/job_queue.ml\", line 159, characters 6-47"))
