2018-05-23 16:56:41.902753+01:00 Info fyq-stdlib-functor-record-sets | Loaded 0 reward entries
2018-05-23 16:56:41.902755+01:00 Info fyq-stdlib-functor-record-sets | Loaded 0 query entries
2018-05-23 16:56:41.902756+01:00 Info fyq-stdlib-functor-record-sets | Loaded 0 training examples
2018-05-23 16:56:41.903075+01:00 Info Loaded a total of 0 training examples
2018-05-23 16:56:43.758380+01:00 Info bdd | Loaded 5717 reward entries
2018-05-23 16:56:43.758401+01:00 Info bdd | Loaded 2818 query entries
2018-05-23 16:56:43.758406+01:00 Info bdd | Loaded 824 training examples
2018-05-23 16:56:44.260902+01:00 Info almabench | Loaded 1926 reward entries
2018-05-23 16:56:44.260911+01:00 Info almabench | Loaded 846 query entries
2018-05-23 16:56:44.260915+01:00 Info almabench | Loaded 317 training examples
2018-05-23 16:56:45.588714+01:00 Info lexifi | Loaded 4262 reward entries
2018-05-23 16:56:45.588735+01:00 Info lexifi | Loaded 4073 query entries
2018-05-23 16:56:45.588741+01:00 Info lexifi | Loaded 1370 training examples
2018-05-23 16:56:53.589004+01:00 Info kb | Loaded 4747 reward entries
2018-05-23 16:56:53.589171+01:00 Info kb | Loaded 35367 query entries
2018-05-23 16:56:53.589175+01:00 Info kb | Loaded 281 training examples
2018-05-23 16:56:55.525384+01:00 Info floats-in-functor | Loaded 2774 reward entries
2018-05-23 16:56:55.525434+01:00 Info floats-in-functor | Loaded 8773 query entries
2018-05-23 16:56:55.525440+01:00 Info floats-in-functor | Loaded 784 training examples
2018-05-23 16:56:55.525947+01:00 Info fyq-stdlib-int-sets | Loaded 0 reward entries
2018-05-23 16:56:55.525949+01:00 Info fyq-stdlib-int-sets | Loaded 0 query entries
2018-05-23 16:56:55.525950+01:00 Info fyq-stdlib-int-sets | Loaded 0 training examples
2018-05-23 16:56:55.852728+01:00 Info fft | Loaded 1865 reward entries
2018-05-23 16:56:55.852734+01:00 Info fft | Loaded 842 query entries
2018-05-23 16:56:55.852738+01:00 Info fft | Loaded 306 training examples
2018-05-23 16:56:56.174955+01:00 Info quicksort | Loaded 1667 reward entries
2018-05-23 16:56:56.174963+01:00 Info quicksort | Loaded 829 query entries
2018-05-23 16:56:56.174968+01:00 Info quicksort | Loaded 306 training examples
2018-05-23 16:56:56.175125+01:00 Info fyq-symbolic-maths | Loaded 0 reward entries
2018-05-23 16:56:56.175126+01:00 Info fyq-symbolic-maths | Loaded 0 query entries
2018-05-23 16:56:56.175127+01:00 Info fyq-symbolic-maths | Loaded 0 training examples
2018-05-23 16:56:56.501829+01:00 Info lens | Loaded 1698 reward entries
2018-05-23 16:56:56.501838+01:00 Info lens | Loaded 835 query entries
2018-05-23 16:56:56.501842+01:00 Info lens | Loaded 296 training examples
2018-05-23 16:56:56.501976+01:00 Info fyq-rev-list | Loaded 0 reward entries
2018-05-23 16:56:56.501978+01:00 Info fyq-rev-list | Loaded 0 query entries
2018-05-23 16:56:56.501979+01:00 Info fyq-rev-list | Loaded 0 training examples
2018-05-23 16:56:57.540518+01:00 Info sequence-cps | Loaded 3135 reward entries
2018-05-23 16:56:57.540524+01:00 Info sequence-cps | Loaded 1134 query entries
2018-05-23 16:56:57.540527+01:00 Info sequence-cps | Loaded 330 training examples
2018-05-23 16:56:59.738651+01:00 Info hamming | Loaded 3032 reward entries
2018-05-23 16:56:59.738689+01:00 Info hamming | Loaded 8514 query entries
2018-05-23 16:56:59.738694+01:00 Info hamming | Loaded 1412 training examples
2018-05-23 16:56:59.742940+01:00 Info kahan-sum | Loaded 19 reward entries
2018-05-23 16:56:59.742942+01:00 Info kahan-sum | Loaded 14 query entries
2018-05-23 16:56:59.742945+01:00 Info kahan-sum | Loaded 2 training examples
2018-05-23 16:57:02.494009+01:00 Info sequence | Loaded 14618 reward entries
2018-05-23 16:57:02.494032+01:00 Info sequence | Loaded 4111 query entries
2018-05-23 16:57:02.494035+01:00 Info sequence | Loaded 86 training examples
2018-05-23 16:57:02.494468+01:00 Info Loaded a total of 6314 training examples
2018-05-23 16:57:02.495213+01:00 Info Loaded 6314 IN-SAMPLE training examples and 0 OUT-OF-SAMPLE test examples
2018-05-23 16:57:02.496412+01:00 Info (hyperparams((l2_reg 0.001)(dropout_keep_prob 1)))
2018-05-23 16:57:02.596920+01:00 Info ((name"training examples")(distribution((0 0.648720032507111)(1 0.35127996749288909))))
2018-05-23 16:57:02.596926+01:00 Info ((name"test examples")(distribution((0 -nan)(1 -nan))))
(monitor.ml.Error (Invalid_argument "index out of bounds")
 ("Raised by primitive operation at file \"src/owl/dense/owl_dense_ndarray_generic.ml\", line 229, characters 26-36"
  "Called from file \"tools/decision_model.ml\", line 137, characters 6-150"
  "Called from file \"tools/decision_model.ml\", line 146, characters 18-60"
  "Called from file \"src/deferred0.ml\", line 61, characters 64-69"
  "Called from file \"src/job_queue.ml\", line 159, characters 6-47"))
