2018-05-21 15:20:29.727141+01:00 Info fyq-stdlib-functor-record-sets | Loaded 0 reward entries
2018-05-21 15:20:29.727142+01:00 Info fyq-stdlib-functor-record-sets | Loaded 0 query entries
2018-05-21 15:20:29.727143+01:00 Info fyq-stdlib-functor-record-sets | Loaded 0 training examples
2018-05-21 15:20:29.727407+01:00 Info Loaded a total of 0 training examples
2018-05-21 15:20:30.729159+01:00 Info bdd | Loaded 5717 reward entries
2018-05-21 15:20:30.729169+01:00 Info bdd | Loaded 2818 query entries
2018-05-21 15:20:30.729173+01:00 Info bdd | Loaded 824 training examples
2018-05-21 15:20:31.020618+01:00 Info almabench | Loaded 1926 reward entries
2018-05-21 15:20:31.020623+01:00 Info almabench | Loaded 846 query entries
2018-05-21 15:20:31.020626+01:00 Info almabench | Loaded 317 training examples
2018-05-21 15:20:31.634785+01:00 Info lexifi | Loaded 4262 reward entries
2018-05-21 15:20:31.634799+01:00 Info lexifi | Loaded 4073 query entries
2018-05-21 15:20:31.634803+01:00 Info lexifi | Loaded 1370 training examples
2018-05-21 15:20:34.409450+01:00 Info kb | Loaded 4747 reward entries
2018-05-21 15:20:34.409543+01:00 Info kb | Loaded 35367 query entries
2018-05-21 15:20:34.409546+01:00 Info kb | Loaded 281 training examples
2018-05-21 15:20:35.226115+01:00 Info floats-in-functor | Loaded 2774 reward entries
2018-05-21 15:20:35.226141+01:00 Info floats-in-functor | Loaded 8773 query entries
2018-05-21 15:20:35.226145+01:00 Info floats-in-functor | Loaded 784 training examples
2018-05-21 15:20:35.226247+01:00 Info fyq-stdlib-int-sets | Loaded 0 reward entries
2018-05-21 15:20:35.226248+01:00 Info fyq-stdlib-int-sets | Loaded 0 query entries
2018-05-21 15:20:35.226249+01:00 Info fyq-stdlib-int-sets | Loaded 0 training examples
2018-05-21 15:20:35.422642+01:00 Info fft | Loaded 1865 reward entries
2018-05-21 15:20:35.422648+01:00 Info fft | Loaded 842 query entries
2018-05-21 15:20:35.422651+01:00 Info fft | Loaded 306 training examples
2018-05-21 15:20:35.601164+01:00 Info quicksort | Loaded 1667 reward entries
2018-05-21 15:20:35.601169+01:00 Info quicksort | Loaded 829 query entries
2018-05-21 15:20:35.601171+01:00 Info quicksort | Loaded 306 training examples
2018-05-21 15:20:35.601425+01:00 Info fyq-symbolic-maths | Loaded 0 reward entries
2018-05-21 15:20:35.601426+01:00 Info fyq-symbolic-maths | Loaded 0 query entries
2018-05-21 15:20:35.601427+01:00 Info fyq-symbolic-maths | Loaded 0 training examples
2018-05-21 15:20:35.710589+01:00 Info lens | Loaded 1698 reward entries
2018-05-21 15:20:35.710596+01:00 Info lens | Loaded 835 query entries
2018-05-21 15:20:35.710599+01:00 Info lens | Loaded 296 training examples
2018-05-21 15:20:35.710818+01:00 Info fyq-rev-list | Loaded 0 reward entries
2018-05-21 15:20:35.710832+01:00 Info fyq-rev-list | Loaded 0 query entries
2018-05-21 15:20:35.710833+01:00 Info fyq-rev-list | Loaded 0 training examples
2018-05-21 15:20:35.878338+01:00 Info sequence-cps | Loaded 3135 reward entries
2018-05-21 15:20:35.878344+01:00 Info sequence-cps | Loaded 1134 query entries
2018-05-21 15:20:35.878348+01:00 Info sequence-cps | Loaded 330 training examples
2018-05-21 15:20:36.666026+01:00 Info hamming | Loaded 3032 reward entries
2018-05-21 15:20:36.666050+01:00 Info hamming | Loaded 8514 query entries
2018-05-21 15:20:36.666054+01:00 Info hamming | Loaded 1412 training examples
2018-05-21 15:20:36.667340+01:00 Info kahan-sum | Loaded 19 reward entries
2018-05-21 15:20:36.667340+01:00 Info kahan-sum | Loaded 14 query entries
2018-05-21 15:20:36.667341+01:00 Info kahan-sum | Loaded 2 training examples
2018-05-21 15:20:39.338941+01:00 Info sequence | Loaded 14618 reward entries
2018-05-21 15:20:39.338957+01:00 Info sequence | Loaded 4111 query entries
2018-05-21 15:20:39.338960+01:00 Info sequence | Loaded 86 training examples
2018-05-21 15:20:39.339022+01:00 Info Loaded a total of 6314 training examples
2018-05-21 15:20:39.339348+01:00 Info Loaded 6314 IN-SAMPLE training examples and 0 OUT-OF-SAMPLE test examples
2018-05-21 15:20:39.339766+01:00 Info (hyperparams((l2_reg 0.001)(dropout_keep_prob 1)))
2018-05-21 15:20:39.439927+01:00 Info ((name"training examples")(distribution((0 0.648720032507111)(1 0.35127996749288909))))
2018-05-21 15:20:39.439931+01:00 Info ((name"test examples")(distribution((0 -nan)(1 -nan))))
(monitor.ml.Error (Invalid_argument "index out of bounds")
 ("Raised by primitive operation at file \"src/owl/dense/owl_dense_ndarray_generic.ml\", line 229, characters 26-36"
  "Called from file \"tools/decision_model.ml\", line 144, characters 6-150"
  "Called from file \"tools/decision_model.ml\", line 153, characters 18-60"
  "Called from file \"src/deferred0.ml\", line 61, characters 64-69"
  "Called from file \"src/job_queue.ml\", line 159, characters 6-47"))
