2018-05-23 16:36:12.916893+01:00 Info fyq-stdlib-int-sets | Loaded 0 reward entries
2018-05-23 16:36:12.916895+01:00 Info fyq-stdlib-int-sets | Loaded 0 query entries
2018-05-23 16:36:12.916897+01:00 Info fyq-stdlib-int-sets | Loaded 0 training examples
2018-05-23 16:36:12.917328+01:00 Info Loaded a total of 0 training examples
2018-05-23 16:36:14.622540+01:00 Info bdd | Loaded 5717 reward entries
2018-05-23 16:36:14.622556+01:00 Info bdd | Loaded 2818 query entries
2018-05-23 16:36:14.622561+01:00 Info bdd | Loaded 824 training examples
2018-05-23 16:36:15.060030+01:00 Info almabench | Loaded 1926 reward entries
2018-05-23 16:36:15.060042+01:00 Info almabench | Loaded 846 query entries
2018-05-23 16:36:15.060047+01:00 Info almabench | Loaded 317 training examples
2018-05-23 16:36:16.721791+01:00 Info lexifi | Loaded 4262 reward entries
2018-05-23 16:36:16.721826+01:00 Info lexifi | Loaded 4073 query entries
2018-05-23 16:36:16.721835+01:00 Info lexifi | Loaded 1370 training examples
2018-05-23 16:36:25.946022+01:00 Info kb | Loaded 4747 reward entries
2018-05-23 16:36:25.946201+01:00 Info kb | Loaded 35367 query entries
2018-05-23 16:36:25.946205+01:00 Info kb | Loaded 281 training examples
2018-05-23 16:36:28.048269+01:00 Info floats-in-functor | Loaded 2774 reward entries
2018-05-23 16:36:28.048309+01:00 Info floats-in-functor | Loaded 8773 query entries
2018-05-23 16:36:28.048313+01:00 Info floats-in-functor | Loaded 784 training examples
2018-05-23 16:36:28.373350+01:00 Info fft | Loaded 1865 reward entries
2018-05-23 16:36:28.373358+01:00 Info fft | Loaded 842 query entries
2018-05-23 16:36:28.373362+01:00 Info fft | Loaded 306 training examples
2018-05-23 16:36:28.779468+01:00 Info quicksort | Loaded 1667 reward entries
2018-05-23 16:36:28.779475+01:00 Info quicksort | Loaded 829 query entries
2018-05-23 16:36:28.779479+01:00 Info quicksort | Loaded 306 training examples
2018-05-23 16:36:28.779605+01:00 Info fyq-symbolic-maths | Loaded 0 reward entries
2018-05-23 16:36:28.779606+01:00 Info fyq-symbolic-maths | Loaded 0 query entries
2018-05-23 16:36:28.779607+01:00 Info fyq-symbolic-maths | Loaded 0 training examples
2018-05-23 16:36:29.133531+01:00 Info lens | Loaded 1698 reward entries
2018-05-23 16:36:29.133540+01:00 Info lens | Loaded 835 query entries
2018-05-23 16:36:29.133544+01:00 Info lens | Loaded 296 training examples
2018-05-23 16:36:29.133699+01:00 Info fyq-rev-list | Loaded 0 reward entries
2018-05-23 16:36:29.133700+01:00 Info fyq-rev-list | Loaded 0 query entries
2018-05-23 16:36:29.133701+01:00 Info fyq-rev-list | Loaded 0 training examples
2018-05-23 16:36:30.636109+01:00 Info sequence-cps | Loaded 3135 reward entries
2018-05-23 16:36:30.636124+01:00 Info sequence-cps | Loaded 1134 query entries
2018-05-23 16:36:30.636129+01:00 Info sequence-cps | Loaded 330 training examples
2018-05-23 16:36:33.241873+01:00 Info hamming | Loaded 3032 reward entries
2018-05-23 16:36:33.241920+01:00 Info hamming | Loaded 8514 query entries
2018-05-23 16:36:33.241927+01:00 Info hamming | Loaded 1412 training examples
2018-05-23 16:36:33.244990+01:00 Info kahan-sum | Loaded 19 reward entries
2018-05-23 16:36:33.244992+01:00 Info kahan-sum | Loaded 14 query entries
2018-05-23 16:36:33.244993+01:00 Info kahan-sum | Loaded 2 training examples
2018-05-23 16:36:36.170890+01:00 Info sequence | Loaded 14618 reward entries
2018-05-23 16:36:36.170939+01:00 Info sequence | Loaded 4111 query entries
2018-05-23 16:36:36.170943+01:00 Info sequence | Loaded 86 training examples
2018-05-23 16:36:36.171099+01:00 Info fyq-stdlib-functor-record-sets | Loaded 0 reward entries
2018-05-23 16:36:36.171101+01:00 Info fyq-stdlib-functor-record-sets | Loaded 0 query entries
2018-05-23 16:36:36.171102+01:00 Info fyq-stdlib-functor-record-sets | Loaded 0 training examples
2018-05-23 16:36:36.171173+01:00 Info Loaded a total of 6314 training examples
2018-05-23 16:36:36.171779+01:00 Info Loaded 6314 IN-SAMPLE training examples and 0 OUT-OF-SAMPLE test examples
2018-05-23 16:36:36.171802+01:00 Info (hyperparams((l2_reg 0.001)(dropout_keep_prob 1)))
(monitor.ml.Error (Invalid_argument "index out of bounds")
 ("Raised by primitive operation at file \"src/owl/dense/owl_dense_ndarray_generic.ml\", line 229, characters 26-36"
  "Called from file \"tools/policy_model.ml\", line 135, characters 6-150"
  "Called from file \"tools/policy_model.ml\", line 150, characters 18-60"
  "Called from file \"src/deferred0.ml\", line 61, characters 64-69"
  "Called from file \"src/job_queue.ml\", line 159, characters 6-47"))
