2018-05-23 15:28:47.882067+01:00 Info fyq-stdlib-functor-record-sets | Loaded 0 reward entries
2018-05-23 15:28:47.882068+01:00 Info fyq-stdlib-functor-record-sets | Loaded 0 query entries
2018-05-23 15:28:47.882070+01:00 Info fyq-stdlib-functor-record-sets | Loaded 0 training examples
2018-05-23 15:28:47.882482+01:00 Info Loaded a total of 0 training examples
2018-05-23 15:28:49.630867+01:00 Info bdd | Loaded 5717 reward entries
2018-05-23 15:28:49.630879+01:00 Info bdd | Loaded 2818 query entries
2018-05-23 15:28:49.630883+01:00 Info bdd | Loaded 824 training examples
2018-05-23 15:28:49.987413+01:00 Info almabench | Loaded 1926 reward entries
2018-05-23 15:28:49.987421+01:00 Info almabench | Loaded 846 query entries
2018-05-23 15:28:49.987425+01:00 Info almabench | Loaded 317 training examples
2018-05-23 15:28:51.443235+01:00 Info lexifi | Loaded 4262 reward entries
2018-05-23 15:28:51.443264+01:00 Info lexifi | Loaded 4073 query entries
2018-05-23 15:28:51.443272+01:00 Info lexifi | Loaded 1370 training examples
2018-05-23 15:28:57.976490+01:00 Info kb | Loaded 4747 reward entries
2018-05-23 15:28:57.976610+01:00 Info kb | Loaded 35367 query entries
2018-05-23 15:28:57.976614+01:00 Info kb | Loaded 281 training examples
2018-05-23 15:28:59.460007+01:00 Info floats-in-functor | Loaded 2774 reward entries
2018-05-23 15:28:59.460062+01:00 Info floats-in-functor | Loaded 8773 query entries
2018-05-23 15:28:59.460068+01:00 Info floats-in-functor | Loaded 784 training examples
2018-05-23 15:28:59.460308+01:00 Info fyq-stdlib-int-sets | Loaded 0 reward entries
2018-05-23 15:28:59.460310+01:00 Info fyq-stdlib-int-sets | Loaded 0 query entries
2018-05-23 15:28:59.460311+01:00 Info fyq-stdlib-int-sets | Loaded 0 training examples
2018-05-23 15:28:59.713398+01:00 Info fft | Loaded 1865 reward entries
2018-05-23 15:28:59.713403+01:00 Info fft | Loaded 842 query entries
2018-05-23 15:28:59.713407+01:00 Info fft | Loaded 306 training examples
2018-05-23 15:28:59.965484+01:00 Info quicksort | Loaded 1667 reward entries
2018-05-23 15:28:59.965491+01:00 Info quicksort | Loaded 829 query entries
2018-05-23 15:28:59.965495+01:00 Info quicksort | Loaded 306 training examples
2018-05-23 15:28:59.965657+01:00 Info fyq-symbolic-maths | Loaded 0 reward entries
2018-05-23 15:28:59.965658+01:00 Info fyq-symbolic-maths | Loaded 0 query entries
2018-05-23 15:28:59.965659+01:00 Info fyq-symbolic-maths | Loaded 0 training examples
2018-05-23 15:29:00.204532+01:00 Info lens | Loaded 1698 reward entries
2018-05-23 15:29:00.204538+01:00 Info lens | Loaded 835 query entries
2018-05-23 15:29:00.204541+01:00 Info lens | Loaded 296 training examples
2018-05-23 15:29:00.204696+01:00 Info fyq-rev-list | Loaded 0 reward entries
2018-05-23 15:29:00.204697+01:00 Info fyq-rev-list | Loaded 0 query entries
2018-05-23 15:29:00.204698+01:00 Info fyq-rev-list | Loaded 0 training examples
2018-05-23 15:29:01.157009+01:00 Info sequence-cps | Loaded 3135 reward entries
2018-05-23 15:29:01.157015+01:00 Info sequence-cps | Loaded 1134 query entries
2018-05-23 15:29:01.157018+01:00 Info sequence-cps | Loaded 330 training examples
2018-05-23 15:29:03.064014+01:00 Info hamming | Loaded 3032 reward entries
2018-05-23 15:29:03.064045+01:00 Info hamming | Loaded 8514 query entries
2018-05-23 15:29:03.064050+01:00 Info hamming | Loaded 1412 training examples
2018-05-23 15:29:03.067148+01:00 Info kahan-sum | Loaded 19 reward entries
2018-05-23 15:29:03.067150+01:00 Info kahan-sum | Loaded 14 query entries
2018-05-23 15:29:03.067152+01:00 Info kahan-sum | Loaded 2 training examples
2018-05-23 15:29:05.265332+01:00 Info sequence | Loaded 14618 reward entries
2018-05-23 15:29:05.265352+01:00 Info sequence | Loaded 4111 query entries
2018-05-23 15:29:05.265355+01:00 Info sequence | Loaded 86 training examples
2018-05-23 15:29:05.265438+01:00 Info Loaded a total of 6314 training examples
2018-05-23 15:29:05.265789+01:00 Info Loaded 6314 IN-SAMPLE training examples and 0 OUT-OF-SAMPLE test examples
2018-05-23 15:29:05.265805+01:00 Info (hyperparams((l2_reg 0.001)(dropout_keep_prob 1)))
(monitor.ml.Error (Invalid_argument "index out of bounds")
 ("Raised by primitive operation at file \"src/owl/dense/owl_dense_ndarray_generic.ml\", line 229, characters 26-36"
  "Called from file \"tools/policy_model.ml\", line 135, characters 6-150"
  "Called from file \"tools/policy_model.ml\", line 150, characters 18-60"
  "Called from file \"src/deferred0.ml\", line 61, characters 64-69"
  "Called from file \"src/job_queue.ml\", line 159, characters 6-47"))
