2018-05-23 15:27:38.409959+01:00 Info fyq-symbolic-maths | Loaded 0 reward entries
2018-05-23 15:27:38.409961+01:00 Info fyq-symbolic-maths | Loaded 0 query entries
2018-05-23 15:27:38.409962+01:00 Info fyq-symbolic-maths | Loaded 0 training examples
2018-05-23 15:27:38.410265+01:00 Info Loaded a total of 0 training examples
2018-05-23 15:27:40.242017+01:00 Info bdd | Loaded 5717 reward entries
2018-05-23 15:27:40.242031+01:00 Info bdd | Loaded 2818 query entries
2018-05-23 15:27:40.242036+01:00 Info bdd | Loaded 824 training examples
2018-05-23 15:27:40.720492+01:00 Info almabench | Loaded 1926 reward entries
2018-05-23 15:27:40.720502+01:00 Info almabench | Loaded 846 query entries
2018-05-23 15:27:40.720505+01:00 Info almabench | Loaded 317 training examples
2018-05-23 15:27:41.976633+01:00 Info lexifi | Loaded 4262 reward entries
2018-05-23 15:27:41.976656+01:00 Info lexifi | Loaded 4073 query entries
2018-05-23 15:27:41.976664+01:00 Info lexifi | Loaded 1370 training examples
2018-05-23 15:27:50.468405+01:00 Info kb | Loaded 4747 reward entries
2018-05-23 15:27:50.468616+01:00 Info kb | Loaded 35367 query entries
2018-05-23 15:27:50.468622+01:00 Info kb | Loaded 281 training examples
2018-05-23 15:27:52.624485+01:00 Info floats-in-functor | Loaded 2774 reward entries
2018-05-23 15:27:52.624526+01:00 Info floats-in-functor | Loaded 8773 query entries
2018-05-23 15:27:52.624531+01:00 Info floats-in-functor | Loaded 784 training examples
2018-05-23 15:27:52.624713+01:00 Info fyq-stdlib-int-sets | Loaded 0 reward entries
2018-05-23 15:27:52.624714+01:00 Info fyq-stdlib-int-sets | Loaded 0 query entries
2018-05-23 15:27:52.624715+01:00 Info fyq-stdlib-int-sets | Loaded 0 training examples
2018-05-23 15:27:52.979869+01:00 Info fft | Loaded 1865 reward entries
2018-05-23 15:27:52.979875+01:00 Info fft | Loaded 842 query entries
2018-05-23 15:27:52.979879+01:00 Info fft | Loaded 306 training examples
2018-05-23 15:27:53.315643+01:00 Info quicksort | Loaded 1667 reward entries
2018-05-23 15:27:53.315652+01:00 Info quicksort | Loaded 829 query entries
2018-05-23 15:27:53.315656+01:00 Info quicksort | Loaded 306 training examples
2018-05-23 15:27:53.623996+01:00 Info lens | Loaded 1698 reward entries
2018-05-23 15:27:53.624002+01:00 Info lens | Loaded 835 query entries
2018-05-23 15:27:53.624006+01:00 Info lens | Loaded 296 training examples
2018-05-23 15:27:53.624190+01:00 Info fyq-rev-list | Loaded 0 reward entries
2018-05-23 15:27:53.624191+01:00 Info fyq-rev-list | Loaded 0 query entries
2018-05-23 15:27:53.624192+01:00 Info fyq-rev-list | Loaded 0 training examples
2018-05-23 15:27:54.969650+01:00 Info sequence-cps | Loaded 3135 reward entries
2018-05-23 15:27:54.969662+01:00 Info sequence-cps | Loaded 1134 query entries
2018-05-23 15:27:54.969666+01:00 Info sequence-cps | Loaded 330 training examples
2018-05-23 15:27:57.454509+01:00 Info hamming | Loaded 3032 reward entries
2018-05-23 15:27:57.454573+01:00 Info hamming | Loaded 8514 query entries
2018-05-23 15:27:57.454587+01:00 Info hamming | Loaded 1412 training examples
2018-05-23 15:27:57.459828+01:00 Info kahan-sum | Loaded 19 reward entries
2018-05-23 15:27:57.459831+01:00 Info kahan-sum | Loaded 14 query entries
2018-05-23 15:27:57.459833+01:00 Info kahan-sum | Loaded 2 training examples
2018-05-23 15:28:00.952848+01:00 Info sequence | Loaded 14618 reward entries
2018-05-23 15:28:00.952878+01:00 Info sequence | Loaded 4111 query entries
2018-05-23 15:28:00.952883+01:00 Info sequence | Loaded 86 training examples
2018-05-23 15:28:00.953163+01:00 Info fyq-stdlib-functor-record-sets | Loaded 0 reward entries
2018-05-23 15:28:00.953165+01:00 Info fyq-stdlib-functor-record-sets | Loaded 0 query entries
2018-05-23 15:28:00.953166+01:00 Info fyq-stdlib-functor-record-sets | Loaded 0 training examples
2018-05-23 15:28:00.953623+01:00 Info Loaded a total of 6314 training examples
2018-05-23 15:28:00.954565+01:00 Info Loaded 6314 IN-SAMPLE training examples and 0 OUT-OF-SAMPLE test examples
2018-05-23 15:28:00.955102+01:00 Info (hyperparams((l2_reg 0.001)(dropout_keep_prob 1)))
(monitor.ml.Error (Invalid_argument "index out of bounds")
 ("Raised by primitive operation at file \"src/owl/dense/owl_dense_ndarray_generic.ml\", line 229, characters 26-36"
  "Called from file \"tools/policy_model.ml\", line 135, characters 6-150"
  "Called from file \"tools/policy_model.ml\", line 150, characters 18-60"
  "Called from file \"src/deferred0.ml\", line 61, characters 64-69"
  "Called from file \"src/job_queue.ml\", line 159, characters 6-47"))
