2018-05-23 15:28:04.179805+01:00 Info fyq-rev-list | Loaded 0 reward entries
2018-05-23 15:28:04.179807+01:00 Info fyq-rev-list | Loaded 0 query entries
2018-05-23 15:28:04.179808+01:00 Info fyq-rev-list | Loaded 0 training examples
2018-05-23 15:28:04.180184+01:00 Info Loaded a total of 0 training examples
2018-05-23 15:28:05.938455+01:00 Info bdd | Loaded 5717 reward entries
2018-05-23 15:28:05.938472+01:00 Info bdd | Loaded 2818 query entries
2018-05-23 15:28:05.938476+01:00 Info bdd | Loaded 824 training examples
2018-05-23 15:28:06.455177+01:00 Info almabench | Loaded 1926 reward entries
2018-05-23 15:28:06.455185+01:00 Info almabench | Loaded 846 query entries
2018-05-23 15:28:06.455189+01:00 Info almabench | Loaded 317 training examples
2018-05-23 15:28:07.724930+01:00 Info lexifi | Loaded 4262 reward entries
2018-05-23 15:28:07.724954+01:00 Info lexifi | Loaded 4073 query entries
2018-05-23 15:28:07.724961+01:00 Info lexifi | Loaded 1370 training examples
2018-05-23 15:28:16.577038+01:00 Info kb | Loaded 4747 reward entries
2018-05-23 15:28:16.577341+01:00 Info kb | Loaded 35367 query entries
2018-05-23 15:28:16.577349+01:00 Info kb | Loaded 281 training examples
2018-05-23 15:28:18.677387+01:00 Info floats-in-functor | Loaded 2774 reward entries
2018-05-23 15:28:18.677437+01:00 Info floats-in-functor | Loaded 8773 query entries
2018-05-23 15:28:18.677443+01:00 Info floats-in-functor | Loaded 784 training examples
2018-05-23 15:28:18.677609+01:00 Info fyq-stdlib-int-sets | Loaded 0 reward entries
2018-05-23 15:28:18.677610+01:00 Info fyq-stdlib-int-sets | Loaded 0 query entries
2018-05-23 15:28:18.677612+01:00 Info fyq-stdlib-int-sets | Loaded 0 training examples
2018-05-23 15:28:19.136324+01:00 Info fft | Loaded 1865 reward entries
2018-05-23 15:28:19.136336+01:00 Info fft | Loaded 842 query entries
2018-05-23 15:28:19.136341+01:00 Info fft | Loaded 306 training examples
2018-05-23 15:28:19.577158+01:00 Info quicksort | Loaded 1667 reward entries
2018-05-23 15:28:19.577169+01:00 Info quicksort | Loaded 829 query entries
2018-05-23 15:28:19.577174+01:00 Info quicksort | Loaded 306 training examples
2018-05-23 15:28:19.577341+01:00 Info fyq-symbolic-maths | Loaded 0 reward entries
2018-05-23 15:28:19.577342+01:00 Info fyq-symbolic-maths | Loaded 0 query entries
2018-05-23 15:28:19.577344+01:00 Info fyq-symbolic-maths | Loaded 0 training examples
2018-05-23 15:28:19.971383+01:00 Info lens | Loaded 1698 reward entries
2018-05-23 15:28:19.971392+01:00 Info lens | Loaded 835 query entries
2018-05-23 15:28:19.971397+01:00 Info lens | Loaded 296 training examples
2018-05-23 15:28:21.362023+01:00 Info sequence-cps | Loaded 3135 reward entries
2018-05-23 15:28:21.362032+01:00 Info sequence-cps | Loaded 1134 query entries
2018-05-23 15:28:21.362036+01:00 Info sequence-cps | Loaded 330 training examples
2018-05-23 15:28:23.709041+01:00 Info hamming | Loaded 3032 reward entries
2018-05-23 15:28:23.709089+01:00 Info hamming | Loaded 8514 query entries
2018-05-23 15:28:23.709096+01:00 Info hamming | Loaded 1412 training examples
2018-05-23 15:28:23.712616+01:00 Info kahan-sum | Loaded 19 reward entries
2018-05-23 15:28:23.712618+01:00 Info kahan-sum | Loaded 14 query entries
2018-05-23 15:28:23.712620+01:00 Info kahan-sum | Loaded 2 training examples
2018-05-23 15:28:26.522104+01:00 Info sequence | Loaded 14618 reward entries
2018-05-23 15:28:26.522130+01:00 Info sequence | Loaded 4111 query entries
2018-05-23 15:28:26.522135+01:00 Info sequence | Loaded 86 training examples
2018-05-23 15:28:26.522327+01:00 Info fyq-stdlib-functor-record-sets | Loaded 0 reward entries
2018-05-23 15:28:26.522328+01:00 Info fyq-stdlib-functor-record-sets | Loaded 0 query entries
2018-05-23 15:28:26.522330+01:00 Info fyq-stdlib-functor-record-sets | Loaded 0 training examples
2018-05-23 15:28:26.522426+01:00 Info Loaded a total of 6314 training examples
2018-05-23 15:28:26.522819+01:00 Info Loaded 6314 IN-SAMPLE training examples and 0 OUT-OF-SAMPLE test examples
2018-05-23 15:28:26.522838+01:00 Info (hyperparams((l2_reg 0.001)(dropout_keep_prob 1)))
(monitor.ml.Error (Invalid_argument "index out of bounds")
 ("Raised by primitive operation at file \"src/owl/dense/owl_dense_ndarray_generic.ml\", line 229, characters 26-36"
  "Called from file \"tools/policy_model.ml\", line 135, characters 6-150"
  "Called from file \"tools/policy_model.ml\", line 150, characters 18-60"
  "Called from file \"src/deferred0.ml\", line 61, characters 64-69"
  "Called from file \"src/job_queue.ml\", line 159, characters 6-47"))
