2018-05-23 16:36:58.666531+01:00 Info fyq-rev-list | Loaded 0 reward entries
2018-05-23 16:36:58.666532+01:00 Info fyq-rev-list | Loaded 0 query entries
2018-05-23 16:36:58.666534+01:00 Info fyq-rev-list | Loaded 0 training examples
2018-05-23 16:36:58.666910+01:00 Info Loaded a total of 0 training examples
2018-05-23 16:37:00.598947+01:00 Info bdd | Loaded 5717 reward entries
2018-05-23 16:37:00.598974+01:00 Info bdd | Loaded 2818 query entries
2018-05-23 16:37:00.598979+01:00 Info bdd | Loaded 824 training examples
2018-05-23 16:37:01.090703+01:00 Info almabench | Loaded 1926 reward entries
2018-05-23 16:37:01.090710+01:00 Info almabench | Loaded 846 query entries
2018-05-23 16:37:01.090714+01:00 Info almabench | Loaded 317 training examples
2018-05-23 16:37:02.476579+01:00 Info lexifi | Loaded 4262 reward entries
2018-05-23 16:37:02.476614+01:00 Info lexifi | Loaded 4073 query entries
2018-05-23 16:37:02.476628+01:00 Info lexifi | Loaded 1370 training examples
2018-05-23 16:37:11.461673+01:00 Info kb | Loaded 4747 reward entries
2018-05-23 16:37:11.461826+01:00 Info kb | Loaded 35367 query entries
2018-05-23 16:37:11.461831+01:00 Info kb | Loaded 281 training examples
2018-05-23 16:37:13.201907+01:00 Info floats-in-functor | Loaded 2774 reward entries
2018-05-23 16:37:13.201939+01:00 Info floats-in-functor | Loaded 8773 query entries
2018-05-23 16:37:13.201943+01:00 Info floats-in-functor | Loaded 784 training examples
2018-05-23 16:37:13.202039+01:00 Info fyq-stdlib-int-sets | Loaded 0 reward entries
2018-05-23 16:37:13.202040+01:00 Info fyq-stdlib-int-sets | Loaded 0 query entries
2018-05-23 16:37:13.202041+01:00 Info fyq-stdlib-int-sets | Loaded 0 training examples
2018-05-23 16:37:13.561182+01:00 Info fft | Loaded 1865 reward entries
2018-05-23 16:37:13.561191+01:00 Info fft | Loaded 842 query entries
2018-05-23 16:37:13.561195+01:00 Info fft | Loaded 306 training examples
2018-05-23 16:37:13.945062+01:00 Info quicksort | Loaded 1667 reward entries
2018-05-23 16:37:13.945070+01:00 Info quicksort | Loaded 829 query entries
2018-05-23 16:37:13.945074+01:00 Info quicksort | Loaded 306 training examples
2018-05-23 16:37:13.945213+01:00 Info fyq-symbolic-maths | Loaded 0 reward entries
2018-05-23 16:37:13.945214+01:00 Info fyq-symbolic-maths | Loaded 0 query entries
2018-05-23 16:37:13.945215+01:00 Info fyq-symbolic-maths | Loaded 0 training examples
2018-05-23 16:37:14.303067+01:00 Info lens | Loaded 1698 reward entries
2018-05-23 16:37:14.303076+01:00 Info lens | Loaded 835 query entries
2018-05-23 16:37:14.303080+01:00 Info lens | Loaded 296 training examples
2018-05-23 16:37:15.646543+01:00 Info sequence-cps | Loaded 3135 reward entries
2018-05-23 16:37:15.646551+01:00 Info sequence-cps | Loaded 1134 query entries
2018-05-23 16:37:15.646555+01:00 Info sequence-cps | Loaded 330 training examples
2018-05-23 16:37:18.069565+01:00 Info hamming | Loaded 3032 reward entries
2018-05-23 16:37:18.069640+01:00 Info hamming | Loaded 8514 query entries
2018-05-23 16:37:18.069650+01:00 Info hamming | Loaded 1412 training examples
2018-05-23 16:37:18.072902+01:00 Info kahan-sum | Loaded 19 reward entries
2018-05-23 16:37:18.072903+01:00 Info kahan-sum | Loaded 14 query entries
2018-05-23 16:37:18.072905+01:00 Info kahan-sum | Loaded 2 training examples
2018-05-23 16:37:21.154075+01:00 Info sequence | Loaded 14618 reward entries
2018-05-23 16:37:21.154102+01:00 Info sequence | Loaded 4111 query entries
2018-05-23 16:37:21.154107+01:00 Info sequence | Loaded 86 training examples
2018-05-23 16:37:21.154320+01:00 Info fyq-stdlib-functor-record-sets | Loaded 0 reward entries
2018-05-23 16:37:21.154321+01:00 Info fyq-stdlib-functor-record-sets | Loaded 0 query entries
2018-05-23 16:37:21.154323+01:00 Info fyq-stdlib-functor-record-sets | Loaded 0 training examples
2018-05-23 16:37:21.154417+01:00 Info Loaded a total of 6314 training examples
2018-05-23 16:37:21.154992+01:00 Info Loaded 6314 IN-SAMPLE training examples and 0 OUT-OF-SAMPLE test examples
2018-05-23 16:37:21.155014+01:00 Info (hyperparams((l2_reg 0.001)(dropout_keep_prob 1)))
(monitor.ml.Error (Invalid_argument "index out of bounds")
 ("Raised by primitive operation at file \"src/owl/dense/owl_dense_ndarray_generic.ml\", line 229, characters 26-36"
  "Called from file \"tools/policy_model.ml\", line 135, characters 6-150"
  "Called from file \"tools/policy_model.ml\", line 150, characters 18-60"
  "Called from file \"src/deferred0.ml\", line 61, characters 64-69"
  "Called from file \"src/job_queue.ml\", line 159, characters 6-47"))
