2018-05-23 16:36:37.155402+01:00 Info fyq-symbolic-maths | Loaded 0 reward entries
2018-05-23 16:36:37.155403+01:00 Info fyq-symbolic-maths | Loaded 0 query entries
2018-05-23 16:36:37.155405+01:00 Info fyq-symbolic-maths | Loaded 0 training examples
2018-05-23 16:36:37.155781+01:00 Info Loaded a total of 0 training examples
2018-05-23 16:36:38.985779+01:00 Info bdd | Loaded 5717 reward entries
2018-05-23 16:36:38.985794+01:00 Info bdd | Loaded 2818 query entries
2018-05-23 16:36:38.985801+01:00 Info bdd | Loaded 824 training examples
2018-05-23 16:36:39.472179+01:00 Info almabench | Loaded 1926 reward entries
2018-05-23 16:36:39.472184+01:00 Info almabench | Loaded 846 query entries
2018-05-23 16:36:39.472188+01:00 Info almabench | Loaded 317 training examples
2018-05-23 16:36:40.943159+01:00 Info lexifi | Loaded 4262 reward entries
2018-05-23 16:36:40.943183+01:00 Info lexifi | Loaded 4073 query entries
2018-05-23 16:36:40.943189+01:00 Info lexifi | Loaded 1370 training examples
2018-05-23 16:36:48.751372+01:00 Info kb | Loaded 4747 reward entries
2018-05-23 16:36:48.751519+01:00 Info kb | Loaded 35367 query entries
2018-05-23 16:36:48.751523+01:00 Info kb | Loaded 281 training examples
2018-05-23 16:36:50.647038+01:00 Info floats-in-functor | Loaded 2774 reward entries
2018-05-23 16:36:50.647074+01:00 Info floats-in-functor | Loaded 8773 query entries
2018-05-23 16:36:50.647078+01:00 Info floats-in-functor | Loaded 784 training examples
2018-05-23 16:36:50.647197+01:00 Info fyq-stdlib-int-sets | Loaded 0 reward entries
2018-05-23 16:36:50.647198+01:00 Info fyq-stdlib-int-sets | Loaded 0 query entries
2018-05-23 16:36:50.647199+01:00 Info fyq-stdlib-int-sets | Loaded 0 training examples
2018-05-23 16:36:51.054110+01:00 Info fft | Loaded 1865 reward entries
2018-05-23 16:36:51.054118+01:00 Info fft | Loaded 842 query entries
2018-05-23 16:36:51.054122+01:00 Info fft | Loaded 306 training examples
2018-05-23 16:36:51.413994+01:00 Info quicksort | Loaded 1667 reward entries
2018-05-23 16:36:51.414003+01:00 Info quicksort | Loaded 829 query entries
2018-05-23 16:36:51.414007+01:00 Info quicksort | Loaded 306 training examples
2018-05-23 16:36:51.761238+01:00 Info lens | Loaded 1698 reward entries
2018-05-23 16:36:51.761247+01:00 Info lens | Loaded 835 query entries
2018-05-23 16:36:51.761251+01:00 Info lens | Loaded 296 training examples
2018-05-23 16:36:51.761419+01:00 Info fyq-rev-list | Loaded 0 reward entries
2018-05-23 16:36:51.761421+01:00 Info fyq-rev-list | Loaded 0 query entries
2018-05-23 16:36:51.761422+01:00 Info fyq-rev-list | Loaded 0 training examples
2018-05-23 16:36:52.900609+01:00 Info sequence-cps | Loaded 3135 reward entries
2018-05-23 16:36:52.900617+01:00 Info sequence-cps | Loaded 1134 query entries
2018-05-23 16:36:52.900620+01:00 Info sequence-cps | Loaded 330 training examples
2018-05-23 16:36:55.173830+01:00 Info hamming | Loaded 3032 reward entries
2018-05-23 16:36:55.173888+01:00 Info hamming | Loaded 8514 query entries
2018-05-23 16:36:55.173897+01:00 Info hamming | Loaded 1412 training examples
2018-05-23 16:36:55.177594+01:00 Info kahan-sum | Loaded 19 reward entries
2018-05-23 16:36:55.177596+01:00 Info kahan-sum | Loaded 14 query entries
2018-05-23 16:36:55.177598+01:00 Info kahan-sum | Loaded 2 training examples
2018-05-23 16:36:57.989796+01:00 Info sequence | Loaded 14618 reward entries
2018-05-23 16:36:57.989816+01:00 Info sequence | Loaded 4111 query entries
2018-05-23 16:36:57.989820+01:00 Info sequence | Loaded 86 training examples
2018-05-23 16:36:57.989950+01:00 Info fyq-stdlib-functor-record-sets | Loaded 0 reward entries
2018-05-23 16:36:57.989952+01:00 Info fyq-stdlib-functor-record-sets | Loaded 0 query entries
2018-05-23 16:36:57.989953+01:00 Info fyq-stdlib-functor-record-sets | Loaded 0 training examples
2018-05-23 16:36:57.990027+01:00 Info Loaded a total of 6314 training examples
2018-05-23 16:36:57.990597+01:00 Info Loaded 6314 IN-SAMPLE training examples and 0 OUT-OF-SAMPLE test examples
2018-05-23 16:36:57.990616+01:00 Info (hyperparams((l2_reg 0.001)(dropout_keep_prob 1)))
(monitor.ml.Error (Invalid_argument "index out of bounds")
 ("Raised by primitive operation at file \"src/owl/dense/owl_dense_ndarray_generic.ml\", line 229, characters 26-36"
  "Called from file \"tools/policy_model.ml\", line 135, characters 6-150"
  "Called from file \"tools/policy_model.ml\", line 150, characters 18-60"
  "Called from file \"src/deferred0.ml\", line 61, characters 64-69"
  "Called from file \"src/job_queue.ml\", line 159, characters 6-47"))
