B = 0.0005
Reading pickle from ./report_plots/machine_learning/ridge-star/v3/data.pickle
No Information about rewards 1199
Both inline and termination 4388
Just inline 2228
Just termination 10026
Total 17841
- Dataset statistics:
  - Number of points = 4388
  - doesnt matter = 1483 (0.337967)
  - inline = 1580 (0.360073)
  - apply  = 1325 (0.301960)
- ANN performance
  - predict dm = 0.39288969917958066
  - predict inline = 0.3632634457611668
  - predict apply  = 0.2438468550592525
  - decision model score: 0.6007292616226071
[[0.24954421 0.05082042 0.03760255]
 [0.07429353 0.21536007 0.07041933]
 [0.06905196 0.09708295 0.13582498]]
Test cases outputs:
-> [ 0.99999; 0.00000; 0.00001 ]
-> [ 0.98630; 0.01231; 0.00138 ]
-> [ 0.00000; 0.99666; 0.00334 ]
-> [ 0.00009; 0.00283; 0.99709 ]
-> [ 0.93092; 0.00050; 0.06858 ]
-> [ 0.00000; 0.01676; 0.98324 ]
-> [ 0.85454; 0.14545; 0.00001 ]
-> [ 0.00000; 0.00006; 0.99994 ]
-> [ 0.00000; 1.00000; 0.00000 ]
-> [ 0.00000; 0.00072; 0.99928 ]
