2018-05-23 17:11:32.662905+01:00 Info kahan-sum | Loaded 19 reward entries
2018-05-23 17:11:32.662906+01:00 Info kahan-sum | Loaded 14 query entries
2018-05-23 17:11:32.662908+01:00 Info kahan-sum | Loaded 2 training examples
2018-05-23 17:11:32.663205+01:00 Info Loaded a total of 2 training examples
2018-05-23 17:11:34.385633+01:00 Info bdd | Loaded 5717 reward entries
2018-05-23 17:11:34.385651+01:00 Info bdd | Loaded 2818 query entries
2018-05-23 17:11:34.385657+01:00 Info bdd | Loaded 824 training examples
2018-05-23 17:11:34.818500+01:00 Info almabench | Loaded 1926 reward entries
2018-05-23 17:11:34.818507+01:00 Info almabench | Loaded 846 query entries
2018-05-23 17:11:34.818510+01:00 Info almabench | Loaded 317 training examples
2018-05-23 17:11:36.201697+01:00 Info lexifi | Loaded 4262 reward entries
2018-05-23 17:11:36.201726+01:00 Info lexifi | Loaded 4073 query entries
2018-05-23 17:11:36.201731+01:00 Info lexifi | Loaded 1370 training examples
2018-05-23 17:11:44.793657+01:00 Info kb | Loaded 4747 reward entries
2018-05-23 17:11:44.793800+01:00 Info kb | Loaded 35367 query entries
2018-05-23 17:11:44.793804+01:00 Info kb | Loaded 281 training examples
2018-05-23 17:11:46.820244+01:00 Info floats-in-functor | Loaded 2774 reward entries
2018-05-23 17:11:46.820293+01:00 Info floats-in-functor | Loaded 8773 query entries
2018-05-23 17:11:46.820299+01:00 Info floats-in-functor | Loaded 784 training examples
2018-05-23 17:11:46.820440+01:00 Info fyq-stdlib-int-sets | Loaded 0 reward entries
2018-05-23 17:11:46.820441+01:00 Info fyq-stdlib-int-sets | Loaded 0 query entries
2018-05-23 17:11:46.820443+01:00 Info fyq-stdlib-int-sets | Loaded 0 training examples
2018-05-23 17:11:47.160856+01:00 Info fft | Loaded 1865 reward entries
2018-05-23 17:11:47.160864+01:00 Info fft | Loaded 842 query entries
2018-05-23 17:11:47.160868+01:00 Info fft | Loaded 306 training examples
2018-05-23 17:11:47.488677+01:00 Info quicksort | Loaded 1667 reward entries
2018-05-23 17:11:47.488684+01:00 Info quicksort | Loaded 829 query entries
2018-05-23 17:11:47.488687+01:00 Info quicksort | Loaded 306 training examples
2018-05-23 17:11:47.488791+01:00 Info fyq-symbolic-maths | Loaded 0 reward entries
2018-05-23 17:11:47.488792+01:00 Info fyq-symbolic-maths | Loaded 0 query entries
2018-05-23 17:11:47.488794+01:00 Info fyq-symbolic-maths | Loaded 0 training examples
2018-05-23 17:11:47.798830+01:00 Info lens | Loaded 1698 reward entries
2018-05-23 17:11:47.798838+01:00 Info lens | Loaded 835 query entries
2018-05-23 17:11:47.798842+01:00 Info lens | Loaded 296 training examples
2018-05-23 17:11:47.798988+01:00 Info fyq-rev-list | Loaded 0 reward entries
2018-05-23 17:11:47.798990+01:00 Info fyq-rev-list | Loaded 0 query entries
2018-05-23 17:11:47.798991+01:00 Info fyq-rev-list | Loaded 0 training examples
2018-05-23 17:11:49.034234+01:00 Info sequence-cps | Loaded 3135 reward entries
2018-05-23 17:11:49.034244+01:00 Info sequence-cps | Loaded 1134 query entries
2018-05-23 17:11:49.034249+01:00 Info sequence-cps | Loaded 330 training examples
2018-05-23 17:11:51.538891+01:00 Info hamming | Loaded 3032 reward entries
2018-05-23 17:11:51.538925+01:00 Info hamming | Loaded 8514 query entries
2018-05-23 17:11:51.538930+01:00 Info hamming | Loaded 1412 training examples
2018-05-23 17:11:54.294880+01:00 Info sequence | Loaded 14618 reward entries
2018-05-23 17:11:54.294912+01:00 Info sequence | Loaded 4111 query entries
2018-05-23 17:11:54.294917+01:00 Info sequence | Loaded 86 training examples
2018-05-23 17:11:54.295068+01:00 Info fyq-stdlib-functor-record-sets | Loaded 0 reward entries
2018-05-23 17:11:54.295069+01:00 Info fyq-stdlib-functor-record-sets | Loaded 0 query entries
2018-05-23 17:11:54.295070+01:00 Info fyq-stdlib-functor-record-sets | Loaded 0 training examples
2018-05-23 17:11:54.295157+01:00 Info Loaded a total of 6312 training examples
2018-05-23 17:11:54.295548+01:00 Info Loaded 6312 IN-SAMPLE training examples and 2 OUT-OF-SAMPLE test examples
2018-05-23 17:11:54.296020+01:00 Info (hyperparams((l2_reg 0.1)(dropout_keep_prob 0.5)))
2018-05-23 17:11:54.396328+01:00 Info ((name"training examples")(distribution((0 0.648720032507111)(1 0.35127996749288909))))
2018-05-23 17:11:54.396334+01:00 Info ((name"test examples")(distribution((0 -nan)(1 -nan))))
(monitor.ml.Error (Invalid_argument "index out of bounds")
 ("Raised by primitive operation at file \"src/owl/dense/owl_dense_ndarray_generic.ml\", line 229, characters 26-36"
  "Called from file \"tools/decision_model.ml\", line 137, characters 6-150"
  "Called from file \"tools/decision_model.ml\", line 146, characters 18-60"
  "Called from file \"src/deferred0.ml\", line 61, characters 64-69"
  "Called from file \"src/job_queue.ml\", line 159, characters 6-47"))
