2018-05-23 15:10:49.691915+01:00 Info fyq-symbolic-maths | Loaded 0 reward entries
2018-05-23 15:10:49.691916+01:00 Info fyq-symbolic-maths | Loaded 0 query entries
2018-05-23 15:10:49.691917+01:00 Info fyq-symbolic-maths | Loaded 0 training examples
2018-05-23 15:10:49.692308+01:00 Info Loaded a total of 0 training examples
2018-05-23 15:10:51.469064+01:00 Info bdd | Loaded 5717 reward entries
2018-05-23 15:10:51.469093+01:00 Info bdd | Loaded 2818 query entries
2018-05-23 15:10:51.469100+01:00 Info bdd | Loaded 824 training examples
2018-05-23 15:10:51.987670+01:00 Info almabench | Loaded 1926 reward entries
2018-05-23 15:10:51.987690+01:00 Info almabench | Loaded 846 query entries
2018-05-23 15:10:51.987696+01:00 Info almabench | Loaded 317 training examples
2018-05-23 15:10:53.480196+01:00 Info lexifi | Loaded 4262 reward entries
2018-05-23 15:10:53.480223+01:00 Info lexifi | Loaded 4073 query entries
2018-05-23 15:10:53.480229+01:00 Info lexifi | Loaded 1370 training examples
2018-05-23 15:11:02.287832+01:00 Info kb | Loaded 4747 reward entries
2018-05-23 15:11:02.287963+01:00 Info kb | Loaded 35367 query entries
2018-05-23 15:11:02.287967+01:00 Info kb | Loaded 281 training examples
2018-05-23 15:11:04.363833+01:00 Info floats-in-functor | Loaded 2774 reward entries
2018-05-23 15:11:04.363888+01:00 Info floats-in-functor | Loaded 8773 query entries
2018-05-23 15:11:04.363894+01:00 Info floats-in-functor | Loaded 784 training examples
2018-05-23 15:11:04.364058+01:00 Info fyq-stdlib-int-sets | Loaded 0 reward entries
2018-05-23 15:11:04.364059+01:00 Info fyq-stdlib-int-sets | Loaded 0 query entries
2018-05-23 15:11:04.364060+01:00 Info fyq-stdlib-int-sets | Loaded 0 training examples
2018-05-23 15:11:04.794889+01:00 Info fft | Loaded 1865 reward entries
2018-05-23 15:11:04.794899+01:00 Info fft | Loaded 842 query entries
2018-05-23 15:11:04.794904+01:00 Info fft | Loaded 306 training examples
2018-05-23 15:11:05.194979+01:00 Info quicksort | Loaded 1667 reward entries
2018-05-23 15:11:05.194990+01:00 Info quicksort | Loaded 829 query entries
2018-05-23 15:11:05.194995+01:00 Info quicksort | Loaded 306 training examples
2018-05-23 15:11:05.543156+01:00 Info lens | Loaded 1698 reward entries
2018-05-23 15:11:05.543164+01:00 Info lens | Loaded 835 query entries
2018-05-23 15:11:05.543169+01:00 Info lens | Loaded 296 training examples
2018-05-23 15:11:05.543320+01:00 Info fyq-rev-list | Loaded 0 reward entries
2018-05-23 15:11:05.543321+01:00 Info fyq-rev-list | Loaded 0 query entries
2018-05-23 15:11:05.543322+01:00 Info fyq-rev-list | Loaded 0 training examples
2018-05-23 15:11:07.035545+01:00 Info sequence-cps | Loaded 3135 reward entries
2018-05-23 15:11:07.035558+01:00 Info sequence-cps | Loaded 1134 query entries
2018-05-23 15:11:07.035562+01:00 Info sequence-cps | Loaded 330 training examples
2018-05-23 15:11:09.613284+01:00 Info hamming | Loaded 3032 reward entries
2018-05-23 15:11:09.613336+01:00 Info hamming | Loaded 8514 query entries
2018-05-23 15:11:09.613343+01:00 Info hamming | Loaded 1412 training examples
2018-05-23 15:11:09.616839+01:00 Info kahan-sum | Loaded 19 reward entries
2018-05-23 15:11:09.616841+01:00 Info kahan-sum | Loaded 14 query entries
2018-05-23 15:11:09.616844+01:00 Info kahan-sum | Loaded 2 training examples
2018-05-23 15:11:12.600192+01:00 Info sequence | Loaded 14618 reward entries
2018-05-23 15:11:12.600213+01:00 Info sequence | Loaded 4111 query entries
2018-05-23 15:11:12.600216+01:00 Info sequence | Loaded 86 training examples
2018-05-23 15:11:12.600371+01:00 Info fyq-stdlib-functor-record-sets | Loaded 0 reward entries
2018-05-23 15:11:12.600372+01:00 Info fyq-stdlib-functor-record-sets | Loaded 0 query entries
2018-05-23 15:11:12.600374+01:00 Info fyq-stdlib-functor-record-sets | Loaded 0 training examples
2018-05-23 15:11:12.600453+01:00 Info Loaded a total of 6314 training examples
2018-05-23 15:11:12.600844+01:00 Info Loaded 6314 IN-SAMPLE training examples and 0 OUT-OF-SAMPLE test examples
2018-05-23 15:11:12.600857+01:00 Info (hyperparams((l2_reg 0.01)(dropout_keep_prob 1)))
(monitor.ml.Error (Invalid_argument "index out of bounds")
 ("Raised by primitive operation at file \"src/owl/dense/owl_dense_ndarray_generic.ml\", line 229, characters 26-36"
  "Called from file \"tools/familiarity_model.ml\", line 139, characters 6-150"
  "Called from file \"tools/familiarity_model.ml\", line 152, characters 18-60"
  "Called from file \"src/deferred0.ml\", line 61, characters 64-69"
  "Called from file \"src/job_queue.ml\", line 159, characters 6-47"))
