2018-05-21 15:20:18.106691+01:00 Info kahan-sum | Loaded 19 reward entries
2018-05-21 15:20:18.106692+01:00 Info kahan-sum | Loaded 14 query entries
2018-05-21 15:20:18.106693+01:00 Info kahan-sum | Loaded 2 training examples
2018-05-21 15:20:18.106908+01:00 Info Loaded a total of 2 training examples
2018-05-21 15:20:19.213178+01:00 Info bdd | Loaded 5717 reward entries
2018-05-21 15:20:19.213189+01:00 Info bdd | Loaded 2818 query entries
2018-05-21 15:20:19.213193+01:00 Info bdd | Loaded 824 training examples
2018-05-21 15:20:19.572396+01:00 Info almabench | Loaded 1926 reward entries
2018-05-21 15:20:19.572401+01:00 Info almabench | Loaded 846 query entries
2018-05-21 15:20:19.572404+01:00 Info almabench | Loaded 317 training examples
2018-05-21 15:20:20.295781+01:00 Info lexifi | Loaded 4262 reward entries
2018-05-21 15:20:20.295804+01:00 Info lexifi | Loaded 4073 query entries
2018-05-21 15:20:20.295811+01:00 Info lexifi | Loaded 1370 training examples
2018-05-21 15:20:23.777804+01:00 Info kb | Loaded 4747 reward entries
2018-05-21 15:20:23.777930+01:00 Info kb | Loaded 35367 query entries
2018-05-21 15:20:23.777933+01:00 Info kb | Loaded 281 training examples
2018-05-21 15:20:24.752987+01:00 Info floats-in-functor | Loaded 2774 reward entries
2018-05-21 15:20:24.753016+01:00 Info floats-in-functor | Loaded 8773 query entries
2018-05-21 15:20:24.753020+01:00 Info floats-in-functor | Loaded 784 training examples
2018-05-21 15:20:24.753109+01:00 Info fyq-stdlib-int-sets | Loaded 0 reward entries
2018-05-21 15:20:24.753109+01:00 Info fyq-stdlib-int-sets | Loaded 0 query entries
2018-05-21 15:20:24.753110+01:00 Info fyq-stdlib-int-sets | Loaded 0 training examples
2018-05-21 15:20:24.981296+01:00 Info fft | Loaded 1865 reward entries
2018-05-21 15:20:24.981301+01:00 Info fft | Loaded 842 query entries
2018-05-21 15:20:24.981304+01:00 Info fft | Loaded 306 training examples
2018-05-21 15:20:25.194205+01:00 Info quicksort | Loaded 1667 reward entries
2018-05-21 15:20:25.194211+01:00 Info quicksort | Loaded 829 query entries
2018-05-21 15:20:25.194214+01:00 Info quicksort | Loaded 306 training examples
2018-05-21 15:20:25.194363+01:00 Info fyq-symbolic-maths | Loaded 0 reward entries
2018-05-21 15:20:25.194364+01:00 Info fyq-symbolic-maths | Loaded 0 query entries
2018-05-21 15:20:25.194365+01:00 Info fyq-symbolic-maths | Loaded 0 training examples
2018-05-21 15:20:25.319479+01:00 Info lens | Loaded 1698 reward entries
2018-05-21 15:20:25.319485+01:00 Info lens | Loaded 835 query entries
2018-05-21 15:20:25.319489+01:00 Info lens | Loaded 296 training examples
2018-05-21 15:20:25.319605+01:00 Info fyq-rev-list | Loaded 0 reward entries
2018-05-21 15:20:25.319606+01:00 Info fyq-rev-list | Loaded 0 query entries
2018-05-21 15:20:25.319607+01:00 Info fyq-rev-list | Loaded 0 training examples
2018-05-21 15:20:25.497598+01:00 Info sequence-cps | Loaded 3135 reward entries
2018-05-21 15:20:25.497604+01:00 Info sequence-cps | Loaded 1134 query entries
2018-05-21 15:20:25.497606+01:00 Info sequence-cps | Loaded 330 training examples
2018-05-21 15:20:26.414959+01:00 Info hamming | Loaded 3032 reward entries
2018-05-21 15:20:26.414990+01:00 Info hamming | Loaded 8514 query entries
2018-05-21 15:20:26.414997+01:00 Info hamming | Loaded 1412 training examples
2018-05-21 15:20:29.447162+01:00 Info sequence | Loaded 14618 reward entries
2018-05-21 15:20:29.447176+01:00 Info sequence | Loaded 4111 query entries
2018-05-21 15:20:29.447179+01:00 Info sequence | Loaded 86 training examples
2018-05-21 15:20:29.447427+01:00 Info fyq-stdlib-functor-record-sets | Loaded 0 reward entries
2018-05-21 15:20:29.447429+01:00 Info fyq-stdlib-functor-record-sets | Loaded 0 query entries
2018-05-21 15:20:29.447430+01:00 Info fyq-stdlib-functor-record-sets | Loaded 0 training examples
2018-05-21 15:20:29.447509+01:00 Info Loaded a total of 6312 training examples
2018-05-21 15:20:29.448050+01:00 Info Loaded 6312 IN-SAMPLE training examples and 2 OUT-OF-SAMPLE test examples
2018-05-21 15:20:29.448504+01:00 Info (hyperparams((l2_reg 0.001)(dropout_keep_prob 1)))
2018-05-21 15:20:29.548716+01:00 Info ((name"training examples")(distribution((0 0.648720032507111)(1 0.35127996749288909))))
2018-05-21 15:20:29.548720+01:00 Info ((name"test examples")(distribution((0 -nan)(1 -nan))))
(monitor.ml.Error (Invalid_argument "index out of bounds")
 ("Raised by primitive operation at file \"src/owl/dense/owl_dense_ndarray_generic.ml\", line 229, characters 26-36"
  "Called from file \"tools/decision_model.ml\", line 144, characters 6-150"
  "Called from file \"tools/decision_model.ml\", line 153, characters 18-60"
  "Called from file \"src/deferred0.ml\", line 61, characters 64-69"
  "Called from file \"src/job_queue.ml\", line 159, characters 6-47"))
