2018-05-23 16:47:11.735187+01:00 Info fyq-rev-list | Loaded 0 reward entries
2018-05-23 16:47:11.735189+01:00 Info fyq-rev-list | Loaded 0 query entries
2018-05-23 16:47:11.735190+01:00 Info fyq-rev-list | Loaded 0 training examples
2018-05-23 16:47:11.735611+01:00 Info Loaded a total of 0 training examples
2018-05-23 16:47:13.378371+01:00 Info bdd | Loaded 5717 reward entries
2018-05-23 16:47:13.378393+01:00 Info bdd | Loaded 2818 query entries
2018-05-23 16:47:13.378399+01:00 Info bdd | Loaded 824 training examples
2018-05-23 16:47:13.764529+01:00 Info almabench | Loaded 1926 reward entries
2018-05-23 16:47:13.764535+01:00 Info almabench | Loaded 846 query entries
2018-05-23 16:47:13.764539+01:00 Info almabench | Loaded 317 training examples
2018-05-23 16:47:15.074599+01:00 Info lexifi | Loaded 4262 reward entries
2018-05-23 16:47:15.074615+01:00 Info lexifi | Loaded 4073 query entries
2018-05-23 16:47:15.074620+01:00 Info lexifi | Loaded 1370 training examples
2018-05-23 16:47:22.564706+01:00 Info kb | Loaded 4747 reward entries
2018-05-23 16:47:22.564899+01:00 Info kb | Loaded 35367 query entries
2018-05-23 16:47:22.564905+01:00 Info kb | Loaded 281 training examples
2018-05-23 16:47:24.225314+01:00 Info floats-in-functor | Loaded 2774 reward entries
2018-05-23 16:47:24.225349+01:00 Info floats-in-functor | Loaded 8773 query entries
2018-05-23 16:47:24.225355+01:00 Info floats-in-functor | Loaded 784 training examples
2018-05-23 16:47:24.225515+01:00 Info fyq-stdlib-int-sets | Loaded 0 reward entries
2018-05-23 16:47:24.225516+01:00 Info fyq-stdlib-int-sets | Loaded 0 query entries
2018-05-23 16:47:24.225517+01:00 Info fyq-stdlib-int-sets | Loaded 0 training examples
2018-05-23 16:47:24.581467+01:00 Info fft | Loaded 1865 reward entries
2018-05-23 16:47:24.581474+01:00 Info fft | Loaded 842 query entries
2018-05-23 16:47:24.581477+01:00 Info fft | Loaded 306 training examples
2018-05-23 16:47:24.852536+01:00 Info quicksort | Loaded 1667 reward entries
2018-05-23 16:47:24.852541+01:00 Info quicksort | Loaded 829 query entries
2018-05-23 16:47:24.852545+01:00 Info quicksort | Loaded 306 training examples
2018-05-23 16:47:24.852665+01:00 Info fyq-symbolic-maths | Loaded 0 reward entries
2018-05-23 16:47:24.852666+01:00 Info fyq-symbolic-maths | Loaded 0 query entries
2018-05-23 16:47:24.852668+01:00 Info fyq-symbolic-maths | Loaded 0 training examples
2018-05-23 16:47:25.104424+01:00 Info lens | Loaded 1698 reward entries
2018-05-23 16:47:25.104430+01:00 Info lens | Loaded 835 query entries
2018-05-23 16:47:25.104433+01:00 Info lens | Loaded 296 training examples
2018-05-23 16:47:26.169782+01:00 Info sequence-cps | Loaded 3135 reward entries
2018-05-23 16:47:26.169789+01:00 Info sequence-cps | Loaded 1134 query entries
2018-05-23 16:47:26.169793+01:00 Info sequence-cps | Loaded 330 training examples
2018-05-23 16:47:28.435796+01:00 Info hamming | Loaded 3032 reward entries
2018-05-23 16:47:28.435826+01:00 Info hamming | Loaded 8514 query entries
2018-05-23 16:47:28.435832+01:00 Info hamming | Loaded 1412 training examples
2018-05-23 16:47:28.438483+01:00 Info kahan-sum | Loaded 19 reward entries
2018-05-23 16:47:28.438483+01:00 Info kahan-sum | Loaded 14 query entries
2018-05-23 16:47:28.438485+01:00 Info kahan-sum | Loaded 2 training examples
2018-05-23 16:47:31.419500+01:00 Info sequence | Loaded 14618 reward entries
2018-05-23 16:47:31.419530+01:00 Info sequence | Loaded 4111 query entries
2018-05-23 16:47:31.419534+01:00 Info sequence | Loaded 86 training examples
2018-05-23 16:47:31.419746+01:00 Info fyq-stdlib-functor-record-sets | Loaded 0 reward entries
2018-05-23 16:47:31.419749+01:00 Info fyq-stdlib-functor-record-sets | Loaded 0 query entries
2018-05-23 16:47:31.419750+01:00 Info fyq-stdlib-functor-record-sets | Loaded 0 training examples
2018-05-23 16:47:31.419884+01:00 Info Loaded a total of 6314 training examples
2018-05-23 16:47:31.420473+01:00 Info Loaded 6314 IN-SAMPLE training examples and 0 OUT-OF-SAMPLE test examples
2018-05-23 16:47:31.420500+01:00 Info (hyperparams((l2_reg 0.1)(dropout_keep_prob 1)))
(monitor.ml.Error (Invalid_argument "index out of bounds")
 ("Raised by primitive operation at file \"src/owl/dense/owl_dense_ndarray_generic.ml\", line 229, characters 26-36"
  "Called from file \"tools/policy_model.ml\", line 135, characters 6-150"
  "Called from file \"tools/policy_model.ml\", line 150, characters 18-60"
  "Called from file \"src/deferred0.ml\", line 61, characters 64-69"
  "Called from file \"src/job_queue.ml\", line 159, characters 6-47"))
