2018-05-23 15:36:44.128317+01:00 Info fyq-symbolic-maths | Loaded 0 reward entries
2018-05-23 15:36:44.128318+01:00 Info fyq-symbolic-maths | Loaded 0 query entries
2018-05-23 15:36:44.128320+01:00 Info fyq-symbolic-maths | Loaded 0 training examples
2018-05-23 15:36:44.128713+01:00 Info Loaded a total of 0 training examples
2018-05-23 15:36:45.836050+01:00 Info bdd | Loaded 5717 reward entries
2018-05-23 15:36:45.836074+01:00 Info bdd | Loaded 2818 query entries
2018-05-23 15:36:45.836080+01:00 Info bdd | Loaded 824 training examples
2018-05-23 15:36:46.280967+01:00 Info almabench | Loaded 1926 reward entries
2018-05-23 15:36:46.280977+01:00 Info almabench | Loaded 846 query entries
2018-05-23 15:36:46.280981+01:00 Info almabench | Loaded 317 training examples
2018-05-23 15:36:47.662355+01:00 Info lexifi | Loaded 4262 reward entries
2018-05-23 15:36:47.662384+01:00 Info lexifi | Loaded 4073 query entries
2018-05-23 15:36:47.662393+01:00 Info lexifi | Loaded 1370 training examples
2018-05-23 15:36:56.187264+01:00 Info kb | Loaded 4747 reward entries
2018-05-23 15:36:56.187476+01:00 Info kb | Loaded 35367 query entries
2018-05-23 15:36:56.187481+01:00 Info kb | Loaded 281 training examples
2018-05-23 15:36:58.049173+01:00 Info floats-in-functor | Loaded 2774 reward entries
2018-05-23 15:36:58.049223+01:00 Info floats-in-functor | Loaded 8773 query entries
2018-05-23 15:36:58.049229+01:00 Info floats-in-functor | Loaded 784 training examples
2018-05-23 15:36:58.049381+01:00 Info fyq-stdlib-int-sets | Loaded 0 reward entries
2018-05-23 15:36:58.049382+01:00 Info fyq-stdlib-int-sets | Loaded 0 query entries
2018-05-23 15:36:58.049383+01:00 Info fyq-stdlib-int-sets | Loaded 0 training examples
2018-05-23 15:36:58.426281+01:00 Info fft | Loaded 1865 reward entries
2018-05-23 15:36:58.426291+01:00 Info fft | Loaded 842 query entries
2018-05-23 15:36:58.426296+01:00 Info fft | Loaded 306 training examples
2018-05-23 15:36:58.839026+01:00 Info quicksort | Loaded 1667 reward entries
2018-05-23 15:36:58.839035+01:00 Info quicksort | Loaded 829 query entries
2018-05-23 15:36:58.839040+01:00 Info quicksort | Loaded 306 training examples
2018-05-23 15:36:59.194115+01:00 Info lens | Loaded 1698 reward entries
2018-05-23 15:36:59.194125+01:00 Info lens | Loaded 835 query entries
2018-05-23 15:36:59.194130+01:00 Info lens | Loaded 296 training examples
2018-05-23 15:36:59.194318+01:00 Info fyq-rev-list | Loaded 0 reward entries
2018-05-23 15:36:59.194319+01:00 Info fyq-rev-list | Loaded 0 query entries
2018-05-23 15:36:59.194321+01:00 Info fyq-rev-list | Loaded 0 training examples
2018-05-23 15:37:00.701343+01:00 Info sequence-cps | Loaded 3135 reward entries
2018-05-23 15:37:00.701358+01:00 Info sequence-cps | Loaded 1134 query entries
2018-05-23 15:37:00.701363+01:00 Info sequence-cps | Loaded 330 training examples
2018-05-23 15:37:03.266133+01:00 Info hamming | Loaded 3032 reward entries
2018-05-23 15:37:03.266191+01:00 Info hamming | Loaded 8514 query entries
2018-05-23 15:37:03.266199+01:00 Info hamming | Loaded 1412 training examples
2018-05-23 15:37:03.270061+01:00 Info kahan-sum | Loaded 19 reward entries
2018-05-23 15:37:03.270063+01:00 Info kahan-sum | Loaded 14 query entries
2018-05-23 15:37:03.270066+01:00 Info kahan-sum | Loaded 2 training examples
2018-05-23 15:37:06.151442+01:00 Info sequence | Loaded 14618 reward entries
2018-05-23 15:37:06.151460+01:00 Info sequence | Loaded 4111 query entries
2018-05-23 15:37:06.151463+01:00 Info sequence | Loaded 86 training examples
2018-05-23 15:37:06.151622+01:00 Info fyq-stdlib-functor-record-sets | Loaded 0 reward entries
2018-05-23 15:37:06.151623+01:00 Info fyq-stdlib-functor-record-sets | Loaded 0 query entries
2018-05-23 15:37:06.151625+01:00 Info fyq-stdlib-functor-record-sets | Loaded 0 training examples
2018-05-23 15:37:06.151703+01:00 Info Loaded a total of 6314 training examples
2018-05-23 15:37:06.152231+01:00 Info Loaded 6314 IN-SAMPLE training examples and 0 OUT-OF-SAMPLE test examples
2018-05-23 15:37:06.152253+01:00 Info (hyperparams((l2_reg 0.1)(dropout_keep_prob 1)))
(monitor.ml.Error (Invalid_argument "index out of bounds")
 ("Raised by primitive operation at file \"src/owl/dense/owl_dense_ndarray_generic.ml\", line 229, characters 26-36"
  "Called from file \"tools/policy_model.ml\", line 135, characters 6-150"
  "Called from file \"tools/policy_model.ml\", line 150, characters 18-60"
  "Called from file \"src/deferred0.ml\", line 61, characters 64-69"
  "Called from file \"src/job_queue.ml\", line 159, characters 6-47"))
