almabench,correct = APPLY,predicted = DOESNT_MATTER,0.0,0.00198023545341,metadata = ['/Apply(camlAlmabench__Apply[14])/Apply(camlGc__Apply[5])/Apply(camlPrintf__Apply[18])']
almabench,correct = INLINE,predicted = DOESNT_MATTER,0.000153831388332,0.0,metadata = ['/Apply(camlAlmabench__Apply[14])/Apply(camlGc__Over[13])']
almabench,correct = INLINE,predicted = DOESNT_MATTER,0.00523576487748,-0.0131034444998,metadata = ['/Apply(camlAlmabench__Apply[14])/Apply(camlGc__Over[11])/Apply(camlCamlinternalFormat__Apply[589])']
almabench,correct = INLINE,predicted = DOESNT_MATTER,0.00104465280658,0.0,metadata = ['/Apply(camlAlmabench__Apply[14])/Apply(camlGc__Apply[6])/Apply(camlPrintf__Apply[8])/Apply(camlPrintf__Apply[3])/Apply(camlCamlinternalFormat__Apply[523])/Apply(camlCamlinternalFormat__Apply[520])']
almabench,correct = INLINE,predicted = DOESNT_MATTER,0.0,-0.00593889935359,metadata = ['/Apply(camlAlmabench__Apply[14])/Apply(camlGc__Over[12])/Apply(camlCamlinternalFormat__Apply[590])/Apply(camlCamlinternalFormat__Apply[524])/Apply(camlCamlinternalFormat__Apply[544])/Apply(camlPrintf__Apply[1])/Apply(camlCamlinternalFormat__Apply[695])/Apply(camlCamlinternalFormat__Apply[698])']
almabench,correct = APPLY,predicted = DOESNT_MATTER,0.0,0.000444520174186,metadata = ['/Apply(camlAlmabench__Apply[14])/Apply(camlGc__Apply[10])/Apply(camlPrintf__Apply[18])']
almabench,correct = APPLY,predicted = DOESNT_MATTER,0.0,0.00354789892623,metadata = ['/Apply(camlAlmabench__Apply[14])/Apply(camlGc__Apply[4])/Apply(camlPrintf__Apply[8])/Apply(camlPrintf__Apply[3])/Apply(camlCamlinternalFormat__Apply[524])/Apply(camlCamlinternalFormat__Apply[544])/Apply(camlPrintf__Apply[1])']
almabench,correct = APPLY,predicted = DOESNT_MATTER,0.0,0.0261788243874,metadata = ['/Apply(camlAlmabench__Apply[14])/Apply(camlGc__Over[11])/Apply(camlCamlinternalFormat__Apply[589])/Apply(camlCamlinternalFormat__Apply[468])']
almabench,correct = APPLY,predicted = DOESNT_MATTER,0.0,0.00230747082499,metadata = ['/Apply(camlAlmabench__Apply[14])/Apply(camlGc__Over[13])/Apply(camlCamlinternalFormat__Apply[589])/Apply(camlCamlinternalFormat__Apply[471])']
almabench,correct = INLINE,predicted = DOESNT_MATTER,0.000461494164997,0.0,metadata = ['/Apply(camlAlmabench__Apply[14])/Apply(camlGc__Over[13])/Apply(camlCamlinternalFormat__Apply[589])']
almabench,correct = INLINE,predicted = DOESNT_MATTER,0.00354789892623,0.0,metadata = ['/Apply(camlAlmabench__Apply[14])/Apply(camlGc__Apply[4])/Apply(camlPrintf__Apply[8])/Apply(camlPrintf__Apply[3])/Apply(camlCamlinternalFormat__Apply[524])/Apply(camlCamlinternalFormat__Apply[544])']
almabench,correct = APPLY,predicted = DOESNT_MATTER,-0.0141763151468,0.0,metadata = ['/Apply(camlAlmabench__Apply[14])/Apply(camlGc__Over[7])/Apply(camlCamlinternalFormat__Apply[612])']
almabench,correct = INLINE,predicted = DOESNT_MATTER,0.0,-0.00186737670486,metadata = ['/Apply(camlAlmabench__Apply[14])/Apply(camlGc__Over[7])/Apply(camlCamlinternalFormat__Apply[614])/Apply(camlCamlinternalFormat__Apply[524])/Apply(camlCamlinternalFormat__Apply[544])/Apply(camlPrintf__Apply[1])/Apply(camlCamlinternalFormat__Apply[695])/Apply(camlCamlinternalFormat__Apply[698])']
almabench,correct = APPLY,predicted = DOESNT_MATTER,0.0,0.014651458243,metadata = ['/Apply(camlAlmabench__Apply[14])/Apply(camlGc__Over[6])/Apply(camlCamlinternalFormat__Apply[613])/Apply(camlCamlinternalFormat__Apply[468])']
almabench,correct = APPLY,predicted = DOESNT_MATTER,0.0,0.0166289073526,metadata = ['/Apply(camlAlmabench__Apply[14])/Apply(camlGc__Over[10])']
almabench,correct = INLINE,predicted = DOESNT_MATTER,0.0125778716008,0.0,metadata = ['/Apply(camlAlmabench__Apply[14])/Apply(camlGc__Apply[8])/Apply(camlPrintf__Apply[8])/Apply(camlPrintf__Apply[3])/Apply(camlCamlinternalFormat__Apply[523])']
almabench,correct = INLINE,predicted = DOESNT_MATTER,0.000865340167528,0.0,metadata = ['/Apply(camlAlmabench__Apply[14])/Apply(camlGc__Over[1])']
almabench,correct = INLINE,predicted = DOESNT_MATTER,0.0125778716008,0.0,metadata = ['/Apply(camlAlmabench__Apply[14])/Apply(camlGc__Apply[8])/Apply(camlPrintf__Apply[8])/Apply(camlPrintf__Apply[3])/Apply(camlCamlinternalFormat__Apply[523])/Apply(camlCamlinternalFormat__Apply[520])']
almabench,correct = APPLY,predicted = DOESNT_MATTER,0.0,0.00745188108268,metadata = ['/Apply(camlAlmabench__Apply[14])/Apply(camlGc__Apply[9])/Apply(camlPrintf__Apply[8])/Apply(camlPrintf__Apply[3])/Apply(camlCamlinternalFormat__Apply[524])/Apply(camlCamlinternalFormat__Apply[544])/Apply(camlPrintf__Apply[1])']
almabench,correct = INLINE,predicted = DOESNT_MATTER,0.00173068033506,0.0,metadata = ['/Apply(camlAlmabench__Apply[14])/Apply(camlGc__Over[1])/Apply(camlCamlinternalFormat__Apply[599])/Apply(camlCamlinternalFormat__Apply[524])/Apply(camlCamlinternalFormat__Apply[544])']
almabench,correct = APPLY,predicted = DOESNT_MATTER,-0.0018484143448,0.0,metadata = ['/Apply(camlAlmabench__Apply[14])/Apply(camlGc__Apply[17])/Apply(camlPrintf__Apply[8])/Apply(camlPrintf__Apply[3])/Apply(camlCamlinternalFormat__Apply[524])/Apply(camlCamlinternalFormat__Apply[544])/Apply(camlPrintf__Apply[1])']
almabench,correct = APPLY,predicted = DOESNT_MATTER,0.0,0.0133285127672,metadata = ['/Apply(camlAlmabench__Apply[14])/Apply(camlGc__Over[7])']
almabench,correct = APPLY,predicted = DOESNT_MATTER,-0.000298974631857,0.0,metadata = ['/Apply(camlAlmabench__Apply[14])/Apply(camlGc__Over[7])/Apply(camlCamlinternalFormat__Apply[614])/Apply(camlCamlinternalFormat__Apply[524])/Apply(camlCamlinternalFormat__Apply[544])/Apply(camlPrintf__Apply[1])/Apply(camlCamlinternalFormat__Apply[695])']
almabench,correct = INLINE,predicted = DOESNT_MATTER,0.00745188108268,0.0,metadata = ['/Apply(camlAlmabench__Apply[14])/Apply(camlGc__Apply[9])/Apply(camlPrintf__Apply[8])/Apply(camlPrintf__Apply[3])/Apply(camlCamlinternalFormat__Apply[524])']
almabench,correct = DOESNT_MATTER,predicted = INLINE,0.0,0.0,metadata = ['/Apply(camlAlmabench__Apply[12])']
almabench,correct = INLINE,predicted = DOESNT_MATTER,0.010350775684,0.0,metadata = ['/Apply(camlAlmabench__Apply[14])/Apply(camlGc__Apply[15])/Apply(camlPrintf__Apply[8])/Apply(camlPrintf__Apply[3])/Apply(camlCamlinternalFormat__Apply[523])']
almabench,correct = DOESNT_MATTER,predicted = INLINE,0.0,0.0,metadata = ['/Apply(camlAlmabench__Apply[7])']
almabench,correct = APPLY,predicted = DOESNT_MATTER,-0.000158359358459,0.0,metadata = ['/Decl(Almabench.radecdist/1748)/Apply(camlAlmabench__Apply[5])/Apply(camlAlmabench__Apply[4])/Apply(camlAlmabench__Apply[3])']
almabench,correct = INLINE,predicted = DOESNT_MATTER,0.0,-0.0010705426516,metadata = ['/Apply(camlAlmabench__Apply[13])/Apply(camlPervasives__Apply[8])']
almabench,correct = INLINE,predicted = DOESNT_MATTER,0.00781885949859,-0.00137089849507,metadata = ['/Apply(camlAlmabench__Apply[10])/Apply(camlAlmabench__Apply[9])/Apply(camlAlmabench__Apply[1])']
almabench,correct = INLINE,predicted = DOESNT_MATTER,0.00745188108268,0.0,metadata = ['/Apply(camlAlmabench__Apply[14])/Apply(camlGc__Apply[9])/Apply(camlPrintf__Apply[8])/Apply(camlPrintf__Apply[3])/Apply(camlCamlinternalFormat__Apply[524])/Apply(camlCamlinternalFormat__Apply[544])']
almabench,correct = INLINE,predicted = DOESNT_MATTER,0.0100378509569,0.0,metadata = ['/Apply(camlAlmabench__Apply[8])/Apply(camlPrintf__Apply[11])/Apply(camlPrintf__Apply[8])/Apply(camlPrintf__Apply[3])']
almabench,correct = INLINE,predicted = DOESNT_MATTER,0.00451181755302,0.0,metadata = ['/Apply(camlAlmabench__Apply[14])/Apply(camlGc__Apply[7])/Apply(camlPrintf__Apply[8])/Apply(camlPrintf__Apply[3])/Apply(camlCamlinternalFormat__Apply[523])']
almabench,correct = INLINE,predicted = DOESNT_MATTER,0.00354789892623,0.0,metadata = ['/Apply(camlAlmabench__Apply[14])/Apply(camlGc__Apply[4])/Apply(camlPrintf__Apply[8])/Apply(camlPrintf__Apply[3])/Apply(camlCamlinternalFormat__Apply[524])']
almabench,correct = APPLY,predicted = DOESNT_MATTER,0.0,0.0216981262641,metadata = ['/Decl(Almabench.radecdist/1748)/Apply(camlAlmabench__Apply[5])/Apply(camlAlmabench__Apply[4])']
almabench,correct = INLINE,predicted = DOESNT_MATTER,0.00144755775926,0.0,metadata = ['/Apply(camlAlmabench__Apply[11])/Decl(Almabench.super_function/1819)/Apply(camlAlmabench__Apply[4])']
almabench,correct = INLINE,predicted = DOESNT_MATTER,0.0029302916486,-0.00937400281367,metadata = ['/Apply(camlAlmabench__Apply[14])/Apply(camlGc__Over[6])/Apply(camlCamlinternalFormat__Apply[613])']
almabench,correct = INLINE,predicted = DOESNT_MATTER,0.00451181755302,0.0,metadata = ['/Apply(camlAlmabench__Apply[14])/Apply(camlGc__Apply[7])/Apply(camlPrintf__Apply[8])/Apply(camlPrintf__Apply[3])/Apply(camlCamlinternalFormat__Apply[523])/Apply(camlCamlinternalFormat__Apply[520])']
almabench,correct = APPLY,predicted = DOESNT_MATTER,0.0,0.00874985218323,metadata = ['/Apply(camlAlmabench__Apply[6])/Apply(camlAlmabench__Apply[1])']
almabench,correct = INLINE,predicted = DOESNT_MATTER,0.00173068033506,0.0,metadata = ['/Apply(camlAlmabench__Apply[14])/Apply(camlGc__Over[1])/Apply(camlCamlinternalFormat__Apply[599])/Apply(camlCamlinternalFormat__Apply[524])/Apply(camlCamlinternalFormat__Apply[544])/Apply(camlPrintf__Apply[1])']
almabench,correct = APPLY,predicted = DOESNT_MATTER,0.0,0.00423706891532,metadata = ['/Apply(camlAlmabench__Apply[8])/Apply(camlPrintf__Apply[11])/Apply(camlPrintf__Apply[8])/Apply(camlPrintf__Apply[3])/Apply(camlCamlinternalFormat__Apply[516])']
almabench,correct = APPLY,predicted = DOESNT_MATTER,-0.000568988910083,0.00521899448041,metadata = ['/Apply(camlAlmabench__Apply[13])']
almabench,correct = APPLY,predicted = DOESNT_MATTER,-0.00156947738251,0.0,metadata = ['/Apply(camlAlmabench__Apply[14])/Apply(camlGc__Over[8])/Apply(camlCamlinternalFormat__Apply[614])/Apply(camlCamlinternalFormat__Apply[524])/Apply(camlCamlinternalFormat__Apply[544])/Apply(camlPrintf__Apply[1])/Apply(camlCamlinternalFormat__Apply[695])']
almabench,correct = INLINE,predicted = DOESNT_MATTER,0.00173068033506,0.0,metadata = ['/Apply(camlAlmabench__Apply[14])/Apply(camlGc__Over[1])/Apply(camlCamlinternalFormat__Apply[599])/Apply(camlCamlinternalFormat__Apply[524])/Apply(camlCamlinternalFormat__Apply[544])/Apply(camlPrintf__Apply[1])/Apply(camlCamlinternalFormat__Apply[695])']
almabench,correct = INLINE,predicted = DOESNT_MATTER,0.000976763882866,0.0,metadata = ['/Apply(camlAlmabench__Apply[14])/Apply(camlGc__Over[6])']
almabench,correct = INLINE,predicted = DOESNT_MATTER,0.00174525495916,0.0,metadata = ['/Apply(camlAlmabench__Apply[14])/Apply(camlGc__Over[11])']
almabench,correct = INLINE,predicted = DOESNT_MATTER,0.00104465280658,0.0,metadata = ['/Apply(camlAlmabench__Apply[14])/Apply(camlGc__Apply[6])/Apply(camlPrintf__Apply[8])/Apply(camlPrintf__Apply[3])/Apply(camlCamlinternalFormat__Apply[523])']
almabench,correct = APPLY,predicted = DOESNT_MATTER,0.0,0.00346136067011,metadata = ['/Apply(camlAlmabench__Apply[14])/Apply(camlGc__Over[1])/Apply(camlCamlinternalFormat__Apply[599])/Apply(camlCamlinternalFormat__Apply[524])/Apply(camlCamlinternalFormat__Apply[544])/Apply(camlPrintf__Apply[1])/Apply(camlCamlinternalFormat__Apply[695])/Apply(camlCamlinternalFormat__Apply[698])']
almabench,correct = INLINE,predicted = DOESNT_MATTER,0.0169086936415,0.0,metadata = ['/Apply(camlAlmabench__Apply[11])/Apply(camlAlmabench__Apply[5])']
bdd,correct = INLINE,predicted = DOESNT_MATTER,0.00045654583842,0.0,metadata = ['/Apply(camlBdd__Apply[74])/Apply(camlGc__Over[3])/Apply(camlCamlinternalFormat__Apply[599])/Apply(camlCamlinternalFormat__Apply[524])/Apply(camlCamlinternalFormat__Apply[544])/Apply(camlPrintf__Apply[1])']
bdd,correct = DOESNT_MATTER,predicted = APPLY,0.0,0.0,metadata = ['/Decl(Bdd.xor/669)/Apply(camlBdd__Apply[37])']
bdd,correct = INLINE,predicted = DOESNT_MATTER,0.00022827291921,0.0,metadata = ['/Apply(camlBdd__Apply[74])/Apply(camlGc__Over[3])']
bdd,correct = APPLY,predicted = INLINE,-0.0286372637708,0.0,metadata = ['/Decl(Bdd.hwb/745)/Decl(Bdd.h/757)/Apply(camlBdd__Apply[53])']
bdd,correct = DOESNT_MATTER,predicted = INLINE,0.0,0.0,metadata = ['/Decl(Bdd.mkNode/373)/Apply(camlBdd__Apply[19])/Apply(camlBdd__Apply[17])']
bdd,correct = APPLY,predicted = DOESNT_MATTER,-0.000323340921797,0.0,metadata = ['/Decl(Bdd.hwb/745)/Decl(Bdd.g/786)/Apply(camlBdd__Apply[58])/Apply(camlBdd__Apply[22])']
bdd,correct = DOESNT_MATTER,predicted = APPLY,0.0,0.0,metadata = ['/Decl(Bdd.hwb/745)/Decl(Bdd.g/786)/Apply(camlBdd__Apply[62])/Apply(camlBdd__Apply[58])']
bdd,correct = INLINE,predicted = DOESNT_MATTER,0.000374315768306,0.0,metadata = ['/Apply(camlBdd__Apply[74])/Apply(camlGc__Over[13])']
bdd,correct = APPLY,predicted = DOESNT_MATTER,0.0,0.00173186390783,metadata = ['/Decl(Bdd.main/929)/Apply(camlBdd__Apply[70])/Apply(camlBdd__Apply[67])']
bdd,correct = APPLY,predicted = DOESNT_MATTER,0.0,0.00664733975131,metadata = ['/Decl(Bdd.resize/203)/Decl(Bdd.copyBucket/222)/Apply(camlBdd__Apply[6])/Apply(camlBdd__Apply[5])']
bdd,correct = INLINE,predicted = APPLY,0.0182823730118,0.0,metadata = ['/Decl(Bdd.hwb/745)/Decl(Bdd.g/786)/Apply(camlBdd__Apply[61])/Apply(camlBdd__Apply[20])']
bdd,correct = INLINE,predicted = APPLY,0.0020188757033,0.000800109889194,metadata = ['/Decl(Bdd.xor/669)/Apply(camlBdd__Apply[42])']
bdd,correct = INLINE,predicted = DOESNT_MATTER,0.0,-0.0928823046464,metadata = ['/Decl(Bdd.mkNode/373)/Apply(camlBdd__Apply[19])/Apply(camlBdd__Apply[14])']
bdd,correct = INLINE,predicted = APPLY,0.000185567210041,-0.000531833521458,metadata = ['/Decl(Bdd.hwb/745)/Decl(Bdd.g/786)/Apply(camlBdd__Apply[65])/Apply(camlBdd__Apply[20])']
bdd,correct = DOESNT_MATTER,predicted = APPLY,0.0,0.0,metadata = ['/Decl(Bdd.xor/669)/Apply(camlBdd__Apply[45])']
bdd,correct = INLINE,predicted = DOESNT_MATTER,0.00045654583842,0.0,metadata = ['/Apply(camlBdd__Apply[74])/Apply(camlGc__Over[3])/Apply(camlCamlinternalFormat__Apply[599])/Apply(camlCamlinternalFormat__Apply[524])/Apply(camlCamlinternalFormat__Apply[544])/Apply(camlPrintf__Apply[1])/Apply(camlCamlinternalFormat__Apply[695])']
bdd,correct = INLINE,predicted = DOESNT_MATTER,0.0,-0.0214491692951,metadata = ['/Decl(Bdd.hwb/745)/Decl(Bdd.g/786)/Apply(camlBdd__Apply[59])/Apply(camlBdd__Apply[50])']
bdd,correct = DOESNT_MATTER,predicted = APPLY,0.0,0.0,metadata = ['/Decl(Bdd.xor/669)/Apply(camlBdd__Apply[38])']
bdd,correct = INLINE,predicted = DOESNT_MATTER,0.0,-0.00842859237024,metadata = ['/Apply(camlBdd__Apply[74])/Apply(camlGc__Over[20])/Apply(camlCamlinternalFormat__Apply[599])/Apply(camlCamlinternalFormat__Apply[524])/Apply(camlCamlinternalFormat__Apply[544])/Apply(camlPrintf__Apply[1])/Apply(camlCamlinternalFormat__Apply[695])/Apply(camlCamlinternalFormat__Apply[698])']
bdd,correct = APPLY,predicted = DOESNT_MATTER,0.0,0.0154295842498,metadata = ['/Apply(camlBdd__Apply[74])/Apply(camlGc__Over[19])/Apply(camlCamlinternalFormat__Apply[599])/Apply(camlCamlinternalFormat__Apply[524])/Apply(camlCamlinternalFormat__Apply[544])/Apply(camlPrintf__Apply[1])/Apply(camlCamlinternalFormat__Apply[695])/Apply(camlCamlinternalFormat__Apply[698])']
bdd,correct = DOESNT_MATTER,predicted = APPLY,0.0,0.0,metadata = ['/Decl(Bdd.and2/589)/Apply(camlBdd__Apply[27])']
bdd,correct = DOESNT_MATTER,predicted = APPLY,0.0,0.0,metadata = ['/Decl(Bdd.and2/589)/Apply(camlBdd__Apply[25])']
bdd,correct = APPLY,predicted = DOESNT_MATTER,-0.00433812095522,0.0,metadata = ['/Decl(Bdd.hwb/745)/Decl(Bdd.h/757)/Apply(camlBdd__Apply[49])/Apply(camlBdd__Apply[22])']
bdd,correct = INLINE,predicted = DOESNT_MATTER,0.0,-0.0135448065553,metadata = ['/Decl(Bdd.random_vars/858)/Apply(camlBdd__Apply[67])']
bdd,correct = INLINE,predicted = DOESNT_MATTER,0.0,-0.000783046687423,metadata = ['/Decl(Bdd.mkNode/373)/Decl(Bdd.lookup/404)/Apply(camlBdd__Apply[16])']
bdd,correct = APPLY,predicted = DOESNT_MATTER,-0.00111808582574,0.0,metadata = ['/Apply(camlBdd__Apply[72])/Apply(camlBdd__Apply[70])/Apply(camlBdd__Apply[67])']
bdd,correct = APPLY,predicted = DOESNT_MATTER,-0.0162178792375,0.0,metadata = ['/Decl(Bdd.hwb/745)/Decl(Bdd.h/757)/Apply(camlBdd__Apply[50])/Apply(camlBdd__Apply[52])']
bdd,correct = APPLY,predicted = DOESNT_MATTER,-0.00978049205788,0.0,metadata = ['/Apply(camlBdd__Apply[73])']
bdd,correct = INLINE,predicted = DOESNT_MATTER,7.2424770756e-05,0.0,metadata = ['/Decl(Bdd.hwb/745)/Apply(camlBdd__Apply[66])/Apply(camlBdd__Apply[48])/Apply(camlBdd__Apply[20])']
bdd,correct = DOESNT_MATTER,predicted = APPLY,0.0,0.0,metadata = ['/Decl(Bdd.hwb/745)/Decl(Bdd.h/757)/Apply(camlBdd__Apply[50])/Apply(camlBdd__Apply[49])']
bdd,correct = INLINE,predicted = DOESNT_MATTER,0.0,-0.0129761294254,metadata = ['/Decl(Bdd.mkNode/373)/Apply(camlBdd__Apply[19])/Apply(camlBdd__Apply[16])']
bdd,correct = APPLY,predicted = DOESNT_MATTER,0.0,0.000558475334775,metadata = ['/Decl(Bdd.eval/110)/Apply(camlBdd__Apply[2])/Apply(camlBdd__Apply[1])']
bdd,correct = DOESNT_MATTER,predicted = INLINE,0.0,0.0,metadata = ['/Apply(camlBdd__Apply[72])/Apply(camlBdd__Apply[69])/Decl(Bdd.h/757)/Decl(Bdd.lookup/404)/Apply(camlBdd__Apply[17])']
bdd,correct = APPLY,predicted = INLINE,0.0,0.0020264778441,metadata = ['/Decl(Bdd.resize/203)/Decl(Bdd.copyBucket/222)/Apply(camlBdd__Apply[6])/Apply(camlBdd__Apply[4])']
bdd,correct = APPLY,predicted = DOESNT_MATTER,0.0,0.000908861930146,metadata = ['/Apply(camlBdd__Apply[74])/Apply(camlGc__Over[6])/Apply(camlCamlinternalFormat__Apply[612])/Apply(camlCamlinternalFormat__Apply[500])']
bdd,correct = INLINE,predicted = DOESNT_MATTER,0.000908861930146,0.0,metadata = ['/Apply(camlBdd__Apply[74])/Apply(camlGc__Over[6])/Apply(camlCamlinternalFormat__Apply[612])']
bdd,correct = INLINE,predicted = DOESNT_MATTER,0.000913091676841,0.0,metadata = ['/Apply(camlBdd__Apply[74])/Apply(camlGc__Over[3])/Apply(camlCamlinternalFormat__Apply[599])/Apply(camlCamlinternalFormat__Apply[524])/Apply(camlCamlinternalFormat__Apply[544])/Apply(camlPrintf__Apply[1])/Apply(camlCamlinternalFormat__Apply[695])/Apply(camlCamlinternalFormat__Apply[697])']
bdd,correct = APPLY,predicted = DOESNT_MATTER,-0.000895328692768,0.0,metadata = ['/Apply(camlBdd__Apply[72])/Apply(camlBdd__Apply[71])/Apply(camlBdd__Apply[68])/Apply(camlBdd__Apply[1])']
bdd,correct = INLINE,predicted = DOESNT_MATTER,0.0,-0.00272993132392,metadata = ['/Apply(camlBdd__Apply[74])/Apply(camlGc__Over[7])/Apply(camlCamlinternalFormat__Apply[612])']
bdd,correct = INLINE,predicted = APPLY,-0.00242846171022,-0.00322212562071,metadata = ['/Decl(Bdd.and2/589)/Apply(camlBdd__Apply[28])']
bdd,correct = INLINE,predicted = DOESNT_MATTER,0.0,-0.0022125153673,metadata = ['/Decl(Bdd.and2/589)/Apply(camlBdd__Apply[24])']
bdd,correct = APPLY,predicted = INLINE,-0.00233464965027,0.00979254460531,metadata = ['/Decl(Bdd.hwb/745)/Decl(Bdd.g/786)/Apply(camlBdd__Apply[62])']
bdd,correct = INLINE,predicted = DOESNT_MATTER,0.00597367732926,0.0,metadata = ['/Decl(Bdd.eval/110)/Apply(camlBdd__Apply[2])']
bdd,correct = INLINE,predicted = DOESNT_MATTER,0.000302953976715,0.0,metadata = ['/Apply(camlBdd__Apply[74])/Apply(camlGc__Over[6])']
bdd,correct = APPLY,predicted = INLINE,-0.00164088192674,0.00248717307357,metadata = ['/Decl(Bdd.hwb/745)/Decl(Bdd.h/757)/Apply(camlBdd__Apply[52])']
bdd,correct = APPLY,predicted = DOESNT_MATTER,-0.00263662604734,0.0,metadata = ['/Decl(Bdd.xor/669)/Apply(camlBdd__Apply[47])']
bdd,correct = APPLY,predicted = DOESNT_MATTER,-0.00689438749993,0.0,metadata = ['/Decl(Bdd.xor/669)/Apply(camlBdd__Apply[35])']
bdd,correct = APPLY,predicted = DOESNT_MATTER,0.0,0.0113888793237,metadata = ['/Decl(Bdd.eval/110)/Apply(camlBdd__Apply[2])/Apply(camlBdd__Apply[2])']
bdd,correct = INLINE,predicted = DOESNT_MATTER,0.00188836360488,0.0,metadata = ['/Decl(Bdd.test_hwb/883)/Apply(camlBdd__Apply[68])']
bdd,correct = INLINE,predicted = DOESNT_MATTER,0.0,-0.0050162013051,metadata = ['/Decl(Bdd.hwb/745)/Decl(Bdd.g/786)/Apply(camlBdd__Apply[59])/Apply(camlBdd__Apply[54])']
bdd,correct = INLINE,predicted = DOESNT_MATTER,0.00385739606246,0.0,metadata = ['/Apply(camlBdd__Apply[74])/Apply(camlGc__Over[19])']
bdd,correct = INLINE,predicted = DOESNT_MATTER,0.00106963382956,-0.000555824828697,metadata = ['/Decl(Bdd.mkNode/373)/Decl(Bdd.lookup/404)/Apply(camlBdd__Apply[14])']
bdd,correct = INLINE,predicted = DOESNT_MATTER,0.0,-0.0281580082148,metadata = ['/Decl(Bdd.eval/110)/Apply(camlBdd__Apply[2])/Apply(camlBdd__Apply[1])/Apply(camlBdd__Apply[1])']
bdd,correct = INLINE,predicted = DOESNT_MATTER,0.0,-0.00909968075575,metadata = ['/Decl(Bdd.hwb/745)/Decl(Bdd.g/786)/Apply(camlBdd__Apply[62])/Apply(camlBdd__Apply[60])']
bdd,correct = APPLY,predicted = DOESNT_MATTER,-0.0073621234071,0.0,metadata = ['/Decl(Bdd.not/538)/Apply(camlBdd__Apply[21])']
bdd,correct = INLINE,predicted = DOESNT_MATTER,0.00771479212492,0.0,metadata = ['/Apply(camlBdd__Apply[74])/Apply(camlGc__Over[19])/Apply(camlCamlinternalFormat__Apply[599])/Apply(camlCamlinternalFormat__Apply[524])/Apply(camlCamlinternalFormat__Apply[544])/Apply(camlPrintf__Apply[1])/Apply(camlCamlinternalFormat__Apply[695])']
bdd,correct = APPLY,predicted = INLINE,-0.00143231629391,0.0,metadata = ['/Decl(Bdd.hwb/745)/Decl(Bdd.h/757)/Apply(camlBdd__Apply[51])']
bdd,correct = DOESNT_MATTER,predicted = INLINE,0.0,0.0,metadata = ['/Decl(Bdd.hwb/745)/Decl(Bdd.g/786)/Apply(camlBdd__Apply[59])']
bdd,correct = INLINE,predicted = DOESNT_MATTER,0.00256868665445,-0.0075277709208,metadata = ['/Apply(camlBdd__Apply[72])/Apply(camlBdd__Apply[71])/Apply(camlBdd__Apply[68])/Apply(camlBdd__Apply[2])']
bdd,correct = APPLY,predicted = DOESNT_MATTER,-0.000983495320086,0.0,metadata = ['/Decl(Bdd.hwb/745)/Decl(Bdd.g/786)/Apply(camlBdd__Apply[59])/Apply(camlBdd__Apply[52])/Apply(camlBdd__Apply[20])']
bdd,correct = INLINE,predicted = DOESNT_MATTER,0.0,-0.0204244704308,metadata = ['/Decl(Bdd.hwb/745)/Decl(Bdd.g/786)/Apply(camlBdd__Apply[59])/Apply(camlBdd__Apply[53])']
bdd,correct = INLINE,predicted = DOESNT_MATTER,0.0,-0.00804932791857,metadata = ['/Decl(Bdd.resize/203)/Decl(Bdd.copyBucket/222)/Apply(camlBdd__Apply[4])']
bdd,correct = INLINE,predicted = DOESNT_MATTER,0.0,-0.00928325937578,metadata = ['/Decl(Bdd.eval/110)/Apply(camlBdd__Apply[1])/Apply(camlBdd__Apply[1])/Apply(camlBdd__Apply[1])']
bdd,correct = APPLY,predicted = DOESNT_MATTER,-0.00252796881612,0.0,metadata = ['/Apply(camlBdd__Apply[74])/Apply(camlGc__Over[16])/Apply(camlCamlinternalFormat__Apply[590])/Apply(camlCamlinternalFormat__Apply[524])/Apply(camlCamlinternalFormat__Apply[544])/Apply(camlPrintf__Apply[1])/Apply(camlCamlinternalFormat__Apply[695])']
bdd,correct = INLINE,predicted = DOESNT_MATTER,0.0,-0.297359031271,metadata = ['/Decl(Bdd.mkNode/373)/Decl(Bdd.lookup/404)/Apply(camlBdd__Apply[18])/Apply(camlBdd__Apply[17])']
bdd,correct = APPLY,predicted = DOESNT_MATTER,-0.00165092444325,0.0,metadata = ['/Apply(camlBdd__Apply[72])/Apply(camlBdd__Apply[69])/Decl(Bdd.h/757)/Apply(camlBdd__Apply[50])']
bdd,correct = INLINE,predicted = APPLY,0.0,-0.00814772796985,metadata = ['/Decl(Bdd.hwb/745)/Decl(Bdd.h/757)/Apply(camlBdd__Apply[53])/Apply(camlBdd__Apply[58])']
bdd,correct = DOESNT_MATTER,predicted = APPLY,0.0,0.0,metadata = ['/Decl(Bdd.and2/589)/Apply(camlBdd__Apply[29])']
bdd,correct = INLINE,predicted = DOESNT_MATTER,0.0,-0.0107184909234,metadata = ['/Decl(Bdd.hwb/745)/Decl(Bdd.h/757)/Apply(camlBdd__Apply[53])/Apply(camlBdd__Apply[63])']
bdd,correct = INLINE,predicted = APPLY,0.0,-0.00366963926354,metadata = ['/Decl(Bdd.xor/669)/Apply(camlBdd__Apply[44])']
bdd,correct = APPLY,predicted = INLINE,-0.0437857268406,0.0,metadata = ['/Decl(Bdd.hwb/745)/Decl(Bdd.h/757)/Apply(camlBdd__Apply[50])']
bdd,correct = DOESNT_MATTER,predicted = INLINE,0.0,0.0,metadata = ['/Decl(Bdd.resize/203)/Decl(Bdd.copyBucket/222)/Apply(camlBdd__Apply[6])/Apply(camlBdd__Apply[3])']
bdd,correct = APPLY,predicted = DOESNT_MATTER,0.0,0.00513737330889,metadata = ['/Apply(camlBdd__Apply[72])/Apply(camlBdd__Apply[71])/Apply(camlBdd__Apply[68])/Apply(camlBdd__Apply[2])/Apply(camlBdd__Apply[2])']
bdd,correct = INLINE,predicted = DOESNT_MATTER,0.0,-0.00031340305513,metadata = ['/Apply(camlBdd__Apply[74])/Apply(camlGc__Over[14])/Apply(camlCamlinternalFormat__Apply[589])']
bdd,correct = DOESNT_MATTER,predicted = APPLY,0.0,0.0,metadata = ['/Decl(Bdd.main/929)/Apply(camlBdd__Apply[71])/Apply(camlBdd__Apply[68])/Apply(camlBdd__Apply[2])']
bdd,correct = APPLY,predicted = DOESNT_MATTER,0.0,0.00112294730492,metadata = ['/Apply(camlBdd__Apply[74])/Apply(camlGc__Over[13])/Apply(camlCamlinternalFormat__Apply[589])']
fft,correct = DOESNT_MATTER,predicted = APPLY,0.0,0.0,metadata = ['/Apply(camlFft__Apply[9])']
fft,correct = DOESNT_MATTER,predicted = INLINE,0.0,0.0,metadata = ['/Apply(camlFft__Apply[11])']
floats-in-functor,correct = INLINE,predicted = DOESNT_MATTER,0.000404483178791,0.0,metadata = ['/Apply(camlB__Apply[19])/Apply(camlGc__Over[13])']
floats-in-functor,correct = INLINE,predicted = DOESNT_MATTER,0.00352076223701,0.0,metadata = ['/Apply(camlB__Apply[15])/Apply(camlB__Apply[12])/Apply(camlB__Apply[8])/Apply(camlB__Apply[8])/Apply(camlB__Apply[8])/Apply(camlB__Apply[8])']
floats-in-functor,correct = APPLY,predicted = DOESNT_MATTER,-0.00119312662721,0.0033939177895,metadata = ['/Apply(camlB__Apply[19])/Apply(camlGc__Over[6])/Apply(camlCamlinternalFormat__Apply[614])/Apply(camlCamlinternalFormat__Apply[524])/Apply(camlCamlinternalFormat__Apply[544])/Apply(camlPrintf__Apply[1])/Apply(camlCamlinternalFormat__Apply[695])']
floats-in-functor,correct = INLINE,predicted = DOESNT_MATTER,0.00450392282062,0.0,metadata = ['/Apply(camlB__Apply[19])/Apply(camlGc__Over[7])/Apply(camlCamlinternalFormat__Apply[614])/Apply(camlCamlinternalFormat__Apply[524])/Apply(camlCamlinternalFormat__Apply[544])/Apply(camlPrintf__Apply[1])']
floats-in-functor,correct = APPLY,predicted = DOESNT_MATTER,0.0,0.000311944708065,metadata = ['/Apply(camlB__Apply[19])/Apply(camlGc__Apply[5])/Apply(camlPrintf__Apply[18])']
floats-in-functor,correct = INLINE,predicted = DOESNT_MATTER,0.00136700537695,0.0,metadata = ['/Decl(B.*/79)/Apply(camlB__Apply[11])/Apply(camlB__Apply[8])/Apply(camlB__Apply[8])/Apply(camlB__Apply[8])/Apply(camlB__Apply[8])/Apply(camlB__Apply[8])']
floats-in-functor,correct = INLINE,predicted = DOESNT_MATTER,0.000163231057918,0.0,metadata = ['/Apply(camlB__Apply[19])/Apply(camlGc__Over[19])']
floats-in-functor,correct = DOESNT_MATTER,predicted = INLINE,0.0,0.0,metadata = ['/Decl(B.+/46)/Apply(camlB__Apply[9])/Apply(camlB__Apply[8])/Apply(camlB__Apply[8])/Apply(camlB__Apply[8])/Apply(camlB__Apply[8])']
floats-in-functor,correct = INLINE,predicted = DOESNT_MATTER,0.000326462115837,0.0,metadata = ['/Apply(camlB__Apply[19])/Apply(camlGc__Over[19])/Apply(camlCamlinternalFormat__Apply[599])/Apply(camlCamlinternalFormat__Apply[524])/Apply(camlCamlinternalFormat__Apply[544])/Apply(camlPrintf__Apply[1])']
floats-in-functor,correct = INLINE,predicted = DOESNT_MATTER,0.00546757768152,-0.0073093709199,metadata = ['/Decl(B.+/46)/Apply(camlB__Apply[10])/Apply(camlB__Apply[8])/Apply(camlB__Apply[8])/Apply(camlB__Apply[8])/Apply(camlB__Apply[8])/Apply(camlB__Apply[8])']
floats-in-functor,correct = INLINE,predicted = DOESNT_MATTER,0.0033939177895,0.0,metadata = ['/Apply(camlB__Apply[19])/Apply(camlGc__Over[6])/Apply(camlCamlinternalFormat__Apply[614])/Apply(camlCamlinternalFormat__Apply[524])/Apply(camlCamlinternalFormat__Apply[544])']
floats-in-functor,correct = INLINE,predicted = DOESNT_MATTER,0.0033939177895,0.0,metadata = ['/Apply(camlB__Apply[19])/Apply(camlGc__Over[6])/Apply(camlCamlinternalFormat__Apply[614])/Apply(camlCamlinternalFormat__Apply[524])']
floats-in-functor,correct = INLINE,predicted = DOESNT_MATTER,3.5392964516e-05,0.0,metadata = ['/Apply(camlB__Apply[19])/Apply(camlGc__Apply[12])/Apply(camlPrintf__Apply[8])/Apply(camlPrintf__Apply[3])/Apply(camlCamlinternalFormat__Apply[523])']
floats-in-functor,correct = INLINE,predicted = DOESNT_MATTER,0.000583773031973,0.0,metadata = ['/Apply(camlB__Apply[19])/Apply(camlGc__Apply[7])/Apply(camlPrintf__Apply[8])/Apply(camlPrintf__Apply[3])/Apply(camlCamlinternalFormat__Apply[523])']
floats-in-functor,correct = INLINE,predicted = DOESNT_MATTER,0.000393439519381,0.0,metadata = ['/Apply(camlB__Apply[19])/Apply(camlGc__Over[14])']
floats-in-functor,correct = APPLY,predicted = DOESNT_MATTER,0.0,0.000326462115837,metadata = ['/Apply(camlB__Apply[19])/Apply(camlGc__Over[19])/Apply(camlCamlinternalFormat__Apply[599])/Apply(camlCamlinternalFormat__Apply[524])/Apply(camlCamlinternalFormat__Apply[544])/Apply(camlPrintf__Apply[1])/Apply(camlCamlinternalFormat__Apply[695])']
floats-in-functor,correct = INLINE,predicted = DOESNT_MATTER,0.00302832070525,0.0,metadata = ['/Apply(camlB__Apply[18])']
floats-in-functor,correct = INLINE,predicted = DOESNT_MATTER,0.0015651221103,0.0,metadata = ['/Apply(camlB__Apply[19])/Apply(camlGc__Over[7])']
floats-in-functor,correct = APPLY,predicted = DOESNT_MATTER,0.0,0.00184817441619,metadata = ['/Apply(camlB__Apply[18])/Apply(camlPervasives__Apply[8])']
floats-in-functor,correct = INLINE,predicted = DOESNT_MATTER,0.00113130592983,0.0,metadata = ['/Apply(camlB__Apply[19])/Apply(camlGc__Over[6])']
floats-in-functor,correct = INLINE,predicted = DOESNT_MATTER,0.00320036140674,0.0,metadata = ['/Decl(B.*/79)/Apply(camlB__Apply[12])/Apply(camlB__Apply[8])/Apply(camlB__Apply[8])/Apply(camlB__Apply[8])/Apply(camlB__Apply[8])/Apply(camlB__Apply[8])']
floats-in-functor,correct = INLINE,predicted = DOESNT_MATTER,0.0033939177895,0.0,metadata = ['/Apply(camlB__Apply[19])/Apply(camlGc__Over[6])/Apply(camlCamlinternalFormat__Apply[614])/Apply(camlCamlinternalFormat__Apply[524])/Apply(camlCamlinternalFormat__Apply[544])/Apply(camlPrintf__Apply[1])']
floats-in-functor,correct = APPLY,predicted = DOESNT_MATTER,0.0,0.00068756382149,metadata = ['/Apply(camlB__Apply[19])/Apply(camlGc__Over[13])/Apply(camlCamlinternalFormat__Apply[590])/Apply(camlCamlinternalFormat__Apply[524])/Apply(camlCamlinternalFormat__Apply[544])/Apply(camlPrintf__Apply[1])/Apply(camlCamlinternalFormat__Apply[695])/Apply(camlCamlinternalFormat__Apply[697])']
floats-in-functor,correct = APPLY,predicted = DOESNT_MATTER,0.0,5.73004849054e-05,metadata = ['/Apply(camlB__Apply[19])/Apply(camlGc__Apply[10])/Apply(camlPrintf__Apply[18])']
floats-in-functor,correct = DOESNT_MATTER,predicted = INLINE,0.0,0.0,metadata = ['/Apply(camlB__Apply[13])/Decl(A.finite_field_exp/14)/Apply(camlA__Apply[7])/Apply(camlA__Apply[5])/Apply(camlB__Apply[9])/Apply(camlB__Apply[8])/Apply(camlB__Apply[8])']
floats-in-functor,correct = INLINE,predicted = DOESNT_MATTER,0.0,-0.00120083982325,metadata = ['/Apply(camlB__Apply[19])/Apply(camlGc__Over[6])/Apply(camlCamlinternalFormat__Apply[614])/Apply(camlCamlinternalFormat__Apply[524])/Apply(camlCamlinternalFormat__Apply[544])/Apply(camlPrintf__Apply[1])/Apply(camlCamlinternalFormat__Apply[695])/Apply(camlCamlinternalFormat__Apply[697])']
floats-in-functor,correct = DOESNT_MATTER,predicted = INLINE,0.0,0.0,metadata = ['/Apply(camlB__Apply[13])/Decl(A.finite_field_exp/14)/Apply(camlA__Apply[7])/Apply(camlA__Apply[6])/Apply(camlA__Apply[5])/Apply(camlB__Apply[9])/Apply(camlB__Apply[8])/Apply(camlB__Apply[8])']
floats-in-functor,correct = INLINE,predicted = DOESNT_MATTER,0.00121344953637,0.0,metadata = ['/Apply(camlB__Apply[19])/Apply(camlGc__Over[13])/Apply(camlCamlinternalFormat__Apply[590])/Apply(camlCamlinternalFormat__Apply[524])/Apply(camlCamlinternalFormat__Apply[544])/Apply(camlPrintf__Apply[1])/Apply(camlCamlinternalFormat__Apply[695])']
floats-in-functor,correct = INLINE,predicted = DOESNT_MATTER,0.00136700537695,0.0,metadata = ['/Decl(B.*/79)/Apply(camlB__Apply[11])/Apply(camlB__Apply[8])/Apply(camlB__Apply[8])/Apply(camlB__Apply[8])/Apply(camlB__Apply[8])/Apply(camlB__Apply[8])/Apply(camlB__Apply[8])']
floats-in-functor,correct = APPLY,predicted = DOESNT_MATTER,0.0,0.00450392282062,metadata = ['/Apply(camlB__Apply[19])/Apply(camlGc__Over[7])/Apply(camlCamlinternalFormat__Apply[614])/Apply(camlCamlinternalFormat__Apply[524])/Apply(camlCamlinternalFormat__Apply[544])/Apply(camlPrintf__Apply[1])/Apply(camlCamlinternalFormat__Apply[695])']
floats-in-functor,correct = INLINE,predicted = DOESNT_MATTER,0.00469536633089,0.0,metadata = ['/Apply(camlB__Apply[19])/Apply(camlGc__Over[7])/Apply(camlCamlinternalFormat__Apply[614])/Apply(camlCamlinternalFormat__Apply[524])/Apply(camlCamlinternalFormat__Apply[544])']
floats-in-functor,correct = INLINE,predicted = DOESNT_MATTER,0.0,-0.000827612117485,metadata = ['/Apply(camlB__Apply[13])/Decl(A.finite_field_exp/14)/Apply(camlA__Apply[7])/Apply(camlA__Apply[6])/Apply(camlA__Apply[6])/Apply(camlA__Apply[6])/Apply(camlA__Apply[6])/Apply(camlA__Apply[6])/Apply(camlA__Apply[6])/Apply(camlA__Apply[6])']
floats-in-functor,correct = INLINE,predicted = DOESNT_MATTER,0.0050299993389,0.0,metadata = ['/Apply(camlB__Apply[17])/Apply(camlPrintf__Apply[11])/Apply(camlPrintf__Apply[8])/Apply(camlPrintf__Apply[3])']
hamming,correct = DOESNT_MATTER,predicted = INLINE,0.0,0.0,metadata = ['/Decl(Hamming.make_hamming/433)/Decl(Hamming.anon-fn[hamming.ml:105,18--42]/482)/Apply(camlHamming__Apply[32])']
hamming,correct = INLINE,predicted = DOESNT_MATTER,0.00286258155089,0.0,metadata = ['/Decl(Hamming.check_string/540)/Apply(camlHamming__Apply[41])/Apply(camlHamming__Apply[26])']
hamming,correct = APPLY,predicted = DOESNT_MATTER,0.0,0.00291951233095,metadata = ['/Decl(Hamming.make_hamming/433)/Decl(Hamming.anon-fn[hamming.ml:105,18--42]/482)/Decl(Hamming.map/272)/Decl(Hamming.anon-fn[hamming.ml:70,7--78]/279)/Apply(camlHamming__Apply[15])']
hamming,correct = INLINE,predicted = DOESNT_MATTER,0.0254273386612,0.0,metadata = ['/Decl(Hamming.run/523)/Apply(camlHamming__Apply[37])/Apply(camlHamming__Apply[22])']
hamming,correct = APPLY,predicted = DOESNT_MATTER,0.0,0.00858774465266,metadata = ['/Decl(Hamming.check_string/540)/Apply(camlHamming__Apply[41])/Apply(camlHamming__Apply[26])/Apply(camlHamming__Apply[24])']
hamming,correct = INLINE,predicted = DOESNT_MATTER,0.00275719194143,0.0,metadata = ['/Decl(Hamming.run/523)/Apply(camlHamming__Apply[36])/Apply(camlHamming__Apply[22])']
hamming,correct = DOESNT_MATTER,predicted = APPLY,0.0,0.0,metadata = ['/Decl(Hamming.make_hamming/433)/Decl(Hamming.anon-fn[hamming.ml:103,25--75]/447)/Apply(camlHamming__Apply[28])']
hamming,correct = INLINE,predicted = APPLY,0.0232746344082,-0.0114813780053,metadata = ['/Decl(Hamming.merge/307)/Decl(Hamming.anon-fn[hamming.ml:77,7--287]/315)/Apply(camlHamming__Apply[21])']
hamming,correct = APPLY,predicted = DOESNT_MATTER,0.0,0.000779685953875,metadata = ['/Decl(Hamming.make_hamming/433)/Decl(Hamming.anon-fn[hamming.ml:104,18--42]/462)/Apply(camlHamming__Apply[29])/Decl(Hamming.anon-fn[hamming.ml:70,7--78]/279)/Apply(camlHamming__Apply[13])']
hamming,correct = APPLY,predicted = DOESNT_MATTER,-0.00460569548095,0.0,metadata = ['/Apply(camlHamming__Apply[47])/Apply(camlPervasives__Apply[8])']
hamming,correct = APPLY,predicted = DOESNT_MATTER,0.0,0.00355303282762,metadata = ['/Decl(Hamming.map/272)/Decl(Hamming.anon-fn[hamming.ml:70,7--78]/279)/Apply(camlHamming__Apply[15])/Decl(Hamming.anon-fn[hamming.ml:70,7--78]/279)/Apply(camlHamming__Apply[13])']
hamming,correct = INLINE,predicted = DOESNT_MATTER,0.00107733622882,0.0,metadata = ['/Decl(Hamming.make_hamming/433)/Decl(Hamming.anon-fn[hamming.ml:106,18--42]/502)/Apply(camlHamming__Apply[33])']
hamming,correct = APPLY,predicted = DOESNT_MATTER,0.0,0.00692468311133,metadata = ['/Decl(Hamming.make_hamming/433)/Decl(Hamming.anon-fn[hamming.ml:105,18--42]/482)/Decl(Hamming.map/272)/Decl(Hamming.anon-fn[hamming.ml:70,7--78]/279)/Apply(camlHamming__Apply[14])/Apply(camlHamming__Apply[9])']
hamming,correct = DOESNT_MATTER,predicted = INLINE,0.0,0.0,metadata = ['/Decl(Hamming.skip/369)/Apply(camlHamming__Apply[23])']
hamming,correct = DOESNT_MATTER,predicted = INLINE,0.0,0.0,metadata = ['/Apply(camlHamming__Apply[48])']
hamming,correct = INLINE,predicted = DOESNT_MATTER,0.0117373792656,0.0,metadata = ['/Decl(Hamming.run/523)/Apply(camlHamming__Apply[36])/Apply(camlHamming__Apply[23])']
hamming,correct = DOESNT_MATTER,predicted = APPLY,0.0,0.0,metadata = ['/Decl(Hamming.merge/307)/Decl(Hamming.anon-fn[hamming.ml:77,7--287]/315)/Apply(camlHamming__Apply[20])']
hamming,correct = APPLY,predicted = INLINE,0.0,0.0226549941153,metadata = ['/Apply(camlHamming__Apply[44])']
hamming,correct = APPLY,predicted = INLINE,-0.0117179806335,0.00737411776538,metadata = ['/Decl(Hamming.map/272)/Decl(Hamming.anon-fn[hamming.ml:70,7--78]/279)/Apply(camlHamming__Apply[13])']
hamming,correct = APPLY,predicted = DOESNT_MATTER,-0.000302369129891,0.0,metadata = ['/Apply(camlHamming__Apply[48])/Apply(camlGc__Apply[17])/Apply(camlPrintf__Apply[8])/Apply(camlPrintf__Apply[3])/Apply(camlCamlinternalFormat__Apply[524])/Apply(camlCamlinternalFormat__Apply[544])/Apply(camlPrintf__Apply[1])/Apply(camlCamlinternalFormat__Apply[695])']
hamming,correct = APPLY,predicted = DOESNT_MATTER,0.0,0.00323200868645,metadata = ['/Decl(Hamming.make_hamming/433)/Decl(Hamming.anon-fn[hamming.ml:106,18--42]/502)/Apply(camlHamming__Apply[33])/Decl(Hamming.anon-fn[hamming.ml:70,7--78]/279)/Apply(camlHamming__Apply[13])']
hamming,correct = APPLY,predicted = DOESNT_MATTER,-0.00252875341337,0.0,metadata = ['/Apply(camlHamming__Apply[48])/Apply(camlGc__Apply[4])/Apply(camlPrintf__Apply[8])/Apply(camlPrintf__Apply[3])/Apply(camlCamlinternalFormat__Apply[524])/Apply(camlCamlinternalFormat__Apply[544])/Apply(camlPrintf__Apply[1])/Apply(camlCamlinternalFormat__Apply[695])']
hamming,correct = APPLY,predicted = DOESNT_MATTER,-0.00648037671809,0.00542523660323,metadata = ['/Apply(camlHamming__Apply[47])']
hamming,correct = INLINE,predicted = DOESNT_MATTER,0.000259895317958,0.0,metadata = ['/Decl(Hamming.make_hamming/433)/Decl(Hamming.anon-fn[hamming.ml:104,18--42]/462)/Apply(camlHamming__Apply[29])']
hamming,correct = APPLY,predicted = DOESNT_MATTER,-0.00758614854436,0.0234747585312,metadata = ['/Decl(Hamming.run/523)/Apply(camlHamming__Apply[36])/Apply(camlHamming__Apply[23])/Apply(camlHamming__Apply[22])']
hamming,correct = INLINE,predicted = DOESNT_MATTER,0.00920582676026,0.0,metadata = ['/Decl(Hamming.make_hamming/433)/Decl(Hamming.anon-fn[hamming.ml:105,18--42]/482)/Decl(Hamming.map/272)/Decl(Hamming.anon-fn[hamming.ml:70,7--78]/279)/Apply(camlHamming__Apply[14])']
kahan-sum,correct = INLINE,predicted = DOESNT_MATTER,0.0,-0.00799413154292,metadata = ['/Decl(Kahan_sum.sum_with_array_fold/45)/Apply(camlKahan_sum__Apply[3])']
kahan-sum,correct = INLINE,predicted = DOESNT_MATTER,0.0374924873277,-0.0355227912989,metadata = ['/Decl(Micro_bench_types.add/18)/Apply(camlMicro_bench_types__Apply[1])/Apply(camlPervasives__Apply[7])/Apply(camlPervasives__Apply[7])/Apply(camlPervasives__Apply[7])/Apply(camlPervasives__Apply[7])/Apply(camlPervasives__Apply[7])/Apply(camlPervasives__Apply[7])']
kahan-sum,correct = APPLY,predicted = DOESNT_MATTER,0.0,0.00348842686541,metadata = ['/Decl(Kahan_sum.sum_with_array_fold/45)/Apply(camlKahan_sum__Apply[2])/Apply(camlArray__Apply[25])']
kb,correct = DOESNT_MATTER,predicted = INLINE,0.0,0.0,metadata = ['/Decl(Kb.can_match/683)/Apply(camlKb__Apply[57])']
kb,correct = INLINE,predicted = DOESNT_MATTER,0.0124723980784,0.0,metadata = ['/Decl(Kb.kb_completion/1656)/Decl(Kb.kbrec/1674)/Decl(Kb.process/1698)/Decl(Kb.enter_rule/1782)/Decl(List.iter/504)/Apply(camlList__Apply[33])']
kb,correct = DOESNT_MATTER,predicted = INLINE,0.0,0.0,metadata = ['/Apply(camlKb__Apply[201])']
kb,correct = INLINE,predicted = DOESNT_MATTER,0.0201912517824,0.0,metadata = ['/Decl(Kb.match_rec/301)/Apply(camlKb__Apply[16])']
kb,correct = APPLY,predicted = DOESNT_MATTER,0.0,0.0249447961567,metadata = ['/Decl(Kb.kb_completion/1656)/Decl(Kb.kbrec/1674)/Decl(Kb.process/1698)/Decl(Kb.enter_rule/1782)/Decl(List.iter/504)/Apply(camlList__Apply[33])/Apply(camlList__Apply[32])']
kb,correct = INLINE,predicted = DOESNT_MATTER,0.214459660924,0.0,metadata = ['/Decl(Kb.reduce/672)/Apply(camlKb__Apply[55])/Apply(camlKb__Apply[22])']
kb,correct = DOESNT_MATTER,predicted = APPLY,0.0,0.0,metadata = ['/Apply(camlKb__Apply[199])/Apply(camlKb__Apply[190])/Decl(Kb.kbrec/1674)/Decl(Kb.process/1698)/Decl(Kb.enter_rule/1782)/Decl(List.iter/504)/Apply(camlList__Apply[33])/Apply(camlList__Apply[32])']
kb,correct = APPLY,predicted = DOESNT_MATTER,0.0,0.0201912517824,metadata = ['/Decl(Kb.match_rec/301)/Apply(camlKb__Apply[16])/Apply(camlList__Apply[73])']
lens,correct = DOESNT_MATTER,predicted = INLINE,0.0,0.0,metadata = ['/Apply(camlLens_benchmark__Apply[57])']
lens,correct = DOESNT_MATTER,predicted = INLINE,0.0,0.0,metadata = ['/Apply(camlLens_benchmark__Apply[55])']
lens,correct = INLINE,predicted = APPLY,0.962860157946,0.0,metadata = ['/Apply(camlLens_benchmark__Apply[53])']
lexifi,correct = INLINE,predicted = DOESNT_MATTER,0.0,-0.00149753311756,metadata = ['/Decl(G2pp_calibration.pricer_of_swaption/629)/Decl(G2pp_calibration.anon-fn[g2pp_calibration.ml:146,2--4522]/759)/Decl(G2pp_calibration.integrand/1299)/Apply(camlG2pp_calibration__Apply[156])/Apply(camlMath__Apply[23])']
lexifi,correct = INLINE,predicted = DOESNT_MATTER,0.0710267119156,0.0,metadata = ['/Decl(G2pp_calibration.pricer_of_swaption/629)/Decl(G2pp_calibration.anon-fn[g2pp_calibration.ml:146,2--4522]/759)/Decl(G2pp_calibration.integrand/1299)/Apply(camlG2pp_calibration__Apply[157])/Apply(camlMath__Apply[22])']
lexifi,correct = DOESNT_MATTER,predicted = INLINE,0.0,0.0,metadata = ['/Decl(Date.of_string/483)/Apply(camlDate__Apply[4])/Decl(Date.sub/498)/Apply(camlDate__Apply[1])/Apply(camlDate__Apply[1])']
lexifi,correct = DOESNT_MATTER,predicted = APPLY,0.0,0.0,metadata = ['/Decl(G2pp_calibration.bigv/200)/Apply(camlG2pp_calibration__Apply[110])']
lexifi,correct = INLINE,predicted = APPLY,0.000814947341503,0.0,metadata = ['/Apply(camlDate__Apply[20])']
lexifi,correct = INLINE,predicted = DOESNT_MATTER,0.00177671115262,0.0,metadata = ['/Apply(camlMain__Apply[192])/Apply(camlGc__Over[12])']
lexifi,correct = INLINE,predicted = DOESNT_MATTER,0.186361306436,-0.0247761979092,metadata = ['/Decl(G2pp_calibration.pricer_of_swaption/629)/Decl(G2pp_calibration.anon-fn[g2pp_calibration.ml:146,2--4522]/759)/Decl(G2pp_calibration.integrand/1299)/Apply(camlG2pp_calibration__Apply[157])']
lexifi,correct = DOESNT_MATTER,predicted = INLINE,0.0,0.0,metadata = ['/Apply(camlMain__Apply[190])/Apply(camlPrintf__Apply[11])/Apply(camlPrintf__Apply[8])/Apply(camlPrintf__Apply[3])/Apply(camlCamlinternalFormat__Apply[523])']
lexifi,correct = INLINE,predicted = DOESNT_MATTER,0.0,-0.00795548093143,metadata = ['/Apply(camlMain__Apply[192])/Apply(camlGc__Apply[2])/Apply(camlPrintf__Apply[8])/Apply(camlPrintf__Apply[3])/Apply(camlCamlinternalFormat__Apply[523])']
lexifi,correct = APPLY,predicted = DOESNT_MATTER,0.0,7.9122389937e-05,metadata = ['/Apply(camlMain__Apply[189])/Apply(camlPrintf__Apply[11])/Apply(camlPrintf__Apply[8])/Apply(camlPrintf__Apply[3])/Apply(camlCamlinternalFormat__Apply[523])/Apply(camlCamlinternalFormat__Apply[520])']
lexifi,correct = INLINE,predicted = APPLY,0.0,-0.0015027618752,metadata = ['/Decl(Date.of_string/483)/Decl(Date.sub/490)/Apply(camlDate__Apply[2])/Apply(camlDate__Apply[1])/Apply(camlDate__Apply[1])']
lexifi,correct = APPLY,predicted = INLINE,-0.00242152933703,0.0,metadata = ['/Apply(camlMain__Apply[187])/Apply(camlList__Apply[38])/Apply(camlList__Apply[38])/Apply(camlList__Apply[38])/Decl(List.fold_left/551)/Apply(camlList__Apply[38])']
lexifi,correct = APPLY,predicted = DOESNT_MATTER,-0.00225327261016,0.00163224209765,metadata = ['/Decl(Date.of_string/483)/Decl(Date.sub/490)/Apply(camlDate__Apply[2])']
lexifi,correct = DOESNT_MATTER,predicted = APPLY,0.0,0.0,metadata = ['/Apply(camlDate__Apply[20])/Apply(camlDate__Apply[7])']
lexifi,correct = APPLY,predicted = DOESNT_MATTER,-0.00010367177933,0.0,metadata = ['/Decl(Optimization.optimize/124)/Decl(Optimization.mutation/270)/Apply(camlOptimization__Apply[54])']
lexifi,correct = INLINE,predicted = DOESNT_MATTER,0.00502031040321,-0.000895603881499,metadata = ['/Decl(Date.add_months/713)/Apply(camlDate__Apply[18])']
lexifi,correct = APPLY,predicted = INLINE,-0.00146014165044,0.0,metadata = ['/Apply(camlMain__Apply[187])/Apply(camlList__Apply[38])']
lexifi,correct = INLINE,predicted = DOESNT_MATTER,0.0,-4.81682396492e-05,metadata = ['/Apply(camlMain__Apply[192])/Apply(camlGc__Apply[19])/Apply(camlPrintf__Apply[8])/Apply(camlPrintf__Apply[3])/Apply(camlCamlinternalFormat__Apply[523])']
lexifi,correct = INLINE,predicted = DOESNT_MATTER,0.0,-0.00100082503312,metadata = ['/Apply(camlMain__Apply[187])/Apply(camlList__Apply[38])/Apply(camlList__Apply[38])/Decl(List.fold_left/551)/Apply(camlList__Apply[37])']
lexifi,correct = APPLY,predicted = DOESNT_MATTER,-0.000786583246056,0.00340394439134,metadata = ['/Decl(Date.end_of_month/690)/Apply(camlDate__Apply[14])']
lexifi,correct = APPLY,predicted = DOESNT_MATTER,0.0,2.06188060175e-05,metadata = ['/Apply(camlMain__Apply[188])/Apply(camlList__Apply[2])/Apply(camlList__Apply[1])/Apply(camlList__Apply[1])/Apply(camlList__Apply[1])/Apply(camlList__Apply[1])/Apply(camlList__Apply[1])']
lexifi,correct = INLINE,predicted = DOESNT_MATTER,0.0,-0.000729698491987,metadata = ['/Apply(camlMain__Apply[192])/Apply(camlGc__Apply[15])/Apply(camlPrintf__Apply[8])/Apply(camlPrintf__Apply[3])/Apply(camlCamlinternalFormat__Apply[523])']
lexifi,correct = APPLY,predicted = DOESNT_MATTER,0.0,0.0226573077969,metadata = ['/Decl(G2pp_calibration.black_price/1432)/Apply(camlG2pp_calibration__Apply[168])/Apply(camlMath__Apply[22])']
lexifi,correct = INLINE,predicted = DOESNT_MATTER,0.0,-0.000536489904228,metadata = ['/Apply(camlMain__Apply[192])/Apply(camlGc__Apply[20])/Apply(camlPrintf__Apply[8])/Apply(camlPrintf__Apply[3])/Apply(camlCamlinternalFormat__Apply[523])']
lexifi,correct = DOESNT_MATTER,predicted = INLINE,0.0,0.0,metadata = ['/Apply(camlMain__Apply[187])/Apply(camlList__Apply[38])/Apply(camlList__Apply[38])/Apply(camlList__Apply[37])/Apply(camlMain__Apply[183])/Decl(G2pp_calibration.anon-fn[g2pp_calibration.ml:146,2--4522]/759)/Apply(camlG2pp_calibration__Apply[158])/Apply(camlG2pp_calibration__Apply[157])']
lexifi,correct = INLINE,predicted = DOESNT_MATTER,0.0,-0.00147630770391,metadata = ['/Apply(camlMain__Apply[192])/Apply(camlGc__Over[6])']
lexifi,correct = APPLY,predicted = DOESNT_MATTER,0.0,0.00115056621291,metadata = ['/Apply(camlMain__Apply[192])/Apply(camlGc__Over[18])/Apply(camlCamlinternalFormat__Apply[599])/Apply(camlCamlinternalFormat__Apply[524])/Apply(camlCamlinternalFormat__Apply[544])/Apply(camlPrintf__Apply[1])/Apply(camlCamlinternalFormat__Apply[695])']
lexifi,correct = INLINE,predicted = DOESNT_MATTER,0.000575283106454,0.0,metadata = ['/Apply(camlMain__Apply[192])/Apply(camlGc__Over[18])']
lexifi,correct = INLINE,predicted = DOESNT_MATTER,0.0,-0.000461902148497,metadata = ['/Apply(camlMain__Apply[192])/Apply(camlGc__Apply[7])/Apply(camlPrintf__Apply[8])/Apply(camlPrintf__Apply[3])/Apply(camlCamlinternalFormat__Apply[523])']
lexifi,correct = INLINE,predicted = DOESNT_MATTER,0.0,-0.000276289951134,metadata = ['/Apply(camlMain__Apply[192])/Apply(camlGc__Apply[16])/Apply(camlPrintf__Apply[8])/Apply(camlPrintf__Apply[3])/Apply(camlCamlinternalFormat__Apply[523])']
lexifi,correct = INLINE,predicted = DOESNT_MATTER,0.000128632135098,0.0,metadata = ['/Apply(camlMain__Apply[187])/Apply(camlList__Apply[37])/Apply(camlMain__Apply[185])/Apply(camlPrintf__Apply[11])/Apply(camlPrintf__Apply[8])/Apply(camlPrintf__Apply[3])/Apply(camlCamlinternalFormat__Apply[516])']
lexifi,correct = INLINE,predicted = DOESNT_MATTER,0.00499502041027,0.0,metadata = ['/Decl(List.fold_left/551)/Apply(camlList__Apply[38])']
lexifi,correct = APPLY,predicted = DOESNT_MATTER,0.0,0.00206327241296,metadata = ['/Decl(Date.of_string/483)/Apply(camlDate__Apply[5])/Decl(Date.sub/498)/Apply(camlDate__Apply[1])']
lexifi,correct = INLINE,predicted = DOESNT_MATTER,0.0,-7.82681774338e-05,metadata = ['/Apply(camlMain__Apply[192])/Apply(camlGc__Apply[8])/Apply(camlPrintf__Apply[8])/Apply(camlPrintf__Apply[3])/Apply(camlCamlinternalFormat__Apply[523])']
lexifi,correct = DOESNT_MATTER,predicted = INLINE,0.0,0.0,metadata = ['/Decl(G2pp_calibration.black_price/1432)/Apply(camlG2pp_calibration__Apply[169])']
lexifi,correct = APPLY,predicted = DOESNT_MATTER,-0.000324963628662,0.0017944832218,metadata = ['/Decl(Optimization.least_squares/611)/Apply(camlOptimization__Apply[76])']
lexifi,correct = APPLY,predicted = DOESNT_MATTER,0.0,0.0101636194989,metadata = ['/Apply(camlDate__Apply[20])/Decl(Date.sub/498)/Apply(camlDate__Apply[1])/Apply(camlDate__Apply[1])']
lexifi,correct = APPLY,predicted = DOESNT_MATTER,0.0,0.00533013345785,metadata = ['/Apply(camlMain__Apply[192])/Apply(camlGc__Over[12])/Apply(camlCamlinternalFormat__Apply[589])']
lexifi,correct = INLINE,predicted = DOESNT_MATTER,2.06188060175e-05,0.0,metadata = ['/Apply(camlMain__Apply[188])/Apply(camlList__Apply[2])/Apply(camlList__Apply[1])/Apply(camlList__Apply[1])/Apply(camlList__Apply[1])/Apply(camlList__Apply[1])']
lexifi,correct = APPLY,predicted = DOESNT_MATTER,0.0,0.000174387885333,metadata = ['/Apply(camlDate__Apply[20])/Apply(camlDate__Apply[11])']
lexifi,correct = APPLY,predicted = DOESNT_MATTER,-0.0162703052934,0.000629350477805,metadata = ['/Decl(G2pp_calibration.pricer_of_swaption/629)/Decl(G2pp_calibration.anon-fn[g2pp_calibration.ml:146,2--4522]/759)/Apply(camlG2pp_calibration__Apply[152])']
lexifi,correct = INLINE,predicted = DOESNT_MATTER,0.00432669834704,-0.00484989477087,metadata = ['/Decl(Date.add_years/789)/Apply(camlDate__Apply[19])/Apply(camlDate__Apply[18])']
lexifi,correct = INLINE,predicted = DOESNT_MATTER,0.0,-6.09273359465e-05,metadata = ['/Apply(camlMain__Apply[192])/Apply(camlGc__Apply[6])/Apply(camlPrintf__Apply[8])/Apply(camlPrintf__Apply[3])/Apply(camlCamlinternalFormat__Apply[523])']
lexifi,correct = INLINE,predicted = DOESNT_MATTER,0.0,-6.47795931712e-08,metadata = ['/Apply(camlMain__Apply[187])/Apply(camlList__Apply[38])/Decl(List.fold_left/551)/Apply(camlList__Apply[38])']
lexifi,correct = INLINE,predicted = DOESNT_MATTER,0.0101636194989,0.0,metadata = ['/Apply(camlDate__Apply[20])/Decl(Date.sub/498)/Apply(camlDate__Apply[1])']
lexifi,correct = INLINE,predicted = DOESNT_MATTER,0.0,-0.00271278653255,metadata = ['/Apply(camlMain__Apply[192])/Apply(camlGc__Apply[5])/Apply(camlPrintf__Apply[18])/Decl(CamlinternalFormat.make_printf/4930)/Apply(camlCamlinternalFormat__Apply[518])']
lexifi,correct = INLINE,predicted = DOESNT_MATTER,0.000751311885755,-3.32127676258e-06,metadata = ['/Decl(G2pp_calibration.pricer_of_swaption/629)/Decl(G2pp_calibration.anon-fn[g2pp_calibration.ml:146,2--4522]/759)/Apply(camlG2pp_calibration__Apply[147])/Apply(camlG2pp_calibration__Apply[138])']
lexifi,correct = DOESNT_MATTER,predicted = INLINE,0.0,0.0,metadata = ['/Decl(G2pp_calibration.extended_swaption_of_swaption/28)/Decl(G2pp_calibration.anon-fn[g2pp_calibration.ml:52,43--120]/61)/Apply(camlG2pp_calibration__Apply[100])']
lexifi,correct = INLINE,predicted = DOESNT_MATTER,0.00208014012663,-0.00931609480241,metadata = ['/Decl(Optimization.optimize/124)/Decl(Optimization.mutation/270)/Decl(Optimization.rand/291)/Apply(camlOptimization__Apply[49])/Apply(camlRandom__Apply[15])']
lexifi,correct = DOESNT_MATTER,predicted = INLINE,0.0,0.0,metadata = ['/Apply(camlMain__Apply[187])/Apply(camlList__Apply[38])/Apply(camlList__Apply[38])/Decl(List.fold_left/551)/Apply(camlList__Apply[38])']
lexifi,correct = APPLY,predicted = DOESNT_MATTER,0.0,0.00176167878273,metadata = ['/Decl(Optimization.optimize/124)/Decl(Optimization.anon-fn[optimization.ml:85,10--479]/189)/Apply(camlOptimization__Apply[43])/Apply(camlArray__Apply[2])']
lexifi,correct = INLINE,predicted = DOESNT_MATTER,0.0,-0.00396274578507,metadata = ['/Apply(camlMain__Apply[192])/Apply(camlGc__Apply[12])/Apply(camlPrintf__Apply[8])/Apply(camlPrintf__Apply[3])/Apply(camlCamlinternalFormat__Apply[523])']
quicksort,correct = APPLY,predicted = DOESNT_MATTER,-0.00155218110396,0.0,metadata = ['/Apply(camlQuicksort__Apply[17])/Apply(camlGc__Apply[17])/Apply(camlPrintf__Apply[8])/Apply(camlPrintf__Apply[3])/Apply(camlCamlinternalFormat__Apply[524])/Apply(camlCamlinternalFormat__Apply[544])/Apply(camlPrintf__Apply[1])/Apply(camlCamlinternalFormat__Apply[695])']
quicksort,correct = APPLY,predicted = DOESNT_MATTER,0.0,0.000619432022457,metadata = ['/Apply(camlQuicksort__Apply[17])/Apply(camlGc__Apply[9])/Apply(camlPrintf__Apply[8])/Apply(camlPrintf__Apply[3])/Apply(camlCamlinternalFormat__Apply[524])/Apply(camlCamlinternalFormat__Apply[544])/Apply(camlPrintf__Apply[1])']
quicksort,correct = INLINE,predicted = DOESNT_MATTER,0.00422834517039,0.0,metadata = ['/Apply(camlQuicksort__Apply[15])/Apply(camlQuicksort__Apply[14])/Apply(camlQuicksort__Apply[10])']
quicksort,correct = INLINE,predicted = DOESNT_MATTER,0.00140516065148,0.0,metadata = ['/Apply(camlQuicksort__Apply[17])/Apply(camlGc__Apply[17])/Apply(camlPrintf__Apply[8])/Apply(camlPrintf__Apply[3])/Apply(camlCamlinternalFormat__Apply[524])/Apply(camlCamlinternalFormat__Apply[544])']
quicksort,correct = APPLY,predicted = DOESNT_MATTER,0.0,0.00419539454348,metadata = ['/Apply(camlQuicksort__Apply[17])/Apply(camlGc__Over[11])']
quicksort,correct = APPLY,predicted = DOESNT_MATTER,0.0,0.00377395364343,metadata = ['/Apply(camlQuicksort__Apply[15])/Apply(camlQuicksort__Apply[13])/Apply(camlQuicksort__Apply[11])/Apply(camlPervasives__Apply[26])']
quicksort,correct = INLINE,predicted = DOESNT_MATTER,0.000164419114586,0.0,metadata = ['/Apply(camlQuicksort__Apply[17])/Apply(camlGc__Over[1])']
quicksort,correct = INLINE,predicted = APPLY,0.00405942062097,-0.00551237740841,metadata = ['/Decl(Quicksort.qsort/30)/Apply(camlQuicksort__Apply[1])']
quicksort,correct = INLINE,predicted = DOESNT_MATTER,0.000328838229172,0.0,metadata = ['/Apply(camlQuicksort__Apply[17])/Apply(camlGc__Over[1])/Apply(camlCamlinternalFormat__Apply[599])/Apply(camlCamlinternalFormat__Apply[524])/Apply(camlCamlinternalFormat__Apply[544])/Apply(camlPrintf__Apply[1])']
quicksort,correct = INLINE,predicted = DOESNT_MATTER,0.000669235348452,0.0,metadata = ['/Apply(camlQuicksort__Apply[17])/Apply(camlGc__Apply[9])/Apply(camlPrintf__Apply[8])/Apply(camlPrintf__Apply[3])/Apply(camlCamlinternalFormat__Apply[524])']
quicksort,correct = INLINE,predicted = DOESNT_MATTER,0.002713878917,0.0,metadata = ['/Apply(camlQuicksort__Apply[15])/Apply(camlQuicksort__Apply[13])/Apply(camlQuicksort__Apply[9])/Apply(camlPervasives__Apply[26])']
quicksort,correct = INLINE,predicted = DOESNT_MATTER,0.00241298508011,0.0,metadata = ['/Apply(camlQuicksort__Apply[17])/Apply(camlGc__Apply[4])/Apply(camlPrintf__Apply[8])/Apply(camlPrintf__Apply[3])/Apply(camlCamlinternalFormat__Apply[524])']
quicksort,correct = INLINE,predicted = DOESNT_MATTER,0.000328838229172,0.0,metadata = ['/Apply(camlQuicksort__Apply[17])/Apply(camlGc__Over[1])/Apply(camlCamlinternalFormat__Apply[599])/Apply(camlCamlinternalFormat__Apply[524])/Apply(camlCamlinternalFormat__Apply[544])/Apply(camlPrintf__Apply[1])/Apply(camlCamlinternalFormat__Apply[695])']
quicksort,correct = INLINE,predicted = DOESNT_MATTER,0.002713878917,0.0,metadata = ['/Apply(camlQuicksort__Apply[15])/Apply(camlQuicksort__Apply[13])/Apply(camlQuicksort__Apply[9])']
quicksort,correct = INLINE,predicted = DOESNT_MATTER,0.00117185322998,0.0,metadata = ['/Apply(camlQuicksort__Apply[17])/Apply(camlGc__Over[12])/Apply(camlCamlinternalFormat__Apply[590])/Apply(camlCamlinternalFormat__Apply[524])/Apply(camlCamlinternalFormat__Apply[544])']
quicksort,correct = APPLY,predicted = DOESNT_MATTER,0.0,0.00241298508011,metadata = ['/Apply(camlQuicksort__Apply[17])/Apply(camlGc__Apply[4])/Apply(camlPrintf__Apply[8])/Apply(camlPrintf__Apply[3])/Apply(camlCamlinternalFormat__Apply[524])/Apply(camlCamlinternalFormat__Apply[544])/Apply(camlPrintf__Apply[1])']
quicksort,correct = INLINE,predicted = DOESNT_MATTER,0.00241298508011,0.0,metadata = ['/Apply(camlQuicksort__Apply[17])/Apply(camlGc__Apply[4])/Apply(camlPrintf__Apply[8])/Apply(camlPrintf__Apply[3])/Apply(camlCamlinternalFormat__Apply[524])/Apply(camlCamlinternalFormat__Apply[544])']
quicksort,correct = APPLY,predicted = DOESNT_MATTER,0.0,0.00140516065148,metadata = ['/Apply(camlQuicksort__Apply[17])/Apply(camlGc__Apply[17])/Apply(camlPrintf__Apply[8])/Apply(camlPrintf__Apply[3])/Apply(camlCamlinternalFormat__Apply[524])/Apply(camlCamlinternalFormat__Apply[544])/Apply(camlPrintf__Apply[1])']
quicksort,correct = INLINE,predicted = DOESNT_MATTER,0.00078285802258,0.0,metadata = ['/Apply(camlQuicksort__Apply[16])']
quicksort,correct = APPLY,predicted = DOESNT_MATTER,-0.00111364836095,0.0,metadata = ['/Apply(camlQuicksort__Apply[17])/Apply(camlGc__Apply[9])/Apply(camlPrintf__Apply[8])/Apply(camlPrintf__Apply[3])/Apply(camlCamlinternalFormat__Apply[524])/Apply(camlCamlinternalFormat__Apply[544])/Apply(camlPrintf__Apply[1])/Apply(camlCamlinternalFormat__Apply[695])']
quicksort,correct = INLINE,predicted = DOESNT_MATTER,0.00150871032195,0.0,metadata = ['/Apply(camlQuicksort__Apply[17])/Apply(camlGc__Apply[17])/Apply(camlPrintf__Apply[8])/Apply(camlPrintf__Apply[3])/Apply(camlCamlinternalFormat__Apply[524])']
quicksort,correct = INLINE,predicted = DOESNT_MATTER,0.00078285802258,-0.00415689590259,metadata = ['/Apply(camlQuicksort__Apply[16])/Apply(camlPervasives__Apply[8])']
quicksort,correct = INLINE,predicted = DOESNT_MATTER,0.000619432022457,0.0,metadata = ['/Apply(camlQuicksort__Apply[17])/Apply(camlGc__Apply[9])/Apply(camlPrintf__Apply[8])/Apply(camlPrintf__Apply[3])/Apply(camlCamlinternalFormat__Apply[524])/Apply(camlCamlinternalFormat__Apply[544])']
quicksort,correct = INLINE,predicted = DOESNT_MATTER,0.000390617743327,0.0,metadata = ['/Apply(camlQuicksort__Apply[17])/Apply(camlGc__Over[12])']
quicksort,correct = INLINE,predicted = DOESNT_MATTER,0.00377395364343,0.0,metadata = ['/Apply(camlQuicksort__Apply[15])/Apply(camlQuicksort__Apply[13])/Apply(camlQuicksort__Apply[11])']
quicksort,correct = APPLY,predicted = INLINE,-3.57676015502e-05,0.0,metadata = ['/Decl(Quicksort.main/428)/Apply(camlQuicksort__Apply[13])']
quicksort,correct = APPLY,predicted = DOESNT_MATTER,-7.49978149049e-05,0.0,metadata = ['/Apply(camlQuicksort__Apply[17])/Apply(camlGc__Apply[4])/Apply(camlPrintf__Apply[8])/Apply(camlPrintf__Apply[3])/Apply(camlCamlinternalFormat__Apply[524])/Apply(camlCamlinternalFormat__Apply[544])/Apply(camlPrintf__Apply[1])/Apply(camlCamlinternalFormat__Apply[695])']
quicksort,correct = APPLY,predicted = DOESNT_MATTER,0.0,0.000657676458343,metadata = ['/Apply(camlQuicksort__Apply[17])/Apply(camlGc__Over[1])/Apply(camlCamlinternalFormat__Apply[599])/Apply(camlCamlinternalFormat__Apply[524])/Apply(camlCamlinternalFormat__Apply[544])/Apply(camlPrintf__Apply[1])/Apply(camlCamlinternalFormat__Apply[695])/Apply(camlCamlinternalFormat__Apply[698])']
sequence,correct = APPLY,predicted = INLINE,-0.00303199280092,0.0,metadata = ['/Decl(Sequence.hd_exn/1433)/Apply(camlSequence__Apply[95])/Apply(camlSequence__Apply[94])']
sequence,correct = INLINE,predicted = DOESNT_MATTER,0.0,-0.0688496498921,metadata = ['/Apply(camlSequence_benchmark__Apply[239])/Decl(Sequence.anon-fn[sequence.ml:124,13--214]/682)/Apply(camlSequence__Apply[31])']
sequence,correct = INLINE,predicted = DOESNT_MATTER,2.59120864709e-05,0.0,metadata = ['/Decl(Sequence.length_is_bounded_by_inner/2106)/Decl(Sequence.length_is_at_least/2112)/Apply(camlSequence__Apply[148])/Apply(camlSequence__Apply[146])']
sequence,correct = DOESNT_MATTER,predicted = INLINE,0.0,0.0,metadata = ['/Apply(camlSequence_benchmark__Apply[238])']
sequence,correct = INLINE,predicted = DOESNT_MATTER,0.000898412083908,0.0,metadata = ['/Decl(Sequence.safe_to_list/409)/Apply(camlSequence__Apply[13])/Decl(Sequence.loop/360)/Apply(camlSequence__Apply[8])']
sequence,correct = DOESNT_MATTER,predicted = INLINE,0.0,0.0,metadata = ['/Decl(Sequence.hd/1405)/Apply(camlSequence__Apply[94])']
sequence,correct = DOESNT_MATTER,predicted = APPLY,0.0,0.0,metadata = ['/Apply(camlSequence_benchmark__Apply[239])']
sequence,correct = INLINE,predicted = APPLY,0.00149851476121,0.0,metadata = ['/Decl(Sequence.test_to_list/572)/Apply(camlSequence__Apply[23])']
sequence,correct = INLINE,predicted = DOESNT_MATTER,0.0114124670907,0.0,metadata = ['/Decl(Sequence.foldi/2222)/Apply(camlSequence__Apply[158])/Decl(Sequence.loop/360)/Apply(camlSequence__Apply[8])']
sequence,correct = APPLY,predicted = DOESNT_MATTER,-0.0110040879975,0.047542054603,metadata = ['/Apply(camlSequence_benchmark__Apply[254])']
sequence,correct = INLINE,predicted = DOESNT_MATTER,0.0898078557545,-0.0283741813945,metadata = ['/Decl(Sequence.remove_consecutive_duplicates/2339)/Apply(camlSequence__Apply[169])']
sequence,correct = INLINE,predicted = DOESNT_MATTER,0.0,-0.00610601710271,metadata = ['/Decl(Sequence.iteri/2188)/Apply(camlSequence__Apply[155])/Apply(camlSequence__Apply[67])/Decl(Sequence.loop/1018)/Apply(camlSequence__Apply[65])/Apply(camlSequence__Apply[154])']
sequence,correct = DOESNT_MATTER,predicted = INLINE,0.0,0.0,metadata = ['/Decl(Sequence.foldi/2222)/Apply(camlSequence__Apply[158])/Decl(Sequence.loop/360)/Apply(camlSequence__Apply[9])']
sequence,correct = DOESNT_MATTER,predicted = INLINE,0.0,0.0,metadata = ['/Apply(camlSequence_benchmark__Apply[250])']
sequence,correct = INLINE,predicted = DOESNT_MATTER,0.10796381873,0.0,metadata = ['/Decl(Sequence.reduce/2255)/Apply(camlSequence__Apply[159])']
sequence,correct = INLINE,predicted = DOESNT_MATTER,0.000112301510488,0.0,metadata = ['/Decl(Sequence.safe_to_list/409)/Apply(camlSequence__Apply[13])']
sequence,correct = APPLY,predicted = DOESNT_MATTER,-0.0309117593437,0.0,metadata = ['/Decl(Sequence.safe_to_list/409)/Apply(camlSequence__Apply[13])/Decl(Sequence.loop/360)/Apply(camlSequence__Apply[9])']
sequence,correct = INLINE,predicted = DOESNT_MATTER,0.0535466118319,0.0,metadata = ['/Decl(Sequence.cartesian_product/2917)/Apply(camlSequence__Apply[198])/Apply(camlSequence__Apply[129])']
sequence-cps,correct = INLINE,predicted = DOESNT_MATTER,0.0,-0.000115284674795,metadata = ['/Apply(camlSequence_cps_benchmark__Apply[29])/Apply(camlGc__Apply[17])/Apply(camlPrintf__Apply[8])/Apply(camlPrintf__Apply[3])/Apply(camlCamlinternalFormat__Apply[524])/Apply(camlCamlinternalFormat__Apply[544])/Apply(camlPrintf__Apply[1])']
sequence-cps,correct = APPLY,predicted = DOESNT_MATTER,-0.000130394112092,0.0,metadata = ['/Decl(Sequence_cps_benchmark.test/7)/Apply(camlSequence_cps_benchmark__Apply[18])/Apply(camlSequence_cps__Apply[15])/Apply(camlSequence_cps_benchmark__Apply[17])/Decl(Sequence_cps.anon-fn[sequence_cps.ml:15,17--167]/39)/Decl(Sequence_cps.on_yield/47)/Apply(camlSequence_cps__Apply[1])']
sequence-cps,correct = APPLY,predicted = DOESNT_MATTER,-2.20547216538e-06,0.0,metadata = ['/Decl(Sequence_cps.fold_1/114)/Decl(Sequence_cps.loop/128)/Decl(Sequence_cps.anon-fn[sequence_cps.ml:30,33--52]/134)/Apply(camlSequence_cps__Apply[8])']
sequence-cps,correct = APPLY,predicted = DOESNT_MATTER,-9.54188701426e-08,0.0,metadata = ['/Apply(camlSequence_cps_benchmark__Apply[29])/Apply(camlGc__Apply[15])/Apply(camlPrintf__Apply[8])/Apply(camlPrintf__Apply[3])/Apply(camlCamlinternalFormat__Apply[523])']
sequence-cps,correct = APPLY,predicted = DOESNT_MATTER,0.0,3.13415670996e-05,metadata = ['/Apply(camlSequence_cps_benchmark__Apply[29])/Apply(camlGc__Over[1])/Apply(camlCamlinternalFormat__Apply[599])/Apply(camlCamlinternalFormat__Apply[524])/Apply(camlCamlinternalFormat__Apply[544])/Apply(camlPrintf__Apply[1])/Apply(camlCamlinternalFormat__Apply[695])/Apply(camlCamlinternalFormat__Apply[697])']
sequence-cps,correct = APPLY,predicted = DOESNT_MATTER,-0.00179583056329,0.0,metadata = ['/Apply(camlSequence_cps_benchmark__Apply[29])/Apply(camlGc__Over[13])/Apply(camlCamlinternalFormat__Apply[590])/Apply(camlCamlinternalFormat__Apply[524])/Apply(camlCamlinternalFormat__Apply[544])/Apply(camlPrintf__Apply[1])']
sequence-cps,correct = INLINE,predicted = DOESNT_MATTER,0.0,-0.000184129335912,metadata = ['/Apply(camlSequence_cps_benchmark__Apply[29])/Apply(camlGc__Over[5])']
sequence-cps,correct = APPLY,predicted = DOESNT_MATTER,-0.000288371959666,0.0,metadata = ['/Apply(camlSequence_cps_benchmark__Apply[29])/Apply(camlGc__Apply[7])/Apply(camlPrintf__Apply[8])/Apply(camlPrintf__Apply[3])/Apply(camlCamlinternalFormat__Apply[523])']
sequence-cps,correct = INLINE,predicted = DOESNT_MATTER,8.6816303856e-05,0.0,metadata = ['/Apply(camlSequence_cps_benchmark__Apply[29])/Apply(camlGc__Over[20])/Apply(camlCamlinternalFormat__Apply[599])/Apply(camlCamlinternalFormat__Apply[524])/Apply(camlCamlinternalFormat__Apply[544])/Apply(camlPrintf__Apply[1])/Apply(camlCamlinternalFormat__Apply[695])']
sequence-cps,correct = INLINE,predicted = DOESNT_MATTER,0.0,-0.00028094796363,metadata = ['/Apply(camlSequence_cps_benchmark__Apply[26])/Apply(camlPervasives__Apply[29])']
sequence-cps,correct = INLINE,predicted = DOESNT_MATTER,0.0,-0.000313074352635,metadata = ['/Apply(camlSequence_cps_benchmark__Apply[29])/Apply(camlGc__Over[18])/Apply(camlCamlinternalFormat__Apply[599])/Apply(camlCamlinternalFormat__Apply[524])/Apply(camlCamlinternalFormat__Apply[544])/Apply(camlPrintf__Apply[1])/Apply(camlCamlinternalFormat__Apply[695])/Apply(camlCamlinternalFormat__Apply[698])']
sequence-cps,correct = DOESNT_MATTER,predicted = APPLY,0.0,0.0,metadata = ['/Decl(Sequence_cps_benchmark.test/7)/Apply(camlSequence_cps_benchmark__Apply[18])/Apply(camlSequence_cps__Apply[15])/Apply(camlSequence_cps_benchmark__Apply[17])']
sequence-cps,correct = INLINE,predicted = DOESNT_MATTER,0.000207714880629,0.0,metadata = ['/Apply(camlSequence_cps_benchmark__Apply[29])/Apply(camlGc__Over[15])']
sequence-cps,correct = APPLY,predicted = DOESNT_MATTER,0.0,1.0975114109e-06,metadata = ['/Apply(camlSequence_cps_benchmark__Apply[29])/Apply(camlGc__Over[20])/Apply(camlCamlinternalFormat__Apply[599])/Apply(camlCamlinternalFormat__Apply[524])/Apply(camlCamlinternalFormat__Apply[544])/Apply(camlPrintf__Apply[1])/Apply(camlCamlinternalFormat__Apply[695])/Apply(camlCamlinternalFormat__Apply[697])']
sequence-cps,correct = APPLY,predicted = DOESNT_MATTER,0.0,0.000618101510169,metadata = ['/Decl(Sequence_cps.fold_1/114)/Apply(camlSequence_cps__Apply[12])/Decl(Sequence_cps.anon-fn[sequence_cps.ml:30,33--52]/134)/Apply(camlSequence_cps__Apply[8])']
sequence-cps,correct = APPLY,predicted = DOESNT_MATTER,-0.000332058591064,0.0,metadata = ['/Apply(camlSequence_cps_benchmark__Apply[25])/Apply(camlSequence_cps_benchmark__Apply[18])/Apply(camlSequence_cps__Apply[15])/Apply(camlSequence_cps_benchmark__Apply[17])']
sequence-cps,correct = INLINE,predicted = DOESNT_MATTER,0.0,-0.000456550749006,metadata = ['/Apply(camlSequence_cps_benchmark__Apply[28])']
sequence-cps,correct = INLINE,predicted = DOESNT_MATTER,1.56707835498e-05,0.0,metadata = ['/Apply(camlSequence_cps_benchmark__Apply[29])/Apply(camlGc__Over[1])/Apply(camlCamlinternalFormat__Apply[599])/Apply(camlCamlinternalFormat__Apply[524])/Apply(camlCamlinternalFormat__Apply[544])/Apply(camlPrintf__Apply[1])']
sequence-cps,correct = INLINE,predicted = DOESNT_MATTER,0.0,-0.000482223467986,metadata = ['/Apply(camlSequence_cps_benchmark__Apply[29])/Apply(camlGc__Over[7])']
sequence-cps,correct = INLINE,predicted = DOESNT_MATTER,7.8353917749e-06,0.0,metadata = ['/Apply(camlSequence_cps_benchmark__Apply[29])/Apply(camlGc__Over[1])']
sequence-cps,correct = INLINE,predicted = DOESNT_MATTER,0.0,-0.00034906229371,metadata = ['/Apply(camlSequence_cps_benchmark__Apply[29])/Apply(camlGc__Over[12])']
sequence-cps,correct = INLINE,predicted = DOESNT_MATTER,0.0,-0.000182718215591,metadata = ['/Apply(camlSequence_cps_benchmark__Apply[29])/Apply(camlGc__Over[3])']
sequence-cps,correct = INLINE,predicted = DOESNT_MATTER,0.000623144641888,0.0,metadata = ['/Apply(camlSequence_cps_benchmark__Apply[29])/Apply(camlGc__Over[15])/Apply(camlCamlinternalFormat__Apply[590])/Apply(camlCamlinternalFormat__Apply[524])/Apply(camlCamlinternalFormat__Apply[544])/Apply(camlPrintf__Apply[1])']
sequence-cps,correct = INLINE,predicted = DOESNT_MATTER,1.98410445995e-05,-0.000743174867346,metadata = ['/Decl(Sequence_cps.fold_1/114)/Apply(camlSequence_cps__Apply[12])']
sequence-cps,correct = INLINE,predicted = DOESNT_MATTER,8.6816303856e-05,0.0,metadata = ['/Apply(camlSequence_cps_benchmark__Apply[29])/Apply(camlGc__Over[20])/Apply(camlCamlinternalFormat__Apply[599])/Apply(camlCamlinternalFormat__Apply[524])/Apply(camlCamlinternalFormat__Apply[544])']
sequence-cps,correct = APPLY,predicted = DOESNT_MATTER,0.0,0.000172535096301,metadata = ['/Apply(camlSequence_cps_benchmark__Apply[29])/Apply(camlGc__Over[20])/Apply(camlCamlinternalFormat__Apply[599])/Apply(camlCamlinternalFormat__Apply[524])/Apply(camlCamlinternalFormat__Apply[544])/Apply(camlPrintf__Apply[1])/Apply(camlCamlinternalFormat__Apply[695])/Apply(camlCamlinternalFormat__Apply[698])']
sequence-cps,correct = APPLY,predicted = DOESNT_MATTER,-8.54180851402e-07,0.0,metadata = ['/Apply(camlSequence_cps_benchmark__Apply[29])/Apply(camlGc__Apply[14])/Apply(camlPrintf__Apply[8])/Apply(camlPrintf__Apply[3])/Apply(camlCamlinternalFormat__Apply[523])']
sequence-cps,correct = INLINE,predicted = DOESNT_MATTER,0.0,-9.78177975236e-05,metadata = ['/Apply(camlSequence_cps_benchmark__Apply[29])/Apply(camlGc__Over[16])']
sequence-cps,correct = APPLY,predicted = DOESNT_MATTER,0.0,0.00124628928378,metadata = ['/Apply(camlSequence_cps_benchmark__Apply[29])/Apply(camlGc__Over[15])/Apply(camlCamlinternalFormat__Apply[590])/Apply(camlCamlinternalFormat__Apply[524])/Apply(camlCamlinternalFormat__Apply[544])/Apply(camlPrintf__Apply[1])/Apply(camlCamlinternalFormat__Apply[695])/Apply(camlCamlinternalFormat__Apply[698])']
sequence-cps,correct = INLINE,predicted = DOESNT_MATTER,0.0,-0.000215447005542,metadata = ['/Apply(camlSequence_cps_benchmark__Apply[29])/Apply(camlGc__Over[10])']
sequence-cps,correct = APPLY,predicted = INLINE,-0.00107931911085,0.0,metadata = ['/Decl(Sequence_cps_benchmark.test/7)/Apply(camlSequence_cps_benchmark__Apply[22])']
sequence-cps,correct = INLINE,predicted = DOESNT_MATTER,4.3408151928e-05,0.0,metadata = ['/Apply(camlSequence_cps_benchmark__Apply[29])/Apply(camlGc__Over[20])']
sequence-cps,correct = INLINE,predicted = DOESNT_MATTER,0.000623144641888,0.0,metadata = ['/Apply(camlSequence_cps_benchmark__Apply[29])/Apply(camlGc__Over[15])/Apply(camlCamlinternalFormat__Apply[590])/Apply(camlCamlinternalFormat__Apply[524])/Apply(camlCamlinternalFormat__Apply[544])/Apply(camlPrintf__Apply[1])/Apply(camlCamlinternalFormat__Apply[695])']
sequence-cps,correct = INLINE,predicted = DOESNT_MATTER,1.56707835498e-05,0.0,metadata = ['/Apply(camlSequence_cps_benchmark__Apply[29])/Apply(camlGc__Over[1])/Apply(camlCamlinternalFormat__Apply[599])/Apply(camlCamlinternalFormat__Apply[524])/Apply(camlCamlinternalFormat__Apply[544])/Apply(camlPrintf__Apply[1])/Apply(camlCamlinternalFormat__Apply[695])']
