2018-05-23 14:55:14.550623+01:00 Info fyq-rev-list | Loaded 0 reward entries
2018-05-23 14:55:14.550625+01:00 Info fyq-rev-list | Loaded 0 query entries
2018-05-23 14:55:14.550626+01:00 Info fyq-rev-list | Loaded 0 training examples
2018-05-23 14:55:14.551006+01:00 Info Loaded a total of 0 training examples
2018-05-23 14:55:16.418924+01:00 Info bdd | Loaded 5717 reward entries
2018-05-23 14:55:16.418951+01:00 Info bdd | Loaded 2818 query entries
2018-05-23 14:55:16.418956+01:00 Info bdd | Loaded 824 training examples
2018-05-23 14:55:16.896931+01:00 Info almabench | Loaded 1926 reward entries
2018-05-23 14:55:16.896939+01:00 Info almabench | Loaded 846 query entries
2018-05-23 14:55:16.896943+01:00 Info almabench | Loaded 317 training examples
2018-05-23 14:55:18.261543+01:00 Info lexifi | Loaded 4262 reward entries
2018-05-23 14:55:18.261573+01:00 Info lexifi | Loaded 4073 query entries
2018-05-23 14:55:18.261581+01:00 Info lexifi | Loaded 1370 training examples
2018-05-23 14:55:26.979872+01:00 Info kb | Loaded 4747 reward entries
2018-05-23 14:55:26.980020+01:00 Info kb | Loaded 35367 query entries
2018-05-23 14:55:26.980024+01:00 Info kb | Loaded 281 training examples
2018-05-23 14:55:29.165928+01:00 Info floats-in-functor | Loaded 2774 reward entries
2018-05-23 14:55:29.165994+01:00 Info floats-in-functor | Loaded 8773 query entries
2018-05-23 14:55:29.166004+01:00 Info floats-in-functor | Loaded 784 training examples
2018-05-23 14:55:29.166141+01:00 Info fyq-stdlib-int-sets | Loaded 0 reward entries
2018-05-23 14:55:29.166142+01:00 Info fyq-stdlib-int-sets | Loaded 0 query entries
2018-05-23 14:55:29.166142+01:00 Info fyq-stdlib-int-sets | Loaded 0 training examples
2018-05-23 14:55:29.540325+01:00 Info fft | Loaded 1865 reward entries
2018-05-23 14:55:29.540333+01:00 Info fft | Loaded 842 query entries
2018-05-23 14:55:29.540336+01:00 Info fft | Loaded 306 training examples
2018-05-23 14:55:29.892954+01:00 Info quicksort | Loaded 1667 reward entries
2018-05-23 14:55:29.892968+01:00 Info quicksort | Loaded 829 query entries
2018-05-23 14:55:29.892973+01:00 Info quicksort | Loaded 306 training examples
2018-05-23 14:55:29.893151+01:00 Info fyq-symbolic-maths | Loaded 0 reward entries
2018-05-23 14:55:29.893152+01:00 Info fyq-symbolic-maths | Loaded 0 query entries
2018-05-23 14:55:29.893154+01:00 Info fyq-symbolic-maths | Loaded 0 training examples
2018-05-23 14:55:30.238726+01:00 Info lens | Loaded 1698 reward entries
2018-05-23 14:55:30.238737+01:00 Info lens | Loaded 835 query entries
2018-05-23 14:55:30.238742+01:00 Info lens | Loaded 296 training examples
2018-05-23 14:55:31.450963+01:00 Info sequence-cps | Loaded 3135 reward entries
2018-05-23 14:55:31.450973+01:00 Info sequence-cps | Loaded 1134 query entries
2018-05-23 14:55:31.450976+01:00 Info sequence-cps | Loaded 330 training examples
2018-05-23 14:55:34.012621+01:00 Info hamming | Loaded 3032 reward entries
2018-05-23 14:55:34.012653+01:00 Info hamming | Loaded 8514 query entries
2018-05-23 14:55:34.012658+01:00 Info hamming | Loaded 1412 training examples
2018-05-23 14:55:34.015744+01:00 Info kahan-sum | Loaded 19 reward entries
2018-05-23 14:55:34.015745+01:00 Info kahan-sum | Loaded 14 query entries
2018-05-23 14:55:34.015747+01:00 Info kahan-sum | Loaded 2 training examples
2018-05-23 14:55:37.092483+01:00 Info sequence | Loaded 14618 reward entries
2018-05-23 14:55:37.092527+01:00 Info sequence | Loaded 4111 query entries
2018-05-23 14:55:37.092531+01:00 Info sequence | Loaded 86 training examples
2018-05-23 14:55:37.092706+01:00 Info fyq-stdlib-functor-record-sets | Loaded 0 reward entries
2018-05-23 14:55:37.092708+01:00 Info fyq-stdlib-functor-record-sets | Loaded 0 query entries
2018-05-23 14:55:37.092709+01:00 Info fyq-stdlib-functor-record-sets | Loaded 0 training examples
2018-05-23 14:55:37.092830+01:00 Info Loaded a total of 6314 training examples
2018-05-23 14:55:37.093272+01:00 Info Loaded 6314 IN-SAMPLE training examples and 0 OUT-OF-SAMPLE test examples
2018-05-23 14:55:37.093291+01:00 Info (hyperparams((l2_reg 0.001)(dropout_keep_prob 0.5)))
(monitor.ml.Error (Invalid_argument "index out of bounds")
 ("Raised by primitive operation at file \"src/owl/dense/owl_dense_ndarray_generic.ml\", line 229, characters 26-36"
  "Called from file \"tools/familiarity_model.ml\", line 139, characters 6-150"
  "Called from file \"tools/familiarity_model.ml\", line 152, characters 18-60"
  "Called from file \"src/deferred0.ml\", line 61, characters 64-69"
  "Called from file \"src/job_queue.ml\", line 159, characters 6-47"))
