2018-05-23 16:01:40.766418+01:00 Info fyq-symbolic-maths | Loaded 0 reward entries
2018-05-23 16:01:40.766420+01:00 Info fyq-symbolic-maths | Loaded 0 query entries
2018-05-23 16:01:40.766421+01:00 Info fyq-symbolic-maths | Loaded 0 training examples
2018-05-23 16:01:40.766794+01:00 Info Loaded a total of 0 training examples
2018-05-23 16:01:42.462656+01:00 Info bdd | Loaded 5717 reward entries
2018-05-23 16:01:42.462673+01:00 Info bdd | Loaded 2818 query entries
2018-05-23 16:01:42.462677+01:00 Info bdd | Loaded 824 training examples
2018-05-23 16:01:42.932743+01:00 Info almabench | Loaded 1926 reward entries
2018-05-23 16:01:42.932750+01:00 Info almabench | Loaded 846 query entries
2018-05-23 16:01:42.932753+01:00 Info almabench | Loaded 317 training examples
2018-05-23 16:01:44.390495+01:00 Info lexifi | Loaded 4262 reward entries
2018-05-23 16:01:44.390521+01:00 Info lexifi | Loaded 4073 query entries
2018-05-23 16:01:44.390529+01:00 Info lexifi | Loaded 1370 training examples
2018-05-23 16:01:52.345611+01:00 Info kb | Loaded 4747 reward entries
2018-05-23 16:01:52.345717+01:00 Info kb | Loaded 35367 query entries
2018-05-23 16:01:52.345720+01:00 Info kb | Loaded 281 training examples
2018-05-23 16:01:54.174997+01:00 Info floats-in-functor | Loaded 2774 reward entries
2018-05-23 16:01:54.175042+01:00 Info floats-in-functor | Loaded 8773 query entries
2018-05-23 16:01:54.175046+01:00 Info floats-in-functor | Loaded 784 training examples
2018-05-23 16:01:54.175123+01:00 Info fyq-stdlib-int-sets | Loaded 0 reward entries
2018-05-23 16:01:54.175123+01:00 Info fyq-stdlib-int-sets | Loaded 0 query entries
2018-05-23 16:01:54.175124+01:00 Info fyq-stdlib-int-sets | Loaded 0 training examples
2018-05-23 16:01:54.568838+01:00 Info fft | Loaded 1865 reward entries
2018-05-23 16:01:54.568844+01:00 Info fft | Loaded 842 query entries
2018-05-23 16:01:54.568848+01:00 Info fft | Loaded 306 training examples
2018-05-23 16:01:54.915573+01:00 Info quicksort | Loaded 1667 reward entries
2018-05-23 16:01:54.915580+01:00 Info quicksort | Loaded 829 query entries
2018-05-23 16:01:54.915583+01:00 Info quicksort | Loaded 306 training examples
2018-05-23 16:01:55.222812+01:00 Info lens | Loaded 1698 reward entries
2018-05-23 16:01:55.222821+01:00 Info lens | Loaded 835 query entries
2018-05-23 16:01:55.222825+01:00 Info lens | Loaded 296 training examples
2018-05-23 16:01:55.222946+01:00 Info fyq-rev-list | Loaded 0 reward entries
2018-05-23 16:01:55.222947+01:00 Info fyq-rev-list | Loaded 0 query entries
2018-05-23 16:01:55.222948+01:00 Info fyq-rev-list | Loaded 0 training examples
2018-05-23 16:01:56.422501+01:00 Info sequence-cps | Loaded 3135 reward entries
2018-05-23 16:01:56.422510+01:00 Info sequence-cps | Loaded 1134 query entries
2018-05-23 16:01:56.422514+01:00 Info sequence-cps | Loaded 330 training examples
2018-05-23 16:01:58.848829+01:00 Info hamming | Loaded 3032 reward entries
2018-05-23 16:01:58.848860+01:00 Info hamming | Loaded 8514 query entries
2018-05-23 16:01:58.848866+01:00 Info hamming | Loaded 1412 training examples
2018-05-23 16:01:58.852003+01:00 Info kahan-sum | Loaded 19 reward entries
2018-05-23 16:01:58.852005+01:00 Info kahan-sum | Loaded 14 query entries
2018-05-23 16:01:58.852007+01:00 Info kahan-sum | Loaded 2 training examples
2018-05-23 16:02:01.678679+01:00 Info sequence | Loaded 14618 reward entries
2018-05-23 16:02:01.678709+01:00 Info sequence | Loaded 4111 query entries
2018-05-23 16:02:01.678712+01:00 Info sequence | Loaded 86 training examples
2018-05-23 16:02:01.678882+01:00 Info fyq-stdlib-functor-record-sets | Loaded 0 reward entries
2018-05-23 16:02:01.678883+01:00 Info fyq-stdlib-functor-record-sets | Loaded 0 query entries
2018-05-23 16:02:01.678884+01:00 Info fyq-stdlib-functor-record-sets | Loaded 0 training examples
2018-05-23 16:02:01.678967+01:00 Info Loaded a total of 6314 training examples
2018-05-23 16:02:01.679343+01:00 Info Loaded 6314 IN-SAMPLE training examples and 0 OUT-OF-SAMPLE test examples
2018-05-23 16:02:01.679358+01:00 Info (hyperparams((l2_reg 0.001)(dropout_keep_prob 0.5)))
(monitor.ml.Error (Invalid_argument "index out of bounds")
 ("Raised by primitive operation at file \"src/owl/dense/owl_dense_ndarray_generic.ml\", line 229, characters 26-36"
  "Called from file \"tools/familiarity_model.ml\", line 139, characters 6-150"
  "Called from file \"tools/familiarity_model.ml\", line 152, characters 18-60"
  "Called from file \"src/deferred0.ml\", line 61, characters 64-69"
  "Called from file \"src/job_queue.ml\", line 159, characters 6-47"))
