2018-05-21 15:13:06.455425+01:00 Info fyq-stdlib-int-sets | Loaded 0 reward entries
2018-05-21 15:13:06.455426+01:00 Info fyq-stdlib-int-sets | Loaded 0 query entries
2018-05-21 15:13:06.455427+01:00 Info fyq-stdlib-int-sets | Loaded 0 training examples
2018-05-21 15:13:06.455738+01:00 Info Loaded a total of 0 training examples
2018-05-21 15:13:07.411203+01:00 Info bdd | Loaded 5717 reward entries
2018-05-21 15:13:07.411214+01:00 Info bdd | Loaded 2818 query entries
2018-05-21 15:13:07.411219+01:00 Info bdd | Loaded 824 training examples
2018-05-21 15:13:07.727274+01:00 Info almabench | Loaded 1926 reward entries
2018-05-21 15:13:07.727280+01:00 Info almabench | Loaded 846 query entries
2018-05-21 15:13:07.727283+01:00 Info almabench | Loaded 317 training examples
2018-05-21 15:13:08.381914+01:00 Info lexifi | Loaded 4262 reward entries
2018-05-21 15:13:08.381928+01:00 Info lexifi | Loaded 4073 query entries
2018-05-21 15:13:08.381933+01:00 Info lexifi | Loaded 1370 training examples
2018-05-21 15:13:11.268724+01:00 Info kb | Loaded 4747 reward entries
2018-05-21 15:13:11.268833+01:00 Info kb | Loaded 35367 query entries
2018-05-21 15:13:11.268836+01:00 Info kb | Loaded 281 training examples
2018-05-21 15:13:12.106180+01:00 Info floats-in-functor | Loaded 2774 reward entries
2018-05-21 15:13:12.106210+01:00 Info floats-in-functor | Loaded 8773 query entries
2018-05-21 15:13:12.106214+01:00 Info floats-in-functor | Loaded 784 training examples
2018-05-21 15:13:12.341965+01:00 Info fft | Loaded 1865 reward entries
2018-05-21 15:13:12.341970+01:00 Info fft | Loaded 842 query entries
2018-05-21 15:13:12.341973+01:00 Info fft | Loaded 306 training examples
2018-05-21 15:13:12.538128+01:00 Info quicksort | Loaded 1667 reward entries
2018-05-21 15:13:12.538135+01:00 Info quicksort | Loaded 829 query entries
2018-05-21 15:13:12.538138+01:00 Info quicksort | Loaded 306 training examples
2018-05-21 15:13:12.538359+01:00 Info fyq-symbolic-maths | Loaded 0 reward entries
2018-05-21 15:13:12.538360+01:00 Info fyq-symbolic-maths | Loaded 0 query entries
2018-05-21 15:13:12.538361+01:00 Info fyq-symbolic-maths | Loaded 0 training examples
2018-05-21 15:13:12.647429+01:00 Info lens | Loaded 1698 reward entries
2018-05-21 15:13:12.647434+01:00 Info lens | Loaded 835 query entries
2018-05-21 15:13:12.647436+01:00 Info lens | Loaded 296 training examples
2018-05-21 15:13:12.647538+01:00 Info fyq-rev-list | Loaded 0 reward entries
2018-05-21 15:13:12.647538+01:00 Info fyq-rev-list | Loaded 0 query entries
2018-05-21 15:13:12.647539+01:00 Info fyq-rev-list | Loaded 0 training examples
2018-05-21 15:13:12.802645+01:00 Info sequence-cps | Loaded 3135 reward entries
2018-05-21 15:13:12.802650+01:00 Info sequence-cps | Loaded 1134 query entries
2018-05-21 15:13:12.802653+01:00 Info sequence-cps | Loaded 330 training examples
2018-05-21 15:13:13.592116+01:00 Info hamming | Loaded 3032 reward entries
2018-05-21 15:13:13.592143+01:00 Info hamming | Loaded 8514 query entries
2018-05-21 15:13:13.592146+01:00 Info hamming | Loaded 1412 training examples
2018-05-21 15:13:13.593626+01:00 Info kahan-sum | Loaded 19 reward entries
2018-05-21 15:13:13.593627+01:00 Info kahan-sum | Loaded 14 query entries
2018-05-21 15:13:13.593629+01:00 Info kahan-sum | Loaded 2 training examples
2018-05-21 15:13:16.452524+01:00 Info sequence | Loaded 14618 reward entries
2018-05-21 15:13:16.452539+01:00 Info sequence | Loaded 4111 query entries
2018-05-21 15:13:16.452541+01:00 Info sequence | Loaded 86 training examples
2018-05-21 15:13:16.452642+01:00 Info fyq-stdlib-functor-record-sets | Loaded 0 reward entries
2018-05-21 15:13:16.452643+01:00 Info fyq-stdlib-functor-record-sets | Loaded 0 query entries
2018-05-21 15:13:16.452644+01:00 Info fyq-stdlib-functor-record-sets | Loaded 0 training examples
2018-05-21 15:13:16.452703+01:00 Info Loaded a total of 6314 training examples
2018-05-21 15:13:16.453631+01:00 Info Loaded 6314 IN-SAMPLE training examples and 0 OUT-OF-SAMPLE test examples
2018-05-21 15:13:16.453646+01:00 Info (hyperparams((l2_reg 0.1)(dropout_keep_prob 0.5)))
(monitor.ml.Error (Invalid_argument "index out of bounds")
 ("Raised by primitive operation at file \"src/owl/dense/owl_dense_ndarray_generic.ml\", line 229, characters 26-36"
  "Called from file \"tools/policy_model.ml\", line 134, characters 6-150"
  "Called from file \"tools/policy_model.ml\", line 149, characters 18-60"
  "Called from file \"src/deferred0.ml\", line 61, characters 64-69"
  "Called from file \"src/job_queue.ml\", line 159, characters 6-47"))
