2018-05-21 15:26:19.083142+01:00 Info fyq-stdlib-functor-record-sets | Loaded 0 reward entries
2018-05-21 15:26:19.083143+01:00 Info fyq-stdlib-functor-record-sets | Loaded 0 query entries
2018-05-21 15:26:19.083144+01:00 Info fyq-stdlib-functor-record-sets | Loaded 0 training examples
2018-05-21 15:26:19.083493+01:00 Info Loaded a total of 0 training examples
2018-05-21 15:26:20.026644+01:00 Info bdd | Loaded 5717 reward entries
2018-05-21 15:26:20.026655+01:00 Info bdd | Loaded 2818 query entries
2018-05-21 15:26:20.026659+01:00 Info bdd | Loaded 824 training examples
2018-05-21 15:26:20.317925+01:00 Info almabench | Loaded 1926 reward entries
2018-05-21 15:26:20.317929+01:00 Info almabench | Loaded 846 query entries
2018-05-21 15:26:20.317932+01:00 Info almabench | Loaded 317 training examples
2018-05-21 15:26:20.916878+01:00 Info lexifi | Loaded 4262 reward entries
2018-05-21 15:26:20.916892+01:00 Info lexifi | Loaded 4073 query entries
2018-05-21 15:26:20.916895+01:00 Info lexifi | Loaded 1370 training examples
2018-05-21 15:26:23.748525+01:00 Info kb | Loaded 4747 reward entries
2018-05-21 15:26:23.748643+01:00 Info kb | Loaded 35367 query entries
2018-05-21 15:26:23.748646+01:00 Info kb | Loaded 281 training examples
2018-05-21 15:26:24.571169+01:00 Info floats-in-functor | Loaded 2774 reward entries
2018-05-21 15:26:24.571195+01:00 Info floats-in-functor | Loaded 8773 query entries
2018-05-21 15:26:24.571198+01:00 Info floats-in-functor | Loaded 784 training examples
2018-05-21 15:26:24.571384+01:00 Info fyq-stdlib-int-sets | Loaded 0 reward entries
2018-05-21 15:26:24.571385+01:00 Info fyq-stdlib-int-sets | Loaded 0 query entries
2018-05-21 15:26:24.571386+01:00 Info fyq-stdlib-int-sets | Loaded 0 training examples
2018-05-21 15:26:24.781318+01:00 Info fft | Loaded 1865 reward entries
2018-05-21 15:26:24.781324+01:00 Info fft | Loaded 842 query entries
2018-05-21 15:26:24.781327+01:00 Info fft | Loaded 306 training examples
2018-05-21 15:26:24.970842+01:00 Info quicksort | Loaded 1667 reward entries
2018-05-21 15:26:24.970847+01:00 Info quicksort | Loaded 829 query entries
2018-05-21 15:26:24.970850+01:00 Info quicksort | Loaded 306 training examples
2018-05-21 15:26:24.970960+01:00 Info fyq-symbolic-maths | Loaded 0 reward entries
2018-05-21 15:26:24.970962+01:00 Info fyq-symbolic-maths | Loaded 0 query entries
2018-05-21 15:26:24.970963+01:00 Info fyq-symbolic-maths | Loaded 0 training examples
2018-05-21 15:26:25.087264+01:00 Info lens | Loaded 1698 reward entries
2018-05-21 15:26:25.087273+01:00 Info lens | Loaded 835 query entries
2018-05-21 15:26:25.087276+01:00 Info lens | Loaded 296 training examples
2018-05-21 15:26:25.087420+01:00 Info fyq-rev-list | Loaded 0 reward entries
2018-05-21 15:26:25.087421+01:00 Info fyq-rev-list | Loaded 0 query entries
2018-05-21 15:26:25.087423+01:00 Info fyq-rev-list | Loaded 0 training examples
2018-05-21 15:26:25.258033+01:00 Info sequence-cps | Loaded 3135 reward entries
2018-05-21 15:26:25.258038+01:00 Info sequence-cps | Loaded 1134 query entries
2018-05-21 15:26:25.258041+01:00 Info sequence-cps | Loaded 330 training examples
2018-05-21 15:26:26.086206+01:00 Info hamming | Loaded 3032 reward entries
2018-05-21 15:26:26.086230+01:00 Info hamming | Loaded 8514 query entries
2018-05-21 15:26:26.086233+01:00 Info hamming | Loaded 1412 training examples
2018-05-21 15:26:26.087240+01:00 Info kahan-sum | Loaded 19 reward entries
2018-05-21 15:26:26.087241+01:00 Info kahan-sum | Loaded 14 query entries
2018-05-21 15:26:26.087242+01:00 Info kahan-sum | Loaded 2 training examples
2018-05-21 15:26:28.842542+01:00 Info sequence | Loaded 14618 reward entries
2018-05-21 15:26:28.842557+01:00 Info sequence | Loaded 4111 query entries
2018-05-21 15:26:28.842559+01:00 Info sequence | Loaded 86 training examples
2018-05-21 15:26:28.842622+01:00 Info Loaded a total of 6314 training examples
2018-05-21 15:26:28.842937+01:00 Info Loaded 6314 IN-SAMPLE training examples and 0 OUT-OF-SAMPLE test examples
2018-05-21 15:26:28.843414+01:00 Info (hyperparams((l2_reg 0.1)(dropout_keep_prob 0.5)))
2018-05-21 15:26:28.943552+01:00 Info ((name"training examples")(distribution((0 0.648720032507111)(1 0.35127996749288909))))
2018-05-21 15:26:28.943555+01:00 Info ((name"test examples")(distribution((0 -nan)(1 -nan))))
(monitor.ml.Error (Invalid_argument "index out of bounds")
 ("Raised by primitive operation at file \"src/owl/dense/owl_dense_ndarray_generic.ml\", line 229, characters 26-36"
  "Called from file \"tools/decision_model.ml\", line 144, characters 6-150"
  "Called from file \"tools/decision_model.ml\", line 153, characters 18-60"
  "Called from file \"src/deferred0.ml\", line 61, characters 64-69"
  "Called from file \"src/job_queue.ml\", line 159, characters 6-47"))
