2018-05-23 16:51:24.900998+01:00 Info hamming | Loaded 3032 reward entries
2018-05-23 16:51:24.901062+01:00 Info hamming | Loaded 8514 query entries
2018-05-23 16:51:24.901072+01:00 Info hamming | Loaded 1412 training examples
2018-05-23 16:51:24.901465+01:00 Info Loaded a total of 1412 training examples
2018-05-23 16:51:27.373274+01:00 Info bdd | Loaded 5717 reward entries
2018-05-23 16:51:27.373293+01:00 Info bdd | Loaded 2818 query entries
2018-05-23 16:51:27.373299+01:00 Info bdd | Loaded 824 training examples
2018-05-23 16:51:27.929526+01:00 Info almabench | Loaded 1926 reward entries
2018-05-23 16:51:27.929535+01:00 Info almabench | Loaded 846 query entries
2018-05-23 16:51:27.929539+01:00 Info almabench | Loaded 317 training examples
2018-05-23 16:51:29.419421+01:00 Info lexifi | Loaded 4262 reward entries
2018-05-23 16:51:29.419443+01:00 Info lexifi | Loaded 4073 query entries
2018-05-23 16:51:29.419449+01:00 Info lexifi | Loaded 1370 training examples
2018-05-23 16:51:38.226535+01:00 Info kb | Loaded 4747 reward entries
2018-05-23 16:51:38.226674+01:00 Info kb | Loaded 35367 query entries
2018-05-23 16:51:38.226677+01:00 Info kb | Loaded 281 training examples
2018-05-23 16:51:40.336359+01:00 Info floats-in-functor | Loaded 2774 reward entries
2018-05-23 16:51:40.336415+01:00 Info floats-in-functor | Loaded 8773 query entries
2018-05-23 16:51:40.336421+01:00 Info floats-in-functor | Loaded 784 training examples
2018-05-23 16:51:40.336631+01:00 Info fyq-stdlib-int-sets | Loaded 0 reward entries
2018-05-23 16:51:40.336632+01:00 Info fyq-stdlib-int-sets | Loaded 0 query entries
2018-05-23 16:51:40.336634+01:00 Info fyq-stdlib-int-sets | Loaded 0 training examples
2018-05-23 16:51:40.671807+01:00 Info fft | Loaded 1865 reward entries
2018-05-23 16:51:40.671814+01:00 Info fft | Loaded 842 query entries
2018-05-23 16:51:40.671819+01:00 Info fft | Loaded 306 training examples
2018-05-23 16:51:41.049441+01:00 Info quicksort | Loaded 1667 reward entries
2018-05-23 16:51:41.049448+01:00 Info quicksort | Loaded 829 query entries
2018-05-23 16:51:41.049452+01:00 Info quicksort | Loaded 306 training examples
2018-05-23 16:51:41.049654+01:00 Info fyq-symbolic-maths | Loaded 0 reward entries
2018-05-23 16:51:41.049656+01:00 Info fyq-symbolic-maths | Loaded 0 query entries
2018-05-23 16:51:41.049656+01:00 Info fyq-symbolic-maths | Loaded 0 training examples
2018-05-23 16:51:41.413838+01:00 Info lens | Loaded 1698 reward entries
2018-05-23 16:51:41.413849+01:00 Info lens | Loaded 835 query entries
2018-05-23 16:51:41.413851+01:00 Info lens | Loaded 296 training examples
2018-05-23 16:51:41.413965+01:00 Info fyq-rev-list | Loaded 0 reward entries
2018-05-23 16:51:41.413965+01:00 Info fyq-rev-list | Loaded 0 query entries
2018-05-23 16:51:41.413966+01:00 Info fyq-rev-list | Loaded 0 training examples
2018-05-23 16:51:41.783417+01:00 Info sequence-cps | Loaded 3135 reward entries
2018-05-23 16:51:41.783425+01:00 Info sequence-cps | Loaded 1134 query entries
2018-05-23 16:51:41.783429+01:00 Info sequence-cps | Loaded 330 training examples
2018-05-23 16:51:41.786405+01:00 Info kahan-sum | Loaded 19 reward entries
2018-05-23 16:51:41.786407+01:00 Info kahan-sum | Loaded 14 query entries
2018-05-23 16:51:41.786408+01:00 Info kahan-sum | Loaded 2 training examples
2018-05-23 16:51:46.710326+01:00 Info sequence | Loaded 14618 reward entries
2018-05-23 16:51:46.710377+01:00 Info sequence | Loaded 4111 query entries
2018-05-23 16:51:46.710382+01:00 Info sequence | Loaded 86 training examples
2018-05-23 16:51:46.710658+01:00 Info fyq-stdlib-functor-record-sets | Loaded 0 reward entries
2018-05-23 16:51:46.710661+01:00 Info fyq-stdlib-functor-record-sets | Loaded 0 query entries
2018-05-23 16:51:46.710663+01:00 Info fyq-stdlib-functor-record-sets | Loaded 0 training examples
2018-05-23 16:51:46.710824+01:00 Info Loaded a total of 4902 training examples
2018-05-23 16:51:46.711109+01:00 Info Loaded 4902 IN-SAMPLE training examples and 1412 OUT-OF-SAMPLE test examples
2018-05-23 16:51:46.711590+01:00 Info (hyperparams((l2_reg 0.001)(dropout_keep_prob 0.5)))
2018-05-23 16:51:47.141377: I tensorflow/core/platform/cpu_feature_guard.cc:140] Your CPU supports instructions that this TensorFlow binary was not compiled to use: SSE4.1 SSE4.2 AVX AVX2 FMA
2018-05-23 16:51:47.277934: I tensorflow/stream_executor/cuda/cuda_gpu_executor.cc:898] successful NUMA node read from SysFS had negative value (-1), but there must be at least one NUMA node, so returning NUMA node zero
2018-05-23 16:51:47.278380: I tensorflow/core/common_runtime/gpu/gpu_device.cc:1356] Found device 0 with properties: 
name: GeForce GTX 1080 major: 6 minor: 1 memoryClockRate(GHz): 1.7715
pciBusID: 0000:01:00.0
totalMemory: 7.93GiB freeMemory: 7.32GiB
2018-05-23 16:51:47.278410: I tensorflow/core/common_runtime/gpu/gpu_device.cc:1435] Adding visible gpu devices: 0
2018-05-23 16:51:47.896585: I tensorflow/core/common_runtime/gpu/gpu_device.cc:923] Device interconnect StreamExecutor with strength 1 edge matrix:
2018-05-23 16:51:47.896623: I tensorflow/core/common_runtime/gpu/gpu_device.cc:929]      0 
2018-05-23 16:51:47.896632: I tensorflow/core/common_runtime/gpu/gpu_device.cc:942] 0:   N 
2018-05-23 16:51:47.896832: I tensorflow/core/common_runtime/gpu/gpu_device.cc:1053] Created TensorFlow device (/job:localhost/replica:0/task:0/device:GPU:0 with 7072 MB memory) -> physical GPU (device: 0, name: GeForce GTX 1080, pci bus id: 0000:01:00.0, compute capability: 6.1)
2018-05-23 16:51:47.925327: E tensorflow/core/grappler/clusters/utils.cc:127] Not found: TF GPU device with id 0 was not registered
2018-05-23 16:51:47.934729: E tensorflow/core/grappler/clusters/utils.cc:127] Not found: TF GPU device with id 0 was not registered
2018-05-23 16:51:47.943547: E tensorflow/core/grappler/clusters/utils.cc:127] Not found: TF GPU device with id 0 was not registered
2018-05-23 16:51:47.949614: E tensorflow/core/grappler/clusters/utils.cc:127] Not found: TF GPU device with id 0 was not registered
2018-05-23 16:51:47.952050: E tensorflow/core/grappler/clusters/utils.cc:127] Not found: TF GPU device with id 0 was not registered
2018-05-23 16:51:47.955293: E tensorflow/core/grappler/clusters/utils.cc:127] Not found: TF GPU device with id 0 was not registered
2018-05-23 16:51:47.959304: E tensorflow/core/grappler/clusters/utils.cc:127] Not found: TF GPU device with id 0 was not registered
2018-05-23 16:51:47.962379: E tensorflow/core/grappler/clusters/utils.cc:127] Not found: TF GPU device with id 0 was not registered
2018-05-23 16:51:47.966416: E tensorflow/core/grappler/clusters/utils.cc:127] Not found: TF GPU device with id 0 was not registered
2018-05-23 16:51:47.981953: E tensorflow/core/grappler/clusters/utils.cc:127] Not found: TF GPU device with id 0 was not registered
2018-05-23 16:51:47.984084: E tensorflow/core/grappler/clusters/utils.cc:127] Not found: TF GPU device with id 0 was not registered
2018-05-23 16:51:48.194922: E tensorflow/core/grappler/clusters/utils.cc:127] Not found: TF GPU device with id 0 was not registered
2018-05-23 16:51:46.811865+01:00 Info ((name"training examples")(distribution((0 0.63145416227608009)(1 0.36854583772391991))))
2018-05-23 16:51:46.811908+01:00 Info ((name"test examples")(distribution((0 0.70692717584369447)(1 0.29307282415630553))))
2018-05-23 16:51:48.223634+01:00 Info ((epoch 0)(training(((accuracy 0.630764163372859)(loss 0.31630933284759521))))(validation(((accuracy 0.63289473684210529)(loss 0.31373748183250427))))(test(((accuracy 0.6190053285968028)(loss 0.31121271848678589)))))
2018-05-23 16:51:48.263951+01:00 Info ((epoch 1)(training(((accuracy 0.65217391304347827)(loss 0.31339606642723083))))(validation(((accuracy 0.656578947368421)(loss 0.30646032094955444))))(test(((accuracy 0.69982238010657194)(loss 0.30710175633430481)))))
2018-05-23 16:51:48.299674+01:00 Info ((epoch 2)(training(((accuracy 0.70256916996047436)(loss 0.30489510297775269))))(validation(((accuracy 0.71578947368421053)(loss 0.29552853107452393))))(test(((accuracy 0.62966252220248664)(loss 0.3142189085483551)))))
2018-05-23 16:51:48.343751+01:00 Info ((epoch 3)(training(((accuracy 0.69762845849802368)(loss 0.29772788286209106))))(validation(((accuracy 0.70921052631578951)(loss 0.28857478499412537))))(test(((accuracy 0.62966252220248664)(loss 0.31848174333572388)))))
2018-05-23 16:51:48.383945+01:00 Info ((epoch 4)(training(((accuracy 0.68577075098814233)(loss 0.2987806499004364))))(validation(((accuracy 0.70131578947368423)(loss 0.29162168502807617))))(test(((accuracy 0.62877442273534634)(loss 0.32001718878746033)))))
2018-05-23 16:51:48.424007+01:00 Info ((epoch 5)(training(((accuracy 0.6933465085638999)(loss 0.299308717250824))))(validation(((accuracy 0.69473684210526321)(loss 0.29357501864433289))))(test(((accuracy 0.62877442273534634)(loss 0.31840294599533081)))))
2018-05-23 16:51:48.463187+01:00 Info ((epoch 6)(training(((accuracy 0.69499341238471668)(loss 0.29435271024703979))))(validation(((accuracy 0.69342105263157894)(loss 0.28846076130867004))))(test(((accuracy 0.62877442273534634)(loss 0.31550851464271545)))))
2018-05-23 16:51:48.499876+01:00 Info ((epoch 7)(training(((accuracy 0.69038208168642956)(loss 0.29064148664474487))))(validation(((accuracy 0.71184210526315794)(loss 0.283589631319046))))(test(((accuracy 0.70781527531083477)(loss 0.31742286682128906)))))
2018-05-23 16:51:48.535811+01:00 Info ((epoch 8)(training(((accuracy 0.69993412384716736)(loss 0.29175665974617004))))(validation(((accuracy 0.718421052631579)(loss 0.28349888324737549))))(test(((accuracy 0.74422735346358793)(loss 0.326712429523468)))))
2018-05-23 16:51:48.581421+01:00 Info ((epoch 9)(training(((accuracy 0.70487483530961792)(loss 0.29330822825431824))))(validation(((accuracy 0.72105263157894739)(loss 0.28465384244918823))))(test(((accuracy 0.60657193605683835)(loss 0.3398335874080658)))))
2018-05-23 16:51:48.629697+01:00 Info ((epoch 10)(training(((accuracy 0.70816864295125159)(loss 0.29165711998939514))))(validation(((accuracy 0.718421052631579)(loss 0.28362348675727844))))(test(((accuracy 0.60657193605683835)(loss 0.35266768932342529)))))
2018-05-23 16:51:48.675754+01:00 Info ((epoch 11)(training(((accuracy 0.70882740447957837)(loss 0.28887939453125))))(validation(((accuracy 0.72236842105263155)(loss 0.28207111358642578))))(test(((accuracy 0.61456483126110129)(loss 0.36373165249824524)))))
2018-05-23 16:51:48.723370+01:00 Info ((epoch 12)(training(((accuracy 0.70981554677206848)(loss 0.2877640426158905))))(validation(((accuracy 0.72631578947368425)(loss 0.28195551037788391))))(test(((accuracy 0.53108348134991124)(loss 0.37154337763786316)))))
2018-05-23 16:51:48.771139+01:00 Info ((epoch 13)(training(((accuracy 0.70685111989459815)(loss 0.28743833303451538))))(validation(((accuracy 0.725)(loss 0.28153508901596069))))(test(((accuracy 0.53019538188277082)(loss 0.37250173091888428)))))
2018-05-23 16:51:48.814337+01:00 Info ((epoch 14)(training(((accuracy 0.70520421607378125)(loss 0.285996675491333))))(validation(((accuracy 0.71973684210526312)(loss 0.2786392867565155))))(test(((accuracy 0.53019538188277082)(loss 0.36427643895149231)))))
2018-05-23 16:51:48.861485+01:00 Info ((epoch 15)(training(((accuracy 0.70882740447957837)(loss 0.28429567813873291))))(validation(((accuracy 0.72236842105263155)(loss 0.27465429902076721))))(test(((accuracy 0.53285968028419184)(loss 0.34947466850280762)))))
2018-05-23 16:51:48.907408+01:00 Info ((epoch 16)(training(((accuracy 0.70816864295125159)(loss 0.28396746516227722))))(validation(((accuracy 0.71973684210526312)(loss 0.27216446399688721))))(test(((accuracy 0.5728241563055062)(loss 0.3332880437374115)))))
2018-05-23 16:51:48.941419+01:00 Info ((epoch 17)(training(((accuracy 0.70520421607378125)(loss 0.28442397713661194))))(validation(((accuracy 0.72631578947368425)(loss 0.27142238616943359))))(test(((accuracy 0.74245115452930732)(loss 0.3192870020866394)))))
2018-05-23 16:51:48.987563+01:00 Info ((epoch 18)(training(((accuracy 0.700592885375494)(loss 0.28397136926651))))(validation(((accuracy 0.72763157894736841)(loss 0.271078884601593))))(test(((accuracy 0.74067495559502661)(loss 0.30831938982009888)))))
2018-05-23 16:51:49.027973+01:00 Info ((epoch 19)(training(((accuracy 0.705862977602108)(loss 0.28254294395446777))))(validation(((accuracy 0.72236842105263155)(loss 0.27088785171508789))))(test(((accuracy 0.76820603907637652)(loss 0.30024200677871704)))))
2018-05-23 16:51:49.060891+01:00 Info ((epoch 20)(training(((accuracy 0.70882740447957837)(loss 0.28159281611442566))))(validation(((accuracy 0.725)(loss 0.27176380157470703))))(test(((accuracy 0.77175843694493784)(loss 0.29498714208602905)))))
2018-05-23 16:51:49.105856+01:00 Info ((epoch 21)(training(((accuracy 0.71508563899868249)(loss 0.28179475665092468))))(validation(((accuracy 0.72894736842105268)(loss 0.27366739511489868))))(test(((accuracy 0.77175843694493784)(loss 0.29192543029785156)))))
2018-05-23 16:51:49.137960+01:00 Info ((epoch 22)(training(((accuracy 0.717391304347826)(loss 0.28214693069458008))))(validation(((accuracy 0.73026315789473684)(loss 0.27499246597290039))))(test(((accuracy 0.7380106571936057)(loss 0.28958985209465027)))))
2018-05-23 16:51:49.271967+01:00 Info ((epoch 23)(training(((accuracy 0.717391304347826)(loss 0.28176376223564148))))(validation(((accuracy 0.72763157894736841)(loss 0.27464678883552551))))(test(((accuracy 0.75932504440497339)(loss 0.28700107336044312)))))
2018-05-23 16:51:49.307935+01:00 Info ((epoch 24)(training(((accuracy 0.71870882740447961)(loss 0.28113299608230591))))(validation(((accuracy 0.73157894736842111)(loss 0.2733510434627533))))(test(((accuracy 0.7380106571936057)(loss 0.28455206751823425)))))
2018-05-23 16:51:49.346155+01:00 Info ((epoch 25)(training(((accuracy 0.71640316205533594)(loss 0.28093993663787842))))(validation(((accuracy 0.73289473684210527)(loss 0.27226561307907104))))(test(((accuracy 0.738898756660746)(loss 0.283066064119339)))))
2018-05-23 16:51:49.375988+01:00 Info ((epoch 26)(training(((accuracy 0.71541501976284583)(loss 0.28096345067024231))))(validation(((accuracy 0.72631578947368425)(loss 0.271627813577652))))(test(((accuracy 0.738898756660746)(loss 0.28278824687004089)))))
2018-05-23 16:51:49.408266+01:00 Info ((epoch 27)(training(((accuracy 0.7177206851119895)(loss 0.28073263168334961))))(validation(((accuracy 0.73289473684210527)(loss 0.27121904492378235))))(test(((accuracy 0.7380106571936057)(loss 0.28357782959938049)))))
2018-05-23 16:51:49.451067+01:00 Info ((epoch 28)(training(((accuracy 0.71837944664031617)(loss 0.28036999702453613))))(validation(((accuracy 0.73289473684210527)(loss 0.27114894986152649))))(test(((accuracy 0.75932504440497339)(loss 0.2853434681892395)))))
2018-05-23 16:51:49.488197+01:00 Info ((epoch 29)(training(((accuracy 0.71837944664031617)(loss 0.28024089336395264))))(validation(((accuracy 0.72894736842105268)(loss 0.27154794335365295))))(test(((accuracy 0.75932504440497339)(loss 0.28781488537788391)))))
2018-05-23 16:51:49.526582+01:00 Info ((epoch 30)(training(((accuracy 0.71837944664031617)(loss 0.28027182817459106))))(validation(((accuracy 0.72631578947368425)(loss 0.27201434969902039))))(test(((accuracy 0.79484902309058614)(loss 0.29026627540588379)))))
2018-05-23 16:51:49.556016+01:00 Info ((epoch 31)(training(((accuracy 0.71870882740447961)(loss 0.28010612726211548))))(validation(((accuracy 0.72631578947368425)(loss 0.27195385098457336))))(test(((accuracy 0.79484902309058614)(loss 0.2919800877571106)))))
2018-05-23 16:51:49.587165+01:00 Info ((epoch 32)(training(((accuracy 0.719038208168643)(loss 0.27975231409072876))))(validation(((accuracy 0.72894736842105268)(loss 0.27135619521141052))))(test(((accuracy 0.79484902309058614)(loss 0.29296687245368958)))))
2018-05-23 16:51:49.620028+01:00 Info ((epoch 33)(training(((accuracy 0.7177206851119895)(loss 0.27958205342292786))))(validation(((accuracy 0.73026315789473684)(loss 0.27076834440231323))))(test(((accuracy 0.79484902309058614)(loss 0.29392558336257935)))))
2018-05-23 16:51:49.649129+01:00 Info ((epoch 34)(training(((accuracy 0.71574440052700927)(loss 0.27971795201301575))))(validation(((accuracy 0.73421052631578942)(loss 0.27054810523986816))))(test(((accuracy 0.79484902309058614)(loss 0.29555469751358032)))))
2018-05-23 16:51:49.685224+01:00 Info ((epoch 35)(training(((accuracy 0.71541501976284583)(loss 0.27986443042755127))))(validation(((accuracy 0.73552631578947369)(loss 0.270561158657074))))(test(((accuracy 0.79484902309058614)(loss 0.29811325669288635)))))
2018-05-23 16:51:49.721831+01:00 Info ((epoch 36)(training(((accuracy 0.71837944664031617)(loss 0.27979001402854919))))(validation(((accuracy 0.73026315789473684)(loss 0.2706015408039093))))(test(((accuracy 0.79484902309058614)(loss 0.30148252844810486)))))
2018-05-23 16:51:49.758736+01:00 Info ((epoch 37)(training(((accuracy 0.72035573122529639)(loss 0.27961930632591248))))(validation(((accuracy 0.72894736842105268)(loss 0.27069395780563354))))(test(((accuracy 0.62522202486678513)(loss 0.30525863170623779)))))
2018-05-23 16:51:49.793313+01:00 Info ((epoch 38)(training(((accuracy 0.72266139657444006)(loss 0.27954989671707153))))(validation(((accuracy 0.73026315789473684)(loss 0.27086490392684937))))(test(((accuracy 0.62522202486678513)(loss 0.30870044231414795)))))
2018-05-23 16:51:49.828594+01:00 Info ((epoch 39)(training(((accuracy 0.72134387351778662)(loss 0.27954995632171631))))(validation(((accuracy 0.72763157894736841)(loss 0.27092355489730835))))(test(((accuracy 0.62522202486678513)(loss 0.31089407205581665)))))
2018-05-23 16:51:49.864060+01:00 Info ((epoch 40)(training(((accuracy 0.72068511198945984)(loss 0.279491662979126))))(validation(((accuracy 0.72763157894736841)(loss 0.2706814706325531))))(test(((accuracy 0.62522202486678513)(loss 0.31125929951667786)))))
2018-05-23 16:51:49.900754+01:00 Info ((epoch 41)(training(((accuracy 0.71936758893280628)(loss 0.27939248085021973))))(validation(((accuracy 0.72368421052631582)(loss 0.27023196220397949))))(test(((accuracy 0.62522202486678513)(loss 0.30991268157958984)))))
2018-05-23 16:51:49.935415+01:00 Info ((epoch 42)(training(((accuracy 0.71673254281949939)(loss 0.27934852242469788))))(validation(((accuracy 0.72763157894736841)(loss 0.26984164118766785))))(test(((accuracy 0.62522202486678513)(loss 0.30748558044433594)))))
2018-05-23 16:51:49.972523+01:00 Info ((epoch 43)(training(((accuracy 0.71607378129117261)(loss 0.27934935688972473))))(validation(((accuracy 0.72894736842105268)(loss 0.26967406272888184))))(test(((accuracy 0.60213143872113672)(loss 0.30466297268867493)))))
2018-05-23 16:51:50.001706+01:00 Info ((epoch 44)(training(((accuracy 0.71607378129117261)(loss 0.27931004762649536))))(validation(((accuracy 0.72894736842105268)(loss 0.26973581314086914))))(test(((accuracy 0.60213143872113672)(loss 0.30190345644950867)))))
2018-05-23 16:51:50.038288+01:00 Info ((epoch 45)(training(((accuracy 0.71541501976284583)(loss 0.27922791242599487))))(validation(((accuracy 0.72763157894736841)(loss 0.26999512314796448))))(test(((accuracy 0.60213143872113672)(loss 0.299430251121521)))))
2018-05-23 16:51:50.073232+01:00 Info ((epoch 46)(training(((accuracy 0.71706192358366272)(loss 0.2791861891746521))))(validation(((accuracy 0.72236842105263155)(loss 0.27040261030197144))))(test(((accuracy 0.77175843694493784)(loss 0.29730427265167236)))))
2018-05-23 16:51:50.109465+01:00 Info ((epoch 47)(training(((accuracy 0.71805006587615283)(loss 0.27921351790428162))))(validation(((accuracy 0.72631578947368425)(loss 0.27081048488616943))))(test(((accuracy 0.77175843694493784)(loss 0.2954791784286499)))))
2018-05-23 16:51:50.146732+01:00 Info ((epoch 48)(training(((accuracy 0.71805006587615283)(loss 0.27923935651779175))))(validation(((accuracy 0.72631578947368425)(loss 0.27100718021392822))))(test(((accuracy 0.77175843694493784)(loss 0.293889582157135)))))
2018-05-23 16:51:50.184827+01:00 Info ((epoch 49)(training(((accuracy 0.71805006587615283)(loss 0.27920839190483093))))(validation(((accuracy 0.72631578947368425)(loss 0.270893931388855))))(test(((accuracy 0.77175843694493784)(loss 0.29256129264831543)))))
2018-05-23 16:51:50.220820+01:00 Info ((epoch 50)(training(((accuracy 0.71574440052700927)(loss 0.27915593981742859))))(validation(((accuracy 0.72368421052631582)(loss 0.270572304725647))))(test(((accuracy 0.77175843694493784)(loss 0.29162713885307312)))))
2018-05-23 16:51:50.258298+01:00 Info ((epoch 51)(training(((accuracy 0.71574440052700927)(loss 0.27913621068000793))))(validation(((accuracy 0.72236842105263155)(loss 0.270231157541275))))(test(((accuracy 0.77175843694493784)(loss 0.29122349619865417)))))
2018-05-23 16:51:50.293467+01:00 Info ((epoch 52)(training(((accuracy 0.71673254281949939)(loss 0.27914226055145264))))(validation(((accuracy 0.72368421052631582)(loss 0.26999908685684204))))(test(((accuracy 0.77175843694493784)(loss 0.29139372706413269)))))
2018-05-23 16:51:50.331832+01:00 Info ((epoch 53)(training(((accuracy 0.71376811594202894)(loss 0.27913737297058105))))(validation(((accuracy 0.73026315789473684)(loss 0.269918292760849))))(test(((accuracy 0.77175843694493784)(loss 0.29208073019981384)))))
2018-05-23 16:51:50.367511+01:00 Info ((epoch 54)(training(((accuracy 0.71475625823451916)(loss 0.27911913394927979))))(validation(((accuracy 0.725)(loss 0.26998475193977356))))(test(((accuracy 0.77175843694493784)(loss 0.293154239654541)))))
2018-05-23 16:51:50.406378+01:00 Info ((epoch 55)(training(((accuracy 0.71277997364953882)(loss 0.27911022305488586))))(validation(((accuracy 0.72236842105263155)(loss 0.27015310525894165))))(test(((accuracy 0.77175843694493784)(loss 0.29441195726394653)))))
2018-05-23 16:51:50.439327+01:00 Info ((epoch 56)(training(((accuracy 0.71310935441370227)(loss 0.27911108732223511))))(validation(((accuracy 0.72236842105263155)(loss 0.27032938599586487))))(test(((accuracy 0.77175843694493784)(loss 0.29559388756752014)))))
2018-05-23 16:51:50.473976+01:00 Info ((epoch 57)(training(((accuracy 0.71245059288537549)(loss 0.27910035848617554))))(validation(((accuracy 0.72236842105263155)(loss 0.27041897177696228))))(test(((accuracy 0.77175843694493784)(loss 0.29646584391593933)))))
2018-05-23 16:51:50.508082+01:00 Info ((epoch 58)(training(((accuracy 0.71245059288537549)(loss 0.2790752649307251))))(validation(((accuracy 0.72236842105263155)(loss 0.2703976035118103))))(test(((accuracy 0.77175843694493784)(loss 0.29692831635475159)))))
2018-05-23 16:51:50.535586+01:00 Info ((epoch 59)(training(((accuracy 0.71508563899868249)(loss 0.27905666828155518))))(validation(((accuracy 0.72368421052631582)(loss 0.270316481590271))))(test(((accuracy 0.77175843694493784)(loss 0.29704827070236206)))))
2018-05-23 16:51:50.567817+01:00 Info ((epoch 60)(training(((accuracy 0.71574440052700927)(loss 0.2790534496307373))))(validation(((accuracy 0.725)(loss 0.27024096250534058))))(test(((accuracy 0.77175843694493784)(loss 0.29699015617370605)))))
2018-05-23 16:51:50.598035+01:00 Info ((epoch 61)(training(((accuracy 0.71508563899868249)(loss 0.27905020117759705))))(validation(((accuracy 0.725)(loss 0.27020445466041565))))(test(((accuracy 0.77175843694493784)(loss 0.29691839218139648)))))
2018-05-23 16:51:50.634597+01:00 Info ((epoch 62)(training(((accuracy 0.71508563899868249)(loss 0.27903494238853455))))(validation(((accuracy 0.725)(loss 0.27021273970603943))))(test(((accuracy 0.77175843694493784)(loss 0.29693597555160522)))))
2018-05-23 16:51:50.668308+01:00 Info ((epoch 63)(training(((accuracy 0.71508563899868249)(loss 0.27901756763458252))))(validation(((accuracy 0.72368421052631582)(loss 0.27025756239891052))))(test(((accuracy 0.77175843694493784)(loss 0.29706457257270813)))))
2018-05-23 16:51:50.703520+01:00 Info ((epoch 64)(training(((accuracy 0.71475625823451916)(loss 0.27901178598403931))))(validation(((accuracy 0.72236842105263155)(loss 0.27031210064888))))(test(((accuracy 0.77175843694493784)(loss 0.29725256562232971)))))
2018-05-23 16:51:50.731929+01:00 Info ((epoch 65)(training(((accuracy 0.71409749670619238)(loss 0.27901428937911987))))(validation(((accuracy 0.72236842105263155)(loss 0.2703339159488678))))(test(((accuracy 0.77175843694493784)(loss 0.29741361737251282)))))
2018-05-23 16:51:50.766095+01:00 Info ((epoch 66)(training(((accuracy 0.71475625823451916)(loss 0.27901321649551392))))(validation(((accuracy 0.72105263157894739)(loss 0.27029600739479065))))(test(((accuracy 0.77175843694493784)(loss 0.29748669266700745)))))
2018-05-23 16:51:50.796712+01:00 Info ((epoch 67)(training(((accuracy 0.7134387351778656)(loss 0.27900686860084534))))(validation(((accuracy 0.72105263157894739)(loss 0.27021366357803345))))(test(((accuracy 0.77175843694493784)(loss 0.297478049993515)))))
2018-05-23 16:51:50.831872+01:00 Info ((epoch 68)(training(((accuracy 0.71277997364953882)(loss 0.27900150418281555))))(validation(((accuracy 0.72763157894736841)(loss 0.27013319730758667))))(test(((accuracy 0.77175843694493784)(loss 0.29745051264762878)))))
2018-05-23 16:51:50.868573+01:00 Info ((epoch 69)(training(((accuracy 0.71310935441370227)(loss 0.27899843454360962))))(validation(((accuracy 0.72763157894736841)(loss 0.27009725570678711))))(test(((accuracy 0.77175843694493784)(loss 0.29747599363327026)))))
2018-05-23 16:51:50.904676+01:00 Info ((epoch 70)(training(((accuracy 0.7134387351778656)(loss 0.27899298071861267))))(validation(((accuracy 0.72763157894736841)(loss 0.27012282609939575))))(test(((accuracy 0.77175843694493784)(loss 0.29758810997009277)))))
2018-05-23 16:51:50.940591+01:00 Info ((epoch 71)(training(((accuracy 0.71475625823451916)(loss 0.27898469567298889))))(validation(((accuracy 0.72236842105263155)(loss 0.2702006995677948))))(test(((accuracy 0.77175843694493784)(loss 0.29776138067245483)))))
2018-05-23 16:51:50.981126+01:00 Info ((epoch 72)(training(((accuracy 0.71475625823451916)(loss 0.27897870540618896))))(validation(((accuracy 0.72236842105263155)(loss 0.2703016996383667))))(test(((accuracy 0.77175843694493784)(loss 0.29791796207427979)))))
2018-05-23 16:51:51.017240+01:00 Info ((epoch 73)(training(((accuracy 0.71475625823451916)(loss 0.27897679805755615))))(validation(((accuracy 0.72236842105263155)(loss 0.27038419246673584))))(test(((accuracy 0.77175843694493784)(loss 0.29795870184898376)))))
2018-05-23 16:51:51.048251+01:00 Info ((epoch 74)(training(((accuracy 0.71475625823451916)(loss 0.2789747416973114))))(validation(((accuracy 0.72236842105263155)(loss 0.27041122317314148))))(test(((accuracy 0.77175843694493784)(loss 0.29780960083007812)))))
2018-05-23 16:51:51.085692+01:00 Info ((epoch 75)(training(((accuracy 0.71475625823451916)(loss 0.27896964550018311))))(validation(((accuracy 0.72236842105263155)(loss 0.27037206292152405))))(test(((accuracy 0.77175843694493784)(loss 0.2974608838558197)))))
2018-05-23 16:51:51.121145+01:00 Info ((epoch 76)(training(((accuracy 0.71442687747035571)(loss 0.27896407246589661))))(validation(((accuracy 0.72236842105263155)(loss 0.27028864622116089))))(test(((accuracy 0.77175843694493784)(loss 0.296972393989563)))))
2018-05-23 16:51:51.157300+01:00 Info ((epoch 77)(training(((accuracy 0.71475625823451916)(loss 0.27896153926849365))))(validation(((accuracy 0.72236842105263155)(loss 0.27019980549812317))))(test(((accuracy 0.77175843694493784)(loss 0.29644212126731873)))))
2018-05-23 16:51:51.193554+01:00 Info ((epoch 78)(training(((accuracy 0.71508563899868249)(loss 0.27896082401275635))))(validation(((accuracy 0.72368421052631582)(loss 0.27013939619064331))))(test(((accuracy 0.77175843694493784)(loss 0.29596138000488281)))))
2018-05-23 16:51:51.222351+01:00 Info ((epoch 79)(training(((accuracy 0.71508563899868249)(loss 0.27895891666412354))))(validation(((accuracy 0.72368421052631582)(loss 0.27012407779693604))))(test(((accuracy 0.77175843694493784)(loss 0.29558420181274414)))))
2018-05-23 16:51:51.258407+01:00 Info ((epoch 80)(training(((accuracy 0.71508563899868249)(loss 0.27895557880401611))))(validation(((accuracy 0.72368421052631582)(loss 0.27015188336372375))))(test(((accuracy 0.77175843694493784)(loss 0.29531997442245483)))))
2018-05-23 16:51:51.283304+01:00 Info ((epoch 81)(training(((accuracy 0.71508563899868249)(loss 0.27895265817642212))))(validation(((accuracy 0.72368421052631582)(loss 0.2702052891254425))))(test(((accuracy 0.77175843694493784)(loss 0.29514473676681519)))))
2018-05-23 16:51:51.321112+01:00 Info ((epoch 82)(training(((accuracy 0.71409749670619238)(loss 0.27895054221153259))))(validation(((accuracy 0.72105263157894739)(loss 0.27025854587554932))))(test(((accuracy 0.77175843694493784)(loss 0.29502207040786743)))))
2018-05-23 16:51:51.352652+01:00 Info ((epoch 83)(training(((accuracy 0.71409749670619238)(loss 0.2789480984210968))))(validation(((accuracy 0.72105263157894739)(loss 0.27029019594192505))))(test(((accuracy 0.77175843694493784)(loss 0.29492568969726562)))))
2018-05-23 16:51:51.386417+01:00 Info ((epoch 84)(training(((accuracy 0.71409749670619238)(loss 0.27894508838653564))))(validation(((accuracy 0.72105263157894739)(loss 0.27029350399971008))))(test(((accuracy 0.77175843694493784)(loss 0.29485249519348145)))))
2018-05-23 16:51:51.421201+01:00 Info ((epoch 85)(training(((accuracy 0.71442687747035571)(loss 0.27894270420074463))))(validation(((accuracy 0.72105263157894739)(loss 0.27027705311775208))))(test(((accuracy 0.77175843694493784)(loss 0.29481968283653259)))))
2018-05-23 16:51:51.451644+01:00 Info ((epoch 86)(training(((accuracy 0.71442687747035571)(loss 0.27894118428230286))))(validation(((accuracy 0.72105263157894739)(loss 0.27025613188743591))))(test(((accuracy 0.77175843694493784)(loss 0.29484981298446655)))))
2018-05-23 16:51:51.484069+01:00 Info ((epoch 87)(training(((accuracy 0.71475625823451916)(loss 0.27893936634063721))))(validation(((accuracy 0.72105263157894739)(loss 0.27024328708648682))))(test(((accuracy 0.77175843694493784)(loss 0.29495427012443542)))))
2018-05-23 16:51:51.518432+01:00 Info ((epoch 88)(training(((accuracy 0.71442687747035571)(loss 0.27893665432929993))))(validation(((accuracy 0.72105263157894739)(loss 0.2702433168888092))))(test(((accuracy 0.77175843694493784)(loss 0.29512467980384827)))))
2018-05-23 16:51:51.546183+01:00 Info ((epoch 89)(training(((accuracy 0.71442687747035571)(loss 0.27893391251564026))))(validation(((accuracy 0.72105263157894739)(loss 0.27025288343429565))))(test(((accuracy 0.77175843694493784)(loss 0.29533392190933228)))))
2018-05-23 16:51:51.579007+01:00 Info ((epoch 90)(training(((accuracy 0.71409749670619238)(loss 0.27893200516700745))))(validation(((accuracy 0.72105263157894739)(loss 0.27026271820068359))))(test(((accuracy 0.77175843694493784)(loss 0.29554510116577148)))))
2018-05-23 16:51:51.615984+01:00 Info ((epoch 91)(training(((accuracy 0.71409749670619238)(loss 0.27893051505088806))))(validation(((accuracy 0.72105263157894739)(loss 0.27026307582855225))))(test(((accuracy 0.77175843694493784)(loss 0.29572531580924988)))))
2018-05-23 16:51:51.646348+01:00 Info ((epoch 92)(training(((accuracy 0.71409749670619238)(loss 0.27892878651618958))))(validation(((accuracy 0.72105263157894739)(loss 0.27025008201599121))))(test(((accuracy 0.77175843694493784)(loss 0.29585805535316467)))))
2018-05-23 16:51:51.680936+01:00 Info ((epoch 93)(training(((accuracy 0.71409749670619238)(loss 0.2789267897605896))))(validation(((accuracy 0.72105263157894739)(loss 0.27022871375083923))))(test(((accuracy 0.77175843694493784)(loss 0.29594686627388)))))
2018-05-23 16:51:51.712748+01:00 Info ((epoch 94)(training(((accuracy 0.71442687747035571)(loss 0.27892506122589111))))(validation(((accuracy 0.72105263157894739)(loss 0.2702099084854126))))(test(((accuracy 0.77175843694493784)(loss 0.29600995779037476)))))
2018-05-23 16:51:51.750195+01:00 Info ((epoch 95)(training(((accuracy 0.71409749670619238)(loss 0.27892360091209412))))(validation(((accuracy 0.72105263157894739)(loss 0.27020382881164551))))(test(((accuracy 0.77175843694493784)(loss 0.2960675060749054)))))
2018-05-23 16:51:51.785766+01:00 Info ((epoch 96)(training(((accuracy 0.71442687747035571)(loss 0.27892217040061951))))(validation(((accuracy 0.72236842105263155)(loss 0.27021455764770508))))(test(((accuracy 0.77175843694493784)(loss 0.29613098502159119)))))
2018-05-23 16:51:51.818554+01:00 Info ((epoch 97)(training(((accuracy 0.71409749670619238)(loss 0.27892059087753296))))(validation(((accuracy 0.72105263157894739)(loss 0.27023890614509583))))(test(((accuracy 0.77175843694493784)(loss 0.2961978018283844)))))
2018-05-23 16:51:51.850381+01:00 Info ((epoch 98)(training(((accuracy 0.71409749670619238)(loss 0.27891907095909119))))(validation(((accuracy 0.72105263157894739)(loss 0.27026745676994324))))(test(((accuracy 0.77175843694493784)(loss 0.29625234007835388)))))
2018-05-23 16:51:51.885604+01:00 Info ((epoch 99)(training(((accuracy 0.71409749670619238)(loss 0.27891775965690613))))(validation(((accuracy 0.72105263157894739)(loss 0.27028930187225342))))(test(((accuracy 0.77175843694493784)(loss 0.29627436399459839)))))
2018-05-23 16:51:51.915053+01:00 Info ((epoch 100)(training(((accuracy 0.71409749670619238)(loss 0.27891632914543152))))(validation(((accuracy 0.72105263157894739)(loss 0.27029669284820557))))(test(((accuracy 0.77175843694493784)(loss 0.29624843597412109)))))
2018-05-23 16:51:51.947367+01:00 Info ((epoch 101)(training(((accuracy 0.71409749670619238)(loss 0.2789146900177002))))(validation(((accuracy 0.72105263157894739)(loss 0.27028867602348328))))(test(((accuracy 0.77175843694493784)(loss 0.29617178440093994)))))
2018-05-23 16:51:51.979979+01:00 Info ((epoch 102)(training(((accuracy 0.71409749670619238)(loss 0.27891311049461365))))(validation(((accuracy 0.72105263157894739)(loss 0.2702714204788208))))(test(((accuracy 0.77175843694493784)(loss 0.296055406332016)))))
2018-05-23 16:51:52.014618+01:00 Info ((epoch 103)(training(((accuracy 0.71442687747035571)(loss 0.2789117693901062))))(validation(((accuracy 0.72236842105263155)(loss 0.27025425434112549))))(test(((accuracy 0.77175843694493784)(loss 0.29591885209083557)))))
2018-05-23 16:51:52.053840+01:00 Info ((epoch 104)(training(((accuracy 0.71442687747035571)(loss 0.27891057729721069))))(validation(((accuracy 0.72236842105263155)(loss 0.27024519443511963))))(test(((accuracy 0.77175843694493784)(loss 0.29578205943107605)))))
2018-05-23 16:51:52.081524+01:00 Info ((epoch 105)(training(((accuracy 0.71442687747035571)(loss 0.27890920639038086))))(validation(((accuracy 0.72236842105263155)(loss 0.27024760842323303))))(test(((accuracy 0.77175843694493784)(loss 0.295658141374588)))))
2018-05-23 16:51:52.115090+01:00 Info ((epoch 106)(training(((accuracy 0.71442687747035571)(loss 0.27890786528587341))))(validation(((accuracy 0.72236842105263155)(loss 0.27025949954986572))))(test(((accuracy 0.77175843694493784)(loss 0.29555070400238037)))))
2018-05-23 16:51:52.145179+01:00 Info ((epoch 107)(training(((accuracy 0.71409749670619238)(loss 0.27890655398368835))))(validation(((accuracy 0.72105263157894739)(loss 0.27027496695518494))))(test(((accuracy 0.77175843694493784)(loss 0.29545602202415466)))))
2018-05-23 16:51:52.179345+01:00 Info ((epoch 108)(training(((accuracy 0.71409749670619238)(loss 0.27890539169311523))))(validation(((accuracy 0.72105263157894739)(loss 0.27028733491897583))))(test(((accuracy 0.77175843694493784)(loss 0.29536846280097961)))))
2018-05-23 16:51:52.212460+01:00 Info ((epoch 109)(training(((accuracy 0.71409749670619238)(loss 0.2789042592048645))))(validation(((accuracy 0.72105263157894739)(loss 0.27029216289520264))))(test(((accuracy 0.77175843694493784)(loss 0.29528564214706421)))))
2018-05-23 16:51:52.251039+01:00 Info ((epoch 110)(training(((accuracy 0.71409749670619238)(loss 0.278903067111969))))(validation(((accuracy 0.72105263157894739)(loss 0.27028921246528625))))(test(((accuracy 0.77175843694493784)(loss 0.29521158337593079)))))
2018-05-23 16:51:52.289722+01:00 Info ((epoch 111)(training(((accuracy 0.71442687747035571)(loss 0.27890196442604065))))(validation(((accuracy 0.72236842105263155)(loss 0.27028191089630127))))(test(((accuracy 0.77175843694493784)(loss 0.29515504837036133)))))
2018-05-23 16:51:52.319067+01:00 Info ((epoch 112)(training(((accuracy 0.71442687747035571)(loss 0.27890089154243469))))(validation(((accuracy 0.72236842105263155)(loss 0.27027496695518494))))(test(((accuracy 0.77175843694493784)(loss 0.29512450098991394)))))
2018-05-23 16:51:52.345109+01:00 Info ((epoch 113)(training(((accuracy 0.71442687747035571)(loss 0.27889981865882874))))(validation(((accuracy 0.72236842105263155)(loss 0.27027204632759094))))(test(((accuracy 0.77175843694493784)(loss 0.29512330889701843)))))
2018-05-23 16:51:52.380795+01:00 Info ((epoch 114)(training(((accuracy 0.71442687747035571)(loss 0.278898686170578))))(validation(((accuracy 0.72236842105263155)(loss 0.27027422189712524))))(test(((accuracy 0.77175843694493784)(loss 0.29514694213867188)))))
2018-05-23 16:51:52.421399+01:00 Info ((epoch 115)(training(((accuracy 0.71409749670619238)(loss 0.27889764308929443))))(validation(((accuracy 0.72105263157894739)(loss 0.27027997374534607))))(test(((accuracy 0.77175843694493784)(loss 0.29518431425094604)))))
2018-05-23 16:51:52.453746+01:00 Info ((epoch 116)(training(((accuracy 0.71409749670619238)(loss 0.27889665961265564))))(validation(((accuracy 0.72105263157894739)(loss 0.27028611302375793))))(test(((accuracy 0.77175843694493784)(loss 0.29522129893302917)))))
2018-05-23 16:51:52.488553+01:00 Info ((epoch 117)(training(((accuracy 0.71409749670619238)(loss 0.27889573574066162))))(validation(((accuracy 0.72105263157894739)(loss 0.27029001712799072))))(test(((accuracy 0.77175843694493784)(loss 0.2952466607093811)))))
2018-05-23 16:51:52.523846+01:00 Info ((epoch 118)(training(((accuracy 0.71409749670619238)(loss 0.27889469265937805))))(validation(((accuracy 0.72105263157894739)(loss 0.2702907919883728))))(test(((accuracy 0.77175843694493784)(loss 0.29525533318519592)))))
2018-05-23 16:51:52.551962+01:00 Info ((epoch 119)(training(((accuracy 0.71409749670619238)(loss 0.27889370918273926))))(validation(((accuracy 0.72105263157894739)(loss 0.27028968930244446))))(test(((accuracy 0.77175843694493784)(loss 0.2952495813369751)))))
2018-05-23 16:51:52.593090+01:00 Info ((epoch 120)(training(((accuracy 0.71409749670619238)(loss 0.27889275550842285))))(validation(((accuracy 0.72105263157894739)(loss 0.27028900384902954))))(test(((accuracy 0.77175843694493784)(loss 0.29523599147796631)))))
2018-05-23 16:51:52.623117+01:00 Info ((epoch 121)(training(((accuracy 0.71409749670619238)(loss 0.27889189124107361))))(validation(((accuracy 0.72105263157894739)(loss 0.27029091119766235))))(test(((accuracy 0.77175843694493784)(loss 0.2952217161655426)))))
2018-05-23 16:51:52.656583+01:00 Info ((epoch 122)(training(((accuracy 0.71409749670619238)(loss 0.27889096736907959))))(validation(((accuracy 0.72105263157894739)(loss 0.27029591798782349))))(test(((accuracy 0.77175843694493784)(loss 0.29521095752716064)))))
2018-05-23 16:51:52.696032+01:00 Info ((epoch 123)(training(((accuracy 0.71409749670619238)(loss 0.27889007329940796))))(validation(((accuracy 0.72105263157894739)(loss 0.27030271291732788))))(test(((accuracy 0.77175843694493784)(loss 0.2952038049697876)))))
2018-05-23 16:51:52.726963+01:00 Info ((epoch 124)(training(((accuracy 0.71409749670619238)(loss 0.27888920903205872))))(validation(((accuracy 0.72105263157894739)(loss 0.27030885219573975))))(test(((accuracy 0.77175843694493784)(loss 0.29519721865653992)))))
2018-05-23 16:51:52.756728+01:00 Info ((epoch 125)(training(((accuracy 0.71409749670619238)(loss 0.27888840436935425))))(validation(((accuracy 0.72105263157894739)(loss 0.27031207084655762))))(test(((accuracy 0.77175843694493784)(loss 0.29518792033195496)))))
2018-05-23 16:51:52.796770+01:00 Info ((epoch 126)(training(((accuracy 0.71409749670619238)(loss 0.278887540102005))))(validation(((accuracy 0.72105263157894739)(loss 0.27031123638153076))))(test(((accuracy 0.77175843694493784)(loss 0.29517421126365662)))))
2018-05-23 16:51:52.834635+01:00 Info ((epoch 127)(training(((accuracy 0.71409749670619238)(loss 0.27888673543930054))))(validation(((accuracy 0.72105263157894739)(loss 0.27030721306800842))))(test(((accuracy 0.77175843694493784)(loss 0.29515767097473145)))))
2018-05-23 16:51:52.874524+01:00 Info ((epoch 128)(training(((accuracy 0.71409749670619238)(loss 0.27888593077659607))))(validation(((accuracy 0.72105263157894739)(loss 0.27030196785926819))))(test(((accuracy 0.77175843694493784)(loss 0.2951415479183197)))))
2018-05-23 16:51:52.905220+01:00 Info ((epoch 129)(training(((accuracy 0.71409749670619238)(loss 0.278885155916214))))(validation(((accuracy 0.72105263157894739)(loss 0.27029821276664734))))(test(((accuracy 0.77175843694493784)(loss 0.29512935876846313)))))
2018-05-23 16:51:52.937485+01:00 Info ((epoch 130)(training(((accuracy 0.71409749670619238)(loss 0.27888438105583191))))(validation(((accuracy 0.72105263157894739)(loss 0.27029749751091003))))(test(((accuracy 0.77175843694493784)(loss 0.29512244462966919)))))
2018-05-23 16:51:52.974752+01:00 Info ((epoch 131)(training(((accuracy 0.71409749670619238)(loss 0.27888363599777222))))(validation(((accuracy 0.72105263157894739)(loss 0.27030006051063538))))(test(((accuracy 0.77175843694493784)(loss 0.29511955380439758)))))
2018-05-23 16:51:53.014329+01:00 Info ((epoch 132)(training(((accuracy 0.71409749670619238)(loss 0.27888289093971252))))(validation(((accuracy 0.72105263157894739)(loss 0.27030465006828308))))(test(((accuracy 0.77175843694493784)(loss 0.29511693120002747)))))
2018-05-23 16:51:53.054368+01:00 Info ((epoch 133)(training(((accuracy 0.71409749670619238)(loss 0.27888217568397522))))(validation(((accuracy 0.72105263157894739)(loss 0.27030938863754272))))(test(((accuracy 0.77175843694493784)(loss 0.29511034488677979)))))
2018-05-23 16:51:53.093445+01:00 Info ((epoch 134)(training(((accuracy 0.71409749670619238)(loss 0.27888152003288269))))(validation(((accuracy 0.72105263157894739)(loss 0.27031254768371582))))(test(((accuracy 0.77175843694493784)(loss 0.29509672522544861)))))
2018-05-23 16:51:53.132820+01:00 Info ((epoch 135)(training(((accuracy 0.71409749670619238)(loss 0.27888080477714539))))(validation(((accuracy 0.72105263157894739)(loss 0.27031326293945312))))(test(((accuracy 0.77175843694493784)(loss 0.29507562518119812)))))
2018-05-23 16:51:53.172801+01:00 Info ((epoch 136)(training(((accuracy 0.71409749670619238)(loss 0.27888011932373047))))(validation(((accuracy 0.72105263157894739)(loss 0.27031207084655762))))(test(((accuracy 0.77175843694493784)(loss 0.2950490415096283)))))
2018-05-23 16:51:53.211974+01:00 Info ((epoch 137)(training(((accuracy 0.71409749670619238)(loss 0.27887943387031555))))(validation(((accuracy 0.72105263157894739)(loss 0.27031019330024719))))(test(((accuracy 0.77175843694493784)(loss 0.29502072930336)))))
2018-05-23 16:51:53.250635+01:00 Info ((epoch 138)(training(((accuracy 0.71409749670619238)(loss 0.27887880802154541))))(validation(((accuracy 0.72105263157894739)(loss 0.27030891180038452))))(test(((accuracy 0.77175843694493784)(loss 0.29499426484107971)))))
2018-05-23 16:51:53.290452+01:00 Info ((epoch 139)(training(((accuracy 0.71409749670619238)(loss 0.27887818217277527))))(validation(((accuracy 0.72105263157894739)(loss 0.27030912041664124))))(test(((accuracy 0.77175843694493784)(loss 0.29497182369232178)))))
2018-05-23 16:51:53.330754+01:00 Info ((epoch 140)(training(((accuracy 0.71409749670619238)(loss 0.27887752652168274))))(validation(((accuracy 0.72105263157894739)(loss 0.27031081914901733))))(test(((accuracy 0.77175843694493784)(loss 0.29495373368263245)))))
2018-05-23 16:51:53.369637+01:00 Info ((epoch 141)(training(((accuracy 0.71409749670619238)(loss 0.278876930475235))))(validation(((accuracy 0.72105263157894739)(loss 0.27031329274177551))))(test(((accuracy 0.77175843694493784)(loss 0.29493880271911621)))))
2018-05-23 16:51:53.406328+01:00 Info ((epoch 142)(training(((accuracy 0.71409749670619238)(loss 0.27887633442878723))))(validation(((accuracy 0.72105263157894739)(loss 0.27031570672988892))))(test(((accuracy 0.77175843694493784)(loss 0.29492521286010742)))))
2018-05-23 16:51:53.445088+01:00 Info ((epoch 143)(training(((accuracy 0.71409749670619238)(loss 0.27887573838233948))))(validation(((accuracy 0.72105263157894739)(loss 0.27031746506690979))))(test(((accuracy 0.77175843694493784)(loss 0.29491186141967773)))))
2018-05-23 16:51:53.483698+01:00 Info ((epoch 144)(training(((accuracy 0.71409749670619238)(loss 0.27887517213821411))))(validation(((accuracy 0.72105263157894739)(loss 0.27031856775283813))))(test(((accuracy 0.77175843694493784)(loss 0.2948983907699585)))))
2018-05-23 16:51:53.525069+01:00 Info ((epoch 145)(training(((accuracy 0.71409749670619238)(loss 0.27887460589408875))))(validation(((accuracy 0.72105263157894739)(loss 0.27031934261322021))))(test(((accuracy 0.77175843694493784)(loss 0.29488575458526611)))))
2018-05-23 16:51:53.565017+01:00 Info ((epoch 146)(training(((accuracy 0.71409749670619238)(loss 0.27887406945228577))))(validation(((accuracy 0.72105263157894739)(loss 0.27032044529914856))))(test(((accuracy 0.77175843694493784)(loss 0.29487499594688416)))))
2018-05-23 16:51:53.602729+01:00 Info ((epoch 147)(training(((accuracy 0.71409749670619238)(loss 0.27887353301048279))))(validation(((accuracy 0.72105263157894739)(loss 0.27032214403152466))))(test(((accuracy 0.77175843694493784)(loss 0.29486671090126038)))))
2018-05-23 16:51:53.642874+01:00 Info ((epoch 148)(training(((accuracy 0.71409749670619238)(loss 0.2788730263710022))))(validation(((accuracy 0.72105263157894739)(loss 0.27032452821731567))))(test(((accuracy 0.77175843694493784)(loss 0.29486063122749329)))))
2018-05-23 16:51:53.681665+01:00 Info ((epoch 149)(training(((accuracy 0.71409749670619238)(loss 0.27887248992919922))))(validation(((accuracy 0.72105263157894739)(loss 0.27032700181007385))))(test(((accuracy 0.77175843694493784)(loss 0.29485544562339783)))))
2018-05-23 16:51:53.722919+01:00 Info ((epoch 150)(training(((accuracy 0.71409749670619238)(loss 0.27887195348739624))))(validation(((accuracy 0.72105263157894739)(loss 0.27032896876335144))))(test(((accuracy 0.77175843694493784)(loss 0.29484936594963074)))))
2018-05-23 16:51:53.763573+01:00 Info ((epoch 151)(training(((accuracy 0.71409749670619238)(loss 0.27887144684791565))))(validation(((accuracy 0.72105263157894739)(loss 0.270330011844635))))(test(((accuracy 0.77175843694493784)(loss 0.29484108090400696)))))
2018-05-23 16:51:53.804514+01:00 Info ((epoch 152)(training(((accuracy 0.71409749670619238)(loss 0.27887097001075745))))(validation(((accuracy 0.72105263157894739)(loss 0.27033010125160217))))(test(((accuracy 0.77175843694493784)(loss 0.29483029246330261)))))
2018-05-23 16:51:53.844075+01:00 Info ((epoch 153)(training(((accuracy 0.71409749670619238)(loss 0.27887049317359924))))(validation(((accuracy 0.72105263157894739)(loss 0.27032965421676636))))(test(((accuracy 0.77175843694493784)(loss 0.29481765627861023)))))
2018-05-23 16:51:53.882988+01:00 Info ((epoch 154)(training(((accuracy 0.71409749670619238)(loss 0.27887001633644104))))(validation(((accuracy 0.72105263157894739)(loss 0.27032935619354248))))(test(((accuracy 0.77175843694493784)(loss 0.29480460286140442)))))
2018-05-23 16:51:53.922364+01:00 Info ((epoch 155)(training(((accuracy 0.71409749670619238)(loss 0.27886950969696045))))(validation(((accuracy 0.72105263157894739)(loss 0.27032974362373352))))(test(((accuracy 0.77175843694493784)(loss 0.29479238390922546)))))
2018-05-23 16:51:53.961880+01:00 Info ((epoch 156)(training(((accuracy 0.71409749670619238)(loss 0.27886906266212463))))(validation(((accuracy 0.72105263157894739)(loss 0.2703309953212738))))(test(((accuracy 0.77175843694493784)(loss 0.29478168487548828)))))
2018-05-23 16:51:54.001284+01:00 Info ((epoch 157)(training(((accuracy 0.71409749670619238)(loss 0.27886867523193359))))(validation(((accuracy 0.72105263157894739)(loss 0.27033299207687378))))(test(((accuracy 0.77175843694493784)(loss 0.29477229714393616)))))
2018-05-23 16:51:54.041904+01:00 Info ((epoch 158)(training(((accuracy 0.71409749670619238)(loss 0.27886822819709778))))(validation(((accuracy 0.72105263157894739)(loss 0.27033519744873047))))(test(((accuracy 0.77175843694493784)(loss 0.29476305842399597)))))
2018-05-23 16:51:54.082134+01:00 Info ((epoch 159)(training(((accuracy 0.71409749670619238)(loss 0.27886775135993958))))(validation(((accuracy 0.72105263157894739)(loss 0.27033701539039612))))(test(((accuracy 0.77175843694493784)(loss 0.29475295543670654)))))
2018-05-23 16:51:54.121602+01:00 Info ((epoch 160)(training(((accuracy 0.71409749670619238)(loss 0.27886736392974854))))(validation(((accuracy 0.72105263157894739)(loss 0.270338237285614))))(test(((accuracy 0.77175843694493784)(loss 0.29474136233329773)))))
2018-05-23 16:51:54.160987+01:00 Info ((epoch 161)(training(((accuracy 0.71409749670619238)(loss 0.27886694669723511))))(validation(((accuracy 0.72105263157894739)(loss 0.27033880352973938))))(test(((accuracy 0.77175843694493784)(loss 0.29472815990448)))))
2018-05-23 16:51:54.201795+01:00 Info ((epoch 162)(training(((accuracy 0.71409749670619238)(loss 0.27886655926704407))))(validation(((accuracy 0.72105263157894739)(loss 0.27033898234367371))))(test(((accuracy 0.77175843694493784)(loss 0.294714093208313)))))
2018-05-23 16:51:54.244077+01:00 Info ((epoch 163)(training(((accuracy 0.71409749670619238)(loss 0.278866171836853))))(validation(((accuracy 0.72105263157894739)(loss 0.27033913135528564))))(test(((accuracy 0.77175843694493784)(loss 0.29469993710517883)))))
2018-05-23 16:51:54.282792+01:00 Info ((epoch 164)(training(((accuracy 0.71409749670619238)(loss 0.2788657546043396))))(validation(((accuracy 0.72105263157894739)(loss 0.27033963799476624))))(test(((accuracy 0.77175843694493784)(loss 0.29468643665313721)))))
2018-05-23 16:51:54.322150+01:00 Info ((epoch 165)(training(((accuracy 0.71409749670619238)(loss 0.27886536717414856))))(validation(((accuracy 0.72105263157894739)(loss 0.27034056186676025))))(test(((accuracy 0.77175843694493784)(loss 0.29467377066612244)))))
2018-05-23 16:51:54.363689+01:00 Info ((epoch 166)(training(((accuracy 0.71409749670619238)(loss 0.27886500954627991))))(validation(((accuracy 0.72105263157894739)(loss 0.27034178376197815))))(test(((accuracy 0.77175843694493784)(loss 0.29466179013252258)))))
2018-05-23 16:51:54.402357+01:00 Info ((epoch 167)(training(((accuracy 0.71409749670619238)(loss 0.27886462211608887))))(validation(((accuracy 0.72105263157894739)(loss 0.27034306526184082))))(test(((accuracy 0.77175843694493784)(loss 0.29464995861053467)))))
2018-05-23 16:51:54.438164+01:00 Info ((epoch 168)(training(((accuracy 0.71409749670619238)(loss 0.2788642942905426))))(validation(((accuracy 0.72105263157894739)(loss 0.27034419775009155))))(test(((accuracy 0.77175843694493784)(loss 0.29463821649551392)))))
2018-05-23 16:51:54.471004+01:00 Info ((epoch 169)(training(((accuracy 0.71409749670619238)(loss 0.27886393666267395))))(validation(((accuracy 0.72105263157894739)(loss 0.27034509181976318))))(test(((accuracy 0.77175843694493784)(loss 0.29462647438049316)))))
2018-05-23 16:51:54.506067+01:00 Info ((epoch 170)(training(((accuracy 0.71409749670619238)(loss 0.27886360883712769))))(validation(((accuracy 0.72105263157894739)(loss 0.27034589648246765))))(test(((accuracy 0.77175843694493784)(loss 0.29461532831192017)))))
2018-05-23 16:51:54.545145+01:00 Info ((epoch 171)(training(((accuracy 0.71409749670619238)(loss 0.27886325120925903))))(validation(((accuracy 0.72105263157894739)(loss 0.27034661173820496))))(test(((accuracy 0.77175843694493784)(loss 0.29460522532463074)))))
2018-05-23 16:51:54.573333+01:00 Info ((epoch 172)(training(((accuracy 0.71409749670619238)(loss 0.27886292338371277))))(validation(((accuracy 0.72105263157894739)(loss 0.27034756541252136))))(test(((accuracy 0.77175843694493784)(loss 0.29459655284881592)))))
2018-05-23 16:51:54.609469+01:00 Info ((epoch 173)(training(((accuracy 0.71409749670619238)(loss 0.2788625955581665))))(validation(((accuracy 0.72105263157894739)(loss 0.27034866809844971))))(test(((accuracy 0.77175843694493784)(loss 0.29458922147750854)))))
2018-05-23 16:51:54.648571+01:00 Info ((epoch 174)(training(((accuracy 0.71409749670619238)(loss 0.27886226773262024))))(validation(((accuracy 0.72105263157894739)(loss 0.2703498899936676))))(test(((accuracy 0.77175843694493784)(loss 0.29458296298980713)))))
2018-05-23 16:51:54.682124+01:00 Info ((epoch 175)(training(((accuracy 0.71409749670619238)(loss 0.27886196970939636))))(validation(((accuracy 0.72105263157894739)(loss 0.27035105228424072))))(test(((accuracy 0.77175843694493784)(loss 0.294577032327652)))))
2018-05-23 16:51:54.719962+01:00 Info ((epoch 176)(training(((accuracy 0.71409749670619238)(loss 0.27886167168617249))))(validation(((accuracy 0.72105263157894739)(loss 0.2703520655632019))))(test(((accuracy 0.77175843694493784)(loss 0.2945709228515625)))))
2018-05-23 16:51:54.757683+01:00 Info ((epoch 177)(training(((accuracy 0.71409749670619238)(loss 0.27886137366294861))))(validation(((accuracy 0.72105263157894739)(loss 0.2703528106212616))))(test(((accuracy 0.77175843694493784)(loss 0.29456418752670288)))))
2018-05-23 16:51:54.795508+01:00 Info ((epoch 178)(training(((accuracy 0.71409749670619238)(loss 0.27886107563972473))))(validation(((accuracy 0.72105263157894739)(loss 0.27035337686538696))))(test(((accuracy 0.77175843694493784)(loss 0.29455670714378357)))))
2018-05-23 16:51:54.828690+01:00 Info ((epoch 179)(training(((accuracy 0.71409749670619238)(loss 0.27886074781417847))))(validation(((accuracy 0.72105263157894739)(loss 0.27035397291183472))))(test(((accuracy 0.77175843694493784)(loss 0.29454872012138367)))))
2018-05-23 16:51:54.858594+01:00 Info ((epoch 180)(training(((accuracy 0.71409749670619238)(loss 0.278860479593277))))(validation(((accuracy 0.72105263157894739)(loss 0.270354688167572))))(test(((accuracy 0.77175843694493784)(loss 0.29454049468040466)))))
2018-05-23 16:51:54.893796+01:00 Info ((epoch 181)(training(((accuracy 0.71409749670619238)(loss 0.27886021137237549))))(validation(((accuracy 0.72105263157894739)(loss 0.27035564184188843))))(test(((accuracy 0.77175843694493784)(loss 0.29453220963478088)))))
2018-05-23 16:51:54.926717+01:00 Info ((epoch 182)(training(((accuracy 0.71409749670619238)(loss 0.278859943151474))))(validation(((accuracy 0.72105263157894739)(loss 0.27035677433013916))))(test(((accuracy 0.77175843694493784)(loss 0.29452398419380188)))))
2018-05-23 16:51:54.961801+01:00 Info ((epoch 183)(training(((accuracy 0.71409749670619238)(loss 0.27885967493057251))))(validation(((accuracy 0.72105263157894739)(loss 0.27035790681838989))))(test(((accuracy 0.77175843694493784)(loss 0.29451572895050049)))))
2018-05-23 16:51:54.995838+01:00 Info ((epoch 184)(training(((accuracy 0.71409749670619238)(loss 0.278859406709671))))(validation(((accuracy 0.72105263157894739)(loss 0.270359069108963))))(test(((accuracy 0.77175843694493784)(loss 0.29450723528862)))))
2018-05-23 16:51:55.028828+01:00 Info ((epoch 185)(training(((accuracy 0.71409749670619238)(loss 0.27885913848876953))))(validation(((accuracy 0.72105263157894739)(loss 0.27035996317863464))))(test(((accuracy 0.77175843694493784)(loss 0.29449853301048279)))))
2018-05-23 16:51:55.061407+01:00 Info ((epoch 186)(training(((accuracy 0.71409749670619238)(loss 0.27885890007019043))))(validation(((accuracy 0.72105263157894739)(loss 0.27036073803901672))))(test(((accuracy 0.77175843694493784)(loss 0.29448956251144409)))))
2018-05-23 16:51:55.089500+01:00 Info ((epoch 187)(training(((accuracy 0.71409749670619238)(loss 0.27885869145393372))))(validation(((accuracy 0.72105263157894739)(loss 0.27036139369010925))))(test(((accuracy 0.77175843694493784)(loss 0.2944805920124054)))))
2018-05-23 16:51:55.123785+01:00 Info ((epoch 188)(training(((accuracy 0.71409749670619238)(loss 0.27885842323303223))))(validation(((accuracy 0.72105263157894739)(loss 0.27036204934120178))))(test(((accuracy 0.77175843694493784)(loss 0.29447183012962341)))))
2018-05-23 16:51:55.149631+01:00 Info ((epoch 189)(training(((accuracy 0.71409749670619238)(loss 0.27885818481445312))))(validation(((accuracy 0.72105263157894739)(loss 0.27036276459693909))))(test(((accuracy 0.77175843694493784)(loss 0.2944633960723877)))))
2018-05-23 16:51:55.171573+01:00 Info ((epoch 190)(training(((accuracy 0.71409749670619238)(loss 0.278857946395874))))(validation(((accuracy 0.72105263157894739)(loss 0.27036365866661072))))(test(((accuracy 0.77175843694493784)(loss 0.29445540904998779)))))
2018-05-23 16:51:55.201043+01:00 Info ((epoch 191)(training(((accuracy 0.71409749670619238)(loss 0.27885770797729492))))(validation(((accuracy 0.72105263157894739)(loss 0.27036452293395996))))(test(((accuracy 0.77175843694493784)(loss 0.29444772005081177)))))
2018-05-23 16:51:55.233882+01:00 Info ((epoch 192)(training(((accuracy 0.71409749670619238)(loss 0.27885746955871582))))(validation(((accuracy 0.72105263157894739)(loss 0.27036553621292114))))(test(((accuracy 0.77175843694493784)(loss 0.29444012045860291)))))
2018-05-23 16:51:55.257553+01:00 Info ((epoch 193)(training(((accuracy 0.71409749670619238)(loss 0.27885729074478149))))(validation(((accuracy 0.72105263157894739)(loss 0.27036643028259277))))(test(((accuracy 0.77175843694493784)(loss 0.29443255066871643)))))
2018-05-23 16:51:55.285499+01:00 Info ((epoch 194)(training(((accuracy 0.71409749670619238)(loss 0.27885702252388))))(validation(((accuracy 0.72105263157894739)(loss 0.27036726474761963))))(test(((accuracy 0.77175843694493784)(loss 0.29442477226257324)))))
2018-05-23 16:51:55.318187+01:00 Info ((epoch 195)(training(((accuracy 0.71409749670619238)(loss 0.27885684370994568))))(validation(((accuracy 0.72105263157894739)(loss 0.27036800980567932))))(test(((accuracy 0.77175843694493784)(loss 0.29441699385643005)))))
2018-05-23 16:51:55.349303+01:00 Info ((epoch 196)(training(((accuracy 0.71409749670619238)(loss 0.27885663509368896))))(validation(((accuracy 0.72105263157894739)(loss 0.27036869525909424))))(test(((accuracy 0.77175843694493784)(loss 0.29440924525260925)))))
2018-05-23 16:51:55.379661+01:00 Info ((epoch 197)(training(((accuracy 0.71409749670619238)(loss 0.27885642647743225))))(validation(((accuracy 0.72105263157894739)(loss 0.27036941051483154))))(test(((accuracy 0.77175843694493784)(loss 0.29440170526504517)))))
2018-05-23 16:51:55.406853+01:00 Info ((epoch 198)(training(((accuracy 0.71409749670619238)(loss 0.27885621786117554))))(validation(((accuracy 0.72105263157894739)(loss 0.27037012577056885))))(test(((accuracy 0.77175843694493784)(loss 0.29439449310302734)))))
2018-05-23 16:51:55.437722+01:00 Info ((epoch 199)(training(((accuracy 0.71409749670619238)(loss 0.27885603904724121))))(validation(((accuracy 0.72105263157894739)(loss 0.27037093043327332))))(test(((accuracy 0.77175843694493784)(loss 0.294387549161911)))))
2018-05-23 16:51:55.470900+01:00 Info ((epoch 200)(training(((accuracy 0.71409749670619238)(loss 0.27885586023330688))))(validation(((accuracy 0.72105263157894739)(loss 0.27037173509597778))))(test(((accuracy 0.77175843694493784)(loss 0.29438090324401855)))))
2018-05-23 16:51:55.498016+01:00 Info ((epoch 201)(training(((accuracy 0.71409749670619238)(loss 0.27885565161705017))))(validation(((accuracy 0.72105263157894739)(loss 0.27037245035171509))))(test(((accuracy 0.77175843694493784)(loss 0.29437428712844849)))))
2018-05-23 16:51:55.527917+01:00 Info ((epoch 202)(training(((accuracy 0.71409749670619238)(loss 0.27885547280311584))))(validation(((accuracy 0.72105263157894739)(loss 0.27037313580513))))(test(((accuracy 0.77175843694493784)(loss 0.29436773061752319)))))
2018-05-23 16:51:55.554304+01:00 Info ((epoch 203)(training(((accuracy 0.71409749670619238)(loss 0.27885526418685913))))(validation(((accuracy 0.72105263157894739)(loss 0.27037370204925537))))(test(((accuracy 0.77175843694493784)(loss 0.29436114430427551)))))
2018-05-23 16:51:55.587107+01:00 Info ((epoch 204)(training(((accuracy 0.71409749670619238)(loss 0.27885511517524719))))(validation(((accuracy 0.72105263157894739)(loss 0.2703743577003479))))(test(((accuracy 0.77175843694493784)(loss 0.29435461759567261)))))
2018-05-23 16:51:55.620966+01:00 Info ((epoch 205)(training(((accuracy 0.71409749670619238)(loss 0.27885490655899048))))(validation(((accuracy 0.72105263157894739)(loss 0.27037501335144043))))(test(((accuracy 0.77175843694493784)(loss 0.29434818029403687)))))
2018-05-23 16:51:55.652050+01:00 Info ((epoch 206)(training(((accuracy 0.71409749670619238)(loss 0.27885472774505615))))(validation(((accuracy 0.72105263157894739)(loss 0.27037569880485535))))(test(((accuracy 0.77175843694493784)(loss 0.29434189200401306)))))
2018-05-23 16:51:55.677192+01:00 Info ((epoch 207)(training(((accuracy 0.71409749670619238)(loss 0.27885454893112183))))(validation(((accuracy 0.72105263157894739)(loss 0.27037647366523743))))(test(((accuracy 0.77175843694493784)(loss 0.29433569312095642)))))
2018-05-23 16:51:55.706919+01:00 Info ((epoch 208)(training(((accuracy 0.71409749670619238)(loss 0.27885442972183228))))(validation(((accuracy 0.72105263157894739)(loss 0.27037724852561951))))(test(((accuracy 0.77175843694493784)(loss 0.29432958364486694)))))
2018-05-23 16:51:55.740802+01:00 Info ((epoch 209)(training(((accuracy 0.71409749670619238)(loss 0.27885425090789795))))(validation(((accuracy 0.72105263157894739)(loss 0.27037796378135681))))(test(((accuracy 0.77175843694493784)(loss 0.29432341456413269)))))
2018-05-23 16:51:55.766576+01:00 Info ((epoch 210)(training(((accuracy 0.71409749670619238)(loss 0.278854101896286))))(validation(((accuracy 0.72105263157894739)(loss 0.27037864923477173))))(test(((accuracy 0.77175843694493784)(loss 0.29431724548339844)))))
2018-05-23 16:51:55.791502+01:00 Info ((epoch 211)(training(((accuracy 0.71409749670619238)(loss 0.27885395288467407))))(validation(((accuracy 0.72105263157894739)(loss 0.27037930488586426))))(test(((accuracy 0.77175843694493784)(loss 0.294310986995697)))))
2018-05-23 16:51:55.816994+01:00 Info ((epoch 212)(training(((accuracy 0.71409749670619238)(loss 0.27885377407073975))))(validation(((accuracy 0.72105263157894739)(loss 0.27037984132766724))))(test(((accuracy 0.77175843694493784)(loss 0.29430469870567322)))))
2018-05-23 16:51:55.842167+01:00 Info ((epoch 213)(training(((accuracy 0.71409749670619238)(loss 0.2788536548614502))))(validation(((accuracy 0.72105263157894739)(loss 0.270380437374115))))(test(((accuracy 0.77175843694493784)(loss 0.29429847002029419)))))
2018-05-23 16:51:55.884156+01:00 Info ((epoch 214)(training(((accuracy 0.71409749670619238)(loss 0.27885350584983826))))(validation(((accuracy 0.72105263157894739)(loss 0.27038100361824036))))(test(((accuracy 0.77175843694493784)(loss 0.29429236054420471)))))
2018-05-23 16:51:55.913015+01:00 Info ((epoch 215)(training(((accuracy 0.71409749670619238)(loss 0.27885335683822632))))(validation(((accuracy 0.72105263157894739)(loss 0.27038165926933289))))(test(((accuracy 0.77175843694493784)(loss 0.29428640007972717)))))
2018-05-23 16:51:55.937585+01:00 Info ((epoch 216)(training(((accuracy 0.71409749670619238)(loss 0.278853178024292))))(validation(((accuracy 0.72105263157894739)(loss 0.2703823447227478))))(test(((accuracy 0.77175843694493784)(loss 0.29428049921989441)))))
2018-05-23 16:51:55.963367+01:00 Info ((epoch 217)(training(((accuracy 0.71409749670619238)(loss 0.27885305881500244))))(validation(((accuracy 0.72105263157894739)(loss 0.27038300037384033))))(test(((accuracy 0.77175843694493784)(loss 0.29427474737167358)))))
2018-05-23 16:51:55.993032+01:00 Info ((epoch 218)(training(((accuracy 0.71409749670619238)(loss 0.2788529098033905))))(validation(((accuracy 0.72105263157894739)(loss 0.27038365602493286))))(test(((accuracy 0.77175843694493784)(loss 0.29426905512809753)))))
2018-05-23 16:51:56.021050+01:00 Info ((epoch 219)(training(((accuracy 0.71409749670619238)(loss 0.27885279059410095))))(validation(((accuracy 0.72105263157894739)(loss 0.27038431167602539))))(test(((accuracy 0.77175843694493784)(loss 0.29426327347755432)))))
2018-05-23 16:51:56.046319+01:00 Info ((epoch 220)(training(((accuracy 0.71409749670619238)(loss 0.278852641582489))))(validation(((accuracy 0.72105263157894739)(loss 0.27038490772247314))))(test(((accuracy 0.77175843694493784)(loss 0.29425755143165588)))))
2018-05-23 16:51:56.076486+01:00 Info ((epoch 221)(training(((accuracy 0.71409749670619238)(loss 0.27885249257087708))))(validation(((accuracy 0.72105263157894739)(loss 0.2703855037689209))))(test(((accuracy 0.77175843694493784)(loss 0.29425182938575745)))))
2018-05-23 16:51:56.114932+01:00 Info ((epoch 222)(training(((accuracy 0.71409749670619238)(loss 0.27885240316390991))))(validation(((accuracy 0.72105263157894739)(loss 0.27038607001304626))))(test(((accuracy 0.77175843694493784)(loss 0.29424619674682617)))))
2018-05-23 16:51:56.142405+01:00 Info ((epoch 223)(training(((accuracy 0.71409749670619238)(loss 0.27885228395462036))))(validation(((accuracy 0.72105263157894739)(loss 0.27038669586181641))))(test(((accuracy 0.77175843694493784)(loss 0.29424062371253967)))))
2018-05-23 16:51:56.174094+01:00 Info ((epoch 224)(training(((accuracy 0.71409749670619238)(loss 0.27885213494300842))))(validation(((accuracy 0.72105263157894739)(loss 0.27038729190826416))))(test(((accuracy 0.77175843694493784)(loss 0.29423514008522034)))))
2018-05-23 16:51:56.207361+01:00 Info ((epoch 225)(training(((accuracy 0.71409749670619238)(loss 0.27885198593139648))))(validation(((accuracy 0.72105263157894739)(loss 0.27038785815238953))))(test(((accuracy 0.77175843694493784)(loss 0.29422968626022339)))))
2018-05-23 16:51:56.230829+01:00 Info ((epoch 226)(training(((accuracy 0.71409749670619238)(loss 0.27885186672210693))))(validation(((accuracy 0.72105263157894739)(loss 0.27038845419883728))))(test(((accuracy 0.77175843694493784)(loss 0.2942243218421936)))))
2018-05-23 16:51:56.267475+01:00 Info ((epoch 227)(training(((accuracy 0.71409749670619238)(loss 0.27885180711746216))))(validation(((accuracy 0.72105263157894739)(loss 0.27038905024528503))))(test(((accuracy 0.77175843694493784)(loss 0.29421907663345337)))))
2018-05-23 16:51:56.291660+01:00 Info ((epoch 228)(training(((accuracy 0.71409749670619238)(loss 0.27885165810585022))))(validation(((accuracy 0.72105263157894739)(loss 0.2703896164894104))))(test(((accuracy 0.77175843694493784)(loss 0.29421374201774597)))))
2018-05-23 16:51:56.328606+01:00 Info ((epoch 229)(training(((accuracy 0.71409749670619238)(loss 0.27885153889656067))))(validation(((accuracy 0.72105263157894739)(loss 0.270390123128891))))(test(((accuracy 0.77175843694493784)(loss 0.2942085862159729)))))
2018-05-23 16:51:56.359171+01:00 Info ((epoch 230)(training(((accuracy 0.71409749670619238)(loss 0.27885144948959351))))(validation(((accuracy 0.72105263157894739)(loss 0.27039068937301636))))(test(((accuracy 0.77175843694493784)(loss 0.2942034900188446)))))
2018-05-23 16:51:56.395864+01:00 Info ((epoch 231)(training(((accuracy 0.71409749670619238)(loss 0.27885133028030396))))(validation(((accuracy 0.72105263157894739)(loss 0.27039122581481934))))(test(((accuracy 0.77175843694493784)(loss 0.29419854283332825)))))
2018-05-23 16:51:56.426000+01:00 Info ((epoch 232)(training(((accuracy 0.71409749670619238)(loss 0.27885124087333679))))(validation(((accuracy 0.72105263157894739)(loss 0.27039182186126709))))(test(((accuracy 0.77175843694493784)(loss 0.29419371485710144)))))
2018-05-23 16:51:56.460616+01:00 Info ((epoch 233)(training(((accuracy 0.71409749670619238)(loss 0.27885112166404724))))(validation(((accuracy 0.72105263157894739)(loss 0.27039235830307007))))(test(((accuracy 0.77175843694493784)(loss 0.29418894648551941)))))
2018-05-23 16:51:56.486448+01:00 Info ((epoch 234)(training(((accuracy 0.71409749670619238)(loss 0.27885103225708008))))(validation(((accuracy 0.72105263157894739)(loss 0.27039295434951782))))(test(((accuracy 0.77175843694493784)(loss 0.29418429732322693)))))
2018-05-23 16:51:56.518117+01:00 Info ((epoch 235)(training(((accuracy 0.71409749670619238)(loss 0.27885091304779053))))(validation(((accuracy 0.72105263157894739)(loss 0.27039346098899841))))(test(((accuracy 0.77175843694493784)(loss 0.29417958855628967)))))
2018-05-23 16:51:56.554846+01:00 Info ((epoch 236)(training(((accuracy 0.71409749670619238)(loss 0.27885085344314575))))(validation(((accuracy 0.72105263157894739)(loss 0.27039399743080139))))(test(((accuracy 0.77175843694493784)(loss 0.29417493939399719)))))
2018-05-23 16:51:56.590393+01:00 Info ((epoch 237)(training(((accuracy 0.71409749670619238)(loss 0.2788507342338562))))(validation(((accuracy 0.72105263157894739)(loss 0.27039447426795959))))(test(((accuracy 0.77175843694493784)(loss 0.2941703200340271)))))
2018-05-23 16:51:56.624867+01:00 Info ((epoch 238)(training(((accuracy 0.71409749670619238)(loss 0.27885064482688904))))(validation(((accuracy 0.72105263157894739)(loss 0.27039498090744019))))(test(((accuracy 0.77175843694493784)(loss 0.294165700674057)))))
2018-05-23 16:51:56.657125+01:00 Info ((epoch 239)(training(((accuracy 0.71409749670619238)(loss 0.27885052561759949))))(validation(((accuracy 0.72105263157894739)(loss 0.27039548754692078))))(test(((accuracy 0.77175843694493784)(loss 0.2941611111164093)))))
2018-05-23 16:51:56.681675+01:00 Info ((epoch 240)(training(((accuracy 0.71409749670619238)(loss 0.27885043621063232))))(validation(((accuracy 0.72105263157894739)(loss 0.27039599418640137))))(test(((accuracy 0.77175843694493784)(loss 0.29415658116340637)))))
2018-05-23 16:51:56.729167+01:00 Info ((epoch 241)(training(((accuracy 0.71409749670619238)(loss 0.27885037660598755))))(validation(((accuracy 0.72105263157894739)(loss 0.27039650082588196))))(test(((accuracy 0.77175843694493784)(loss 0.29415208101272583)))))
2018-05-23 16:51:56.758664+01:00 Info ((epoch 242)(training(((accuracy 0.71409749670619238)(loss 0.278850257396698))))(validation(((accuracy 0.72105263157894739)(loss 0.27039700746536255))))(test(((accuracy 0.77175843694493784)(loss 0.29414761066436768)))))
2018-05-23 16:51:56.783091+01:00 Info ((epoch 243)(training(((accuracy 0.71409749670619238)(loss 0.27885016798973083))))(validation(((accuracy 0.72105263157894739)(loss 0.27039748430252075))))(test(((accuracy 0.77175843694493784)(loss 0.29414317011833191)))))
2018-05-23 16:51:56.811502+01:00 Info ((epoch 244)(training(((accuracy 0.71409749670619238)(loss 0.27885010838508606))))(validation(((accuracy 0.72105263157894739)(loss 0.27039799094200134))))(test(((accuracy 0.77175843694493784)(loss 0.29413875937461853)))))
2018-05-23 16:51:56.837133+01:00 Info ((epoch 245)(training(((accuracy 0.71409749670619238)(loss 0.2788500189781189))))(validation(((accuracy 0.72105263157894739)(loss 0.27039846777915955))))(test(((accuracy 0.77175843694493784)(loss 0.29413440823554993)))))
2018-05-23 16:51:56.863626+01:00 Info ((epoch 246)(training(((accuracy 0.71409749670619238)(loss 0.27884992957115173))))(validation(((accuracy 0.72105263157894739)(loss 0.27039891481399536))))(test(((accuracy 0.77175843694493784)(loss 0.29413008689880371)))))
2018-05-23 16:51:56.888457+01:00 Info ((epoch 247)(training(((accuracy 0.71409749670619238)(loss 0.27884981036186218))))(validation(((accuracy 0.72105263157894739)(loss 0.27039939165115356))))(test(((accuracy 0.77175843694493784)(loss 0.29412585496902466)))))
2018-05-23 16:51:56.919952+01:00 Info ((epoch 248)(training(((accuracy 0.71409749670619238)(loss 0.27884978055953979))))(validation(((accuracy 0.72105263157894739)(loss 0.27039986848831177))))(test(((accuracy 0.77175843694493784)(loss 0.294121652841568)))))
2018-05-23 16:51:56.952693+01:00 Info ((epoch 249)(training(((accuracy 0.71409749670619238)(loss 0.27884966135025024))))(validation(((accuracy 0.72105263157894739)(loss 0.27040031552314758))))(test(((accuracy 0.77175843694493784)(loss 0.2941175103187561)))))
2018-05-23 16:51:56.989033+01:00 Info ((epoch 250)(training(((accuracy 0.71409749670619238)(loss 0.27884960174560547))))(validation(((accuracy 0.72105263157894739)(loss 0.27040079236030579))))(test(((accuracy 0.77175843694493784)(loss 0.29411348700523376)))))
2018-05-23 16:51:57.025763+01:00 Info ((epoch 251)(training(((accuracy 0.71409749670619238)(loss 0.27884951233863831))))(validation(((accuracy 0.72105263157894739)(loss 0.2704012393951416))))(test(((accuracy 0.77175843694493784)(loss 0.29410946369171143)))))
2018-05-23 16:51:57.062531+01:00 Info ((epoch 252)(training(((accuracy 0.71409749670619238)(loss 0.27884945273399353))))(validation(((accuracy 0.72105263157894739)(loss 0.27040168642997742))))(test(((accuracy 0.77175843694493784)(loss 0.29410547018051147)))))
2018-05-23 16:51:57.099682+01:00 Info ((epoch 253)(training(((accuracy 0.71409749670619238)(loss 0.27884939312934875))))(validation(((accuracy 0.72105263157894739)(loss 0.27040213346481323))))(test(((accuracy 0.77175843694493784)(loss 0.29410150647163391)))))
2018-05-23 16:51:57.135437+01:00 Info ((epoch 254)(training(((accuracy 0.71409749670619238)(loss 0.2788492739200592))))(validation(((accuracy 0.72105263157894739)(loss 0.27040258049964905))))(test(((accuracy 0.77175843694493784)(loss 0.29409757256507874)))))
2018-05-23 16:51:57.172256+01:00 Info ((epoch 255)(training(((accuracy 0.71409749670619238)(loss 0.27884924411773682))))(validation(((accuracy 0.72105263157894739)(loss 0.27040296792984009))))(test(((accuracy 0.77175843694493784)(loss 0.29409366846084595)))))
2018-05-23 16:51:57.209491+01:00 Info ((epoch 256)(training(((accuracy 0.71409749670619238)(loss 0.27884915471076965))))(validation(((accuracy 0.72105263157894739)(loss 0.27040344476699829))))(test(((accuracy 0.77175843694493784)(loss 0.29408985376358032)))))
2018-05-23 16:51:57.246419+01:00 Info ((epoch 257)(training(((accuracy 0.71409749670619238)(loss 0.27884912490844727))))(validation(((accuracy 0.72105263157894739)(loss 0.27040383219718933))))(test(((accuracy 0.77175843694493784)(loss 0.29408612847328186)))))
2018-05-23 16:51:57.283216+01:00 Info ((epoch 258)(training(((accuracy 0.71409749670619238)(loss 0.2788490355014801))))(validation(((accuracy 0.72105263157894739)(loss 0.27040430903434753))))(test(((accuracy 0.77175843694493784)(loss 0.29408234357833862)))))
2018-05-23 16:51:57.320023+01:00 Info ((epoch 259)(training(((accuracy 0.71409749670619238)(loss 0.27884897589683533))))(validation(((accuracy 0.72105263157894739)(loss 0.27040472626686096))))(test(((accuracy 0.77175843694493784)(loss 0.29407870769500732)))))
2018-05-23 16:51:57.357470+01:00 Info ((epoch 260)(training(((accuracy 0.71409749670619238)(loss 0.27884888648986816))))(validation(((accuracy 0.72105263157894739)(loss 0.270405113697052))))(test(((accuracy 0.77175843694493784)(loss 0.29407495260238647)))))
2018-05-23 16:51:57.394695+01:00 Info ((epoch 261)(training(((accuracy 0.71409749670619238)(loss 0.27884885668754578))))(validation(((accuracy 0.72105263157894739)(loss 0.27040553092956543))))(test(((accuracy 0.77175843694493784)(loss 0.29407134652137756)))))
2018-05-23 16:51:57.430223+01:00 Info ((epoch 262)(training(((accuracy 0.71409749670619238)(loss 0.27884876728057861))))(validation(((accuracy 0.72105263157894739)(loss 0.27040591835975647))))(test(((accuracy 0.77175843694493784)(loss 0.29406774044036865)))))
2018-05-23 16:51:57.467755+01:00 Info ((epoch 263)(training(((accuracy 0.71409749670619238)(loss 0.27884873747825623))))(validation(((accuracy 0.72105263157894739)(loss 0.2704063355922699))))(test(((accuracy 0.77175843694493784)(loss 0.29406419396400452)))))
2018-05-23 16:51:57.498554+01:00 Info ((epoch 264)(training(((accuracy 0.71409749670619238)(loss 0.27884864807128906))))(validation(((accuracy 0.72105263157894739)(loss 0.27040672302246094))))(test(((accuracy 0.77175843694493784)(loss 0.29406070709228516)))))
2018-05-23 16:51:57.532283+01:00 Info ((epoch 265)(training(((accuracy 0.71409749670619238)(loss 0.27884861826896667))))(validation(((accuracy 0.72105263157894739)(loss 0.27040714025497437))))(test(((accuracy 0.77175843694493784)(loss 0.2940572202205658)))))
2018-05-23 16:51:57.562390+01:00 Info ((epoch 266)(training(((accuracy 0.71409749670619238)(loss 0.2788485586643219))))(validation(((accuracy 0.72105263157894739)(loss 0.27040752768516541))))(test(((accuracy 0.77175843694493784)(loss 0.29405379295349121)))))
2018-05-23 16:51:57.593570+01:00 Info ((epoch 267)(training(((accuracy 0.71409749670619238)(loss 0.27884846925735474))))(validation(((accuracy 0.72105263157894739)(loss 0.27040791511535645))))(test(((accuracy 0.77175843694493784)(loss 0.29405036568641663)))))
2018-05-23 16:51:57.628019+01:00 Info ((epoch 268)(training(((accuracy 0.71409749670619238)(loss 0.27884840965270996))))(validation(((accuracy 0.72105263157894739)(loss 0.2704082727432251))))(test(((accuracy 0.77175843694493784)(loss 0.29404699802398682)))))
2018-05-23 16:51:57.661721+01:00 Info ((epoch 269)(training(((accuracy 0.71409749670619238)(loss 0.27884835004806519))))(validation(((accuracy 0.72105263157894739)(loss 0.27040866017341614))))(test(((accuracy 0.77175843694493784)(loss 0.29404368996620178)))))
2018-05-23 16:51:57.685493+01:00 Info ((epoch 270)(training(((accuracy 0.71409749670619238)(loss 0.2788483202457428))))(validation(((accuracy 0.72105263157894739)(loss 0.27040904760360718))))(test(((accuracy 0.77175843694493784)(loss 0.29404038190841675)))))
2018-05-23 16:51:57.715440+01:00 Info ((epoch 271)(training(((accuracy 0.71409749670619238)(loss 0.278848260641098))))(validation(((accuracy 0.72105263157894739)(loss 0.27040943503379822))))(test(((accuracy 0.77175843694493784)(loss 0.29403713345527649)))))
2018-05-23 16:51:57.742181+01:00 Info ((epoch 272)(training(((accuracy 0.71409749670619238)(loss 0.27884817123413086))))(validation(((accuracy 0.72105263157894739)(loss 0.27040976285934448))))(test(((accuracy 0.77175843694493784)(loss 0.29403385519981384)))))
2018-05-23 16:51:57.767018+01:00 Info ((epoch 273)(training(((accuracy 0.71409749670619238)(loss 0.27884814143180847))))(validation(((accuracy 0.72105263157894739)(loss 0.27041012048721313))))(test(((accuracy 0.77175843694493784)(loss 0.29403069615364075)))))
2018-05-23 16:51:57.799376+01:00 Info ((epoch 274)(training(((accuracy 0.71409749670619238)(loss 0.27884811162948608))))(validation(((accuracy 0.72105263157894739)(loss 0.27041047811508179))))(test(((accuracy 0.77175843694493784)(loss 0.29402753710746765)))))
2018-05-23 16:51:57.833624+01:00 Info ((epoch 275)(training(((accuracy 0.71409749670619238)(loss 0.27884805202484131))))(validation(((accuracy 0.72105263157894739)(loss 0.27041086554527283))))(test(((accuracy 0.77175843694493784)(loss 0.29402440786361694)))))
2018-05-23 16:51:57.858391+01:00 Info ((epoch 276)(training(((accuracy 0.71409749670619238)(loss 0.27884802222251892))))(validation(((accuracy 0.72105263157894739)(loss 0.27041122317314148))))(test(((accuracy 0.77175843694493784)(loss 0.29402130842208862)))))
2018-05-23 16:51:57.882609+01:00 Info ((epoch 277)(training(((accuracy 0.71409749670619238)(loss 0.27884793281555176))))(validation(((accuracy 0.72105263157894739)(loss 0.27041155099868774))))(test(((accuracy 0.77175843694493784)(loss 0.29401823878288269)))))
2018-05-23 16:51:57.906464+01:00 Info ((epoch 278)(training(((accuracy 0.71409749670619238)(loss 0.27884790301322937))))(validation(((accuracy 0.72105263157894739)(loss 0.270411878824234))))(test(((accuracy 0.77175843694493784)(loss 0.29401519894599915)))))
2018-05-23 16:51:57.940454+01:00 Info ((epoch 279)(training(((accuracy 0.71409749670619238)(loss 0.27884784340858459))))(validation(((accuracy 0.72105263157894739)(loss 0.27041223645210266))))(test(((accuracy 0.77175843694493784)(loss 0.294012188911438)))))
2018-05-23 16:51:57.970670+01:00 Info ((epoch 280)(training(((accuracy 0.71409749670619238)(loss 0.27884778380393982))))(validation(((accuracy 0.72105263157894739)(loss 0.27041256427764893))))(test(((accuracy 0.77175843694493784)(loss 0.294009268283844)))))
2018-05-23 16:51:58.002153+01:00 Info ((epoch 281)(training(((accuracy 0.71409749670619238)(loss 0.27884778380393982))))(validation(((accuracy 0.72105263157894739)(loss 0.27041292190551758))))(test(((accuracy 0.77175843694493784)(loss 0.29400634765625)))))
2018-05-23 16:51:58.029723+01:00 Info ((epoch 282)(training(((accuracy 0.71409749670619238)(loss 0.27884775400161743))))(validation(((accuracy 0.72105263157894739)(loss 0.27041324973106384))))(test(((accuracy 0.77175843694493784)(loss 0.29400339722633362)))))
2018-05-23 16:51:58.053842+01:00 Info ((epoch 283)(training(((accuracy 0.71409749670619238)(loss 0.27884769439697266))))(validation(((accuracy 0.72105263157894739)(loss 0.27041357755661011))))(test(((accuracy 0.77175843694493784)(loss 0.2940005362033844)))))
2018-05-23 16:51:58.077166+01:00 Info ((epoch 284)(training(((accuracy 0.71409749670619238)(loss 0.27884760499000549))))(validation(((accuracy 0.72105263157894739)(loss 0.270413875579834))))(test(((accuracy 0.77175843694493784)(loss 0.29399770498275757)))))
2018-05-23 16:51:58.109707+01:00 Info ((epoch 285)(training(((accuracy 0.71409749670619238)(loss 0.27884760499000549))))(validation(((accuracy 0.72105263157894739)(loss 0.27041423320770264))))(test(((accuracy 0.77175843694493784)(loss 0.29399490356445312)))))
2018-05-23 16:51:58.137887+01:00 Info ((epoch 286)(training(((accuracy 0.71409749670619238)(loss 0.27884754538536072))))(validation(((accuracy 0.72105263157894739)(loss 0.27041450142860413))))(test(((accuracy 0.77175843694493784)(loss 0.29399210214614868)))))
2018-05-23 16:51:58.165907+01:00 Info ((epoch 287)(training(((accuracy 0.71409749670619238)(loss 0.27884751558303833))))(validation(((accuracy 0.72105263157894739)(loss 0.27041482925415039))))(test(((accuracy 0.77175843694493784)(loss 0.293989360332489)))))
2018-05-23 16:51:58.197313+01:00 Info ((epoch 288)(training(((accuracy 0.71409749670619238)(loss 0.27884748578071594))))(validation(((accuracy 0.72105263157894739)(loss 0.27041515707969666))))(test(((accuracy 0.77175843694493784)(loss 0.29398664832115173)))))
2018-05-23 16:51:58.221539+01:00 Info ((epoch 289)(training(((accuracy 0.71409749670619238)(loss 0.27884742617607117))))(validation(((accuracy 0.72105263157894739)(loss 0.27041548490524292))))(test(((accuracy 0.77175843694493784)(loss 0.29398390650749207)))))
2018-05-23 16:51:58.261112+01:00 Info ((epoch 290)(training(((accuracy 0.71409749670619238)(loss 0.27884736657142639))))(validation(((accuracy 0.72105263157894739)(loss 0.27041575312614441))))(test(((accuracy 0.77175843694493784)(loss 0.29398125410079956)))))
2018-05-23 16:51:58.297060+01:00 Info ((epoch 291)(training(((accuracy 0.71409749670619238)(loss 0.278847336769104))))(validation(((accuracy 0.72105263157894739)(loss 0.27041608095169067))))(test(((accuracy 0.77175843694493784)(loss 0.29397866129875183)))))
2018-05-23 16:51:58.334221+01:00 Info ((epoch 292)(training(((accuracy 0.71409749670619238)(loss 0.27884727716445923))))(validation(((accuracy 0.72105263157894739)(loss 0.27041634917259216))))(test(((accuracy 0.77175843694493784)(loss 0.29397603869438171)))))
2018-05-23 16:51:58.369246+01:00 Info ((epoch 293)(training(((accuracy 0.71409749670619238)(loss 0.27884724736213684))))(validation(((accuracy 0.72105263157894739)(loss 0.27041667699813843))))(test(((accuracy 0.77175843694493784)(loss 0.29397350549697876)))))
2018-05-23 16:51:58.406026+01:00 Info ((epoch 294)(training(((accuracy 0.71409749670619238)(loss 0.27884724736213684))))(validation(((accuracy 0.72105263157894739)(loss 0.27041694521903992))))(test(((accuracy 0.77175843694493784)(loss 0.29397091269493103)))))
2018-05-23 16:51:58.439905+01:00 Info ((epoch 295)(training(((accuracy 0.71409749670619238)(loss 0.27884718775749207))))(validation(((accuracy 0.72105263157894739)(loss 0.27041724324226379))))(test(((accuracy 0.77175843694493784)(loss 0.29396837949752808)))))
2018-05-23 16:51:58.465245+01:00 Info ((epoch 296)(training(((accuracy 0.71409749670619238)(loss 0.27884715795516968))))(validation(((accuracy 0.72105263157894739)(loss 0.27041754126548767))))(test(((accuracy 0.77175843694493784)(loss 0.2939659059047699)))))
2018-05-23 16:51:58.502200+01:00 Info ((epoch 297)(training(((accuracy 0.71409749670619238)(loss 0.2788470983505249))))(validation(((accuracy 0.72105263157894739)(loss 0.27041780948638916))))(test(((accuracy 0.77175843694493784)(loss 0.29396340250968933)))))
2018-05-23 16:51:58.535389+01:00 Info ((epoch 298)(training(((accuracy 0.71409749670619238)(loss 0.27884706854820251))))(validation(((accuracy 0.72105263157894739)(loss 0.27041810750961304))))(test(((accuracy 0.77175843694493784)(loss 0.29396098852157593)))))
2018-05-23 16:51:58.569270+01:00 Info ((epoch 299)(training(((accuracy 0.71409749670619238)(loss 0.27884700894355774))))(validation(((accuracy 0.72105263157894739)(loss 0.27041837573051453))))(test(((accuracy 0.77175843694493784)(loss 0.29395851492881775)))))
2018-05-23 16:51:58.605395+01:00 Info ((epoch 300)(training(((accuracy 0.71409749670619238)(loss 0.27884703874588013))))(validation(((accuracy 0.72105263157894739)(loss 0.2704186737537384))))(test(((accuracy 0.77175843694493784)(loss 0.29395616054534912)))))
2018-05-23 16:51:58.642088+01:00 Info ((epoch 301)(training(((accuracy 0.71409749670619238)(loss 0.27884694933891296))))(validation(((accuracy 0.72105263157894739)(loss 0.2704189121723175))))(test(((accuracy 0.77175843694493784)(loss 0.29395377635955811)))))
2018-05-23 16:51:58.671774+01:00 Info ((epoch 302)(training(((accuracy 0.71409749670619238)(loss 0.27884691953659058))))(validation(((accuracy 0.72105263157894739)(loss 0.270419180393219))))(test(((accuracy 0.77175843694493784)(loss 0.29395145177841187)))))
2018-05-23 16:51:58.698360+01:00 Info ((epoch 303)(training(((accuracy 0.71409749670619238)(loss 0.27884691953659058))))(validation(((accuracy 0.72105263157894739)(loss 0.27041947841644287))))(test(((accuracy 0.77175843694493784)(loss 0.293949156999588)))))
2018-05-23 16:51:58.732650+01:00 Info ((epoch 304)(training(((accuracy 0.71409749670619238)(loss 0.2788468599319458))))(validation(((accuracy 0.72105263157894739)(loss 0.27041974663734436))))(test(((accuracy 0.77175843694493784)(loss 0.29394683241844177)))))
2018-05-23 16:51:58.765588+01:00 Info ((epoch 305)(training(((accuracy 0.71409749670619238)(loss 0.27884683012962341))))(validation(((accuracy 0.72105263157894739)(loss 0.27041998505592346))))(test(((accuracy 0.77175843694493784)(loss 0.29394456744194031)))))
2018-05-23 16:51:58.801660+01:00 Info ((epoch 306)(training(((accuracy 0.71409749670619238)(loss 0.27884683012962341))))(validation(((accuracy 0.72105263157894739)(loss 0.27042025327682495))))(test(((accuracy 0.77175843694493784)(loss 0.29394230246543884)))))
2018-05-23 16:51:58.831860+01:00 Info ((epoch 307)(training(((accuracy 0.71409749670619238)(loss 0.278846800327301))))(validation(((accuracy 0.72105263157894739)(loss 0.27042049169540405))))(test(((accuracy 0.77175843694493784)(loss 0.29394009709358215)))))
2018-05-23 16:51:58.864684+01:00 Info ((epoch 308)(training(((accuracy 0.71409749670619238)(loss 0.27884677052497864))))(validation(((accuracy 0.72105263157894739)(loss 0.27042075991630554))))(test(((accuracy 0.77175843694493784)(loss 0.29393789172172546)))))
2018-05-23 16:51:58.895559+01:00 Info ((epoch 309)(training(((accuracy 0.71409749670619238)(loss 0.27884674072265625))))(validation(((accuracy 0.72105263157894739)(loss 0.27042102813720703))))(test(((accuracy 0.77175843694493784)(loss 0.29393571615219116)))))
2018-05-23 16:51:58.927513+01:00 Info ((epoch 310)(training(((accuracy 0.71409749670619238)(loss 0.27884668111801147))))(validation(((accuracy 0.72105263157894739)(loss 0.27042126655578613))))(test(((accuracy 0.77175843694493784)(loss 0.29393354058265686)))))
2018-05-23 16:51:58.954578+01:00 Info ((epoch 311)(training(((accuracy 0.71409749670619238)(loss 0.27884665131568909))))(validation(((accuracy 0.72105263157894739)(loss 0.27042147517204285))))(test(((accuracy 0.77175843694493784)(loss 0.29393142461776733)))))
2018-05-23 16:51:58.992771+01:00 Info ((epoch 312)(training(((accuracy 0.71409749670619238)(loss 0.27884665131568909))))(validation(((accuracy 0.72105263157894739)(loss 0.27042174339294434))))(test(((accuracy 0.77175843694493784)(loss 0.29392936825752258)))))
2018-05-23 16:51:59.025435+01:00 Info ((epoch 313)(training(((accuracy 0.71409749670619238)(loss 0.27884659171104431))))(validation(((accuracy 0.72105263157894739)(loss 0.27042198181152344))))(test(((accuracy 0.77175843694493784)(loss 0.29392722249031067)))))
2018-05-23 16:51:59.059850+01:00 Info ((epoch 314)(training(((accuracy 0.71409749670619238)(loss 0.27884656190872192))))(validation(((accuracy 0.72105263157894739)(loss 0.27042222023010254))))(test(((accuracy 0.77175843694493784)(loss 0.29392519593238831)))))
2018-05-23 16:51:59.095136+01:00 Info ((epoch 315)(training(((accuracy 0.71409749670619238)(loss 0.27884653210639954))))(validation(((accuracy 0.72105263157894739)(loss 0.27042245864868164))))(test(((accuracy 0.77175843694493784)(loss 0.29392310976982117)))))
2018-05-23 16:51:59.131324+01:00 Info ((epoch 316)(training(((accuracy 0.71409749670619238)(loss 0.27884653210639954))))(validation(((accuracy 0.72105263157894739)(loss 0.27042269706726074))))(test(((accuracy 0.77175843694493784)(loss 0.29392114281654358)))))
2018-05-23 16:51:59.166658+01:00 Info ((epoch 317)(training(((accuracy 0.71409749670619238)(loss 0.27884650230407715))))(validation(((accuracy 0.72105263157894739)(loss 0.27042290568351746))))(test(((accuracy 0.77175843694493784)(loss 0.29391908645629883)))))
2018-05-23 16:51:59.196336+01:00 Info ((epoch 318)(training(((accuracy 0.71409749670619238)(loss 0.27884644269943237))))(validation(((accuracy 0.72105263157894739)(loss 0.27042311429977417))))(test(((accuracy 0.77175843694493784)(loss 0.29391714930534363)))))
2018-05-23 16:51:59.226011+01:00 Info ((epoch 319)(training(((accuracy 0.71409749670619238)(loss 0.27884644269943237))))(validation(((accuracy 0.72105263157894739)(loss 0.27042338252067566))))(test(((accuracy 0.77175843694493784)(loss 0.29391521215438843)))))
2018-05-23 16:51:59.256094+01:00 Info ((epoch 320)(training(((accuracy 0.71409749670619238)(loss 0.27884641289711))))(validation(((accuracy 0.72105263157894739)(loss 0.27042359113693237))))(test(((accuracy 0.77175843694493784)(loss 0.29391327500343323)))))
2018-05-23 16:51:59.288598+01:00 Info ((epoch 321)(training(((accuracy 0.71409749670619238)(loss 0.2788463830947876))))(validation(((accuracy 0.72105263157894739)(loss 0.27042379975318909))))(test(((accuracy 0.77175843694493784)(loss 0.293911337852478)))))
2018-05-23 16:51:59.317232+01:00 Info ((epoch 322)(training(((accuracy 0.71409749670619238)(loss 0.27884635329246521))))(validation(((accuracy 0.72105263157894739)(loss 0.27042403817176819))))(test(((accuracy 0.77175843694493784)(loss 0.2939094603061676)))))
2018-05-23 16:51:59.350966+01:00 Info ((epoch 323)(training(((accuracy 0.71409749670619238)(loss 0.27884632349014282))))(validation(((accuracy 0.72105263157894739)(loss 0.27042421698570251))))(test(((accuracy 0.77175843694493784)(loss 0.29390755295753479)))))
2018-05-23 16:51:59.385499+01:00 Info ((epoch 324)(training(((accuracy 0.71409749670619238)(loss 0.27884629368782043))))(validation(((accuracy 0.72105263157894739)(loss 0.27042445540428162))))(test(((accuracy 0.77175843694493784)(loss 0.29390573501586914)))))
2018-05-23 16:51:59.418879+01:00 Info ((epoch 325)(training(((accuracy 0.71409749670619238)(loss 0.27884629368782043))))(validation(((accuracy 0.72105263157894739)(loss 0.27042469382286072))))(test(((accuracy 0.77175843694493784)(loss 0.29390391707420349)))))
2018-05-23 16:51:59.457016+01:00 Info ((epoch 326)(training(((accuracy 0.71409749670619238)(loss 0.27884629368782043))))(validation(((accuracy 0.72105263157894739)(loss 0.27042487263679504))))(test(((accuracy 0.77175843694493784)(loss 0.29390209913253784)))))
2018-05-23 16:51:59.490326+01:00 Info ((epoch 327)(training(((accuracy 0.71409749670619238)(loss 0.27884620428085327))))(validation(((accuracy 0.72105263157894739)(loss 0.27042508125305176))))(test(((accuracy 0.77175843694493784)(loss 0.29390028119087219)))))
2018-05-23 16:51:59.526228+01:00 Info ((epoch 328)(training(((accuracy 0.71409749670619238)(loss 0.27884617447853088))))(validation(((accuracy 0.72105263157894739)(loss 0.27042531967163086))))(test(((accuracy 0.77175843694493784)(loss 0.29389852285385132)))))
2018-05-23 16:51:59.553148+01:00 Info ((epoch 329)(training(((accuracy 0.71409749670619238)(loss 0.27884620428085327))))(validation(((accuracy 0.72105263157894739)(loss 0.27042549848556519))))(test(((accuracy 0.77175843694493784)(loss 0.29389676451683044)))))
2018-05-23 16:51:59.583986+01:00 Info ((epoch 330)(training(((accuracy 0.71409749670619238)(loss 0.2788461446762085))))(validation(((accuracy 0.72105263157894739)(loss 0.27042573690414429))))(test(((accuracy 0.77175843694493784)(loss 0.29389497637748718)))))
2018-05-23 16:51:59.615221+01:00 Info ((epoch 331)(training(((accuracy 0.71409749670619238)(loss 0.2788461446762085))))(validation(((accuracy 0.72105263157894739)(loss 0.27042591571807861))))(test(((accuracy 0.77175843694493784)(loss 0.29389327764511108)))))
2018-05-23 16:51:59.652448+01:00 Info ((epoch 332)(training(((accuracy 0.71409749670619238)(loss 0.27884611487388611))))(validation(((accuracy 0.72105263157894739)(loss 0.27042606472969055))))(test(((accuracy 0.77175843694493784)(loss 0.2938915491104126)))))
2018-05-23 16:51:59.691708+01:00 Info ((epoch 333)(training(((accuracy 0.71409749670619238)(loss 0.27884608507156372))))(validation(((accuracy 0.72105263157894739)(loss 0.27042630314826965))))(test(((accuracy 0.77175843694493784)(loss 0.2938898503780365)))))
2018-05-23 16:51:59.728744+01:00 Info ((epoch 334)(training(((accuracy 0.71409749670619238)(loss 0.27884605526924133))))(validation(((accuracy 0.72105263157894739)(loss 0.27042645215988159))))(test(((accuracy 0.77175843694493784)(loss 0.29388818144798279)))))
2018-05-23 16:51:59.765907+01:00 Info ((epoch 335)(training(((accuracy 0.71409749670619238)(loss 0.27884608507156372))))(validation(((accuracy 0.72105263157894739)(loss 0.27042669057846069))))(test(((accuracy 0.77175843694493784)(loss 0.29388657212257385)))))
2018-05-23 16:51:59.790744+01:00 Info ((epoch 336)(training(((accuracy 0.71409749670619238)(loss 0.27884602546691895))))(validation(((accuracy 0.72105263157894739)(loss 0.27042689919471741))))(test(((accuracy 0.77175843694493784)(loss 0.29388493299484253)))))
2018-05-23 16:51:59.820957+01:00 Info ((epoch 337)(training(((accuracy 0.71409749670619238)(loss 0.27884599566459656))))(validation(((accuracy 0.72105263157894739)(loss 0.27042704820632935))))(test(((accuracy 0.77175843694493784)(loss 0.29388329386711121)))))
2018-05-23 16:51:59.848101+01:00 Info ((epoch 338)(training(((accuracy 0.71409749670619238)(loss 0.27884602546691895))))(validation(((accuracy 0.72105263157894739)(loss 0.27042725682258606))))(test(((accuracy 0.77175843694493784)(loss 0.29388174414634705)))))
2018-05-23 16:51:59.884503+01:00 Info ((epoch 339)(training(((accuracy 0.71409749670619238)(loss 0.27884599566459656))))(validation(((accuracy 0.72105263157894739)(loss 0.27042743563652039))))(test(((accuracy 0.77175843694493784)(loss 0.29388013482093811)))))
2018-05-23 16:51:59.919310+01:00 Info ((epoch 340)(training(((accuracy 0.71409749670619238)(loss 0.27884596586227417))))(validation(((accuracy 0.72105263157894739)(loss 0.27042758464813232))))(test(((accuracy 0.77175843694493784)(loss 0.29387861490249634)))))
2018-05-23 16:51:59.953332+01:00 Info ((epoch 341)(training(((accuracy 0.71409749670619238)(loss 0.27884593605995178))))(validation(((accuracy 0.72105263157894739)(loss 0.27042779326438904))))(test(((accuracy 0.77175843694493784)(loss 0.2938770055770874)))))
