2018-05-23 16:49:23.893021+01:00 Info fyq-stdlib-int-sets | Loaded 0 reward entries
2018-05-23 16:49:23.893023+01:00 Info fyq-stdlib-int-sets | Loaded 0 query entries
2018-05-23 16:49:23.893025+01:00 Info fyq-stdlib-int-sets | Loaded 0 training examples
2018-05-23 16:49:23.894215+01:00 Info Loaded a total of 0 training examples
2018-05-23 16:49:25.767200+01:00 Info bdd | Loaded 5717 reward entries
2018-05-23 16:49:25.767226+01:00 Info bdd | Loaded 2818 query entries
2018-05-23 16:49:25.767232+01:00 Info bdd | Loaded 824 training examples
2018-05-23 16:49:26.294797+01:00 Info almabench | Loaded 1926 reward entries
2018-05-23 16:49:26.294805+01:00 Info almabench | Loaded 846 query entries
2018-05-23 16:49:26.294809+01:00 Info almabench | Loaded 317 training examples
2018-05-23 16:49:27.669228+01:00 Info lexifi | Loaded 4262 reward entries
2018-05-23 16:49:27.669268+01:00 Info lexifi | Loaded 4073 query entries
2018-05-23 16:49:27.669280+01:00 Info lexifi | Loaded 1370 training examples
2018-05-23 16:49:35.660827+01:00 Info kb | Loaded 4747 reward entries
2018-05-23 16:49:35.660990+01:00 Info kb | Loaded 35367 query entries
2018-05-23 16:49:35.660995+01:00 Info kb | Loaded 281 training examples
2018-05-23 16:49:37.939029+01:00 Info floats-in-functor | Loaded 2774 reward entries
2018-05-23 16:49:37.939069+01:00 Info floats-in-functor | Loaded 8773 query entries
2018-05-23 16:49:37.939075+01:00 Info floats-in-functor | Loaded 784 training examples
2018-05-23 16:49:38.292868+01:00 Info fft | Loaded 1865 reward entries
2018-05-23 16:49:38.292875+01:00 Info fft | Loaded 842 query entries
2018-05-23 16:49:38.292879+01:00 Info fft | Loaded 306 training examples
2018-05-23 16:49:38.649856+01:00 Info quicksort | Loaded 1667 reward entries
2018-05-23 16:49:38.649865+01:00 Info quicksort | Loaded 829 query entries
2018-05-23 16:49:38.649869+01:00 Info quicksort | Loaded 306 training examples
2018-05-23 16:49:38.650041+01:00 Info fyq-symbolic-maths | Loaded 0 reward entries
2018-05-23 16:49:38.650043+01:00 Info fyq-symbolic-maths | Loaded 0 query entries
2018-05-23 16:49:38.650044+01:00 Info fyq-symbolic-maths | Loaded 0 training examples
2018-05-23 16:49:38.938399+01:00 Info lens | Loaded 1698 reward entries
2018-05-23 16:49:38.938409+01:00 Info lens | Loaded 835 query entries
2018-05-23 16:49:38.938413+01:00 Info lens | Loaded 296 training examples
2018-05-23 16:49:38.938583+01:00 Info fyq-rev-list | Loaded 0 reward entries
2018-05-23 16:49:38.938585+01:00 Info fyq-rev-list | Loaded 0 query entries
2018-05-23 16:49:38.938586+01:00 Info fyq-rev-list | Loaded 0 training examples
2018-05-23 16:49:40.410955+01:00 Info sequence-cps | Loaded 3135 reward entries
2018-05-23 16:49:40.410968+01:00 Info sequence-cps | Loaded 1134 query entries
2018-05-23 16:49:40.410973+01:00 Info sequence-cps | Loaded 330 training examples
2018-05-23 16:49:43.228753+01:00 Info hamming | Loaded 3032 reward entries
2018-05-23 16:49:43.228796+01:00 Info hamming | Loaded 8514 query entries
2018-05-23 16:49:43.228803+01:00 Info hamming | Loaded 1412 training examples
2018-05-23 16:49:43.232306+01:00 Info kahan-sum | Loaded 19 reward entries
2018-05-23 16:49:43.232308+01:00 Info kahan-sum | Loaded 14 query entries
2018-05-23 16:49:43.232311+01:00 Info kahan-sum | Loaded 2 training examples
2018-05-23 16:49:46.129001+01:00 Info sequence | Loaded 14618 reward entries
2018-05-23 16:49:46.129041+01:00 Info sequence | Loaded 4111 query entries
2018-05-23 16:49:46.129045+01:00 Info sequence | Loaded 86 training examples
2018-05-23 16:49:46.129217+01:00 Info fyq-stdlib-functor-record-sets | Loaded 0 reward entries
2018-05-23 16:49:46.129217+01:00 Info fyq-stdlib-functor-record-sets | Loaded 0 query entries
2018-05-23 16:49:46.129218+01:00 Info fyq-stdlib-functor-record-sets | Loaded 0 training examples
2018-05-23 16:49:46.129327+01:00 Info Loaded a total of 6314 training examples
2018-05-23 16:49:46.129949+01:00 Info Loaded 6314 IN-SAMPLE training examples and 0 OUT-OF-SAMPLE test examples
2018-05-23 16:49:46.130730+01:00 Info (hyperparams((l2_reg 0.001)(dropout_keep_prob 0.5)))
2018-05-23 16:49:46.230953+01:00 Info ((name"training examples")(distribution((0 0.648720032507111)(1 0.35127996749288909))))
2018-05-23 16:49:46.230959+01:00 Info ((name"test examples")(distribution((0 -nan)(1 -nan))))
(monitor.ml.Error (Invalid_argument "index out of bounds")
 ("Raised by primitive operation at file \"src/owl/dense/owl_dense_ndarray_generic.ml\", line 229, characters 26-36"
  "Called from file \"tools/decision_model.ml\", line 137, characters 6-150"
  "Called from file \"tools/decision_model.ml\", line 146, characters 18-60"
  "Called from file \"src/deferred0.ml\", line 61, characters 64-69"
  "Called from file \"src/job_queue.ml\", line 159, characters 6-47"))
