2018-05-23 16:50:45.743006+01:00 Info fyq-rev-list | Loaded 0 reward entries
2018-05-23 16:50:45.743007+01:00 Info fyq-rev-list | Loaded 0 query entries
2018-05-23 16:50:45.743008+01:00 Info fyq-rev-list | Loaded 0 training examples
2018-05-23 16:50:45.743386+01:00 Info Loaded a total of 0 training examples
2018-05-23 16:50:47.369931+01:00 Info bdd | Loaded 5717 reward entries
2018-05-23 16:50:47.369947+01:00 Info bdd | Loaded 2818 query entries
2018-05-23 16:50:47.369952+01:00 Info bdd | Loaded 824 training examples
2018-05-23 16:50:47.861716+01:00 Info almabench | Loaded 1926 reward entries
2018-05-23 16:50:47.861724+01:00 Info almabench | Loaded 846 query entries
2018-05-23 16:50:47.861729+01:00 Info almabench | Loaded 317 training examples
2018-05-23 16:50:49.056213+01:00 Info lexifi | Loaded 4262 reward entries
2018-05-23 16:50:49.056229+01:00 Info lexifi | Loaded 4073 query entries
2018-05-23 16:50:49.056234+01:00 Info lexifi | Loaded 1370 training examples
2018-05-23 16:50:57.434636+01:00 Info kb | Loaded 4747 reward entries
2018-05-23 16:50:57.434805+01:00 Info kb | Loaded 35367 query entries
2018-05-23 16:50:57.434809+01:00 Info kb | Loaded 281 training examples
2018-05-23 16:50:59.365145+01:00 Info floats-in-functor | Loaded 2774 reward entries
2018-05-23 16:50:59.365186+01:00 Info floats-in-functor | Loaded 8773 query entries
2018-05-23 16:50:59.365191+01:00 Info floats-in-functor | Loaded 784 training examples
2018-05-23 16:50:59.365278+01:00 Info fyq-stdlib-int-sets | Loaded 0 reward entries
2018-05-23 16:50:59.365279+01:00 Info fyq-stdlib-int-sets | Loaded 0 query entries
2018-05-23 16:50:59.365281+01:00 Info fyq-stdlib-int-sets | Loaded 0 training examples
2018-05-23 16:50:59.688970+01:00 Info fft | Loaded 1865 reward entries
2018-05-23 16:50:59.688977+01:00 Info fft | Loaded 842 query entries
2018-05-23 16:50:59.688980+01:00 Info fft | Loaded 306 training examples
2018-05-23 16:51:00.037926+01:00 Info quicksort | Loaded 1667 reward entries
2018-05-23 16:51:00.037932+01:00 Info quicksort | Loaded 829 query entries
2018-05-23 16:51:00.037935+01:00 Info quicksort | Loaded 306 training examples
2018-05-23 16:51:00.038030+01:00 Info fyq-symbolic-maths | Loaded 0 reward entries
2018-05-23 16:51:00.038031+01:00 Info fyq-symbolic-maths | Loaded 0 query entries
2018-05-23 16:51:00.038033+01:00 Info fyq-symbolic-maths | Loaded 0 training examples
2018-05-23 16:51:00.322170+01:00 Info lens | Loaded 1698 reward entries
2018-05-23 16:51:00.322180+01:00 Info lens | Loaded 835 query entries
2018-05-23 16:51:00.322184+01:00 Info lens | Loaded 296 training examples
2018-05-23 16:51:01.708066+01:00 Info sequence-cps | Loaded 3135 reward entries
2018-05-23 16:51:01.708075+01:00 Info sequence-cps | Loaded 1134 query entries
2018-05-23 16:51:01.708079+01:00 Info sequence-cps | Loaded 330 training examples
2018-05-23 16:51:04.396455+01:00 Info hamming | Loaded 3032 reward entries
2018-05-23 16:51:04.396493+01:00 Info hamming | Loaded 8514 query entries
2018-05-23 16:51:04.396499+01:00 Info hamming | Loaded 1412 training examples
2018-05-23 16:51:04.399699+01:00 Info kahan-sum | Loaded 19 reward entries
2018-05-23 16:51:04.399701+01:00 Info kahan-sum | Loaded 14 query entries
2018-05-23 16:51:04.399703+01:00 Info kahan-sum | Loaded 2 training examples
2018-05-23 16:51:07.327236+01:00 Info sequence | Loaded 14618 reward entries
2018-05-23 16:51:07.327257+01:00 Info sequence | Loaded 4111 query entries
2018-05-23 16:51:07.327264+01:00 Info sequence | Loaded 86 training examples
2018-05-23 16:51:07.327447+01:00 Info fyq-stdlib-functor-record-sets | Loaded 0 reward entries
2018-05-23 16:51:07.327448+01:00 Info fyq-stdlib-functor-record-sets | Loaded 0 query entries
2018-05-23 16:51:07.327449+01:00 Info fyq-stdlib-functor-record-sets | Loaded 0 training examples
2018-05-23 16:51:07.327537+01:00 Info Loaded a total of 6314 training examples
2018-05-23 16:51:07.328048+01:00 Info Loaded 6314 IN-SAMPLE training examples and 0 OUT-OF-SAMPLE test examples
2018-05-23 16:51:07.328687+01:00 Info (hyperparams((l2_reg 0.001)(dropout_keep_prob 0.5)))
2018-05-23 16:51:07.428932+01:00 Info ((name"training examples")(distribution((0 0.648720032507111)(1 0.35127996749288909))))
2018-05-23 16:51:07.428937+01:00 Info ((name"test examples")(distribution((0 -nan)(1 -nan))))
(monitor.ml.Error (Invalid_argument "index out of bounds")
 ("Raised by primitive operation at file \"src/owl/dense/owl_dense_ndarray_generic.ml\", line 229, characters 26-36"
  "Called from file \"tools/decision_model.ml\", line 137, characters 6-150"
  "Called from file \"tools/decision_model.ml\", line 146, characters 18-60"
  "Called from file \"src/deferred0.ml\", line 61, characters 64-69"
  "Called from file \"src/job_queue.ml\", line 159, characters 6-47"))
