2018-05-23 16:50:22.160249+01:00 Info fyq-symbolic-maths | Loaded 0 reward entries
2018-05-23 16:50:22.160250+01:00 Info fyq-symbolic-maths | Loaded 0 query entries
2018-05-23 16:50:22.160251+01:00 Info fyq-symbolic-maths | Loaded 0 training examples
2018-05-23 16:50:22.160631+01:00 Info Loaded a total of 0 training examples
2018-05-23 16:50:23.832263+01:00 Info bdd | Loaded 5717 reward entries
2018-05-23 16:50:23.832281+01:00 Info bdd | Loaded 2818 query entries
2018-05-23 16:50:23.832287+01:00 Info bdd | Loaded 824 training examples
2018-05-23 16:50:24.345423+01:00 Info almabench | Loaded 1926 reward entries
2018-05-23 16:50:24.345430+01:00 Info almabench | Loaded 846 query entries
2018-05-23 16:50:24.345434+01:00 Info almabench | Loaded 317 training examples
2018-05-23 16:50:25.945958+01:00 Info lexifi | Loaded 4262 reward entries
2018-05-23 16:50:25.945984+01:00 Info lexifi | Loaded 4073 query entries
2018-05-23 16:50:25.945992+01:00 Info lexifi | Loaded 1370 training examples
2018-05-23 16:50:34.707609+01:00 Info kb | Loaded 4747 reward entries
2018-05-23 16:50:34.707773+01:00 Info kb | Loaded 35367 query entries
2018-05-23 16:50:34.707778+01:00 Info kb | Loaded 281 training examples
2018-05-23 16:50:36.896024+01:00 Info floats-in-functor | Loaded 2774 reward entries
2018-05-23 16:50:36.896088+01:00 Info floats-in-functor | Loaded 8773 query entries
2018-05-23 16:50:36.896094+01:00 Info floats-in-functor | Loaded 784 training examples
2018-05-23 16:50:36.896302+01:00 Info fyq-stdlib-int-sets | Loaded 0 reward entries
2018-05-23 16:50:36.896304+01:00 Info fyq-stdlib-int-sets | Loaded 0 query entries
2018-05-23 16:50:36.896306+01:00 Info fyq-stdlib-int-sets | Loaded 0 training examples
2018-05-23 16:50:37.298456+01:00 Info fft | Loaded 1865 reward entries
2018-05-23 16:50:37.298465+01:00 Info fft | Loaded 842 query entries
2018-05-23 16:50:37.298470+01:00 Info fft | Loaded 306 training examples
2018-05-23 16:50:37.635341+01:00 Info quicksort | Loaded 1667 reward entries
2018-05-23 16:50:37.635349+01:00 Info quicksort | Loaded 829 query entries
2018-05-23 16:50:37.635353+01:00 Info quicksort | Loaded 306 training examples
2018-05-23 16:50:37.936170+01:00 Info lens | Loaded 1698 reward entries
2018-05-23 16:50:37.936179+01:00 Info lens | Loaded 835 query entries
2018-05-23 16:50:37.936184+01:00 Info lens | Loaded 296 training examples
2018-05-23 16:50:37.936350+01:00 Info fyq-rev-list | Loaded 0 reward entries
2018-05-23 16:50:37.936351+01:00 Info fyq-rev-list | Loaded 0 query entries
2018-05-23 16:50:37.936352+01:00 Info fyq-rev-list | Loaded 0 training examples
2018-05-23 16:50:39.376131+01:00 Info sequence-cps | Loaded 3135 reward entries
2018-05-23 16:50:39.376140+01:00 Info sequence-cps | Loaded 1134 query entries
2018-05-23 16:50:39.376145+01:00 Info sequence-cps | Loaded 330 training examples
2018-05-23 16:50:42.272905+01:00 Info hamming | Loaded 3032 reward entries
2018-05-23 16:50:42.272978+01:00 Info hamming | Loaded 8514 query entries
2018-05-23 16:50:42.272986+01:00 Info hamming | Loaded 1412 training examples
2018-05-23 16:50:42.277539+01:00 Info kahan-sum | Loaded 19 reward entries
2018-05-23 16:50:42.277541+01:00 Info kahan-sum | Loaded 14 query entries
2018-05-23 16:50:42.277544+01:00 Info kahan-sum | Loaded 2 training examples
2018-05-23 16:50:45.263821+01:00 Info sequence | Loaded 14618 reward entries
2018-05-23 16:50:45.263843+01:00 Info sequence | Loaded 4111 query entries
2018-05-23 16:50:45.263846+01:00 Info sequence | Loaded 86 training examples
2018-05-23 16:50:45.263983+01:00 Info fyq-stdlib-functor-record-sets | Loaded 0 reward entries
2018-05-23 16:50:45.263983+01:00 Info fyq-stdlib-functor-record-sets | Loaded 0 query entries
2018-05-23 16:50:45.263984+01:00 Info fyq-stdlib-functor-record-sets | Loaded 0 training examples
2018-05-23 16:50:45.264063+01:00 Info Loaded a total of 6314 training examples
2018-05-23 16:50:45.264463+01:00 Info Loaded 6314 IN-SAMPLE training examples and 0 OUT-OF-SAMPLE test examples
2018-05-23 16:50:45.264952+01:00 Info (hyperparams((l2_reg 0.001)(dropout_keep_prob 0.5)))
2018-05-23 16:50:45.365146+01:00 Info ((name"training examples")(distribution((0 0.648720032507111)(1 0.35127996749288909))))
2018-05-23 16:50:45.365152+01:00 Info ((name"test examples")(distribution((0 -nan)(1 -nan))))
(monitor.ml.Error (Invalid_argument "index out of bounds")
 ("Raised by primitive operation at file \"src/owl/dense/owl_dense_ndarray_generic.ml\", line 229, characters 26-36"
  "Called from file \"tools/decision_model.ml\", line 137, characters 6-150"
  "Called from file \"tools/decision_model.ml\", line 146, characters 18-60"
  "Called from file \"src/deferred0.ml\", line 61, characters 64-69"
  "Called from file \"src/job_queue.ml\", line 159, characters 6-47"))
