2018-05-23 17:15:32.274713+01:00 Info fyq-symbolic-maths | Loaded 0 reward entries
2018-05-23 17:15:32.274715+01:00 Info fyq-symbolic-maths | Loaded 0 query entries
2018-05-23 17:15:32.274716+01:00 Info fyq-symbolic-maths | Loaded 0 training examples
2018-05-23 17:15:32.275121+01:00 Info Loaded a total of 0 training examples
2018-05-23 17:15:34.141843+01:00 Info bdd | Loaded 5717 reward entries
2018-05-23 17:15:34.141857+01:00 Info bdd | Loaded 2818 query entries
2018-05-23 17:15:34.141861+01:00 Info bdd | Loaded 824 training examples
2018-05-23 17:15:34.567608+01:00 Info almabench | Loaded 1926 reward entries
2018-05-23 17:15:34.567621+01:00 Info almabench | Loaded 846 query entries
2018-05-23 17:15:34.567625+01:00 Info almabench | Loaded 317 training examples
2018-05-23 17:15:35.738463+01:00 Info lexifi | Loaded 4262 reward entries
2018-05-23 17:15:35.738484+01:00 Info lexifi | Loaded 4073 query entries
2018-05-23 17:15:35.738489+01:00 Info lexifi | Loaded 1370 training examples
2018-05-23 17:15:43.836353+01:00 Info kb | Loaded 4747 reward entries
2018-05-23 17:15:43.836458+01:00 Info kb | Loaded 35367 query entries
2018-05-23 17:15:43.836461+01:00 Info kb | Loaded 281 training examples
2018-05-23 17:15:45.597521+01:00 Info floats-in-functor | Loaded 2774 reward entries
2018-05-23 17:15:45.597553+01:00 Info floats-in-functor | Loaded 8773 query entries
2018-05-23 17:15:45.597558+01:00 Info floats-in-functor | Loaded 784 training examples
2018-05-23 17:15:45.597697+01:00 Info fyq-stdlib-int-sets | Loaded 0 reward entries
2018-05-23 17:15:45.597698+01:00 Info fyq-stdlib-int-sets | Loaded 0 query entries
2018-05-23 17:15:45.597699+01:00 Info fyq-stdlib-int-sets | Loaded 0 training examples
2018-05-23 17:15:45.921431+01:00 Info fft | Loaded 1865 reward entries
2018-05-23 17:15:45.921440+01:00 Info fft | Loaded 842 query entries
2018-05-23 17:15:45.921443+01:00 Info fft | Loaded 306 training examples
2018-05-23 17:15:46.208236+01:00 Info quicksort | Loaded 1667 reward entries
2018-05-23 17:15:46.208243+01:00 Info quicksort | Loaded 829 query entries
2018-05-23 17:15:46.208246+01:00 Info quicksort | Loaded 306 training examples
2018-05-23 17:15:46.454818+01:00 Info lens | Loaded 1698 reward entries
2018-05-23 17:15:46.454824+01:00 Info lens | Loaded 835 query entries
2018-05-23 17:15:46.454828+01:00 Info lens | Loaded 296 training examples
2018-05-23 17:15:46.455000+01:00 Info fyq-rev-list | Loaded 0 reward entries
2018-05-23 17:15:46.455014+01:00 Info fyq-rev-list | Loaded 0 query entries
2018-05-23 17:15:46.455014+01:00 Info fyq-rev-list | Loaded 0 training examples
2018-05-23 17:15:47.648808+01:00 Info sequence-cps | Loaded 3135 reward entries
2018-05-23 17:15:47.648815+01:00 Info sequence-cps | Loaded 1134 query entries
2018-05-23 17:15:47.648819+01:00 Info sequence-cps | Loaded 330 training examples
2018-05-23 17:15:50.204396+01:00 Info hamming | Loaded 3032 reward entries
2018-05-23 17:15:50.204466+01:00 Info hamming | Loaded 8514 query entries
2018-05-23 17:15:50.204478+01:00 Info hamming | Loaded 1412 training examples
2018-05-23 17:15:50.208619+01:00 Info kahan-sum | Loaded 19 reward entries
2018-05-23 17:15:50.208621+01:00 Info kahan-sum | Loaded 14 query entries
2018-05-23 17:15:50.208624+01:00 Info kahan-sum | Loaded 2 training examples
2018-05-23 17:15:53.360216+01:00 Info sequence | Loaded 14618 reward entries
2018-05-23 17:15:53.360236+01:00 Info sequence | Loaded 4111 query entries
2018-05-23 17:15:53.360240+01:00 Info sequence | Loaded 86 training examples
2018-05-23 17:15:53.360521+01:00 Info fyq-stdlib-functor-record-sets | Loaded 0 reward entries
2018-05-23 17:15:53.360523+01:00 Info fyq-stdlib-functor-record-sets | Loaded 0 query entries
2018-05-23 17:15:53.360524+01:00 Info fyq-stdlib-functor-record-sets | Loaded 0 training examples
2018-05-23 17:15:53.360598+01:00 Info Loaded a total of 6314 training examples
2018-05-23 17:15:53.360980+01:00 Info Loaded 6314 IN-SAMPLE training examples and 0 OUT-OF-SAMPLE test examples
2018-05-23 17:15:53.361452+01:00 Info (hyperparams((l2_reg 0.1)(dropout_keep_prob 1)))
2018-05-23 17:15:53.461617+01:00 Info ((name"training examples")(distribution((0 0.648720032507111)(1 0.35127996749288909))))
2018-05-23 17:15:53.461622+01:00 Info ((name"test examples")(distribution((0 -nan)(1 -nan))))
(monitor.ml.Error (Invalid_argument "index out of bounds")
 ("Raised by primitive operation at file \"src/owl/dense/owl_dense_ndarray_generic.ml\", line 229, characters 26-36"
  "Called from file \"tools/decision_model.ml\", line 137, characters 6-150"
  "Called from file \"tools/decision_model.ml\", line 146, characters 18-60"
  "Called from file \"src/deferred0.ml\", line 61, characters 64-69"
  "Called from file \"src/job_queue.ml\", line 159, characters 6-47"))
