2018-05-23 17:16:53.070562+01:00 Info kahan-sum | Loaded 19 reward entries
2018-05-23 17:16:53.070563+01:00 Info kahan-sum | Loaded 14 query entries
2018-05-23 17:16:53.070565+01:00 Info kahan-sum | Loaded 2 training examples
2018-05-23 17:16:53.070892+01:00 Info Loaded a total of 2 training examples
2018-05-23 17:16:54.795615+01:00 Info bdd | Loaded 5717 reward entries
2018-05-23 17:16:54.795629+01:00 Info bdd | Loaded 2818 query entries
2018-05-23 17:16:54.795634+01:00 Info bdd | Loaded 824 training examples
2018-05-23 17:16:55.287042+01:00 Info almabench | Loaded 1926 reward entries
2018-05-23 17:16:55.287050+01:00 Info almabench | Loaded 846 query entries
2018-05-23 17:16:55.287053+01:00 Info almabench | Loaded 317 training examples
2018-05-23 17:16:56.945472+01:00 Info lexifi | Loaded 4262 reward entries
2018-05-23 17:16:56.945492+01:00 Info lexifi | Loaded 4073 query entries
2018-05-23 17:16:56.945499+01:00 Info lexifi | Loaded 1370 training examples
2018-05-23 17:17:05.892758+01:00 Info kb | Loaded 4747 reward entries
2018-05-23 17:17:05.892905+01:00 Info kb | Loaded 35367 query entries
2018-05-23 17:17:05.892909+01:00 Info kb | Loaded 281 training examples
2018-05-23 17:17:08.031927+01:00 Info floats-in-functor | Loaded 2774 reward entries
2018-05-23 17:17:08.031990+01:00 Info floats-in-functor | Loaded 8773 query entries
2018-05-23 17:17:08.031997+01:00 Info floats-in-functor | Loaded 784 training examples
2018-05-23 17:17:08.032152+01:00 Info fyq-stdlib-int-sets | Loaded 0 reward entries
2018-05-23 17:17:08.032153+01:00 Info fyq-stdlib-int-sets | Loaded 0 query entries
2018-05-23 17:17:08.032155+01:00 Info fyq-stdlib-int-sets | Loaded 0 training examples
2018-05-23 17:17:08.407901+01:00 Info fft | Loaded 1865 reward entries
2018-05-23 17:17:08.407910+01:00 Info fft | Loaded 842 query entries
2018-05-23 17:17:08.407914+01:00 Info fft | Loaded 306 training examples
2018-05-23 17:17:08.756016+01:00 Info quicksort | Loaded 1667 reward entries
2018-05-23 17:17:08.756025+01:00 Info quicksort | Loaded 829 query entries
2018-05-23 17:17:08.756029+01:00 Info quicksort | Loaded 306 training examples
2018-05-23 17:17:08.756163+01:00 Info fyq-symbolic-maths | Loaded 0 reward entries
2018-05-23 17:17:08.756163+01:00 Info fyq-symbolic-maths | Loaded 0 query entries
2018-05-23 17:17:08.756165+01:00 Info fyq-symbolic-maths | Loaded 0 training examples
2018-05-23 17:17:09.102438+01:00 Info lens | Loaded 1698 reward entries
2018-05-23 17:17:09.102447+01:00 Info lens | Loaded 835 query entries
2018-05-23 17:17:09.102452+01:00 Info lens | Loaded 296 training examples
2018-05-23 17:17:09.102596+01:00 Info fyq-rev-list | Loaded 0 reward entries
2018-05-23 17:17:09.102597+01:00 Info fyq-rev-list | Loaded 0 query entries
2018-05-23 17:17:09.102599+01:00 Info fyq-rev-list | Loaded 0 training examples
2018-05-23 17:17:10.609296+01:00 Info sequence-cps | Loaded 3135 reward entries
2018-05-23 17:17:10.609308+01:00 Info sequence-cps | Loaded 1134 query entries
2018-05-23 17:17:10.609313+01:00 Info sequence-cps | Loaded 330 training examples
2018-05-23 17:17:13.645864+01:00 Info hamming | Loaded 3032 reward entries
2018-05-23 17:17:13.645896+01:00 Info hamming | Loaded 8514 query entries
2018-05-23 17:17:13.645902+01:00 Info hamming | Loaded 1412 training examples
2018-05-23 17:17:16.944239+01:00 Info sequence | Loaded 14618 reward entries
2018-05-23 17:17:16.944275+01:00 Info sequence | Loaded 4111 query entries
2018-05-23 17:17:16.944280+01:00 Info sequence | Loaded 86 training examples
2018-05-23 17:17:16.944463+01:00 Info fyq-stdlib-functor-record-sets | Loaded 0 reward entries
2018-05-23 17:17:16.944464+01:00 Info fyq-stdlib-functor-record-sets | Loaded 0 query entries
2018-05-23 17:17:16.944465+01:00 Info fyq-stdlib-functor-record-sets | Loaded 0 training examples
2018-05-23 17:17:16.944623+01:00 Info Loaded a total of 6312 training examples
2018-05-23 17:17:16.945289+01:00 Info Loaded 6312 IN-SAMPLE training examples and 2 OUT-OF-SAMPLE test examples
2018-05-23 17:17:16.946155+01:00 Info (hyperparams((l2_reg 0.1)(dropout_keep_prob 1)))
2018-05-23 17:17:17.046408+01:00 Info ((name"training examples")(distribution((0 0.648720032507111)(1 0.35127996749288909))))
2018-05-23 17:17:17.046414+01:00 Info ((name"test examples")(distribution((0 -nan)(1 -nan))))
(monitor.ml.Error (Invalid_argument "index out of bounds")
 ("Raised by primitive operation at file \"src/owl/dense/owl_dense_ndarray_generic.ml\", line 229, characters 26-36"
  "Called from file \"tools/decision_model.ml\", line 137, characters 6-150"
  "Called from file \"tools/decision_model.ml\", line 146, characters 18-60"
  "Called from file \"src/deferred0.ml\", line 61, characters 64-69"
  "Called from file \"src/job_queue.ml\", line 159, characters 6-47"))
