2018-05-23 16:42:19.389646+01:00 Info fyq-symbolic-maths | Loaded 0 reward entries
2018-05-23 16:42:19.389647+01:00 Info fyq-symbolic-maths | Loaded 0 query entries
2018-05-23 16:42:19.389648+01:00 Info fyq-symbolic-maths | Loaded 0 training examples
2018-05-23 16:42:19.389923+01:00 Info Loaded a total of 0 training examples
2018-05-23 16:42:21.100881+01:00 Info bdd | Loaded 5717 reward entries
2018-05-23 16:42:21.100896+01:00 Info bdd | Loaded 2818 query entries
2018-05-23 16:42:21.100900+01:00 Info bdd | Loaded 824 training examples
2018-05-23 16:42:21.548203+01:00 Info almabench | Loaded 1926 reward entries
2018-05-23 16:42:21.548209+01:00 Info almabench | Loaded 846 query entries
2018-05-23 16:42:21.548212+01:00 Info almabench | Loaded 317 training examples
2018-05-23 16:42:22.913597+01:00 Info lexifi | Loaded 4262 reward entries
2018-05-23 16:42:22.913640+01:00 Info lexifi | Loaded 4073 query entries
2018-05-23 16:42:22.913650+01:00 Info lexifi | Loaded 1370 training examples
2018-05-23 16:42:30.805730+01:00 Info kb | Loaded 4747 reward entries
2018-05-23 16:42:30.805876+01:00 Info kb | Loaded 35367 query entries
2018-05-23 16:42:30.805880+01:00 Info kb | Loaded 281 training examples
2018-05-23 16:42:32.970285+01:00 Info floats-in-functor | Loaded 2774 reward entries
2018-05-23 16:42:32.970319+01:00 Info floats-in-functor | Loaded 8773 query entries
2018-05-23 16:42:32.970324+01:00 Info floats-in-functor | Loaded 784 training examples
2018-05-23 16:42:32.970457+01:00 Info fyq-stdlib-int-sets | Loaded 0 reward entries
2018-05-23 16:42:32.970458+01:00 Info fyq-stdlib-int-sets | Loaded 0 query entries
2018-05-23 16:42:32.970460+01:00 Info fyq-stdlib-int-sets | Loaded 0 training examples
2018-05-23 16:42:33.333798+01:00 Info fft | Loaded 1865 reward entries
2018-05-23 16:42:33.333807+01:00 Info fft | Loaded 842 query entries
2018-05-23 16:42:33.333811+01:00 Info fft | Loaded 306 training examples
2018-05-23 16:42:33.715230+01:00 Info quicksort | Loaded 1667 reward entries
2018-05-23 16:42:33.715239+01:00 Info quicksort | Loaded 829 query entries
2018-05-23 16:42:33.715242+01:00 Info quicksort | Loaded 306 training examples
2018-05-23 16:42:34.064285+01:00 Info lens | Loaded 1698 reward entries
2018-05-23 16:42:34.064291+01:00 Info lens | Loaded 835 query entries
2018-05-23 16:42:34.064295+01:00 Info lens | Loaded 296 training examples
2018-05-23 16:42:34.064416+01:00 Info fyq-rev-list | Loaded 0 reward entries
2018-05-23 16:42:34.064418+01:00 Info fyq-rev-list | Loaded 0 query entries
2018-05-23 16:42:34.064420+01:00 Info fyq-rev-list | Loaded 0 training examples
2018-05-23 16:42:35.226190+01:00 Info sequence-cps | Loaded 3135 reward entries
2018-05-23 16:42:35.226198+01:00 Info sequence-cps | Loaded 1134 query entries
2018-05-23 16:42:35.226201+01:00 Info sequence-cps | Loaded 330 training examples
2018-05-23 16:42:37.875073+01:00 Info hamming | Loaded 3032 reward entries
2018-05-23 16:42:37.875117+01:00 Info hamming | Loaded 8514 query entries
2018-05-23 16:42:37.875124+01:00 Info hamming | Loaded 1412 training examples
2018-05-23 16:42:37.877928+01:00 Info kahan-sum | Loaded 19 reward entries
2018-05-23 16:42:37.877929+01:00 Info kahan-sum | Loaded 14 query entries
2018-05-23 16:42:37.877932+01:00 Info kahan-sum | Loaded 2 training examples
2018-05-23 16:42:40.833821+01:00 Info sequence | Loaded 14618 reward entries
2018-05-23 16:42:40.833848+01:00 Info sequence | Loaded 4111 query entries
2018-05-23 16:42:40.833852+01:00 Info sequence | Loaded 86 training examples
2018-05-23 16:42:40.834061+01:00 Info fyq-stdlib-functor-record-sets | Loaded 0 reward entries
2018-05-23 16:42:40.834062+01:00 Info fyq-stdlib-functor-record-sets | Loaded 0 query entries
2018-05-23 16:42:40.834064+01:00 Info fyq-stdlib-functor-record-sets | Loaded 0 training examples
2018-05-23 16:42:40.834158+01:00 Info Loaded a total of 6314 training examples
2018-05-23 16:42:40.834830+01:00 Info Loaded 6314 IN-SAMPLE training examples and 0 OUT-OF-SAMPLE test examples
2018-05-23 16:42:40.834851+01:00 Info (hyperparams((l2_reg 0.01)(dropout_keep_prob 1)))
(monitor.ml.Error (Invalid_argument "index out of bounds")
 ("Raised by primitive operation at file \"src/owl/dense/owl_dense_ndarray_generic.ml\", line 229, characters 26-36"
  "Called from file \"tools/policy_model.ml\", line 135, characters 6-150"
  "Called from file \"tools/policy_model.ml\", line 150, characters 18-60"
  "Called from file \"src/deferred0.ml\", line 61, characters 64-69"
  "Called from file \"src/job_queue.ml\", line 159, characters 6-47"))
