2018-05-21 15:11:24.405030+01:00 Info fyq-symbolic-maths | Loaded 0 reward entries
2018-05-21 15:11:24.405031+01:00 Info fyq-symbolic-maths | Loaded 0 query entries
2018-05-21 15:11:24.405032+01:00 Info fyq-symbolic-maths | Loaded 0 training examples
2018-05-21 15:11:24.405366+01:00 Info Loaded a total of 0 training examples
2018-05-21 15:11:25.457585+01:00 Info bdd | Loaded 5717 reward entries
2018-05-21 15:11:25.457596+01:00 Info bdd | Loaded 2818 query entries
2018-05-21 15:11:25.457599+01:00 Info bdd | Loaded 824 training examples
2018-05-21 15:11:25.798887+01:00 Info almabench | Loaded 1926 reward entries
2018-05-21 15:11:25.798892+01:00 Info almabench | Loaded 846 query entries
2018-05-21 15:11:25.798895+01:00 Info almabench | Loaded 317 training examples
2018-05-21 15:11:26.494127+01:00 Info lexifi | Loaded 4262 reward entries
2018-05-21 15:11:26.494142+01:00 Info lexifi | Loaded 4073 query entries
2018-05-21 15:11:26.494146+01:00 Info lexifi | Loaded 1370 training examples
2018-05-21 15:11:29.771633+01:00 Info kb | Loaded 4747 reward entries
2018-05-21 15:11:29.771750+01:00 Info kb | Loaded 35367 query entries
2018-05-21 15:11:29.771754+01:00 Info kb | Loaded 281 training examples
2018-05-21 15:11:30.731530+01:00 Info floats-in-functor | Loaded 2774 reward entries
2018-05-21 15:11:30.731566+01:00 Info floats-in-functor | Loaded 8773 query entries
2018-05-21 15:11:30.731570+01:00 Info floats-in-functor | Loaded 784 training examples
2018-05-21 15:11:30.731776+01:00 Info fyq-stdlib-int-sets | Loaded 0 reward entries
2018-05-21 15:11:30.731777+01:00 Info fyq-stdlib-int-sets | Loaded 0 query entries
2018-05-21 15:11:30.731778+01:00 Info fyq-stdlib-int-sets | Loaded 0 training examples
2018-05-21 15:11:30.947031+01:00 Info fft | Loaded 1865 reward entries
2018-05-21 15:11:30.947037+01:00 Info fft | Loaded 842 query entries
2018-05-21 15:11:30.947040+01:00 Info fft | Loaded 306 training examples
2018-05-21 15:11:31.168545+01:00 Info quicksort | Loaded 1667 reward entries
2018-05-21 15:11:31.168553+01:00 Info quicksort | Loaded 829 query entries
2018-05-21 15:11:31.168556+01:00 Info quicksort | Loaded 306 training examples
2018-05-21 15:11:31.293344+01:00 Info lens | Loaded 1698 reward entries
2018-05-21 15:11:31.293351+01:00 Info lens | Loaded 835 query entries
2018-05-21 15:11:31.293354+01:00 Info lens | Loaded 296 training examples
2018-05-21 15:11:31.293460+01:00 Info fyq-rev-list | Loaded 0 reward entries
2018-05-21 15:11:31.293461+01:00 Info fyq-rev-list | Loaded 0 query entries
2018-05-21 15:11:31.293462+01:00 Info fyq-rev-list | Loaded 0 training examples
2018-05-21 15:11:31.483034+01:00 Info sequence-cps | Loaded 3135 reward entries
2018-05-21 15:11:31.483042+01:00 Info sequence-cps | Loaded 1134 query entries
2018-05-21 15:11:31.483046+01:00 Info sequence-cps | Loaded 330 training examples
2018-05-21 15:11:32.348211+01:00 Info hamming | Loaded 3032 reward entries
2018-05-21 15:11:32.348239+01:00 Info hamming | Loaded 8514 query entries
2018-05-21 15:11:32.348245+01:00 Info hamming | Loaded 1412 training examples
2018-05-21 15:11:32.349566+01:00 Info kahan-sum | Loaded 19 reward entries
2018-05-21 15:11:32.349566+01:00 Info kahan-sum | Loaded 14 query entries
2018-05-21 15:11:32.349567+01:00 Info kahan-sum | Loaded 2 training examples
2018-05-21 15:11:35.389658+01:00 Info sequence | Loaded 14618 reward entries
2018-05-21 15:11:35.389675+01:00 Info sequence | Loaded 4111 query entries
2018-05-21 15:11:35.389677+01:00 Info sequence | Loaded 86 training examples
2018-05-21 15:11:35.389842+01:00 Info fyq-stdlib-functor-record-sets | Loaded 0 reward entries
2018-05-21 15:11:35.389842+01:00 Info fyq-stdlib-functor-record-sets | Loaded 0 query entries
2018-05-21 15:11:35.389843+01:00 Info fyq-stdlib-functor-record-sets | Loaded 0 training examples
2018-05-21 15:11:35.389900+01:00 Info Loaded a total of 6314 training examples
2018-05-21 15:11:35.390242+01:00 Info Loaded 6314 IN-SAMPLE training examples and 0 OUT-OF-SAMPLE test examples
2018-05-21 15:11:35.390255+01:00 Info (hyperparams((l2_reg 0.01)(dropout_keep_prob 1)))
(monitor.ml.Error (Invalid_argument "index out of bounds")
 ("Raised by primitive operation at file \"src/owl/dense/owl_dense_ndarray_generic.ml\", line 229, characters 26-36"
  "Called from file \"tools/policy_model.ml\", line 134, characters 6-150"
  "Called from file \"tools/policy_model.ml\", line 149, characters 18-60"
  "Called from file \"src/deferred0.ml\", line 61, characters 64-69"
  "Called from file \"src/job_queue.ml\", line 159, characters 6-47"))
