2018-05-23 16:28:51.291451+01:00 Info fyq-stdlib-int-sets | Loaded 0 reward entries
2018-05-23 16:28:51.291452+01:00 Info fyq-stdlib-int-sets | Loaded 0 query entries
2018-05-23 16:28:51.291454+01:00 Info fyq-stdlib-int-sets | Loaded 0 training examples
2018-05-23 16:28:51.291882+01:00 Info Loaded a total of 0 training examples
2018-05-23 16:28:53.024933+01:00 Info bdd | Loaded 5717 reward entries
2018-05-23 16:28:53.024957+01:00 Info bdd | Loaded 2818 query entries
2018-05-23 16:28:53.024962+01:00 Info bdd | Loaded 824 training examples
2018-05-23 16:28:53.541238+01:00 Info almabench | Loaded 1926 reward entries
2018-05-23 16:28:53.541246+01:00 Info almabench | Loaded 846 query entries
2018-05-23 16:28:53.541250+01:00 Info almabench | Loaded 317 training examples
2018-05-23 16:28:55.100946+01:00 Info lexifi | Loaded 4262 reward entries
2018-05-23 16:28:55.100972+01:00 Info lexifi | Loaded 4073 query entries
2018-05-23 16:28:55.100980+01:00 Info lexifi | Loaded 1370 training examples
2018-05-23 16:29:04.488131+01:00 Info kb | Loaded 4747 reward entries
2018-05-23 16:29:04.488235+01:00 Info kb | Loaded 35367 query entries
2018-05-23 16:29:04.488238+01:00 Info kb | Loaded 281 training examples
2018-05-23 16:29:06.740330+01:00 Info floats-in-functor | Loaded 2774 reward entries
2018-05-23 16:29:06.740368+01:00 Info floats-in-functor | Loaded 8773 query entries
2018-05-23 16:29:06.740373+01:00 Info floats-in-functor | Loaded 784 training examples
2018-05-23 16:29:07.064886+01:00 Info fft | Loaded 1865 reward entries
2018-05-23 16:29:07.064893+01:00 Info fft | Loaded 842 query entries
2018-05-23 16:29:07.064897+01:00 Info fft | Loaded 306 training examples
2018-05-23 16:29:07.421465+01:00 Info quicksort | Loaded 1667 reward entries
2018-05-23 16:29:07.421471+01:00 Info quicksort | Loaded 829 query entries
2018-05-23 16:29:07.421474+01:00 Info quicksort | Loaded 306 training examples
2018-05-23 16:29:07.421637+01:00 Info fyq-symbolic-maths | Loaded 0 reward entries
2018-05-23 16:29:07.421638+01:00 Info fyq-symbolic-maths | Loaded 0 query entries
2018-05-23 16:29:07.421639+01:00 Info fyq-symbolic-maths | Loaded 0 training examples
2018-05-23 16:29:07.677547+01:00 Info lens | Loaded 1698 reward entries
2018-05-23 16:29:07.677553+01:00 Info lens | Loaded 835 query entries
2018-05-23 16:29:07.677557+01:00 Info lens | Loaded 296 training examples
2018-05-23 16:29:07.677651+01:00 Info fyq-rev-list | Loaded 0 reward entries
2018-05-23 16:29:07.677652+01:00 Info fyq-rev-list | Loaded 0 query entries
2018-05-23 16:29:07.677653+01:00 Info fyq-rev-list | Loaded 0 training examples
2018-05-23 16:29:08.933357+01:00 Info sequence-cps | Loaded 3135 reward entries
2018-05-23 16:29:08.933368+01:00 Info sequence-cps | Loaded 1134 query entries
2018-05-23 16:29:08.933372+01:00 Info sequence-cps | Loaded 330 training examples
2018-05-23 16:29:11.159447+01:00 Info hamming | Loaded 3032 reward entries
2018-05-23 16:29:11.159486+01:00 Info hamming | Loaded 8514 query entries
2018-05-23 16:29:11.159493+01:00 Info hamming | Loaded 1412 training examples
2018-05-23 16:29:11.162511+01:00 Info kahan-sum | Loaded 19 reward entries
2018-05-23 16:29:11.162512+01:00 Info kahan-sum | Loaded 14 query entries
2018-05-23 16:29:11.162514+01:00 Info kahan-sum | Loaded 2 training examples
2018-05-23 16:29:14.010885+01:00 Info sequence | Loaded 14618 reward entries
2018-05-23 16:29:14.010908+01:00 Info sequence | Loaded 4111 query entries
2018-05-23 16:29:14.010911+01:00 Info sequence | Loaded 86 training examples
2018-05-23 16:29:14.011049+01:00 Info fyq-stdlib-functor-record-sets | Loaded 0 reward entries
2018-05-23 16:29:14.011050+01:00 Info fyq-stdlib-functor-record-sets | Loaded 0 query entries
2018-05-23 16:29:14.011051+01:00 Info fyq-stdlib-functor-record-sets | Loaded 0 training examples
2018-05-23 16:29:14.011140+01:00 Info Loaded a total of 6314 training examples
2018-05-23 16:29:14.011632+01:00 Info Loaded 6314 IN-SAMPLE training examples and 0 OUT-OF-SAMPLE test examples
2018-05-23 16:29:14.011655+01:00 Info (hyperparams((l2_reg 0.1)(dropout_keep_prob 1)))
(monitor.ml.Error (Invalid_argument "index out of bounds")
 ("Raised by primitive operation at file \"src/owl/dense/owl_dense_ndarray_generic.ml\", line 229, characters 26-36"
  "Called from file \"tools/familiarity_model.ml\", line 139, characters 6-150"
  "Called from file \"tools/familiarity_model.ml\", line 152, characters 18-60"
  "Called from file \"src/deferred0.ml\", line 61, characters 64-69"
  "Called from file \"src/job_queue.ml\", line 159, characters 6-47"))
