2018-05-23 16:30:20.909409+01:00 Info fyq-rev-list | Loaded 0 reward entries
2018-05-23 16:30:20.909410+01:00 Info fyq-rev-list | Loaded 0 query entries
2018-05-23 16:30:20.909412+01:00 Info fyq-rev-list | Loaded 0 training examples
2018-05-23 16:30:20.909780+01:00 Info Loaded a total of 0 training examples
2018-05-23 16:30:22.670136+01:00 Info bdd | Loaded 5717 reward entries
2018-05-23 16:30:22.670150+01:00 Info bdd | Loaded 2818 query entries
2018-05-23 16:30:22.670153+01:00 Info bdd | Loaded 824 training examples
2018-05-23 16:30:23.106417+01:00 Info almabench | Loaded 1926 reward entries
2018-05-23 16:30:23.106424+01:00 Info almabench | Loaded 846 query entries
2018-05-23 16:30:23.106427+01:00 Info almabench | Loaded 317 training examples
2018-05-23 16:30:24.442590+01:00 Info lexifi | Loaded 4262 reward entries
2018-05-23 16:30:24.442606+01:00 Info lexifi | Loaded 4073 query entries
2018-05-23 16:30:24.442611+01:00 Info lexifi | Loaded 1370 training examples
2018-05-23 16:30:31.651108+01:00 Info kb | Loaded 4747 reward entries
2018-05-23 16:30:31.651318+01:00 Info kb | Loaded 35367 query entries
2018-05-23 16:30:31.651323+01:00 Info kb | Loaded 281 training examples
2018-05-23 16:30:33.662181+01:00 Info floats-in-functor | Loaded 2774 reward entries
2018-05-23 16:30:33.662230+01:00 Info floats-in-functor | Loaded 8773 query entries
2018-05-23 16:30:33.662236+01:00 Info floats-in-functor | Loaded 784 training examples
2018-05-23 16:30:33.662400+01:00 Info fyq-stdlib-int-sets | Loaded 0 reward entries
2018-05-23 16:30:33.662402+01:00 Info fyq-stdlib-int-sets | Loaded 0 query entries
2018-05-23 16:30:33.662404+01:00 Info fyq-stdlib-int-sets | Loaded 0 training examples
2018-05-23 16:30:34.000320+01:00 Info fft | Loaded 1865 reward entries
2018-05-23 16:30:34.000329+01:00 Info fft | Loaded 842 query entries
2018-05-23 16:30:34.000333+01:00 Info fft | Loaded 306 training examples
2018-05-23 16:30:34.395338+01:00 Info quicksort | Loaded 1667 reward entries
2018-05-23 16:30:34.395347+01:00 Info quicksort | Loaded 829 query entries
2018-05-23 16:30:34.395350+01:00 Info quicksort | Loaded 306 training examples
2018-05-23 16:30:34.395538+01:00 Info fyq-symbolic-maths | Loaded 0 reward entries
2018-05-23 16:30:34.395539+01:00 Info fyq-symbolic-maths | Loaded 0 query entries
2018-05-23 16:30:34.395541+01:00 Info fyq-symbolic-maths | Loaded 0 training examples
2018-05-23 16:30:34.710182+01:00 Info lens | Loaded 1698 reward entries
2018-05-23 16:30:34.710191+01:00 Info lens | Loaded 835 query entries
2018-05-23 16:30:34.710195+01:00 Info lens | Loaded 296 training examples
2018-05-23 16:30:35.973140+01:00 Info sequence-cps | Loaded 3135 reward entries
2018-05-23 16:30:35.973150+01:00 Info sequence-cps | Loaded 1134 query entries
2018-05-23 16:30:35.973154+01:00 Info sequence-cps | Loaded 330 training examples
2018-05-23 16:30:38.476937+01:00 Info hamming | Loaded 3032 reward entries
2018-05-23 16:30:38.476992+01:00 Info hamming | Loaded 8514 query entries
2018-05-23 16:30:38.477000+01:00 Info hamming | Loaded 1412 training examples
2018-05-23 16:30:38.481118+01:00 Info kahan-sum | Loaded 19 reward entries
2018-05-23 16:30:38.481120+01:00 Info kahan-sum | Loaded 14 query entries
2018-05-23 16:30:38.481123+01:00 Info kahan-sum | Loaded 2 training examples
2018-05-23 16:30:41.460975+01:00 Info sequence | Loaded 14618 reward entries
2018-05-23 16:30:41.460999+01:00 Info sequence | Loaded 4111 query entries
2018-05-23 16:30:41.461002+01:00 Info sequence | Loaded 86 training examples
2018-05-23 16:30:41.461197+01:00 Info fyq-stdlib-functor-record-sets | Loaded 0 reward entries
2018-05-23 16:30:41.461198+01:00 Info fyq-stdlib-functor-record-sets | Loaded 0 query entries
2018-05-23 16:30:41.461200+01:00 Info fyq-stdlib-functor-record-sets | Loaded 0 training examples
2018-05-23 16:30:41.461288+01:00 Info Loaded a total of 6314 training examples
2018-05-23 16:30:41.461832+01:00 Info Loaded 6314 IN-SAMPLE training examples and 0 OUT-OF-SAMPLE test examples
2018-05-23 16:30:41.461849+01:00 Info (hyperparams((l2_reg 0.1)(dropout_keep_prob 1)))
(monitor.ml.Error (Invalid_argument "index out of bounds")
 ("Raised by primitive operation at file \"src/owl/dense/owl_dense_ndarray_generic.ml\", line 229, characters 26-36"
  "Called from file \"tools/familiarity_model.ml\", line 139, characters 6-150"
  "Called from file \"tools/familiarity_model.ml\", line 152, characters 18-60"
  "Called from file \"src/deferred0.ml\", line 61, characters 64-69"
  "Called from file \"src/job_queue.ml\", line 159, characters 6-47"))
