2018-05-21 15:06:38.701424+01:00 Info fyq-stdlib-int-sets | Loaded 0 reward entries
2018-05-21 15:06:38.701425+01:00 Info fyq-stdlib-int-sets | Loaded 0 query entries
2018-05-21 15:06:38.701426+01:00 Info fyq-stdlib-int-sets | Loaded 0 training examples
2018-05-21 15:06:38.701677+01:00 Info Loaded a total of 0 training examples
2018-05-21 15:06:39.681526+01:00 Info bdd | Loaded 5717 reward entries
2018-05-21 15:06:39.681537+01:00 Info bdd | Loaded 2818 query entries
2018-05-21 15:06:39.681541+01:00 Info bdd | Loaded 824 training examples
2018-05-21 15:06:40.003294+01:00 Info almabench | Loaded 1926 reward entries
2018-05-21 15:06:40.003299+01:00 Info almabench | Loaded 846 query entries
2018-05-21 15:06:40.003302+01:00 Info almabench | Loaded 317 training examples
2018-05-21 15:06:40.640860+01:00 Info lexifi | Loaded 4262 reward entries
2018-05-21 15:06:40.640877+01:00 Info lexifi | Loaded 4073 query entries
2018-05-21 15:06:40.640882+01:00 Info lexifi | Loaded 1370 training examples
2018-05-21 15:06:43.548896+01:00 Info kb | Loaded 4747 reward entries
2018-05-21 15:06:43.549029+01:00 Info kb | Loaded 35367 query entries
2018-05-21 15:06:43.549032+01:00 Info kb | Loaded 281 training examples
2018-05-21 15:06:44.415921+01:00 Info floats-in-functor | Loaded 2774 reward entries
2018-05-21 15:06:44.415960+01:00 Info floats-in-functor | Loaded 8773 query entries
2018-05-21 15:06:44.415965+01:00 Info floats-in-functor | Loaded 784 training examples
2018-05-21 15:06:44.645549+01:00 Info fft | Loaded 1865 reward entries
2018-05-21 15:06:44.645554+01:00 Info fft | Loaded 842 query entries
2018-05-21 15:06:44.645557+01:00 Info fft | Loaded 306 training examples
2018-05-21 15:06:44.859226+01:00 Info quicksort | Loaded 1667 reward entries
2018-05-21 15:06:44.859231+01:00 Info quicksort | Loaded 829 query entries
2018-05-21 15:06:44.859233+01:00 Info quicksort | Loaded 306 training examples
2018-05-21 15:06:44.859421+01:00 Info fyq-symbolic-maths | Loaded 0 reward entries
2018-05-21 15:06:44.859422+01:00 Info fyq-symbolic-maths | Loaded 0 query entries
2018-05-21 15:06:44.859423+01:00 Info fyq-symbolic-maths | Loaded 0 training examples
2018-05-21 15:06:44.972545+01:00 Info lens | Loaded 1698 reward entries
2018-05-21 15:06:44.972551+01:00 Info lens | Loaded 835 query entries
2018-05-21 15:06:44.972554+01:00 Info lens | Loaded 296 training examples
2018-05-21 15:06:44.972689+01:00 Info fyq-rev-list | Loaded 0 reward entries
2018-05-21 15:06:44.972690+01:00 Info fyq-rev-list | Loaded 0 query entries
2018-05-21 15:06:44.972691+01:00 Info fyq-rev-list | Loaded 0 training examples
2018-05-21 15:06:45.142450+01:00 Info sequence-cps | Loaded 3135 reward entries
2018-05-21 15:06:45.142459+01:00 Info sequence-cps | Loaded 1134 query entries
2018-05-21 15:06:45.142463+01:00 Info sequence-cps | Loaded 330 training examples
2018-05-21 15:06:45.932610+01:00 Info hamming | Loaded 3032 reward entries
2018-05-21 15:06:45.932650+01:00 Info hamming | Loaded 8514 query entries
2018-05-21 15:06:45.932655+01:00 Info hamming | Loaded 1412 training examples
2018-05-21 15:06:45.934170+01:00 Info kahan-sum | Loaded 19 reward entries
2018-05-21 15:06:45.934171+01:00 Info kahan-sum | Loaded 14 query entries
2018-05-21 15:06:45.934172+01:00 Info kahan-sum | Loaded 2 training examples
2018-05-21 15:06:48.738551+01:00 Info sequence | Loaded 14618 reward entries
2018-05-21 15:06:48.738566+01:00 Info sequence | Loaded 4111 query entries
2018-05-21 15:06:48.738569+01:00 Info sequence | Loaded 86 training examples
2018-05-21 15:06:48.738815+01:00 Info fyq-stdlib-functor-record-sets | Loaded 0 reward entries
2018-05-21 15:06:48.738816+01:00 Info fyq-stdlib-functor-record-sets | Loaded 0 query entries
2018-05-21 15:06:48.738817+01:00 Info fyq-stdlib-functor-record-sets | Loaded 0 training examples
2018-05-21 15:06:48.738896+01:00 Info Loaded a total of 6314 training examples
2018-05-21 15:06:48.739232+01:00 Info Loaded 6314 IN-SAMPLE training examples and 0 OUT-OF-SAMPLE test examples
2018-05-21 15:06:48.739246+01:00 Info (hyperparams((l2_reg 0.001)(dropout_keep_prob 1)))
(monitor.ml.Error (Invalid_argument "index out of bounds")
 ("Raised by primitive operation at file \"src/owl/dense/owl_dense_ndarray_generic.ml\", line 229, characters 26-36"
  "Called from file \"tools/policy_model.ml\", line 134, characters 6-150"
  "Called from file \"tools/policy_model.ml\", line 149, characters 18-60"
  "Called from file \"src/deferred0.ml\", line 61, characters 64-69"
  "Called from file \"src/job_queue.ml\", line 159, characters 6-47"))
