2018-05-21 13:34:17.021622+01:00 Info fyq-rev-list | Loaded 0 reward entries
2018-05-21 13:34:17.021623+01:00 Info fyq-rev-list | Loaded 0 query entries
2018-05-21 13:34:17.021624+01:00 Info fyq-rev-list | Loaded 0 training examples
2018-05-21 13:34:17.021880+01:00 Info Loaded a total of 0 training examples
2018-05-21 13:34:18.064960+01:00 Info bdd | Loaded 5717 reward entries
2018-05-21 13:34:18.064971+01:00 Info bdd | Loaded 2818 query entries
2018-05-21 13:34:18.064975+01:00 Info bdd | Loaded 824 training examples
2018-05-21 13:34:18.403013+01:00 Info almabench | Loaded 1926 reward entries
2018-05-21 13:34:18.403018+01:00 Info almabench | Loaded 846 query entries
2018-05-21 13:34:18.403020+01:00 Info almabench | Loaded 317 training examples
2018-05-21 13:34:19.105110+01:00 Info lexifi | Loaded 4262 reward entries
2018-05-21 13:34:19.105132+01:00 Info lexifi | Loaded 4073 query entries
2018-05-21 13:34:19.105138+01:00 Info lexifi | Loaded 1370 training examples
2018-05-21 13:34:22.344399+01:00 Info kb | Loaded 4747 reward entries
2018-05-21 13:34:22.344530+01:00 Info kb | Loaded 35367 query entries
2018-05-21 13:34:22.344534+01:00 Info kb | Loaded 281 training examples
2018-05-21 13:34:23.344327+01:00 Info floats-in-functor | Loaded 2774 reward entries
2018-05-21 13:34:23.344358+01:00 Info floats-in-functor | Loaded 8773 query entries
2018-05-21 13:34:23.344362+01:00 Info floats-in-functor | Loaded 784 training examples
2018-05-21 13:34:23.344480+01:00 Info fyq-stdlib-int-sets | Loaded 0 reward entries
2018-05-21 13:34:23.344481+01:00 Info fyq-stdlib-int-sets | Loaded 0 query entries
2018-05-21 13:34:23.344482+01:00 Info fyq-stdlib-int-sets | Loaded 0 training examples
2018-05-21 13:34:23.579282+01:00 Info fft | Loaded 1865 reward entries
2018-05-21 13:34:23.579289+01:00 Info fft | Loaded 842 query entries
2018-05-21 13:34:23.579292+01:00 Info fft | Loaded 306 training examples
2018-05-21 13:34:23.794125+01:00 Info quicksort | Loaded 1667 reward entries
2018-05-21 13:34:23.794130+01:00 Info quicksort | Loaded 829 query entries
2018-05-21 13:34:23.794133+01:00 Info quicksort | Loaded 306 training examples
2018-05-21 13:34:23.794223+01:00 Info fyq-symbolic-maths | Loaded 0 reward entries
2018-05-21 13:34:23.794224+01:00 Info fyq-symbolic-maths | Loaded 0 query entries
2018-05-21 13:34:23.794225+01:00 Info fyq-symbolic-maths | Loaded 0 training examples
2018-05-21 13:34:23.914141+01:00 Info lens | Loaded 1698 reward entries
2018-05-21 13:34:23.914148+01:00 Info lens | Loaded 835 query entries
2018-05-21 13:34:23.914150+01:00 Info lens | Loaded 296 training examples
2018-05-21 13:34:24.087949+01:00 Info sequence-cps | Loaded 3135 reward entries
2018-05-21 13:34:24.087954+01:00 Info sequence-cps | Loaded 1134 query entries
2018-05-21 13:34:24.087956+01:00 Info sequence-cps | Loaded 330 training examples
2018-05-21 13:34:24.934073+01:00 Info hamming | Loaded 3032 reward entries
2018-05-21 13:34:24.934098+01:00 Info hamming | Loaded 8514 query entries
2018-05-21 13:34:24.934102+01:00 Info hamming | Loaded 1412 training examples
2018-05-21 13:34:24.935633+01:00 Info kahan-sum | Loaded 19 reward entries
2018-05-21 13:34:24.935634+01:00 Info kahan-sum | Loaded 14 query entries
2018-05-21 13:34:24.935635+01:00 Info kahan-sum | Loaded 2 training examples
2018-05-21 13:34:27.924340+01:00 Info sequence | Loaded 14618 reward entries
2018-05-21 13:34:27.924356+01:00 Info sequence | Loaded 4111 query entries
2018-05-21 13:34:27.924359+01:00 Info sequence | Loaded 86 training examples
2018-05-21 13:34:27.924480+01:00 Info fyq-stdlib-functor-record-sets | Loaded 0 reward entries
2018-05-21 13:34:27.924481+01:00 Info fyq-stdlib-functor-record-sets | Loaded 0 query entries
2018-05-21 13:34:27.924483+01:00 Info fyq-stdlib-functor-record-sets | Loaded 0 training examples
2018-05-21 13:34:27.924573+01:00 Info Loaded a total of 6314 training examples
2018-05-21 13:34:27.925090+01:00 Info Loaded 6314 IN-SAMPLE training examples and 0 OUT-OF-SAMPLE test examples
2018-05-21 13:34:27.925104+01:00 Info (hyperparams((l2_reg 0.01)(dropout_keep_prob 1)))
(monitor.ml.Error (Invalid_argument "index out of bounds")
 ("Raised by primitive operation at file \"src/owl/dense/owl_dense_ndarray_generic.ml\", line 229, characters 26-36"
  "Called from file \"tools/familiarity_model.ml\", line 139, characters 6-150"
  "Called from file \"tools/familiarity_model.ml\", line 152, characters 18-60"
  "Called from file \"src/deferred0.ml\", line 61, characters 64-69"
  "Called from file \"src/job_queue.ml\", line 159, characters 6-47"))
