2018-05-21 13:34:05.452733+01:00 Info fyq-symbolic-maths | Loaded 0 reward entries
2018-05-21 13:34:05.452734+01:00 Info fyq-symbolic-maths | Loaded 0 query entries
2018-05-21 13:34:05.452735+01:00 Info fyq-symbolic-maths | Loaded 0 training examples
2018-05-21 13:34:05.453046+01:00 Info Loaded a total of 0 training examples
2018-05-21 13:34:06.495794+01:00 Info bdd | Loaded 5717 reward entries
2018-05-21 13:34:06.495806+01:00 Info bdd | Loaded 2818 query entries
2018-05-21 13:34:06.495810+01:00 Info bdd | Loaded 824 training examples
2018-05-21 13:34:06.840701+01:00 Info almabench | Loaded 1926 reward entries
2018-05-21 13:34:06.840707+01:00 Info almabench | Loaded 846 query entries
2018-05-21 13:34:06.840710+01:00 Info almabench | Loaded 317 training examples
2018-05-21 13:34:07.537514+01:00 Info lexifi | Loaded 4262 reward entries
2018-05-21 13:34:07.537529+01:00 Info lexifi | Loaded 4073 query entries
2018-05-21 13:34:07.537534+01:00 Info lexifi | Loaded 1370 training examples
2018-05-21 13:34:10.806423+01:00 Info kb | Loaded 4747 reward entries
2018-05-21 13:34:10.806576+01:00 Info kb | Loaded 35367 query entries
2018-05-21 13:34:10.806579+01:00 Info kb | Loaded 281 training examples
2018-05-21 13:34:11.746018+01:00 Info floats-in-functor | Loaded 2774 reward entries
2018-05-21 13:34:11.746046+01:00 Info floats-in-functor | Loaded 8773 query entries
2018-05-21 13:34:11.746050+01:00 Info floats-in-functor | Loaded 784 training examples
2018-05-21 13:34:11.746193+01:00 Info fyq-stdlib-int-sets | Loaded 0 reward entries
2018-05-21 13:34:11.746194+01:00 Info fyq-stdlib-int-sets | Loaded 0 query entries
2018-05-21 13:34:11.746195+01:00 Info fyq-stdlib-int-sets | Loaded 0 training examples
2018-05-21 13:34:11.964333+01:00 Info fft | Loaded 1865 reward entries
2018-05-21 13:34:11.964340+01:00 Info fft | Loaded 842 query entries
2018-05-21 13:34:11.964343+01:00 Info fft | Loaded 306 training examples
2018-05-21 13:34:12.181528+01:00 Info quicksort | Loaded 1667 reward entries
2018-05-21 13:34:12.181535+01:00 Info quicksort | Loaded 829 query entries
2018-05-21 13:34:12.181538+01:00 Info quicksort | Loaded 306 training examples
2018-05-21 13:34:12.299068+01:00 Info lens | Loaded 1698 reward entries
2018-05-21 13:34:12.299075+01:00 Info lens | Loaded 835 query entries
2018-05-21 13:34:12.299078+01:00 Info lens | Loaded 296 training examples
2018-05-21 13:34:12.299195+01:00 Info fyq-rev-list | Loaded 0 reward entries
2018-05-21 13:34:12.299196+01:00 Info fyq-rev-list | Loaded 0 query entries
2018-05-21 13:34:12.299197+01:00 Info fyq-rev-list | Loaded 0 training examples
2018-05-21 13:34:12.474288+01:00 Info sequence-cps | Loaded 3135 reward entries
2018-05-21 13:34:12.474296+01:00 Info sequence-cps | Loaded 1134 query entries
2018-05-21 13:34:12.474299+01:00 Info sequence-cps | Loaded 330 training examples
2018-05-21 13:34:13.352774+01:00 Info hamming | Loaded 3032 reward entries
2018-05-21 13:34:13.352802+01:00 Info hamming | Loaded 8514 query entries
2018-05-21 13:34:13.352807+01:00 Info hamming | Loaded 1412 training examples
2018-05-21 13:34:13.354094+01:00 Info kahan-sum | Loaded 19 reward entries
2018-05-21 13:34:13.354095+01:00 Info kahan-sum | Loaded 14 query entries
2018-05-21 13:34:13.354096+01:00 Info kahan-sum | Loaded 2 training examples
2018-05-21 13:34:16.363979+01:00 Info sequence | Loaded 14618 reward entries
2018-05-21 13:34:16.363994+01:00 Info sequence | Loaded 4111 query entries
2018-05-21 13:34:16.363996+01:00 Info sequence | Loaded 86 training examples
2018-05-21 13:34:16.364104+01:00 Info fyq-stdlib-functor-record-sets | Loaded 0 reward entries
2018-05-21 13:34:16.364105+01:00 Info fyq-stdlib-functor-record-sets | Loaded 0 query entries
2018-05-21 13:34:16.364105+01:00 Info fyq-stdlib-functor-record-sets | Loaded 0 training examples
2018-05-21 13:34:16.364160+01:00 Info Loaded a total of 6314 training examples
2018-05-21 13:34:16.364490+01:00 Info Loaded 6314 IN-SAMPLE training examples and 0 OUT-OF-SAMPLE test examples
2018-05-21 13:34:16.364504+01:00 Info (hyperparams((l2_reg 0.01)(dropout_keep_prob 1)))
(monitor.ml.Error (Invalid_argument "index out of bounds")
 ("Raised by primitive operation at file \"src/owl/dense/owl_dense_ndarray_generic.ml\", line 229, characters 26-36"
  "Called from file \"tools/familiarity_model.ml\", line 139, characters 6-150"
  "Called from file \"tools/familiarity_model.ml\", line 152, characters 18-60"
  "Called from file \"src/deferred0.ml\", line 61, characters 64-69"
  "Called from file \"src/job_queue.ml\", line 159, characters 6-47"))
