2018-05-21 15:07:58.663301+01:00 Info fyq-stdlib-functor-record-sets | Loaded 0 reward entries
2018-05-21 15:07:58.663302+01:00 Info fyq-stdlib-functor-record-sets | Loaded 0 query entries
2018-05-21 15:07:58.663303+01:00 Info fyq-stdlib-functor-record-sets | Loaded 0 training examples
2018-05-21 15:07:58.663557+01:00 Info Loaded a total of 0 training examples
2018-05-21 15:07:59.731206+01:00 Info bdd | Loaded 5717 reward entries
2018-05-21 15:07:59.731218+01:00 Info bdd | Loaded 2818 query entries
2018-05-21 15:07:59.731223+01:00 Info bdd | Loaded 824 training examples
2018-05-21 15:08:00.079746+01:00 Info almabench | Loaded 1926 reward entries
2018-05-21 15:08:00.079751+01:00 Info almabench | Loaded 846 query entries
2018-05-21 15:08:00.079754+01:00 Info almabench | Loaded 317 training examples
2018-05-21 15:08:00.769004+01:00 Info lexifi | Loaded 4262 reward entries
2018-05-21 15:08:00.769017+01:00 Info lexifi | Loaded 4073 query entries
2018-05-21 15:08:00.769021+01:00 Info lexifi | Loaded 1370 training examples
2018-05-21 15:08:04.007977+01:00 Info kb | Loaded 4747 reward entries
2018-05-21 15:08:04.008096+01:00 Info kb | Loaded 35367 query entries
2018-05-21 15:08:04.008099+01:00 Info kb | Loaded 281 training examples
2018-05-21 15:08:04.942579+01:00 Info floats-in-functor | Loaded 2774 reward entries
2018-05-21 15:08:04.942609+01:00 Info floats-in-functor | Loaded 8773 query entries
2018-05-21 15:08:04.942613+01:00 Info floats-in-functor | Loaded 784 training examples
2018-05-21 15:08:04.942709+01:00 Info fyq-stdlib-int-sets | Loaded 0 reward entries
2018-05-21 15:08:04.942710+01:00 Info fyq-stdlib-int-sets | Loaded 0 query entries
2018-05-21 15:08:04.942711+01:00 Info fyq-stdlib-int-sets | Loaded 0 training examples
2018-05-21 15:08:05.180309+01:00 Info fft | Loaded 1865 reward entries
2018-05-21 15:08:05.180315+01:00 Info fft | Loaded 842 query entries
2018-05-21 15:08:05.180317+01:00 Info fft | Loaded 306 training examples
2018-05-21 15:08:05.380178+01:00 Info quicksort | Loaded 1667 reward entries
2018-05-21 15:08:05.380183+01:00 Info quicksort | Loaded 829 query entries
2018-05-21 15:08:05.380185+01:00 Info quicksort | Loaded 306 training examples
2018-05-21 15:08:05.380278+01:00 Info fyq-symbolic-maths | Loaded 0 reward entries
2018-05-21 15:08:05.380278+01:00 Info fyq-symbolic-maths | Loaded 0 query entries
2018-05-21 15:08:05.380279+01:00 Info fyq-symbolic-maths | Loaded 0 training examples
2018-05-21 15:08:05.494827+01:00 Info lens | Loaded 1698 reward entries
2018-05-21 15:08:05.494836+01:00 Info lens | Loaded 835 query entries
2018-05-21 15:08:05.494838+01:00 Info lens | Loaded 296 training examples
2018-05-21 15:08:05.494991+01:00 Info fyq-rev-list | Loaded 0 reward entries
2018-05-21 15:08:05.494992+01:00 Info fyq-rev-list | Loaded 0 query entries
2018-05-21 15:08:05.494992+01:00 Info fyq-rev-list | Loaded 0 training examples
2018-05-21 15:08:05.681727+01:00 Info sequence-cps | Loaded 3135 reward entries
2018-05-21 15:08:05.681734+01:00 Info sequence-cps | Loaded 1134 query entries
2018-05-21 15:08:05.681738+01:00 Info sequence-cps | Loaded 330 training examples
2018-05-21 15:08:06.506336+01:00 Info hamming | Loaded 3032 reward entries
2018-05-21 15:08:06.506365+01:00 Info hamming | Loaded 8514 query entries
2018-05-21 15:08:06.506370+01:00 Info hamming | Loaded 1412 training examples
2018-05-21 15:08:06.507639+01:00 Info kahan-sum | Loaded 19 reward entries
2018-05-21 15:08:06.507640+01:00 Info kahan-sum | Loaded 14 query entries
2018-05-21 15:08:06.507642+01:00 Info kahan-sum | Loaded 2 training examples
2018-05-21 15:08:09.488723+01:00 Info sequence | Loaded 14618 reward entries
2018-05-21 15:08:09.488739+01:00 Info sequence | Loaded 4111 query entries
2018-05-21 15:08:09.488741+01:00 Info sequence | Loaded 86 training examples
2018-05-21 15:08:09.488848+01:00 Info Loaded a total of 6314 training examples
2018-05-21 15:08:09.489422+01:00 Info Loaded 6314 IN-SAMPLE training examples and 0 OUT-OF-SAMPLE test examples
2018-05-21 15:08:09.489436+01:00 Info (hyperparams((l2_reg 0.001)(dropout_keep_prob 1)))
(monitor.ml.Error (Invalid_argument "index out of bounds")
 ("Raised by primitive operation at file \"src/owl/dense/owl_dense_ndarray_generic.ml\", line 229, characters 26-36"
  "Called from file \"tools/policy_model.ml\", line 134, characters 6-150"
  "Called from file \"tools/policy_model.ml\", line 149, characters 18-60"
  "Called from file \"src/deferred0.ml\", line 61, characters 64-69"
  "Called from file \"src/job_queue.ml\", line 159, characters 6-47"))
