2018-05-21 15:22:13.185995+01:00 Info kahan-sum | Loaded 19 reward entries
2018-05-21 15:22:13.185996+01:00 Info kahan-sum | Loaded 14 query entries
2018-05-21 15:22:13.185997+01:00 Info kahan-sum | Loaded 2 training examples
2018-05-21 15:22:13.186211+01:00 Info Loaded a total of 2 training examples
2018-05-21 15:22:14.257796+01:00 Info bdd | Loaded 5717 reward entries
2018-05-21 15:22:14.257807+01:00 Info bdd | Loaded 2818 query entries
2018-05-21 15:22:14.257809+01:00 Info bdd | Loaded 824 training examples
2018-05-21 15:22:14.616516+01:00 Info almabench | Loaded 1926 reward entries
2018-05-21 15:22:14.616521+01:00 Info almabench | Loaded 846 query entries
2018-05-21 15:22:14.616524+01:00 Info almabench | Loaded 317 training examples
2018-05-21 15:22:15.334421+01:00 Info lexifi | Loaded 4262 reward entries
2018-05-21 15:22:15.334438+01:00 Info lexifi | Loaded 4073 query entries
2018-05-21 15:22:15.334444+01:00 Info lexifi | Loaded 1370 training examples
2018-05-21 15:22:18.793569+01:00 Info kb | Loaded 4747 reward entries
2018-05-21 15:22:18.793671+01:00 Info kb | Loaded 35367 query entries
2018-05-21 15:22:18.793674+01:00 Info kb | Loaded 281 training examples
2018-05-21 15:22:19.786855+01:00 Info floats-in-functor | Loaded 2774 reward entries
2018-05-21 15:22:19.786885+01:00 Info floats-in-functor | Loaded 8773 query entries
2018-05-21 15:22:19.786889+01:00 Info floats-in-functor | Loaded 784 training examples
2018-05-21 15:22:19.787000+01:00 Info fyq-stdlib-int-sets | Loaded 0 reward entries
2018-05-21 15:22:19.787001+01:00 Info fyq-stdlib-int-sets | Loaded 0 query entries
2018-05-21 15:22:19.787002+01:00 Info fyq-stdlib-int-sets | Loaded 0 training examples
2018-05-21 15:22:20.014840+01:00 Info fft | Loaded 1865 reward entries
2018-05-21 15:22:20.014847+01:00 Info fft | Loaded 842 query entries
2018-05-21 15:22:20.014849+01:00 Info fft | Loaded 306 training examples
2018-05-21 15:22:20.226723+01:00 Info quicksort | Loaded 1667 reward entries
2018-05-21 15:22:20.226729+01:00 Info quicksort | Loaded 829 query entries
2018-05-21 15:22:20.226732+01:00 Info quicksort | Loaded 306 training examples
2018-05-21 15:22:20.226890+01:00 Info fyq-symbolic-maths | Loaded 0 reward entries
2018-05-21 15:22:20.226891+01:00 Info fyq-symbolic-maths | Loaded 0 query entries
2018-05-21 15:22:20.226892+01:00 Info fyq-symbolic-maths | Loaded 0 training examples
2018-05-21 15:22:20.342866+01:00 Info lens | Loaded 1698 reward entries
2018-05-21 15:22:20.342872+01:00 Info lens | Loaded 835 query entries
2018-05-21 15:22:20.342875+01:00 Info lens | Loaded 296 training examples
2018-05-21 15:22:20.342955+01:00 Info fyq-rev-list | Loaded 0 reward entries
2018-05-21 15:22:20.342956+01:00 Info fyq-rev-list | Loaded 0 query entries
2018-05-21 15:22:20.342957+01:00 Info fyq-rev-list | Loaded 0 training examples
2018-05-21 15:22:20.522550+01:00 Info sequence-cps | Loaded 3135 reward entries
2018-05-21 15:22:20.522556+01:00 Info sequence-cps | Loaded 1134 query entries
2018-05-21 15:22:20.522558+01:00 Info sequence-cps | Loaded 330 training examples
2018-05-21 15:22:21.421968+01:00 Info hamming | Loaded 3032 reward entries
2018-05-21 15:22:21.422001+01:00 Info hamming | Loaded 8514 query entries
2018-05-21 15:22:21.422005+01:00 Info hamming | Loaded 1412 training examples
2018-05-21 15:22:24.490894+01:00 Info sequence | Loaded 14618 reward entries
2018-05-21 15:22:24.490908+01:00 Info sequence | Loaded 4111 query entries
2018-05-21 15:22:24.490910+01:00 Info sequence | Loaded 86 training examples
2018-05-21 15:22:24.491012+01:00 Info fyq-stdlib-functor-record-sets | Loaded 0 reward entries
2018-05-21 15:22:24.491014+01:00 Info fyq-stdlib-functor-record-sets | Loaded 0 query entries
2018-05-21 15:22:24.491014+01:00 Info fyq-stdlib-functor-record-sets | Loaded 0 training examples
2018-05-21 15:22:24.491077+01:00 Info Loaded a total of 6312 training examples
2018-05-21 15:22:24.491440+01:00 Info Loaded 6312 IN-SAMPLE training examples and 2 OUT-OF-SAMPLE test examples
2018-05-21 15:22:24.491875+01:00 Info (hyperparams((l2_reg 0.01)(dropout_keep_prob 0.5)))
2018-05-21 15:22:24.592059+01:00 Info ((name"training examples")(distribution((0 0.648720032507111)(1 0.35127996749288909))))
2018-05-21 15:22:24.592063+01:00 Info ((name"test examples")(distribution((0 -nan)(1 -nan))))
(monitor.ml.Error (Invalid_argument "index out of bounds")
 ("Raised by primitive operation at file \"src/owl/dense/owl_dense_ndarray_generic.ml\", line 229, characters 26-36"
  "Called from file \"tools/decision_model.ml\", line 144, characters 6-150"
  "Called from file \"tools/decision_model.ml\", line 153, characters 18-60"
  "Called from file \"src/deferred0.ml\", line 61, characters 64-69"
  "Called from file \"src/job_queue.ml\", line 159, characters 6-47"))
