2018-05-21 15:22:25.490350+01:00 Info fyq-stdlib-functor-record-sets | Loaded 0 reward entries
2018-05-21 15:22:25.490351+01:00 Info fyq-stdlib-functor-record-sets | Loaded 0 query entries
2018-05-21 15:22:25.490352+01:00 Info fyq-stdlib-functor-record-sets | Loaded 0 training examples
2018-05-21 15:22:25.490612+01:00 Info Loaded a total of 0 training examples
2018-05-21 15:22:26.536959+01:00 Info bdd | Loaded 5717 reward entries
2018-05-21 15:22:26.536970+01:00 Info bdd | Loaded 2818 query entries
2018-05-21 15:22:26.536974+01:00 Info bdd | Loaded 824 training examples
2018-05-21 15:22:26.853065+01:00 Info almabench | Loaded 1926 reward entries
2018-05-21 15:22:26.853070+01:00 Info almabench | Loaded 846 query entries
2018-05-21 15:22:26.853074+01:00 Info almabench | Loaded 317 training examples
2018-05-21 15:22:27.455534+01:00 Info lexifi | Loaded 4262 reward entries
2018-05-21 15:22:27.455549+01:00 Info lexifi | Loaded 4073 query entries
2018-05-21 15:22:27.455554+01:00 Info lexifi | Loaded 1370 training examples
2018-05-21 15:22:30.244915+01:00 Info kb | Loaded 4747 reward entries
2018-05-21 15:22:30.245009+01:00 Info kb | Loaded 35367 query entries
2018-05-21 15:22:30.245012+01:00 Info kb | Loaded 281 training examples
2018-05-21 15:22:31.028789+01:00 Info floats-in-functor | Loaded 2774 reward entries
2018-05-21 15:22:31.028815+01:00 Info floats-in-functor | Loaded 8773 query entries
2018-05-21 15:22:31.028818+01:00 Info floats-in-functor | Loaded 784 training examples
2018-05-21 15:22:31.029036+01:00 Info fyq-stdlib-int-sets | Loaded 0 reward entries
2018-05-21 15:22:31.029036+01:00 Info fyq-stdlib-int-sets | Loaded 0 query entries
2018-05-21 15:22:31.029037+01:00 Info fyq-stdlib-int-sets | Loaded 0 training examples
2018-05-21 15:22:31.215517+01:00 Info fft | Loaded 1865 reward entries
2018-05-21 15:22:31.215521+01:00 Info fft | Loaded 842 query entries
2018-05-21 15:22:31.215524+01:00 Info fft | Loaded 306 training examples
2018-05-21 15:22:31.393359+01:00 Info quicksort | Loaded 1667 reward entries
2018-05-21 15:22:31.393363+01:00 Info quicksort | Loaded 829 query entries
2018-05-21 15:22:31.393367+01:00 Info quicksort | Loaded 306 training examples
2018-05-21 15:22:31.393615+01:00 Info fyq-symbolic-maths | Loaded 0 reward entries
2018-05-21 15:22:31.393615+01:00 Info fyq-symbolic-maths | Loaded 0 query entries
2018-05-21 15:22:31.393616+01:00 Info fyq-symbolic-maths | Loaded 0 training examples
2018-05-21 15:22:31.499461+01:00 Info lens | Loaded 1698 reward entries
2018-05-21 15:22:31.499466+01:00 Info lens | Loaded 835 query entries
2018-05-21 15:22:31.499469+01:00 Info lens | Loaded 296 training examples
2018-05-21 15:22:31.499574+01:00 Info fyq-rev-list | Loaded 0 reward entries
2018-05-21 15:22:31.499575+01:00 Info fyq-rev-list | Loaded 0 query entries
2018-05-21 15:22:31.499575+01:00 Info fyq-rev-list | Loaded 0 training examples
2018-05-21 15:22:31.654342+01:00 Info sequence-cps | Loaded 3135 reward entries
2018-05-21 15:22:31.654347+01:00 Info sequence-cps | Loaded 1134 query entries
2018-05-21 15:22:31.654350+01:00 Info sequence-cps | Loaded 330 training examples
2018-05-21 15:22:32.399843+01:00 Info hamming | Loaded 3032 reward entries
2018-05-21 15:22:32.399871+01:00 Info hamming | Loaded 8514 query entries
2018-05-21 15:22:32.399875+01:00 Info hamming | Loaded 1412 training examples
2018-05-21 15:22:32.401253+01:00 Info kahan-sum | Loaded 19 reward entries
2018-05-21 15:22:32.401254+01:00 Info kahan-sum | Loaded 14 query entries
2018-05-21 15:22:32.401255+01:00 Info kahan-sum | Loaded 2 training examples
2018-05-21 15:22:35.039361+01:00 Info sequence | Loaded 14618 reward entries
2018-05-21 15:22:35.039375+01:00 Info sequence | Loaded 4111 query entries
2018-05-21 15:22:35.039378+01:00 Info sequence | Loaded 86 training examples
2018-05-21 15:22:35.039461+01:00 Info Loaded a total of 6314 training examples
2018-05-21 15:22:35.039837+01:00 Info Loaded 6314 IN-SAMPLE training examples and 0 OUT-OF-SAMPLE test examples
2018-05-21 15:22:35.040358+01:00 Info (hyperparams((l2_reg 0.01)(dropout_keep_prob 0.5)))
2018-05-21 15:22:35.140475+01:00 Info ((name"training examples")(distribution((0 0.648720032507111)(1 0.35127996749288909))))
2018-05-21 15:22:35.140479+01:00 Info ((name"test examples")(distribution((0 -nan)(1 -nan))))
(monitor.ml.Error (Invalid_argument "index out of bounds")
 ("Raised by primitive operation at file \"src/owl/dense/owl_dense_ndarray_generic.ml\", line 229, characters 26-36"
  "Called from file \"tools/decision_model.ml\", line 144, characters 6-150"
  "Called from file \"tools/decision_model.ml\", line 153, characters 18-60"
  "Called from file \"src/deferred0.ml\", line 61, characters 64-69"
  "Called from file \"src/job_queue.ml\", line 159, characters 6-47"))
