2018-05-21 15:21:13.626769+01:00 Info fyq-stdlib-int-sets | Loaded 0 reward entries
2018-05-21 15:21:13.626770+01:00 Info fyq-stdlib-int-sets | Loaded 0 query entries
2018-05-21 15:21:13.626772+01:00 Info fyq-stdlib-int-sets | Loaded 0 training examples
2018-05-21 15:21:13.627119+01:00 Info Loaded a total of 0 training examples
2018-05-21 15:21:14.626273+01:00 Info bdd | Loaded 5717 reward entries
2018-05-21 15:21:14.626286+01:00 Info bdd | Loaded 2818 query entries
2018-05-21 15:21:14.626290+01:00 Info bdd | Loaded 824 training examples
2018-05-21 15:21:14.948389+01:00 Info almabench | Loaded 1926 reward entries
2018-05-21 15:21:14.948396+01:00 Info almabench | Loaded 846 query entries
2018-05-21 15:21:14.948399+01:00 Info almabench | Loaded 317 training examples
2018-05-21 15:21:15.621809+01:00 Info lexifi | Loaded 4262 reward entries
2018-05-21 15:21:15.621824+01:00 Info lexifi | Loaded 4073 query entries
2018-05-21 15:21:15.621829+01:00 Info lexifi | Loaded 1370 training examples
2018-05-21 15:21:18.639920+01:00 Info kb | Loaded 4747 reward entries
2018-05-21 15:21:18.640024+01:00 Info kb | Loaded 35367 query entries
2018-05-21 15:21:18.640028+01:00 Info kb | Loaded 281 training examples
2018-05-21 15:21:19.515776+01:00 Info floats-in-functor | Loaded 2774 reward entries
2018-05-21 15:21:19.515809+01:00 Info floats-in-functor | Loaded 8773 query entries
2018-05-21 15:21:19.515813+01:00 Info floats-in-functor | Loaded 784 training examples
2018-05-21 15:21:19.732116+01:00 Info fft | Loaded 1865 reward entries
2018-05-21 15:21:19.732122+01:00 Info fft | Loaded 842 query entries
2018-05-21 15:21:19.732125+01:00 Info fft | Loaded 306 training examples
2018-05-21 15:21:19.939415+01:00 Info quicksort | Loaded 1667 reward entries
2018-05-21 15:21:19.939422+01:00 Info quicksort | Loaded 829 query entries
2018-05-21 15:21:19.939425+01:00 Info quicksort | Loaded 306 training examples
2018-05-21 15:21:19.939566+01:00 Info fyq-symbolic-maths | Loaded 0 reward entries
2018-05-21 15:21:19.939567+01:00 Info fyq-symbolic-maths | Loaded 0 query entries
2018-05-21 15:21:19.939568+01:00 Info fyq-symbolic-maths | Loaded 0 training examples
2018-05-21 15:21:20.091785+01:00 Info lens | Loaded 1698 reward entries
2018-05-21 15:21:20.091793+01:00 Info lens | Loaded 835 query entries
2018-05-21 15:21:20.091795+01:00 Info lens | Loaded 296 training examples
2018-05-21 15:21:20.091982+01:00 Info fyq-rev-list | Loaded 0 reward entries
2018-05-21 15:21:20.091983+01:00 Info fyq-rev-list | Loaded 0 query entries
2018-05-21 15:21:20.091984+01:00 Info fyq-rev-list | Loaded 0 training examples
2018-05-21 15:21:20.302312+01:00 Info sequence-cps | Loaded 3135 reward entries
2018-05-21 15:21:20.302319+01:00 Info sequence-cps | Loaded 1134 query entries
2018-05-21 15:21:20.302322+01:00 Info sequence-cps | Loaded 330 training examples
2018-05-21 15:21:21.153030+01:00 Info hamming | Loaded 3032 reward entries
2018-05-21 15:21:21.153062+01:00 Info hamming | Loaded 8514 query entries
2018-05-21 15:21:21.153066+01:00 Info hamming | Loaded 1412 training examples
2018-05-21 15:21:21.154224+01:00 Info kahan-sum | Loaded 19 reward entries
2018-05-21 15:21:21.154225+01:00 Info kahan-sum | Loaded 14 query entries
2018-05-21 15:21:21.154226+01:00 Info kahan-sum | Loaded 2 training examples
2018-05-21 15:21:23.956779+01:00 Info sequence | Loaded 14618 reward entries
2018-05-21 15:21:23.956795+01:00 Info sequence | Loaded 4111 query entries
2018-05-21 15:21:23.956798+01:00 Info sequence | Loaded 86 training examples
2018-05-21 15:21:23.957047+01:00 Info fyq-stdlib-functor-record-sets | Loaded 0 reward entries
2018-05-21 15:21:23.957048+01:00 Info fyq-stdlib-functor-record-sets | Loaded 0 query entries
2018-05-21 15:21:23.957049+01:00 Info fyq-stdlib-functor-record-sets | Loaded 0 training examples
2018-05-21 15:21:23.957127+01:00 Info Loaded a total of 6314 training examples
2018-05-21 15:21:23.957490+01:00 Info Loaded 6314 IN-SAMPLE training examples and 0 OUT-OF-SAMPLE test examples
2018-05-21 15:21:23.957914+01:00 Info (hyperparams((l2_reg 0.01)(dropout_keep_prob 0.5)))
2018-05-21 15:21:24.058064+01:00 Info ((name"training examples")(distribution((0 0.648720032507111)(1 0.35127996749288909))))
2018-05-21 15:21:24.058070+01:00 Info ((name"test examples")(distribution((0 -nan)(1 -nan))))
(monitor.ml.Error (Invalid_argument "index out of bounds")
 ("Raised by primitive operation at file \"src/owl/dense/owl_dense_ndarray_generic.ml\", line 229, characters 26-36"
  "Called from file \"tools/decision_model.ml\", line 144, characters 6-150"
  "Called from file \"tools/decision_model.ml\", line 153, characters 18-60"
  "Called from file \"src/deferred0.ml\", line 61, characters 64-69"
  "Called from file \"src/job_queue.ml\", line 159, characters 6-47"))
