2018-05-23 17:05:56.182236+01:00 Info fyq-rev-list | Loaded 0 reward entries
2018-05-23 17:05:56.182238+01:00 Info fyq-rev-list | Loaded 0 query entries
2018-05-23 17:05:56.182239+01:00 Info fyq-rev-list | Loaded 0 training examples
2018-05-23 17:05:56.182624+01:00 Info Loaded a total of 0 training examples
2018-05-23 17:05:58.117926+01:00 Info bdd | Loaded 5717 reward entries
2018-05-23 17:05:58.117949+01:00 Info bdd | Loaded 2818 query entries
2018-05-23 17:05:58.117955+01:00 Info bdd | Loaded 824 training examples
2018-05-23 17:05:58.582451+01:00 Info almabench | Loaded 1926 reward entries
2018-05-23 17:05:58.582458+01:00 Info almabench | Loaded 846 query entries
2018-05-23 17:05:58.582461+01:00 Info almabench | Loaded 317 training examples
2018-05-23 17:06:00.070590+01:00 Info lexifi | Loaded 4262 reward entries
2018-05-23 17:06:00.070622+01:00 Info lexifi | Loaded 4073 query entries
2018-05-23 17:06:00.070631+01:00 Info lexifi | Loaded 1370 training examples
2018-05-23 17:06:09.127528+01:00 Info kb | Loaded 4747 reward entries
2018-05-23 17:06:09.127669+01:00 Info kb | Loaded 35367 query entries
2018-05-23 17:06:09.127674+01:00 Info kb | Loaded 281 training examples
2018-05-23 17:06:11.392287+01:00 Info floats-in-functor | Loaded 2774 reward entries
2018-05-23 17:06:11.392322+01:00 Info floats-in-functor | Loaded 8773 query entries
2018-05-23 17:06:11.392327+01:00 Info floats-in-functor | Loaded 784 training examples
2018-05-23 17:06:11.392541+01:00 Info fyq-stdlib-int-sets | Loaded 0 reward entries
2018-05-23 17:06:11.392543+01:00 Info fyq-stdlib-int-sets | Loaded 0 query entries
2018-05-23 17:06:11.392544+01:00 Info fyq-stdlib-int-sets | Loaded 0 training examples
2018-05-23 17:06:11.799232+01:00 Info fft | Loaded 1865 reward entries
2018-05-23 17:06:11.799243+01:00 Info fft | Loaded 842 query entries
2018-05-23 17:06:11.799248+01:00 Info fft | Loaded 306 training examples
2018-05-23 17:06:12.191215+01:00 Info quicksort | Loaded 1667 reward entries
2018-05-23 17:06:12.191223+01:00 Info quicksort | Loaded 829 query entries
2018-05-23 17:06:12.191227+01:00 Info quicksort | Loaded 306 training examples
2018-05-23 17:06:12.191370+01:00 Info fyq-symbolic-maths | Loaded 0 reward entries
2018-05-23 17:06:12.191370+01:00 Info fyq-symbolic-maths | Loaded 0 query entries
2018-05-23 17:06:12.191371+01:00 Info fyq-symbolic-maths | Loaded 0 training examples
2018-05-23 17:06:12.473413+01:00 Info lens | Loaded 1698 reward entries
2018-05-23 17:06:12.473419+01:00 Info lens | Loaded 835 query entries
2018-05-23 17:06:12.473423+01:00 Info lens | Loaded 296 training examples
2018-05-23 17:06:13.805819+01:00 Info sequence-cps | Loaded 3135 reward entries
2018-05-23 17:06:13.805829+01:00 Info sequence-cps | Loaded 1134 query entries
2018-05-23 17:06:13.805833+01:00 Info sequence-cps | Loaded 330 training examples
2018-05-23 17:06:16.227590+01:00 Info hamming | Loaded 3032 reward entries
2018-05-23 17:06:16.227654+01:00 Info hamming | Loaded 8514 query entries
2018-05-23 17:06:16.227664+01:00 Info hamming | Loaded 1412 training examples
2018-05-23 17:06:16.231985+01:00 Info kahan-sum | Loaded 19 reward entries
2018-05-23 17:06:16.231987+01:00 Info kahan-sum | Loaded 14 query entries
2018-05-23 17:06:16.231989+01:00 Info kahan-sum | Loaded 2 training examples
2018-05-23 17:06:19.139925+01:00 Info sequence | Loaded 14618 reward entries
2018-05-23 17:06:19.139949+01:00 Info sequence | Loaded 4111 query entries
2018-05-23 17:06:19.139954+01:00 Info sequence | Loaded 86 training examples
2018-05-23 17:06:19.140105+01:00 Info fyq-stdlib-functor-record-sets | Loaded 0 reward entries
2018-05-23 17:06:19.140106+01:00 Info fyq-stdlib-functor-record-sets | Loaded 0 query entries
2018-05-23 17:06:19.140108+01:00 Info fyq-stdlib-functor-record-sets | Loaded 0 training examples
2018-05-23 17:06:19.140192+01:00 Info Loaded a total of 6314 training examples
2018-05-23 17:06:19.140763+01:00 Info Loaded 6314 IN-SAMPLE training examples and 0 OUT-OF-SAMPLE test examples
2018-05-23 17:06:19.141481+01:00 Info (hyperparams((l2_reg 0.01)(dropout_keep_prob 1)))
2018-05-23 17:06:19.241613+01:00 Info ((name"training examples")(distribution((0 0.648720032507111)(1 0.35127996749288909))))
2018-05-23 17:06:19.241619+01:00 Info ((name"test examples")(distribution((0 -nan)(1 -nan))))
(monitor.ml.Error (Invalid_argument "index out of bounds")
 ("Raised by primitive operation at file \"src/owl/dense/owl_dense_ndarray_generic.ml\", line 229, characters 26-36"
  "Called from file \"tools/decision_model.ml\", line 137, characters 6-150"
  "Called from file \"tools/decision_model.ml\", line 146, characters 18-60"
  "Called from file \"src/deferred0.ml\", line 61, characters 64-69"
  "Called from file \"src/job_queue.ml\", line 159, characters 6-47"))
