2018-05-23 17:06:55.520350+01:00 Info kahan-sum | Loaded 19 reward entries
2018-05-23 17:06:55.520352+01:00 Info kahan-sum | Loaded 14 query entries
2018-05-23 17:06:55.520355+01:00 Info kahan-sum | Loaded 2 training examples
2018-05-23 17:06:55.520584+01:00 Info Loaded a total of 2 training examples
2018-05-23 17:06:57.233140+01:00 Info bdd | Loaded 5717 reward entries
2018-05-23 17:06:57.233159+01:00 Info bdd | Loaded 2818 query entries
2018-05-23 17:06:57.233164+01:00 Info bdd | Loaded 824 training examples
2018-05-23 17:06:57.693406+01:00 Info almabench | Loaded 1926 reward entries
2018-05-23 17:06:57.693414+01:00 Info almabench | Loaded 846 query entries
2018-05-23 17:06:57.693418+01:00 Info almabench | Loaded 317 training examples
2018-05-23 17:06:59.208631+01:00 Info lexifi | Loaded 4262 reward entries
2018-05-23 17:06:59.208655+01:00 Info lexifi | Loaded 4073 query entries
2018-05-23 17:06:59.208663+01:00 Info lexifi | Loaded 1370 training examples
2018-05-23 17:07:08.801308+01:00 Info kb | Loaded 4747 reward entries
2018-05-23 17:07:08.801411+01:00 Info kb | Loaded 35367 query entries
2018-05-23 17:07:08.801415+01:00 Info kb | Loaded 281 training examples
2018-05-23 17:07:10.722226+01:00 Info floats-in-functor | Loaded 2774 reward entries
2018-05-23 17:07:10.722263+01:00 Info floats-in-functor | Loaded 8773 query entries
2018-05-23 17:07:10.722268+01:00 Info floats-in-functor | Loaded 784 training examples
2018-05-23 17:07:10.722393+01:00 Info fyq-stdlib-int-sets | Loaded 0 reward entries
2018-05-23 17:07:10.722394+01:00 Info fyq-stdlib-int-sets | Loaded 0 query entries
2018-05-23 17:07:10.722395+01:00 Info fyq-stdlib-int-sets | Loaded 0 training examples
2018-05-23 17:07:11.022828+01:00 Info fft | Loaded 1865 reward entries
2018-05-23 17:07:11.022834+01:00 Info fft | Loaded 842 query entries
2018-05-23 17:07:11.022837+01:00 Info fft | Loaded 306 training examples
2018-05-23 17:07:11.353570+01:00 Info quicksort | Loaded 1667 reward entries
2018-05-23 17:07:11.353576+01:00 Info quicksort | Loaded 829 query entries
2018-05-23 17:07:11.353579+01:00 Info quicksort | Loaded 306 training examples
2018-05-23 17:07:11.353745+01:00 Info fyq-symbolic-maths | Loaded 0 reward entries
2018-05-23 17:07:11.353746+01:00 Info fyq-symbolic-maths | Loaded 0 query entries
2018-05-23 17:07:11.353746+01:00 Info fyq-symbolic-maths | Loaded 0 training examples
2018-05-23 17:07:11.638079+01:00 Info lens | Loaded 1698 reward entries
2018-05-23 17:07:11.638086+01:00 Info lens | Loaded 835 query entries
2018-05-23 17:07:11.638088+01:00 Info lens | Loaded 296 training examples
2018-05-23 17:07:11.638256+01:00 Info fyq-rev-list | Loaded 0 reward entries
2018-05-23 17:07:11.638257+01:00 Info fyq-rev-list | Loaded 0 query entries
2018-05-23 17:07:11.638258+01:00 Info fyq-rev-list | Loaded 0 training examples
2018-05-23 17:07:12.801517+01:00 Info sequence-cps | Loaded 3135 reward entries
2018-05-23 17:07:12.801525+01:00 Info sequence-cps | Loaded 1134 query entries
2018-05-23 17:07:12.801529+01:00 Info sequence-cps | Loaded 330 training examples
2018-05-23 17:07:15.378675+01:00 Info hamming | Loaded 3032 reward entries
2018-05-23 17:07:15.378708+01:00 Info hamming | Loaded 8514 query entries
2018-05-23 17:07:15.378715+01:00 Info hamming | Loaded 1412 training examples
2018-05-23 17:07:18.289433+01:00 Info sequence | Loaded 14618 reward entries
2018-05-23 17:07:18.289450+01:00 Info sequence | Loaded 4111 query entries
2018-05-23 17:07:18.289453+01:00 Info sequence | Loaded 86 training examples
2018-05-23 17:07:18.289595+01:00 Info fyq-stdlib-functor-record-sets | Loaded 0 reward entries
2018-05-23 17:07:18.289596+01:00 Info fyq-stdlib-functor-record-sets | Loaded 0 query entries
2018-05-23 17:07:18.289597+01:00 Info fyq-stdlib-functor-record-sets | Loaded 0 training examples
2018-05-23 17:07:18.289657+01:00 Info Loaded a total of 6312 training examples
2018-05-23 17:07:18.290028+01:00 Info Loaded 6312 IN-SAMPLE training examples and 2 OUT-OF-SAMPLE test examples
2018-05-23 17:07:18.290495+01:00 Info (hyperparams((l2_reg 0.01)(dropout_keep_prob 1)))
2018-05-23 17:07:18.390772+01:00 Info ((name"training examples")(distribution((0 0.648720032507111)(1 0.35127996749288909))))
2018-05-23 17:07:18.390777+01:00 Info ((name"test examples")(distribution((0 -nan)(1 -nan))))
(monitor.ml.Error (Invalid_argument "index out of bounds")
 ("Raised by primitive operation at file \"src/owl/dense/owl_dense_ndarray_generic.ml\", line 229, characters 26-36"
  "Called from file \"tools/decision_model.ml\", line 137, characters 6-150"
  "Called from file \"tools/decision_model.ml\", line 146, characters 18-60"
  "Called from file \"src/deferred0.ml\", line 61, characters 64-69"
  "Called from file \"src/job_queue.ml\", line 159, characters 6-47"))
