2018-05-23 17:05:31.470899+01:00 Info fyq-symbolic-maths | Loaded 0 reward entries
2018-05-23 17:05:31.470900+01:00 Info fyq-symbolic-maths | Loaded 0 query entries
2018-05-23 17:05:31.470902+01:00 Info fyq-symbolic-maths | Loaded 0 training examples
2018-05-23 17:05:31.471296+01:00 Info Loaded a total of 0 training examples
2018-05-23 17:05:33.233803+01:00 Info bdd | Loaded 5717 reward entries
2018-05-23 17:05:33.233834+01:00 Info bdd | Loaded 2818 query entries
2018-05-23 17:05:33.233843+01:00 Info bdd | Loaded 824 training examples
2018-05-23 17:05:33.725943+01:00 Info almabench | Loaded 1926 reward entries
2018-05-23 17:05:33.725954+01:00 Info almabench | Loaded 846 query entries
2018-05-23 17:05:33.725961+01:00 Info almabench | Loaded 317 training examples
2018-05-23 17:05:35.111245+01:00 Info lexifi | Loaded 4262 reward entries
2018-05-23 17:05:35.111275+01:00 Info lexifi | Loaded 4073 query entries
2018-05-23 17:05:35.111282+01:00 Info lexifi | Loaded 1370 training examples
2018-05-23 17:05:44.010650+01:00 Info kb | Loaded 4747 reward entries
2018-05-23 17:05:44.010852+01:00 Info kb | Loaded 35367 query entries
2018-05-23 17:05:44.010858+01:00 Info kb | Loaded 281 training examples
2018-05-23 17:05:46.001430+01:00 Info floats-in-functor | Loaded 2774 reward entries
2018-05-23 17:05:46.001469+01:00 Info floats-in-functor | Loaded 8773 query entries
2018-05-23 17:05:46.001474+01:00 Info floats-in-functor | Loaded 784 training examples
2018-05-23 17:05:46.001635+01:00 Info fyq-stdlib-int-sets | Loaded 0 reward entries
2018-05-23 17:05:46.001635+01:00 Info fyq-stdlib-int-sets | Loaded 0 query entries
2018-05-23 17:05:46.001636+01:00 Info fyq-stdlib-int-sets | Loaded 0 training examples
2018-05-23 17:05:46.327910+01:00 Info fft | Loaded 1865 reward entries
2018-05-23 17:05:46.327917+01:00 Info fft | Loaded 842 query entries
2018-05-23 17:05:46.327921+01:00 Info fft | Loaded 306 training examples
2018-05-23 17:05:46.673751+01:00 Info quicksort | Loaded 1667 reward entries
2018-05-23 17:05:46.673762+01:00 Info quicksort | Loaded 829 query entries
2018-05-23 17:05:46.673766+01:00 Info quicksort | Loaded 306 training examples
2018-05-23 17:05:47.009491+01:00 Info lens | Loaded 1698 reward entries
2018-05-23 17:05:47.009502+01:00 Info lens | Loaded 835 query entries
2018-05-23 17:05:47.009507+01:00 Info lens | Loaded 296 training examples
2018-05-23 17:05:47.009675+01:00 Info fyq-rev-list | Loaded 0 reward entries
2018-05-23 17:05:47.009676+01:00 Info fyq-rev-list | Loaded 0 query entries
2018-05-23 17:05:47.009677+01:00 Info fyq-rev-list | Loaded 0 training examples
2018-05-23 17:05:48.204472+01:00 Info sequence-cps | Loaded 3135 reward entries
2018-05-23 17:05:48.204480+01:00 Info sequence-cps | Loaded 1134 query entries
2018-05-23 17:05:48.204483+01:00 Info sequence-cps | Loaded 330 training examples
2018-05-23 17:05:50.692922+01:00 Info hamming | Loaded 3032 reward entries
2018-05-23 17:05:50.692963+01:00 Info hamming | Loaded 8514 query entries
2018-05-23 17:05:50.692971+01:00 Info hamming | Loaded 1412 training examples
2018-05-23 17:05:50.696160+01:00 Info kahan-sum | Loaded 19 reward entries
2018-05-23 17:05:50.696161+01:00 Info kahan-sum | Loaded 14 query entries
2018-05-23 17:05:50.696163+01:00 Info kahan-sum | Loaded 2 training examples
2018-05-23 17:05:53.812155+01:00 Info sequence | Loaded 14618 reward entries
2018-05-23 17:05:53.812174+01:00 Info sequence | Loaded 4111 query entries
2018-05-23 17:05:53.812178+01:00 Info sequence | Loaded 86 training examples
2018-05-23 17:05:53.812305+01:00 Info fyq-stdlib-functor-record-sets | Loaded 0 reward entries
2018-05-23 17:05:53.812306+01:00 Info fyq-stdlib-functor-record-sets | Loaded 0 query entries
2018-05-23 17:05:53.812307+01:00 Info fyq-stdlib-functor-record-sets | Loaded 0 training examples
2018-05-23 17:05:53.812374+01:00 Info Loaded a total of 6314 training examples
2018-05-23 17:05:53.812784+01:00 Info Loaded 6314 IN-SAMPLE training examples and 0 OUT-OF-SAMPLE test examples
2018-05-23 17:05:53.813294+01:00 Info (hyperparams((l2_reg 0.01)(dropout_keep_prob 1)))
2018-05-23 17:05:53.913568+01:00 Info ((name"training examples")(distribution((0 0.648720032507111)(1 0.35127996749288909))))
2018-05-23 17:05:53.913574+01:00 Info ((name"test examples")(distribution((0 -nan)(1 -nan))))
(monitor.ml.Error (Invalid_argument "index out of bounds")
 ("Raised by primitive operation at file \"src/owl/dense/owl_dense_ndarray_generic.ml\", line 229, characters 26-36"
  "Called from file \"tools/decision_model.ml\", line 137, characters 6-150"
  "Called from file \"tools/decision_model.ml\", line 146, characters 18-60"
  "Called from file \"src/deferred0.ml\", line 61, characters 64-69"
  "Called from file \"src/job_queue.ml\", line 159, characters 6-47"))
