2018-05-21 13:32:49.118545+01:00 Info fyq-stdlib-functor-record-sets | Loaded 0 reward entries
2018-05-21 13:32:49.118546+01:00 Info fyq-stdlib-functor-record-sets | Loaded 0 query entries
2018-05-21 13:32:49.118546+01:00 Info fyq-stdlib-functor-record-sets | Loaded 0 training examples
2018-05-21 13:32:49.118809+01:00 Info Loaded a total of 0 training examples
2018-05-21 13:32:50.168310+01:00 Info bdd | Loaded 5717 reward entries
2018-05-21 13:32:50.168323+01:00 Info bdd | Loaded 2818 query entries
2018-05-21 13:32:50.168326+01:00 Info bdd | Loaded 824 training examples
2018-05-21 13:32:50.511765+01:00 Info almabench | Loaded 1926 reward entries
2018-05-21 13:32:50.511771+01:00 Info almabench | Loaded 846 query entries
2018-05-21 13:32:50.511773+01:00 Info almabench | Loaded 317 training examples
2018-05-21 13:32:51.195470+01:00 Info lexifi | Loaded 4262 reward entries
2018-05-21 13:32:51.195486+01:00 Info lexifi | Loaded 4073 query entries
2018-05-21 13:32:51.195491+01:00 Info lexifi | Loaded 1370 training examples
2018-05-21 13:32:54.444366+01:00 Info kb | Loaded 4747 reward entries
2018-05-21 13:32:54.444481+01:00 Info kb | Loaded 35367 query entries
2018-05-21 13:32:54.444485+01:00 Info kb | Loaded 281 training examples
2018-05-21 13:32:55.347552+01:00 Info floats-in-functor | Loaded 2774 reward entries
2018-05-21 13:32:55.347584+01:00 Info floats-in-functor | Loaded 8773 query entries
2018-05-21 13:32:55.347588+01:00 Info floats-in-functor | Loaded 784 training examples
2018-05-21 13:32:55.347846+01:00 Info fyq-stdlib-int-sets | Loaded 0 reward entries
2018-05-21 13:32:55.347847+01:00 Info fyq-stdlib-int-sets | Loaded 0 query entries
2018-05-21 13:32:55.347848+01:00 Info fyq-stdlib-int-sets | Loaded 0 training examples
2018-05-21 13:32:55.570897+01:00 Info fft | Loaded 1865 reward entries
2018-05-21 13:32:55.570902+01:00 Info fft | Loaded 842 query entries
2018-05-21 13:32:55.570905+01:00 Info fft | Loaded 306 training examples
2018-05-21 13:32:55.775861+01:00 Info quicksort | Loaded 1667 reward entries
2018-05-21 13:32:55.775866+01:00 Info quicksort | Loaded 829 query entries
2018-05-21 13:32:55.775869+01:00 Info quicksort | Loaded 306 training examples
2018-05-21 13:32:55.776059+01:00 Info fyq-symbolic-maths | Loaded 0 reward entries
2018-05-21 13:32:55.776061+01:00 Info fyq-symbolic-maths | Loaded 0 query entries
2018-05-21 13:32:55.776062+01:00 Info fyq-symbolic-maths | Loaded 0 training examples
2018-05-21 13:32:55.894633+01:00 Info lens | Loaded 1698 reward entries
2018-05-21 13:32:55.894639+01:00 Info lens | Loaded 835 query entries
2018-05-21 13:32:55.894642+01:00 Info lens | Loaded 296 training examples
2018-05-21 13:32:55.894737+01:00 Info fyq-rev-list | Loaded 0 reward entries
2018-05-21 13:32:55.894738+01:00 Info fyq-rev-list | Loaded 0 query entries
2018-05-21 13:32:55.894739+01:00 Info fyq-rev-list | Loaded 0 training examples
2018-05-21 13:32:56.073964+01:00 Info sequence-cps | Loaded 3135 reward entries
2018-05-21 13:32:56.073970+01:00 Info sequence-cps | Loaded 1134 query entries
2018-05-21 13:32:56.073973+01:00 Info sequence-cps | Loaded 330 training examples
2018-05-21 13:32:56.951900+01:00 Info hamming | Loaded 3032 reward entries
2018-05-21 13:32:56.951928+01:00 Info hamming | Loaded 8514 query entries
2018-05-21 13:32:56.951933+01:00 Info hamming | Loaded 1412 training examples
2018-05-21 13:32:56.953150+01:00 Info kahan-sum | Loaded 19 reward entries
2018-05-21 13:32:56.953151+01:00 Info kahan-sum | Loaded 14 query entries
2018-05-21 13:32:56.953152+01:00 Info kahan-sum | Loaded 2 training examples
2018-05-21 13:32:59.803440+01:00 Info sequence | Loaded 14618 reward entries
2018-05-21 13:32:59.803453+01:00 Info sequence | Loaded 4111 query entries
2018-05-21 13:32:59.803456+01:00 Info sequence | Loaded 86 training examples
2018-05-21 13:32:59.803516+01:00 Info Loaded a total of 6314 training examples
2018-05-21 13:32:59.803834+01:00 Info Loaded 6314 IN-SAMPLE training examples and 0 OUT-OF-SAMPLE test examples
2018-05-21 13:32:59.803846+01:00 Info (hyperparams((l2_reg 0.01)(dropout_keep_prob 0.5)))
(monitor.ml.Error (Invalid_argument "index out of bounds")
 ("Raised by primitive operation at file \"src/owl/dense/owl_dense_ndarray_generic.ml\", line 229, characters 26-36"
  "Called from file \"tools/familiarity_model.ml\", line 139, characters 6-150"
  "Called from file \"tools/familiarity_model.ml\", line 152, characters 18-60"
  "Called from file \"src/deferred0.ml\", line 61, characters 64-69"
  "Called from file \"src/job_queue.ml\", line 159, characters 6-47"))
