2018-05-21 13:32:08.228407+01:00 Info fyq-rev-list | Loaded 0 reward entries
2018-05-21 13:32:08.228408+01:00 Info fyq-rev-list | Loaded 0 query entries
2018-05-21 13:32:08.228408+01:00 Info fyq-rev-list | Loaded 0 training examples
2018-05-21 13:32:08.228654+01:00 Info Loaded a total of 0 training examples
2018-05-21 13:32:09.270188+01:00 Info bdd | Loaded 5717 reward entries
2018-05-21 13:32:09.270199+01:00 Info bdd | Loaded 2818 query entries
2018-05-21 13:32:09.270203+01:00 Info bdd | Loaded 824 training examples
2018-05-21 13:32:09.619484+01:00 Info almabench | Loaded 1926 reward entries
2018-05-21 13:32:09.619489+01:00 Info almabench | Loaded 846 query entries
2018-05-21 13:32:09.619492+01:00 Info almabench | Loaded 317 training examples
2018-05-21 13:32:10.295652+01:00 Info lexifi | Loaded 4262 reward entries
2018-05-21 13:32:10.295667+01:00 Info lexifi | Loaded 4073 query entries
2018-05-21 13:32:10.295671+01:00 Info lexifi | Loaded 1370 training examples
2018-05-21 13:32:13.556550+01:00 Info kb | Loaded 4747 reward entries
2018-05-21 13:32:13.556654+01:00 Info kb | Loaded 35367 query entries
2018-05-21 13:32:13.556658+01:00 Info kb | Loaded 281 training examples
2018-05-21 13:32:14.479436+01:00 Info floats-in-functor | Loaded 2774 reward entries
2018-05-21 13:32:14.479469+01:00 Info floats-in-functor | Loaded 8773 query entries
2018-05-21 13:32:14.479472+01:00 Info floats-in-functor | Loaded 784 training examples
2018-05-21 13:32:14.479720+01:00 Info fyq-stdlib-int-sets | Loaded 0 reward entries
2018-05-21 13:32:14.479721+01:00 Info fyq-stdlib-int-sets | Loaded 0 query entries
2018-05-21 13:32:14.479722+01:00 Info fyq-stdlib-int-sets | Loaded 0 training examples
2018-05-21 13:32:14.702910+01:00 Info fft | Loaded 1865 reward entries
2018-05-21 13:32:14.702915+01:00 Info fft | Loaded 842 query entries
2018-05-21 13:32:14.702918+01:00 Info fft | Loaded 306 training examples
2018-05-21 13:32:14.913026+01:00 Info quicksort | Loaded 1667 reward entries
2018-05-21 13:32:14.913033+01:00 Info quicksort | Loaded 829 query entries
2018-05-21 13:32:14.913036+01:00 Info quicksort | Loaded 306 training examples
2018-05-21 13:32:14.913160+01:00 Info fyq-symbolic-maths | Loaded 0 reward entries
2018-05-21 13:32:14.913160+01:00 Info fyq-symbolic-maths | Loaded 0 query entries
2018-05-21 13:32:14.913161+01:00 Info fyq-symbolic-maths | Loaded 0 training examples
2018-05-21 13:32:15.037683+01:00 Info lens | Loaded 1698 reward entries
2018-05-21 13:32:15.037688+01:00 Info lens | Loaded 835 query entries
2018-05-21 13:32:15.037691+01:00 Info lens | Loaded 296 training examples
2018-05-21 13:32:15.205944+01:00 Info sequence-cps | Loaded 3135 reward entries
2018-05-21 13:32:15.205949+01:00 Info sequence-cps | Loaded 1134 query entries
2018-05-21 13:32:15.205950+01:00 Info sequence-cps | Loaded 330 training examples
2018-05-21 13:32:16.080796+01:00 Info hamming | Loaded 3032 reward entries
2018-05-21 13:32:16.080835+01:00 Info hamming | Loaded 8514 query entries
2018-05-21 13:32:16.080839+01:00 Info hamming | Loaded 1412 training examples
2018-05-21 13:32:16.081983+01:00 Info kahan-sum | Loaded 19 reward entries
2018-05-21 13:32:16.081984+01:00 Info kahan-sum | Loaded 14 query entries
2018-05-21 13:32:16.081985+01:00 Info kahan-sum | Loaded 2 training examples
2018-05-21 13:32:19.124542+01:00 Info sequence | Loaded 14618 reward entries
2018-05-21 13:32:19.124558+01:00 Info sequence | Loaded 4111 query entries
2018-05-21 13:32:19.124561+01:00 Info sequence | Loaded 86 training examples
2018-05-21 13:32:19.124729+01:00 Info fyq-stdlib-functor-record-sets | Loaded 0 reward entries
2018-05-21 13:32:19.124730+01:00 Info fyq-stdlib-functor-record-sets | Loaded 0 query entries
2018-05-21 13:32:19.124731+01:00 Info fyq-stdlib-functor-record-sets | Loaded 0 training examples
2018-05-21 13:32:19.124807+01:00 Info Loaded a total of 6314 training examples
2018-05-21 13:32:19.125306+01:00 Info Loaded 6314 IN-SAMPLE training examples and 0 OUT-OF-SAMPLE test examples
2018-05-21 13:32:19.125322+01:00 Info (hyperparams((l2_reg 0.01)(dropout_keep_prob 0.5)))
(monitor.ml.Error (Invalid_argument "index out of bounds")
 ("Raised by primitive operation at file \"src/owl/dense/owl_dense_ndarray_generic.ml\", line 229, characters 26-36"
  "Called from file \"tools/familiarity_model.ml\", line 139, characters 6-150"
  "Called from file \"tools/familiarity_model.ml\", line 152, characters 18-60"
  "Called from file \"src/deferred0.ml\", line 61, characters 64-69"
  "Called from file \"src/job_queue.ml\", line 159, characters 6-47"))
