2018-05-23 16:07:30.158584+01:00 Info fyq-symbolic-maths | Loaded 0 reward entries
2018-05-23 16:07:30.158584+01:00 Info fyq-symbolic-maths | Loaded 0 query entries
2018-05-23 16:07:30.158586+01:00 Info fyq-symbolic-maths | Loaded 0 training examples
2018-05-23 16:07:30.158869+01:00 Info Loaded a total of 0 training examples
2018-05-23 16:07:31.816342+01:00 Info bdd | Loaded 5717 reward entries
2018-05-23 16:07:31.816364+01:00 Info bdd | Loaded 2818 query entries
2018-05-23 16:07:31.816369+01:00 Info bdd | Loaded 824 training examples
2018-05-23 16:07:32.290798+01:00 Info almabench | Loaded 1926 reward entries
2018-05-23 16:07:32.290810+01:00 Info almabench | Loaded 846 query entries
2018-05-23 16:07:32.290814+01:00 Info almabench | Loaded 317 training examples
2018-05-23 16:07:33.980720+01:00 Info lexifi | Loaded 4262 reward entries
2018-05-23 16:07:33.980749+01:00 Info lexifi | Loaded 4073 query entries
2018-05-23 16:07:33.980757+01:00 Info lexifi | Loaded 1370 training examples
2018-05-23 16:07:43.070617+01:00 Info kb | Loaded 4747 reward entries
2018-05-23 16:07:43.070812+01:00 Info kb | Loaded 35367 query entries
2018-05-23 16:07:43.070817+01:00 Info kb | Loaded 281 training examples
2018-05-23 16:07:45.676614+01:00 Info floats-in-functor | Loaded 2774 reward entries
2018-05-23 16:07:45.676666+01:00 Info floats-in-functor | Loaded 8773 query entries
2018-05-23 16:07:45.676672+01:00 Info floats-in-functor | Loaded 784 training examples
2018-05-23 16:07:45.676840+01:00 Info fyq-stdlib-int-sets | Loaded 0 reward entries
2018-05-23 16:07:45.676841+01:00 Info fyq-stdlib-int-sets | Loaded 0 query entries
2018-05-23 16:07:45.676843+01:00 Info fyq-stdlib-int-sets | Loaded 0 training examples
2018-05-23 16:07:46.044821+01:00 Info fft | Loaded 1865 reward entries
2018-05-23 16:07:46.044829+01:00 Info fft | Loaded 842 query entries
2018-05-23 16:07:46.044833+01:00 Info fft | Loaded 306 training examples
2018-05-23 16:07:46.418675+01:00 Info quicksort | Loaded 1667 reward entries
2018-05-23 16:07:46.418684+01:00 Info quicksort | Loaded 829 query entries
2018-05-23 16:07:46.418689+01:00 Info quicksort | Loaded 306 training examples
2018-05-23 16:07:46.775620+01:00 Info lens | Loaded 1698 reward entries
2018-05-23 16:07:46.775627+01:00 Info lens | Loaded 835 query entries
2018-05-23 16:07:46.775631+01:00 Info lens | Loaded 296 training examples
2018-05-23 16:07:46.775798+01:00 Info fyq-rev-list | Loaded 0 reward entries
2018-05-23 16:07:46.775799+01:00 Info fyq-rev-list | Loaded 0 query entries
2018-05-23 16:07:46.775800+01:00 Info fyq-rev-list | Loaded 0 training examples
2018-05-23 16:07:48.128229+01:00 Info sequence-cps | Loaded 3135 reward entries
2018-05-23 16:07:48.128241+01:00 Info sequence-cps | Loaded 1134 query entries
2018-05-23 16:07:48.128245+01:00 Info sequence-cps | Loaded 330 training examples
2018-05-23 16:07:50.396481+01:00 Info hamming | Loaded 3032 reward entries
2018-05-23 16:07:50.396528+01:00 Info hamming | Loaded 8514 query entries
2018-05-23 16:07:50.396536+01:00 Info hamming | Loaded 1412 training examples
2018-05-23 16:07:50.400356+01:00 Info kahan-sum | Loaded 19 reward entries
2018-05-23 16:07:50.400357+01:00 Info kahan-sum | Loaded 14 query entries
2018-05-23 16:07:50.400359+01:00 Info kahan-sum | Loaded 2 training examples
2018-05-23 16:07:53.086154+01:00 Info sequence | Loaded 14618 reward entries
2018-05-23 16:07:53.086174+01:00 Info sequence | Loaded 4111 query entries
2018-05-23 16:07:53.086177+01:00 Info sequence | Loaded 86 training examples
2018-05-23 16:07:53.086412+01:00 Info fyq-stdlib-functor-record-sets | Loaded 0 reward entries
2018-05-23 16:07:53.086414+01:00 Info fyq-stdlib-functor-record-sets | Loaded 0 query entries
2018-05-23 16:07:53.086415+01:00 Info fyq-stdlib-functor-record-sets | Loaded 0 training examples
2018-05-23 16:07:53.086511+01:00 Info Loaded a total of 6314 training examples
2018-05-23 16:07:53.087110+01:00 Info Loaded 6314 IN-SAMPLE training examples and 0 OUT-OF-SAMPLE test examples
2018-05-23 16:07:53.087127+01:00 Info (hyperparams((l2_reg 0.001)(dropout_keep_prob 1)))
(monitor.ml.Error (Invalid_argument "index out of bounds")
 ("Raised by primitive operation at file \"src/owl/dense/owl_dense_ndarray_generic.ml\", line 229, characters 26-36"
  "Called from file \"tools/familiarity_model.ml\", line 139, characters 6-150"
  "Called from file \"tools/familiarity_model.ml\", line 152, characters 18-60"
  "Called from file \"src/deferred0.ml\", line 61, characters 64-69"
  "Called from file \"src/job_queue.ml\", line 159, characters 6-47"))
