2018-05-23 16:09:47.424657+01:00 Info fyq-stdlib-functor-record-sets | Loaded 0 reward entries
2018-05-23 16:09:47.424658+01:00 Info fyq-stdlib-functor-record-sets | Loaded 0 query entries
2018-05-23 16:09:47.424659+01:00 Info fyq-stdlib-functor-record-sets | Loaded 0 training examples
2018-05-23 16:09:47.424937+01:00 Info Loaded a total of 0 training examples
2018-05-23 16:09:48.904671+01:00 Info bdd | Loaded 5717 reward entries
2018-05-23 16:09:48.904688+01:00 Info bdd | Loaded 2818 query entries
2018-05-23 16:09:48.904694+01:00 Info bdd | Loaded 824 training examples
2018-05-23 16:09:49.313021+01:00 Info almabench | Loaded 1926 reward entries
2018-05-23 16:09:49.313029+01:00 Info almabench | Loaded 846 query entries
2018-05-23 16:09:49.313032+01:00 Info almabench | Loaded 317 training examples
2018-05-23 16:09:50.603579+01:00 Info lexifi | Loaded 4262 reward entries
2018-05-23 16:09:50.603601+01:00 Info lexifi | Loaded 4073 query entries
2018-05-23 16:09:50.603605+01:00 Info lexifi | Loaded 1370 training examples
2018-05-23 16:09:59.840023+01:00 Info kb | Loaded 4747 reward entries
2018-05-23 16:09:59.840240+01:00 Info kb | Loaded 35367 query entries
2018-05-23 16:09:59.840246+01:00 Info kb | Loaded 281 training examples
2018-05-23 16:10:02.034574+01:00 Info floats-in-functor | Loaded 2774 reward entries
2018-05-23 16:10:02.034634+01:00 Info floats-in-functor | Loaded 8773 query entries
2018-05-23 16:10:02.034640+01:00 Info floats-in-functor | Loaded 784 training examples
2018-05-23 16:10:02.034840+01:00 Info fyq-stdlib-int-sets | Loaded 0 reward entries
2018-05-23 16:10:02.034842+01:00 Info fyq-stdlib-int-sets | Loaded 0 query entries
2018-05-23 16:10:02.034844+01:00 Info fyq-stdlib-int-sets | Loaded 0 training examples
2018-05-23 16:10:02.410333+01:00 Info fft | Loaded 1865 reward entries
2018-05-23 16:10:02.410346+01:00 Info fft | Loaded 842 query entries
2018-05-23 16:10:02.410351+01:00 Info fft | Loaded 306 training examples
2018-05-23 16:10:02.744636+01:00 Info quicksort | Loaded 1667 reward entries
2018-05-23 16:10:02.744644+01:00 Info quicksort | Loaded 829 query entries
2018-05-23 16:10:02.744647+01:00 Info quicksort | Loaded 306 training examples
2018-05-23 16:10:02.744811+01:00 Info fyq-symbolic-maths | Loaded 0 reward entries
2018-05-23 16:10:02.744812+01:00 Info fyq-symbolic-maths | Loaded 0 query entries
2018-05-23 16:10:02.744813+01:00 Info fyq-symbolic-maths | Loaded 0 training examples
2018-05-23 16:10:03.101453+01:00 Info lens | Loaded 1698 reward entries
2018-05-23 16:10:03.101462+01:00 Info lens | Loaded 835 query entries
2018-05-23 16:10:03.101465+01:00 Info lens | Loaded 296 training examples
2018-05-23 16:10:03.101687+01:00 Info fyq-rev-list | Loaded 0 reward entries
2018-05-23 16:10:03.101688+01:00 Info fyq-rev-list | Loaded 0 query entries
2018-05-23 16:10:03.101689+01:00 Info fyq-rev-list | Loaded 0 training examples
2018-05-23 16:10:04.435775+01:00 Info sequence-cps | Loaded 3135 reward entries
2018-05-23 16:10:04.435783+01:00 Info sequence-cps | Loaded 1134 query entries
2018-05-23 16:10:04.435786+01:00 Info sequence-cps | Loaded 330 training examples
2018-05-23 16:10:06.996431+01:00 Info hamming | Loaded 3032 reward entries
2018-05-23 16:10:06.996475+01:00 Info hamming | Loaded 8514 query entries
2018-05-23 16:10:06.996481+01:00 Info hamming | Loaded 1412 training examples
2018-05-23 16:10:07.000013+01:00 Info kahan-sum | Loaded 19 reward entries
2018-05-23 16:10:07.000015+01:00 Info kahan-sum | Loaded 14 query entries
2018-05-23 16:10:07.000017+01:00 Info kahan-sum | Loaded 2 training examples
2018-05-23 16:10:09.731860+01:00 Info sequence | Loaded 14618 reward entries
2018-05-23 16:10:09.731879+01:00 Info sequence | Loaded 4111 query entries
2018-05-23 16:10:09.731883+01:00 Info sequence | Loaded 86 training examples
2018-05-23 16:10:09.731964+01:00 Info Loaded a total of 6314 training examples
2018-05-23 16:10:09.732318+01:00 Info Loaded 6314 IN-SAMPLE training examples and 0 OUT-OF-SAMPLE test examples
2018-05-23 16:10:09.732331+01:00 Info (hyperparams((l2_reg 0.001)(dropout_keep_prob 1)))
(monitor.ml.Error (Invalid_argument "index out of bounds")
 ("Raised by primitive operation at file \"src/owl/dense/owl_dense_ndarray_generic.ml\", line 229, characters 26-36"
  "Called from file \"tools/familiarity_model.ml\", line 139, characters 6-150"
  "Called from file \"tools/familiarity_model.ml\", line 152, characters 18-60"
  "Called from file \"src/deferred0.ml\", line 61, characters 64-69"
  "Called from file \"src/job_queue.ml\", line 159, characters 6-47"))
