2018-05-23 16:07:57.851700+01:00 Info fyq-rev-list | Loaded 0 reward entries
2018-05-23 16:07:57.851701+01:00 Info fyq-rev-list | Loaded 0 query entries
2018-05-23 16:07:57.851703+01:00 Info fyq-rev-list | Loaded 0 training examples
2018-05-23 16:07:57.852035+01:00 Info Loaded a total of 0 training examples
2018-05-23 16:07:59.562835+01:00 Info bdd | Loaded 5717 reward entries
2018-05-23 16:07:59.562854+01:00 Info bdd | Loaded 2818 query entries
2018-05-23 16:07:59.562858+01:00 Info bdd | Loaded 824 training examples
2018-05-23 16:08:00.012795+01:00 Info almabench | Loaded 1926 reward entries
2018-05-23 16:08:00.012805+01:00 Info almabench | Loaded 846 query entries
2018-05-23 16:08:00.012810+01:00 Info almabench | Loaded 317 training examples
2018-05-23 16:08:01.303024+01:00 Info lexifi | Loaded 4262 reward entries
2018-05-23 16:08:01.303042+01:00 Info lexifi | Loaded 4073 query entries
2018-05-23 16:08:01.303047+01:00 Info lexifi | Loaded 1370 training examples
2018-05-23 16:08:10.135786+01:00 Info kb | Loaded 4747 reward entries
2018-05-23 16:08:10.135935+01:00 Info kb | Loaded 35367 query entries
2018-05-23 16:08:10.135941+01:00 Info kb | Loaded 281 training examples
2018-05-23 16:08:12.129356+01:00 Info floats-in-functor | Loaded 2774 reward entries
2018-05-23 16:08:12.129405+01:00 Info floats-in-functor | Loaded 8773 query entries
2018-05-23 16:08:12.129411+01:00 Info floats-in-functor | Loaded 784 training examples
2018-05-23 16:08:12.129589+01:00 Info fyq-stdlib-int-sets | Loaded 0 reward entries
2018-05-23 16:08:12.129591+01:00 Info fyq-stdlib-int-sets | Loaded 0 query entries
2018-05-23 16:08:12.129592+01:00 Info fyq-stdlib-int-sets | Loaded 0 training examples
2018-05-23 16:08:12.532482+01:00 Info fft | Loaded 1865 reward entries
2018-05-23 16:08:12.532490+01:00 Info fft | Loaded 842 query entries
2018-05-23 16:08:12.532493+01:00 Info fft | Loaded 306 training examples
2018-05-23 16:08:12.851844+01:00 Info quicksort | Loaded 1667 reward entries
2018-05-23 16:08:12.851853+01:00 Info quicksort | Loaded 829 query entries
2018-05-23 16:08:12.851857+01:00 Info quicksort | Loaded 306 training examples
2018-05-23 16:08:12.852024+01:00 Info fyq-symbolic-maths | Loaded 0 reward entries
2018-05-23 16:08:12.852025+01:00 Info fyq-symbolic-maths | Loaded 0 query entries
2018-05-23 16:08:12.852026+01:00 Info fyq-symbolic-maths | Loaded 0 training examples
2018-05-23 16:08:13.223034+01:00 Info lens | Loaded 1698 reward entries
2018-05-23 16:08:13.223041+01:00 Info lens | Loaded 835 query entries
2018-05-23 16:08:13.223045+01:00 Info lens | Loaded 296 training examples
2018-05-23 16:08:14.525141+01:00 Info sequence-cps | Loaded 3135 reward entries
2018-05-23 16:08:14.525160+01:00 Info sequence-cps | Loaded 1134 query entries
2018-05-23 16:08:14.525165+01:00 Info sequence-cps | Loaded 330 training examples
2018-05-23 16:08:16.993614+01:00 Info hamming | Loaded 3032 reward entries
2018-05-23 16:08:16.993648+01:00 Info hamming | Loaded 8514 query entries
2018-05-23 16:08:16.993655+01:00 Info hamming | Loaded 1412 training examples
2018-05-23 16:08:16.997034+01:00 Info kahan-sum | Loaded 19 reward entries
2018-05-23 16:08:16.997036+01:00 Info kahan-sum | Loaded 14 query entries
2018-05-23 16:08:16.997038+01:00 Info kahan-sum | Loaded 2 training examples
2018-05-23 16:08:20.278441+01:00 Info sequence | Loaded 14618 reward entries
2018-05-23 16:08:20.278496+01:00 Info sequence | Loaded 4111 query entries
2018-05-23 16:08:20.278500+01:00 Info sequence | Loaded 86 training examples
2018-05-23 16:08:20.278763+01:00 Info fyq-stdlib-functor-record-sets | Loaded 0 reward entries
2018-05-23 16:08:20.278765+01:00 Info fyq-stdlib-functor-record-sets | Loaded 0 query entries
2018-05-23 16:08:20.278767+01:00 Info fyq-stdlib-functor-record-sets | Loaded 0 training examples
2018-05-23 16:08:20.278908+01:00 Info Loaded a total of 6314 training examples
2018-05-23 16:08:20.279380+01:00 Info Loaded 6314 IN-SAMPLE training examples and 0 OUT-OF-SAMPLE test examples
2018-05-23 16:08:20.279402+01:00 Info (hyperparams((l2_reg 0.001)(dropout_keep_prob 1)))
(monitor.ml.Error (Invalid_argument "index out of bounds")
 ("Raised by primitive operation at file \"src/owl/dense/owl_dense_ndarray_generic.ml\", line 229, characters 26-36"
  "Called from file \"tools/familiarity_model.ml\", line 139, characters 6-150"
  "Called from file \"tools/familiarity_model.ml\", line 152, characters 18-60"
  "Called from file \"src/deferred0.ml\", line 61, characters 64-69"
  "Called from file \"src/job_queue.ml\", line 159, characters 6-47"))
