2018-05-23 16:17:00.723057+01:00 Info fyq-stdlib-int-sets | Loaded 0 reward entries
2018-05-23 16:17:00.723059+01:00 Info fyq-stdlib-int-sets | Loaded 0 query entries
2018-05-23 16:17:00.723061+01:00 Info fyq-stdlib-int-sets | Loaded 0 training examples
2018-05-23 16:17:00.724587+01:00 Info Loaded a total of 0 training examples
2018-05-23 16:17:02.446662+01:00 Info bdd | Loaded 5717 reward entries
2018-05-23 16:17:02.446676+01:00 Info bdd | Loaded 2818 query entries
2018-05-23 16:17:02.446681+01:00 Info bdd | Loaded 824 training examples
2018-05-23 16:17:02.938924+01:00 Info almabench | Loaded 1926 reward entries
2018-05-23 16:17:02.938934+01:00 Info almabench | Loaded 846 query entries
2018-05-23 16:17:02.938937+01:00 Info almabench | Loaded 317 training examples
2018-05-23 16:17:04.226759+01:00 Info lexifi | Loaded 4262 reward entries
2018-05-23 16:17:04.226780+01:00 Info lexifi | Loaded 4073 query entries
2018-05-23 16:17:04.226785+01:00 Info lexifi | Loaded 1370 training examples
2018-05-23 16:17:12.126481+01:00 Info kb | Loaded 4747 reward entries
2018-05-23 16:17:12.126641+01:00 Info kb | Loaded 35367 query entries
2018-05-23 16:17:12.126646+01:00 Info kb | Loaded 281 training examples
2018-05-23 16:17:29.331542+01:00 Info floats-in-functor | Loaded 2774 reward entries
2018-05-23 16:17:29.331565+01:00 Info floats-in-functor | Loaded 8773 query entries
2018-05-23 16:17:29.331568+01:00 Info floats-in-functor | Loaded 784 training examples
2018-05-23 16:17:34.547788+01:00 Info fft | Loaded 1865 reward entries
2018-05-23 16:17:34.547794+01:00 Info fft | Loaded 842 query entries
2018-05-23 16:17:34.547797+01:00 Info fft | Loaded 306 training examples
2018-05-23 16:17:38.619368+01:00 Info quicksort | Loaded 1667 reward entries
2018-05-23 16:17:38.619374+01:00 Info quicksort | Loaded 829 query entries
2018-05-23 16:17:38.619377+01:00 Info quicksort | Loaded 306 training examples
2018-05-23 16:17:38.619487+01:00 Info fyq-symbolic-maths | Loaded 0 reward entries
2018-05-23 16:17:38.619488+01:00 Info fyq-symbolic-maths | Loaded 0 query entries
2018-05-23 16:17:38.619489+01:00 Info fyq-symbolic-maths | Loaded 0 training examples
2018-05-23 16:17:39.685246+01:00 Info lens | Loaded 1698 reward entries
2018-05-23 16:17:39.685251+01:00 Info lens | Loaded 835 query entries
2018-05-23 16:17:39.685253+01:00 Info lens | Loaded 296 training examples
2018-05-23 16:17:39.685355+01:00 Info fyq-rev-list | Loaded 0 reward entries
2018-05-23 16:17:39.685356+01:00 Info fyq-rev-list | Loaded 0 query entries
2018-05-23 16:17:39.685357+01:00 Info fyq-rev-list | Loaded 0 training examples
2018-05-23 16:17:40.764172+01:00 Info sequence-cps | Loaded 3135 reward entries
2018-05-23 16:17:40.764178+01:00 Info sequence-cps | Loaded 1134 query entries
2018-05-23 16:17:40.764181+01:00 Info sequence-cps | Loaded 330 training examples
2018-05-23 16:17:43.263393+01:00 Info hamming | Loaded 3032 reward entries
2018-05-23 16:17:43.263423+01:00 Info hamming | Loaded 8514 query entries
2018-05-23 16:17:43.263428+01:00 Info hamming | Loaded 1412 training examples
2018-05-23 16:17:43.266258+01:00 Info kahan-sum | Loaded 19 reward entries
2018-05-23 16:17:43.266264+01:00 Info kahan-sum | Loaded 14 query entries
2018-05-23 16:17:43.266266+01:00 Info kahan-sum | Loaded 2 training examples
2018-05-23 16:17:45.808200+01:00 Info sequence | Loaded 14618 reward entries
2018-05-23 16:17:45.808225+01:00 Info sequence | Loaded 4111 query entries
2018-05-23 16:17:45.808228+01:00 Info sequence | Loaded 86 training examples
2018-05-23 16:17:45.808367+01:00 Info fyq-stdlib-functor-record-sets | Loaded 0 reward entries
2018-05-23 16:17:45.808368+01:00 Info fyq-stdlib-functor-record-sets | Loaded 0 query entries
2018-05-23 16:17:45.808371+01:00 Info fyq-stdlib-functor-record-sets | Loaded 0 training examples
2018-05-23 16:17:45.808468+01:00 Info Loaded a total of 6314 training examples
2018-05-23 16:17:45.809083+01:00 Info Loaded 6314 IN-SAMPLE training examples and 0 OUT-OF-SAMPLE test examples
2018-05-23 16:17:45.809156+01:00 Info (hyperparams((l2_reg 0.01)(dropout_keep_prob 1)))
(monitor.ml.Error (Invalid_argument "index out of bounds")
 ("Raised by primitive operation at file \"src/owl/dense/owl_dense_ndarray_generic.ml\", line 229, characters 26-36"
  "Called from file \"tools/familiarity_model.ml\", line 139, characters 6-150"
  "Called from file \"tools/familiarity_model.ml\", line 152, characters 18-60"
  "Called from file \"src/deferred0.ml\", line 61, characters 64-69"
  "Called from file \"src/job_queue.ml\", line 159, characters 6-47"))
