2018-05-23 16:18:55.918976+01:00 Info fyq-rev-list | Loaded 0 reward entries
2018-05-23 16:18:55.918978+01:00 Info fyq-rev-list | Loaded 0 query entries
2018-05-23 16:18:55.918979+01:00 Info fyq-rev-list | Loaded 0 training examples
2018-05-23 16:18:55.919364+01:00 Info Loaded a total of 0 training examples
2018-05-23 16:18:57.678559+01:00 Info bdd | Loaded 5717 reward entries
2018-05-23 16:18:57.678584+01:00 Info bdd | Loaded 2818 query entries
2018-05-23 16:18:57.678589+01:00 Info bdd | Loaded 824 training examples
2018-05-23 16:18:58.194145+01:00 Info almabench | Loaded 1926 reward entries
2018-05-23 16:18:58.194153+01:00 Info almabench | Loaded 846 query entries
2018-05-23 16:18:58.194158+01:00 Info almabench | Loaded 317 training examples
2018-05-23 16:18:59.748229+01:00 Info lexifi | Loaded 4262 reward entries
2018-05-23 16:18:59.748253+01:00 Info lexifi | Loaded 4073 query entries
2018-05-23 16:18:59.748264+01:00 Info lexifi | Loaded 1370 training examples
2018-05-23 16:19:08.237478+01:00 Info kb | Loaded 4747 reward entries
2018-05-23 16:19:08.237635+01:00 Info kb | Loaded 35367 query entries
2018-05-23 16:19:08.237639+01:00 Info kb | Loaded 281 training examples
2018-05-23 16:19:10.449520+01:00 Info floats-in-functor | Loaded 2774 reward entries
2018-05-23 16:19:10.449570+01:00 Info floats-in-functor | Loaded 8773 query entries
2018-05-23 16:19:10.449578+01:00 Info floats-in-functor | Loaded 784 training examples
2018-05-23 16:19:10.449726+01:00 Info fyq-stdlib-int-sets | Loaded 0 reward entries
2018-05-23 16:19:10.449726+01:00 Info fyq-stdlib-int-sets | Loaded 0 query entries
2018-05-23 16:19:10.449727+01:00 Info fyq-stdlib-int-sets | Loaded 0 training examples
2018-05-23 16:19:10.838116+01:00 Info fft | Loaded 1865 reward entries
2018-05-23 16:19:10.838124+01:00 Info fft | Loaded 842 query entries
2018-05-23 16:19:10.838127+01:00 Info fft | Loaded 306 training examples
2018-05-23 16:19:11.240320+01:00 Info quicksort | Loaded 1667 reward entries
2018-05-23 16:19:11.240328+01:00 Info quicksort | Loaded 829 query entries
2018-05-23 16:19:11.240332+01:00 Info quicksort | Loaded 306 training examples
2018-05-23 16:19:11.240483+01:00 Info fyq-symbolic-maths | Loaded 0 reward entries
2018-05-23 16:19:11.240484+01:00 Info fyq-symbolic-maths | Loaded 0 query entries
2018-05-23 16:19:11.240485+01:00 Info fyq-symbolic-maths | Loaded 0 training examples
2018-05-23 16:19:11.619053+01:00 Info lens | Loaded 1698 reward entries
2018-05-23 16:19:11.619063+01:00 Info lens | Loaded 835 query entries
2018-05-23 16:19:11.619067+01:00 Info lens | Loaded 296 training examples
2018-05-23 16:19:12.931875+01:00 Info sequence-cps | Loaded 3135 reward entries
2018-05-23 16:19:12.931885+01:00 Info sequence-cps | Loaded 1134 query entries
2018-05-23 16:19:12.931889+01:00 Info sequence-cps | Loaded 330 training examples
2018-05-23 16:19:15.553731+01:00 Info hamming | Loaded 3032 reward entries
2018-05-23 16:19:15.553761+01:00 Info hamming | Loaded 8514 query entries
2018-05-23 16:19:15.553766+01:00 Info hamming | Loaded 1412 training examples
2018-05-23 16:19:15.558657+01:00 Info kahan-sum | Loaded 19 reward entries
2018-05-23 16:19:15.558659+01:00 Info kahan-sum | Loaded 14 query entries
2018-05-23 16:19:15.558661+01:00 Info kahan-sum | Loaded 2 training examples
2018-05-23 16:19:18.908454+01:00 Info sequence | Loaded 14618 reward entries
2018-05-23 16:19:18.908480+01:00 Info sequence | Loaded 4111 query entries
2018-05-23 16:19:18.908484+01:00 Info sequence | Loaded 86 training examples
2018-05-23 16:19:18.908680+01:00 Info fyq-stdlib-functor-record-sets | Loaded 0 reward entries
2018-05-23 16:19:18.908682+01:00 Info fyq-stdlib-functor-record-sets | Loaded 0 query entries
2018-05-23 16:19:18.908682+01:00 Info fyq-stdlib-functor-record-sets | Loaded 0 training examples
2018-05-23 16:19:18.908788+01:00 Info Loaded a total of 6314 training examples
2018-05-23 16:19:18.909365+01:00 Info Loaded 6314 IN-SAMPLE training examples and 0 OUT-OF-SAMPLE test examples
2018-05-23 16:19:18.909389+01:00 Info (hyperparams((l2_reg 0.01)(dropout_keep_prob 1)))
(monitor.ml.Error (Invalid_argument "index out of bounds")
 ("Raised by primitive operation at file \"src/owl/dense/owl_dense_ndarray_generic.ml\", line 229, characters 26-36"
  "Called from file \"tools/familiarity_model.ml\", line 139, characters 6-150"
  "Called from file \"tools/familiarity_model.ml\", line 152, characters 18-60"
  "Called from file \"src/deferred0.ml\", line 61, characters 64-69"
  "Called from file \"src/job_queue.ml\", line 159, characters 6-47"))
