2018-05-21 15:17:24.753194+01:00 Info fyq-stdlib-int-sets | Loaded 0 reward entries
2018-05-21 15:17:24.753195+01:00 Info fyq-stdlib-int-sets | Loaded 0 query entries
2018-05-21 15:17:24.753196+01:00 Info fyq-stdlib-int-sets | Loaded 0 training examples
2018-05-21 15:17:24.753456+01:00 Info Loaded a total of 0 training examples
2018-05-21 15:17:25.787779+01:00 Info bdd | Loaded 5717 reward entries
2018-05-21 15:17:25.787795+01:00 Info bdd | Loaded 2818 query entries
2018-05-21 15:17:25.787799+01:00 Info bdd | Loaded 824 training examples
2018-05-21 15:17:26.113217+01:00 Info almabench | Loaded 1926 reward entries
2018-05-21 15:17:26.113223+01:00 Info almabench | Loaded 846 query entries
2018-05-21 15:17:26.113227+01:00 Info almabench | Loaded 317 training examples
2018-05-21 15:17:26.797368+01:00 Info lexifi | Loaded 4262 reward entries
2018-05-21 15:17:26.797383+01:00 Info lexifi | Loaded 4073 query entries
2018-05-21 15:17:26.797388+01:00 Info lexifi | Loaded 1370 training examples
2018-05-21 15:17:29.786856+01:00 Info kb | Loaded 4747 reward entries
2018-05-21 15:17:29.786973+01:00 Info kb | Loaded 35367 query entries
2018-05-21 15:17:29.786977+01:00 Info kb | Loaded 281 training examples
2018-05-21 15:17:30.686784+01:00 Info floats-in-functor | Loaded 2774 reward entries
2018-05-21 15:17:30.686820+01:00 Info floats-in-functor | Loaded 8773 query entries
2018-05-21 15:17:30.686824+01:00 Info floats-in-functor | Loaded 784 training examples
2018-05-21 15:17:30.909086+01:00 Info fft | Loaded 1865 reward entries
2018-05-21 15:17:30.909092+01:00 Info fft | Loaded 842 query entries
2018-05-21 15:17:30.909095+01:00 Info fft | Loaded 306 training examples
2018-05-21 15:17:31.115754+01:00 Info quicksort | Loaded 1667 reward entries
2018-05-21 15:17:31.115761+01:00 Info quicksort | Loaded 829 query entries
2018-05-21 15:17:31.115763+01:00 Info quicksort | Loaded 306 training examples
2018-05-21 15:17:31.115959+01:00 Info fyq-symbolic-maths | Loaded 0 reward entries
2018-05-21 15:17:31.115960+01:00 Info fyq-symbolic-maths | Loaded 0 query entries
2018-05-21 15:17:31.115961+01:00 Info fyq-symbolic-maths | Loaded 0 training examples
2018-05-21 15:17:31.224029+01:00 Info lens | Loaded 1698 reward entries
2018-05-21 15:17:31.224035+01:00 Info lens | Loaded 835 query entries
2018-05-21 15:17:31.224037+01:00 Info lens | Loaded 296 training examples
2018-05-21 15:17:31.224142+01:00 Info fyq-rev-list | Loaded 0 reward entries
2018-05-21 15:17:31.224142+01:00 Info fyq-rev-list | Loaded 0 query entries
2018-05-21 15:17:31.224143+01:00 Info fyq-rev-list | Loaded 0 training examples
2018-05-21 15:17:31.395879+01:00 Info sequence-cps | Loaded 3135 reward entries
2018-05-21 15:17:31.395886+01:00 Info sequence-cps | Loaded 1134 query entries
2018-05-21 15:17:31.395889+01:00 Info sequence-cps | Loaded 330 training examples
2018-05-21 15:17:32.211600+01:00 Info hamming | Loaded 3032 reward entries
2018-05-21 15:17:32.211630+01:00 Info hamming | Loaded 8514 query entries
2018-05-21 15:17:32.211635+01:00 Info hamming | Loaded 1412 training examples
2018-05-21 15:17:32.213310+01:00 Info kahan-sum | Loaded 19 reward entries
2018-05-21 15:17:32.213312+01:00 Info kahan-sum | Loaded 14 query entries
2018-05-21 15:17:32.213313+01:00 Info kahan-sum | Loaded 2 training examples
2018-05-21 15:17:35.107252+01:00 Info sequence | Loaded 14618 reward entries
2018-05-21 15:17:35.107271+01:00 Info sequence | Loaded 4111 query entries
2018-05-21 15:17:35.107273+01:00 Info sequence | Loaded 86 training examples
2018-05-21 15:17:35.107487+01:00 Info fyq-stdlib-functor-record-sets | Loaded 0 reward entries
2018-05-21 15:17:35.107488+01:00 Info fyq-stdlib-functor-record-sets | Loaded 0 query entries
2018-05-21 15:17:35.107489+01:00 Info fyq-stdlib-functor-record-sets | Loaded 0 training examples
2018-05-21 15:17:35.107556+01:00 Info Loaded a total of 6314 training examples
2018-05-21 15:17:35.107912+01:00 Info Loaded 6314 IN-SAMPLE training examples and 0 OUT-OF-SAMPLE test examples
2018-05-21 15:17:35.108471+01:00 Info (hyperparams((l2_reg 0.001)(dropout_keep_prob 0.5)))
2018-05-21 15:17:35.208686+01:00 Info ((name"training examples")(distribution((0 0.648720032507111)(1 0.35127996749288909))))
2018-05-21 15:17:35.208690+01:00 Info ((name"test examples")(distribution((0 -nan)(1 -nan))))
(monitor.ml.Error (Invalid_argument "index out of bounds")
 ("Raised by primitive operation at file \"src/owl/dense/owl_dense_ndarray_generic.ml\", line 229, characters 26-36"
  "Called from file \"tools/decision_model.ml\", line 144, characters 6-150"
  "Called from file \"tools/decision_model.ml\", line 153, characters 18-60"
  "Called from file \"src/deferred0.ml\", line 61, characters 64-69"
  "Called from file \"src/job_queue.ml\", line 159, characters 6-47"))
