2018-05-23 15:00:04.516816+01:00 Info fyq-symbolic-maths | Loaded 0 reward entries
2018-05-23 15:00:04.516818+01:00 Info fyq-symbolic-maths | Loaded 0 query entries
2018-05-23 15:00:04.516819+01:00 Info fyq-symbolic-maths | Loaded 0 training examples
2018-05-23 15:00:04.517230+01:00 Info Loaded a total of 0 training examples
2018-05-23 15:00:06.226953+01:00 Info bdd | Loaded 5717 reward entries
2018-05-23 15:00:06.226974+01:00 Info bdd | Loaded 2818 query entries
2018-05-23 15:00:06.226979+01:00 Info bdd | Loaded 824 training examples
2018-05-23 15:00:06.693904+01:00 Info almabench | Loaded 1926 reward entries
2018-05-23 15:00:06.693912+01:00 Info almabench | Loaded 846 query entries
2018-05-23 15:00:06.693916+01:00 Info almabench | Loaded 317 training examples
2018-05-23 15:00:08.263080+01:00 Info lexifi | Loaded 4262 reward entries
2018-05-23 15:00:08.263110+01:00 Info lexifi | Loaded 4073 query entries
2018-05-23 15:00:08.263119+01:00 Info lexifi | Loaded 1370 training examples
2018-05-23 15:00:17.304112+01:00 Info kb | Loaded 4747 reward entries
2018-05-23 15:00:17.304301+01:00 Info kb | Loaded 35367 query entries
2018-05-23 15:00:17.304306+01:00 Info kb | Loaded 281 training examples
2018-05-23 15:00:19.482338+01:00 Info floats-in-functor | Loaded 2774 reward entries
2018-05-23 15:00:19.482389+01:00 Info floats-in-functor | Loaded 8773 query entries
2018-05-23 15:00:19.482395+01:00 Info floats-in-functor | Loaded 784 training examples
2018-05-23 15:00:19.482562+01:00 Info fyq-stdlib-int-sets | Loaded 0 reward entries
2018-05-23 15:00:19.482563+01:00 Info fyq-stdlib-int-sets | Loaded 0 query entries
2018-05-23 15:00:19.482564+01:00 Info fyq-stdlib-int-sets | Loaded 0 training examples
2018-05-23 15:00:19.872559+01:00 Info fft | Loaded 1865 reward entries
2018-05-23 15:00:19.872573+01:00 Info fft | Loaded 842 query entries
2018-05-23 15:00:19.872577+01:00 Info fft | Loaded 306 training examples
2018-05-23 15:00:20.231858+01:00 Info quicksort | Loaded 1667 reward entries
2018-05-23 15:00:20.231867+01:00 Info quicksort | Loaded 829 query entries
2018-05-23 15:00:20.231870+01:00 Info quicksort | Loaded 306 training examples
2018-05-23 15:00:20.525018+01:00 Info lens | Loaded 1698 reward entries
2018-05-23 15:00:20.525025+01:00 Info lens | Loaded 835 query entries
2018-05-23 15:00:20.525028+01:00 Info lens | Loaded 296 training examples
2018-05-23 15:00:20.525203+01:00 Info fyq-rev-list | Loaded 0 reward entries
2018-05-23 15:00:20.525204+01:00 Info fyq-rev-list | Loaded 0 query entries
2018-05-23 15:00:20.525205+01:00 Info fyq-rev-list | Loaded 0 training examples
2018-05-23 15:00:21.797949+01:00 Info sequence-cps | Loaded 3135 reward entries
2018-05-23 15:00:21.797958+01:00 Info sequence-cps | Loaded 1134 query entries
2018-05-23 15:00:21.797961+01:00 Info sequence-cps | Loaded 330 training examples
2018-05-23 15:00:24.584754+01:00 Info hamming | Loaded 3032 reward entries
2018-05-23 15:00:24.584792+01:00 Info hamming | Loaded 8514 query entries
2018-05-23 15:00:24.584798+01:00 Info hamming | Loaded 1412 training examples
2018-05-23 15:00:24.588480+01:00 Info kahan-sum | Loaded 19 reward entries
2018-05-23 15:00:24.588482+01:00 Info kahan-sum | Loaded 14 query entries
2018-05-23 15:00:24.588483+01:00 Info kahan-sum | Loaded 2 training examples
2018-05-23 15:00:27.604748+01:00 Info sequence | Loaded 14618 reward entries
2018-05-23 15:00:27.604766+01:00 Info sequence | Loaded 4111 query entries
2018-05-23 15:00:27.604768+01:00 Info sequence | Loaded 86 training examples
2018-05-23 15:00:27.605019+01:00 Info fyq-stdlib-functor-record-sets | Loaded 0 reward entries
2018-05-23 15:00:27.605019+01:00 Info fyq-stdlib-functor-record-sets | Loaded 0 query entries
2018-05-23 15:00:27.605020+01:00 Info fyq-stdlib-functor-record-sets | Loaded 0 training examples
2018-05-23 15:00:27.605097+01:00 Info Loaded a total of 6314 training examples
2018-05-23 15:00:27.605450+01:00 Info Loaded 6314 IN-SAMPLE training examples and 0 OUT-OF-SAMPLE test examples
2018-05-23 15:00:27.605465+01:00 Info (hyperparams((l2_reg 0.001)(dropout_keep_prob 1)))
(monitor.ml.Error (Invalid_argument "index out of bounds")
 ("Raised by primitive operation at file \"src/owl/dense/owl_dense_ndarray_generic.ml\", line 229, characters 26-36"
  "Called from file \"tools/familiarity_model.ml\", line 139, characters 6-150"
  "Called from file \"tools/familiarity_model.ml\", line 152, characters 18-60"
  "Called from file \"src/deferred0.ml\", line 61, characters 64-69"
  "Called from file \"src/job_queue.ml\", line 159, characters 6-47"))
