2018-05-23 15:00:28.239999+01:00 Info fyq-rev-list | Loaded 0 reward entries
2018-05-23 15:00:28.240001+01:00 Info fyq-rev-list | Loaded 0 query entries
2018-05-23 15:00:28.240002+01:00 Info fyq-rev-list | Loaded 0 training examples
2018-05-23 15:00:28.240423+01:00 Info Loaded a total of 0 training examples
2018-05-23 15:00:29.984112+01:00 Info bdd | Loaded 5717 reward entries
2018-05-23 15:00:29.984128+01:00 Info bdd | Loaded 2818 query entries
2018-05-23 15:00:29.984132+01:00 Info bdd | Loaded 824 training examples
2018-05-23 15:00:30.449547+01:00 Info almabench | Loaded 1926 reward entries
2018-05-23 15:00:30.449554+01:00 Info almabench | Loaded 846 query entries
2018-05-23 15:00:30.449557+01:00 Info almabench | Loaded 317 training examples
2018-05-23 15:00:31.763342+01:00 Info lexifi | Loaded 4262 reward entries
2018-05-23 15:00:31.763360+01:00 Info lexifi | Loaded 4073 query entries
2018-05-23 15:00:31.763364+01:00 Info lexifi | Loaded 1370 training examples
2018-05-23 15:00:40.485242+01:00 Info kb | Loaded 4747 reward entries
2018-05-23 15:00:40.485398+01:00 Info kb | Loaded 35367 query entries
2018-05-23 15:00:40.485402+01:00 Info kb | Loaded 281 training examples
2018-05-23 15:00:42.706397+01:00 Info floats-in-functor | Loaded 2774 reward entries
2018-05-23 15:00:42.706429+01:00 Info floats-in-functor | Loaded 8773 query entries
2018-05-23 15:00:42.706434+01:00 Info floats-in-functor | Loaded 784 training examples
2018-05-23 15:00:42.706568+01:00 Info fyq-stdlib-int-sets | Loaded 0 reward entries
2018-05-23 15:00:42.706568+01:00 Info fyq-stdlib-int-sets | Loaded 0 query entries
2018-05-23 15:00:42.706570+01:00 Info fyq-stdlib-int-sets | Loaded 0 training examples
2018-05-23 15:00:43.043730+01:00 Info fft | Loaded 1865 reward entries
2018-05-23 15:00:43.043736+01:00 Info fft | Loaded 842 query entries
2018-05-23 15:00:43.043738+01:00 Info fft | Loaded 306 training examples
2018-05-23 15:00:43.340818+01:00 Info quicksort | Loaded 1667 reward entries
2018-05-23 15:00:43.340824+01:00 Info quicksort | Loaded 829 query entries
2018-05-23 15:00:43.340827+01:00 Info quicksort | Loaded 306 training examples
2018-05-23 15:00:43.340919+01:00 Info fyq-symbolic-maths | Loaded 0 reward entries
2018-05-23 15:00:43.340920+01:00 Info fyq-symbolic-maths | Loaded 0 query entries
2018-05-23 15:00:43.340921+01:00 Info fyq-symbolic-maths | Loaded 0 training examples
2018-05-23 15:00:43.607348+01:00 Info lens | Loaded 1698 reward entries
2018-05-23 15:00:43.607354+01:00 Info lens | Loaded 835 query entries
2018-05-23 15:00:43.607358+01:00 Info lens | Loaded 296 training examples
2018-05-23 15:00:45.025741+01:00 Info sequence-cps | Loaded 3135 reward entries
2018-05-23 15:00:45.025755+01:00 Info sequence-cps | Loaded 1134 query entries
2018-05-23 15:00:45.025759+01:00 Info sequence-cps | Loaded 330 training examples
2018-05-23 15:00:47.328957+01:00 Info hamming | Loaded 3032 reward entries
2018-05-23 15:00:47.328991+01:00 Info hamming | Loaded 8514 query entries
2018-05-23 15:00:47.328997+01:00 Info hamming | Loaded 1412 training examples
2018-05-23 15:00:47.331941+01:00 Info kahan-sum | Loaded 19 reward entries
2018-05-23 15:00:47.331942+01:00 Info kahan-sum | Loaded 14 query entries
2018-05-23 15:00:47.331944+01:00 Info kahan-sum | Loaded 2 training examples
2018-05-23 15:00:50.161696+01:00 Info sequence | Loaded 14618 reward entries
2018-05-23 15:00:50.161726+01:00 Info sequence | Loaded 4111 query entries
2018-05-23 15:00:50.161731+01:00 Info sequence | Loaded 86 training examples
2018-05-23 15:00:50.161906+01:00 Info fyq-stdlib-functor-record-sets | Loaded 0 reward entries
2018-05-23 15:00:50.161908+01:00 Info fyq-stdlib-functor-record-sets | Loaded 0 query entries
2018-05-23 15:00:50.161910+01:00 Info fyq-stdlib-functor-record-sets | Loaded 0 training examples
2018-05-23 15:00:50.162011+01:00 Info Loaded a total of 6314 training examples
2018-05-23 15:00:50.162563+01:00 Info Loaded 6314 IN-SAMPLE training examples and 0 OUT-OF-SAMPLE test examples
2018-05-23 15:00:50.162583+01:00 Info (hyperparams((l2_reg 0.001)(dropout_keep_prob 1)))
(monitor.ml.Error (Invalid_argument "index out of bounds")
 ("Raised by primitive operation at file \"src/owl/dense/owl_dense_ndarray_generic.ml\", line 229, characters 26-36"
  "Called from file \"tools/familiarity_model.ml\", line 139, characters 6-150"
  "Called from file \"tools/familiarity_model.ml\", line 152, characters 18-60"
  "Called from file \"src/deferred0.ml\", line 61, characters 64-69"
  "Called from file \"src/job_queue.ml\", line 159, characters 6-47"))
