2018-05-21 15:25:07.564968+01:00 Info fyq-stdlib-int-sets | Loaded 0 reward entries
2018-05-21 15:25:07.564968+01:00 Info fyq-stdlib-int-sets | Loaded 0 query entries
2018-05-21 15:25:07.564970+01:00 Info fyq-stdlib-int-sets | Loaded 0 training examples
2018-05-21 15:25:07.565230+01:00 Info Loaded a total of 0 training examples
2018-05-21 15:25:08.556161+01:00 Info bdd | Loaded 5717 reward entries
2018-05-21 15:25:08.556173+01:00 Info bdd | Loaded 2818 query entries
2018-05-21 15:25:08.556176+01:00 Info bdd | Loaded 824 training examples
2018-05-21 15:25:08.889987+01:00 Info almabench | Loaded 1926 reward entries
2018-05-21 15:25:08.889993+01:00 Info almabench | Loaded 846 query entries
2018-05-21 15:25:08.889997+01:00 Info almabench | Loaded 317 training examples
2018-05-21 15:25:09.539418+01:00 Info lexifi | Loaded 4262 reward entries
2018-05-21 15:25:09.539435+01:00 Info lexifi | Loaded 4073 query entries
2018-05-21 15:25:09.539440+01:00 Info lexifi | Loaded 1370 training examples
2018-05-21 15:25:12.464096+01:00 Info kb | Loaded 4747 reward entries
2018-05-21 15:25:12.464239+01:00 Info kb | Loaded 35367 query entries
2018-05-21 15:25:12.464244+01:00 Info kb | Loaded 281 training examples
2018-05-21 15:25:13.347570+01:00 Info floats-in-functor | Loaded 2774 reward entries
2018-05-21 15:25:13.347602+01:00 Info floats-in-functor | Loaded 8773 query entries
2018-05-21 15:25:13.347607+01:00 Info floats-in-functor | Loaded 784 training examples
2018-05-21 15:25:13.562248+01:00 Info fft | Loaded 1865 reward entries
2018-05-21 15:25:13.562254+01:00 Info fft | Loaded 842 query entries
2018-05-21 15:25:13.562257+01:00 Info fft | Loaded 306 training examples
2018-05-21 15:25:13.757298+01:00 Info quicksort | Loaded 1667 reward entries
2018-05-21 15:25:13.757303+01:00 Info quicksort | Loaded 829 query entries
2018-05-21 15:25:13.757306+01:00 Info quicksort | Loaded 306 training examples
2018-05-21 15:25:13.757523+01:00 Info fyq-symbolic-maths | Loaded 0 reward entries
2018-05-21 15:25:13.757524+01:00 Info fyq-symbolic-maths | Loaded 0 query entries
2018-05-21 15:25:13.757525+01:00 Info fyq-symbolic-maths | Loaded 0 training examples
2018-05-21 15:25:13.864031+01:00 Info lens | Loaded 1698 reward entries
2018-05-21 15:25:13.864038+01:00 Info lens | Loaded 835 query entries
2018-05-21 15:25:13.864041+01:00 Info lens | Loaded 296 training examples
2018-05-21 15:25:13.864160+01:00 Info fyq-rev-list | Loaded 0 reward entries
2018-05-21 15:25:13.864161+01:00 Info fyq-rev-list | Loaded 0 query entries
2018-05-21 15:25:13.864161+01:00 Info fyq-rev-list | Loaded 0 training examples
2018-05-21 15:25:14.035310+01:00 Info sequence-cps | Loaded 3135 reward entries
2018-05-21 15:25:14.035317+01:00 Info sequence-cps | Loaded 1134 query entries
2018-05-21 15:25:14.035320+01:00 Info sequence-cps | Loaded 330 training examples
2018-05-21 15:25:14.834622+01:00 Info hamming | Loaded 3032 reward entries
2018-05-21 15:25:14.834649+01:00 Info hamming | Loaded 8514 query entries
2018-05-21 15:25:14.834653+01:00 Info hamming | Loaded 1412 training examples
2018-05-21 15:25:14.835798+01:00 Info kahan-sum | Loaded 19 reward entries
2018-05-21 15:25:14.835799+01:00 Info kahan-sum | Loaded 14 query entries
2018-05-21 15:25:14.835800+01:00 Info kahan-sum | Loaded 2 training examples
2018-05-21 15:25:17.546759+01:00 Info sequence | Loaded 14618 reward entries
2018-05-21 15:25:17.546773+01:00 Info sequence | Loaded 4111 query entries
2018-05-21 15:25:17.546777+01:00 Info sequence | Loaded 86 training examples
2018-05-21 15:25:17.547042+01:00 Info fyq-stdlib-functor-record-sets | Loaded 0 reward entries
2018-05-21 15:25:17.547043+01:00 Info fyq-stdlib-functor-record-sets | Loaded 0 query entries
2018-05-21 15:25:17.547044+01:00 Info fyq-stdlib-functor-record-sets | Loaded 0 training examples
2018-05-21 15:25:17.547095+01:00 Info Loaded a total of 6314 training examples
2018-05-21 15:25:17.547418+01:00 Info Loaded 6314 IN-SAMPLE training examples and 0 OUT-OF-SAMPLE test examples
2018-05-21 15:25:17.547825+01:00 Info (hyperparams((l2_reg 0.1)(dropout_keep_prob 0.5)))
2018-05-21 15:25:17.647994+01:00 Info ((name"training examples")(distribution((0 0.648720032507111)(1 0.35127996749288909))))
2018-05-21 15:25:17.647998+01:00 Info ((name"test examples")(distribution((0 -nan)(1 -nan))))
(monitor.ml.Error (Invalid_argument "index out of bounds")
 ("Raised by primitive operation at file \"src/owl/dense/owl_dense_ndarray_generic.ml\", line 229, characters 26-36"
  "Called from file \"tools/decision_model.ml\", line 144, characters 6-150"
  "Called from file \"tools/decision_model.ml\", line 153, characters 18-60"
  "Called from file \"src/deferred0.ml\", line 61, characters 64-69"
  "Called from file \"src/job_queue.ml\", line 159, characters 6-47"))
