2018-05-23 15:07:38.850057+01:00 Info fyq-stdlib-functor-record-sets | Loaded 0 reward entries
2018-05-23 15:07:38.850058+01:00 Info fyq-stdlib-functor-record-sets | Loaded 0 query entries
2018-05-23 15:07:38.850059+01:00 Info fyq-stdlib-functor-record-sets | Loaded 0 training examples
2018-05-23 15:07:38.850327+01:00 Info Loaded a total of 0 training examples
2018-05-23 15:07:40.462943+01:00 Info bdd | Loaded 5717 reward entries
2018-05-23 15:07:40.462967+01:00 Info bdd | Loaded 2818 query entries
2018-05-23 15:07:40.462973+01:00 Info bdd | Loaded 824 training examples
2018-05-23 15:07:40.906366+01:00 Info almabench | Loaded 1926 reward entries
2018-05-23 15:07:40.906373+01:00 Info almabench | Loaded 846 query entries
2018-05-23 15:07:40.906377+01:00 Info almabench | Loaded 317 training examples
2018-05-23 15:07:42.486782+01:00 Info lexifi | Loaded 4262 reward entries
2018-05-23 15:07:42.486814+01:00 Info lexifi | Loaded 4073 query entries
2018-05-23 15:07:42.486822+01:00 Info lexifi | Loaded 1370 training examples
2018-05-23 15:07:50.680521+01:00 Info kb | Loaded 4747 reward entries
2018-05-23 15:07:50.680688+01:00 Info kb | Loaded 35367 query entries
2018-05-23 15:07:50.680693+01:00 Info kb | Loaded 281 training examples
2018-05-23 15:07:52.739378+01:00 Info floats-in-functor | Loaded 2774 reward entries
2018-05-23 15:07:52.739418+01:00 Info floats-in-functor | Loaded 8773 query entries
2018-05-23 15:07:52.739421+01:00 Info floats-in-functor | Loaded 784 training examples
2018-05-23 15:07:52.739549+01:00 Info fyq-stdlib-int-sets | Loaded 0 reward entries
2018-05-23 15:07:52.739551+01:00 Info fyq-stdlib-int-sets | Loaded 0 query entries
2018-05-23 15:07:52.739552+01:00 Info fyq-stdlib-int-sets | Loaded 0 training examples
2018-05-23 15:07:53.120779+01:00 Info fft | Loaded 1865 reward entries
2018-05-23 15:07:53.120790+01:00 Info fft | Loaded 842 query entries
2018-05-23 15:07:53.120795+01:00 Info fft | Loaded 306 training examples
2018-05-23 15:07:53.537295+01:00 Info quicksort | Loaded 1667 reward entries
2018-05-23 15:07:53.537302+01:00 Info quicksort | Loaded 829 query entries
2018-05-23 15:07:53.537308+01:00 Info quicksort | Loaded 306 training examples
2018-05-23 15:07:53.537477+01:00 Info fyq-symbolic-maths | Loaded 0 reward entries
2018-05-23 15:07:53.537479+01:00 Info fyq-symbolic-maths | Loaded 0 query entries
2018-05-23 15:07:53.537479+01:00 Info fyq-symbolic-maths | Loaded 0 training examples
2018-05-23 15:07:53.850223+01:00 Info lens | Loaded 1698 reward entries
2018-05-23 15:07:53.850231+01:00 Info lens | Loaded 835 query entries
2018-05-23 15:07:53.850235+01:00 Info lens | Loaded 296 training examples
2018-05-23 15:07:53.850424+01:00 Info fyq-rev-list | Loaded 0 reward entries
2018-05-23 15:07:53.850425+01:00 Info fyq-rev-list | Loaded 0 query entries
2018-05-23 15:07:53.850426+01:00 Info fyq-rev-list | Loaded 0 training examples
2018-05-23 15:07:55.051711+01:00 Info sequence-cps | Loaded 3135 reward entries
2018-05-23 15:07:55.051724+01:00 Info sequence-cps | Loaded 1134 query entries
2018-05-23 15:07:55.051728+01:00 Info sequence-cps | Loaded 330 training examples
2018-05-23 15:07:57.725725+01:00 Info hamming | Loaded 3032 reward entries
2018-05-23 15:07:57.725756+01:00 Info hamming | Loaded 8514 query entries
2018-05-23 15:07:57.725762+01:00 Info hamming | Loaded 1412 training examples
2018-05-23 15:07:57.728848+01:00 Info kahan-sum | Loaded 19 reward entries
2018-05-23 15:07:57.728850+01:00 Info kahan-sum | Loaded 14 query entries
2018-05-23 15:07:57.728852+01:00 Info kahan-sum | Loaded 2 training examples
2018-05-23 15:08:00.869464+01:00 Info sequence | Loaded 14618 reward entries
2018-05-23 15:08:00.869493+01:00 Info sequence | Loaded 4111 query entries
2018-05-23 15:08:00.869498+01:00 Info sequence | Loaded 86 training examples
2018-05-23 15:08:00.869632+01:00 Info Loaded a total of 6314 training examples
2018-05-23 15:08:00.870028+01:00 Info Loaded 6314 IN-SAMPLE training examples and 0 OUT-OF-SAMPLE test examples
2018-05-23 15:08:00.870049+01:00 Info (hyperparams((l2_reg 0.01)(dropout_keep_prob 0.5)))
(monitor.ml.Error (Invalid_argument "index out of bounds")
 ("Raised by primitive operation at file \"src/owl/dense/owl_dense_ndarray_generic.ml\", line 229, characters 26-36"
  "Called from file \"tools/familiarity_model.ml\", line 139, characters 6-150"
  "Called from file \"tools/familiarity_model.ml\", line 152, characters 18-60"
  "Called from file \"src/deferred0.ml\", line 61, characters 64-69"
  "Called from file \"src/job_queue.ml\", line 159, characters 6-47"))
