2018-05-23 16:13:07.642655+01:00 Info fyq-rev-list | Loaded 0 reward entries
2018-05-23 16:13:07.642656+01:00 Info fyq-rev-list | Loaded 0 query entries
2018-05-23 16:13:07.642657+01:00 Info fyq-rev-list | Loaded 0 training examples
2018-05-23 16:13:07.642943+01:00 Info Loaded a total of 0 training examples
2018-05-23 16:13:09.555459+01:00 Info bdd | Loaded 5717 reward entries
2018-05-23 16:13:09.555491+01:00 Info bdd | Loaded 2818 query entries
2018-05-23 16:13:09.555499+01:00 Info bdd | Loaded 824 training examples
2018-05-23 16:13:10.084518+01:00 Info almabench | Loaded 1926 reward entries
2018-05-23 16:13:10.084527+01:00 Info almabench | Loaded 846 query entries
2018-05-23 16:13:10.084531+01:00 Info almabench | Loaded 317 training examples
2018-05-23 16:13:11.531272+01:00 Info lexifi | Loaded 4262 reward entries
2018-05-23 16:13:11.531291+01:00 Info lexifi | Loaded 4073 query entries
2018-05-23 16:13:11.531296+01:00 Info lexifi | Loaded 1370 training examples
2018-05-23 16:13:19.362810+01:00 Info kb | Loaded 4747 reward entries
2018-05-23 16:13:19.362955+01:00 Info kb | Loaded 35367 query entries
2018-05-23 16:13:19.362959+01:00 Info kb | Loaded 281 training examples
2018-05-23 16:13:21.409707+01:00 Info floats-in-functor | Loaded 2774 reward entries
2018-05-23 16:13:21.409749+01:00 Info floats-in-functor | Loaded 8773 query entries
2018-05-23 16:13:21.409753+01:00 Info floats-in-functor | Loaded 784 training examples
2018-05-23 16:13:21.409889+01:00 Info fyq-stdlib-int-sets | Loaded 0 reward entries
2018-05-23 16:13:21.409891+01:00 Info fyq-stdlib-int-sets | Loaded 0 query entries
2018-05-23 16:13:21.409892+01:00 Info fyq-stdlib-int-sets | Loaded 0 training examples
2018-05-23 16:13:21.761813+01:00 Info fft | Loaded 1865 reward entries
2018-05-23 16:13:21.761820+01:00 Info fft | Loaded 842 query entries
2018-05-23 16:13:21.761822+01:00 Info fft | Loaded 306 training examples
2018-05-23 16:13:22.051163+01:00 Info quicksort | Loaded 1667 reward entries
2018-05-23 16:13:22.051172+01:00 Info quicksort | Loaded 829 query entries
2018-05-23 16:13:22.051176+01:00 Info quicksort | Loaded 306 training examples
2018-05-23 16:13:22.051312+01:00 Info fyq-symbolic-maths | Loaded 0 reward entries
2018-05-23 16:13:22.051313+01:00 Info fyq-symbolic-maths | Loaded 0 query entries
2018-05-23 16:13:22.051314+01:00 Info fyq-symbolic-maths | Loaded 0 training examples
2018-05-23 16:13:22.303942+01:00 Info lens | Loaded 1698 reward entries
2018-05-23 16:13:22.303948+01:00 Info lens | Loaded 835 query entries
2018-05-23 16:13:22.303952+01:00 Info lens | Loaded 296 training examples
2018-05-23 16:13:23.393759+01:00 Info sequence-cps | Loaded 3135 reward entries
2018-05-23 16:13:23.393769+01:00 Info sequence-cps | Loaded 1134 query entries
2018-05-23 16:13:23.393773+01:00 Info sequence-cps | Loaded 330 training examples
2018-05-23 16:13:26.039367+01:00 Info hamming | Loaded 3032 reward entries
2018-05-23 16:13:26.039422+01:00 Info hamming | Loaded 8514 query entries
2018-05-23 16:13:26.039432+01:00 Info hamming | Loaded 1412 training examples
2018-05-23 16:13:26.043349+01:00 Info kahan-sum | Loaded 19 reward entries
2018-05-23 16:13:26.043352+01:00 Info kahan-sum | Loaded 14 query entries
2018-05-23 16:13:26.043354+01:00 Info kahan-sum | Loaded 2 training examples
2018-05-23 16:13:29.473908+01:00 Info sequence | Loaded 14618 reward entries
2018-05-23 16:13:29.473942+01:00 Info sequence | Loaded 4111 query entries
2018-05-23 16:13:29.473946+01:00 Info sequence | Loaded 86 training examples
2018-05-23 16:13:29.474161+01:00 Info fyq-stdlib-functor-record-sets | Loaded 0 reward entries
2018-05-23 16:13:29.474162+01:00 Info fyq-stdlib-functor-record-sets | Loaded 0 query entries
2018-05-23 16:13:29.474163+01:00 Info fyq-stdlib-functor-record-sets | Loaded 0 training examples
2018-05-23 16:13:29.474294+01:00 Info Loaded a total of 6314 training examples
2018-05-23 16:13:29.474927+01:00 Info Loaded 6314 IN-SAMPLE training examples and 0 OUT-OF-SAMPLE test examples
2018-05-23 16:13:29.474952+01:00 Info (hyperparams((l2_reg 0.01)(dropout_keep_prob 0.5)))
(monitor.ml.Error (Invalid_argument "index out of bounds")
 ("Raised by primitive operation at file \"src/owl/dense/owl_dense_ndarray_generic.ml\", line 229, characters 26-36"
  "Called from file \"tools/familiarity_model.ml\", line 139, characters 6-150"
  "Called from file \"tools/familiarity_model.ml\", line 152, characters 18-60"
  "Called from file \"src/deferred0.ml\", line 61, characters 64-69"
  "Called from file \"src/job_queue.ml\", line 159, characters 6-47"))
