2018-05-21 15:18:35.072817+01:00 Info fyq-stdlib-functor-record-sets | Loaded 0 reward entries
2018-05-21 15:18:35.072818+01:00 Info fyq-stdlib-functor-record-sets | Loaded 0 query entries
2018-05-21 15:18:35.072819+01:00 Info fyq-stdlib-functor-record-sets | Loaded 0 training examples
2018-05-21 15:18:35.073238+01:00 Info Loaded a total of 0 training examples
2018-05-21 15:18:36.058949+01:00 Info bdd | Loaded 5717 reward entries
2018-05-21 15:18:36.058959+01:00 Info bdd | Loaded 2818 query entries
2018-05-21 15:18:36.058962+01:00 Info bdd | Loaded 824 training examples
2018-05-21 15:18:36.357903+01:00 Info almabench | Loaded 1926 reward entries
2018-05-21 15:18:36.357907+01:00 Info almabench | Loaded 846 query entries
2018-05-21 15:18:36.357910+01:00 Info almabench | Loaded 317 training examples
2018-05-21 15:18:36.986075+01:00 Info lexifi | Loaded 4262 reward entries
2018-05-21 15:18:36.986092+01:00 Info lexifi | Loaded 4073 query entries
2018-05-21 15:18:36.986097+01:00 Info lexifi | Loaded 1370 training examples
2018-05-21 15:18:39.788417+01:00 Info kb | Loaded 4747 reward entries
2018-05-21 15:18:39.788532+01:00 Info kb | Loaded 35367 query entries
2018-05-21 15:18:39.788536+01:00 Info kb | Loaded 281 training examples
2018-05-21 15:18:40.587400+01:00 Info floats-in-functor | Loaded 2774 reward entries
2018-05-21 15:18:40.587426+01:00 Info floats-in-functor | Loaded 8773 query entries
2018-05-21 15:18:40.587430+01:00 Info floats-in-functor | Loaded 784 training examples
2018-05-21 15:18:40.587646+01:00 Info fyq-stdlib-int-sets | Loaded 0 reward entries
2018-05-21 15:18:40.587648+01:00 Info fyq-stdlib-int-sets | Loaded 0 query entries
2018-05-21 15:18:40.587648+01:00 Info fyq-stdlib-int-sets | Loaded 0 training examples
2018-05-21 15:18:40.792879+01:00 Info fft | Loaded 1865 reward entries
2018-05-21 15:18:40.792885+01:00 Info fft | Loaded 842 query entries
2018-05-21 15:18:40.792887+01:00 Info fft | Loaded 306 training examples
2018-05-21 15:18:40.979894+01:00 Info quicksort | Loaded 1667 reward entries
2018-05-21 15:18:40.979898+01:00 Info quicksort | Loaded 829 query entries
2018-05-21 15:18:40.979901+01:00 Info quicksort | Loaded 306 training examples
2018-05-21 15:18:40.980017+01:00 Info fyq-symbolic-maths | Loaded 0 reward entries
2018-05-21 15:18:40.980018+01:00 Info fyq-symbolic-maths | Loaded 0 query entries
2018-05-21 15:18:40.980019+01:00 Info fyq-symbolic-maths | Loaded 0 training examples
2018-05-21 15:18:41.088877+01:00 Info lens | Loaded 1698 reward entries
2018-05-21 15:18:41.088882+01:00 Info lens | Loaded 835 query entries
2018-05-21 15:18:41.088886+01:00 Info lens | Loaded 296 training examples
2018-05-21 15:18:41.089020+01:00 Info fyq-rev-list | Loaded 0 reward entries
2018-05-21 15:18:41.089021+01:00 Info fyq-rev-list | Loaded 0 query entries
2018-05-21 15:18:41.089022+01:00 Info fyq-rev-list | Loaded 0 training examples
2018-05-21 15:18:41.251847+01:00 Info sequence-cps | Loaded 3135 reward entries
2018-05-21 15:18:41.251853+01:00 Info sequence-cps | Loaded 1134 query entries
2018-05-21 15:18:41.251855+01:00 Info sequence-cps | Loaded 330 training examples
2018-05-21 15:18:41.992572+01:00 Info hamming | Loaded 3032 reward entries
2018-05-21 15:18:41.992594+01:00 Info hamming | Loaded 8514 query entries
2018-05-21 15:18:41.992599+01:00 Info hamming | Loaded 1412 training examples
2018-05-21 15:18:41.993846+01:00 Info kahan-sum | Loaded 19 reward entries
2018-05-21 15:18:41.993847+01:00 Info kahan-sum | Loaded 14 query entries
2018-05-21 15:18:41.993848+01:00 Info kahan-sum | Loaded 2 training examples
2018-05-21 15:18:44.605249+01:00 Info sequence | Loaded 14618 reward entries
2018-05-21 15:18:44.605264+01:00 Info sequence | Loaded 4111 query entries
2018-05-21 15:18:44.605267+01:00 Info sequence | Loaded 86 training examples
2018-05-21 15:18:44.605327+01:00 Info Loaded a total of 6314 training examples
2018-05-21 15:18:44.605647+01:00 Info Loaded 6314 IN-SAMPLE training examples and 0 OUT-OF-SAMPLE test examples
2018-05-21 15:18:44.606105+01:00 Info (hyperparams((l2_reg 0.001)(dropout_keep_prob 0.5)))
2018-05-21 15:18:44.706177+01:00 Info ((name"training examples")(distribution((0 0.648720032507111)(1 0.35127996749288909))))
2018-05-21 15:18:44.706180+01:00 Info ((name"test examples")(distribution((0 -nan)(1 -nan))))
(monitor.ml.Error (Invalid_argument "index out of bounds")
 ("Raised by primitive operation at file \"src/owl/dense/owl_dense_ndarray_generic.ml\", line 229, characters 26-36"
  "Called from file \"tools/decision_model.ml\", line 144, characters 6-150"
  "Called from file \"tools/decision_model.ml\", line 153, characters 18-60"
  "Called from file \"src/deferred0.ml\", line 61, characters 64-69"
  "Called from file \"src/job_queue.ml\", line 159, characters 6-47"))
