2018-05-21 15:18:21.565589+01:00 Info kahan-sum | Loaded 19 reward entries
2018-05-21 15:18:21.565590+01:00 Info kahan-sum | Loaded 14 query entries
2018-05-21 15:18:21.565591+01:00 Info kahan-sum | Loaded 2 training examples
2018-05-21 15:18:21.565851+01:00 Info Loaded a total of 2 training examples
2018-05-21 15:18:22.592869+01:00 Info bdd | Loaded 5717 reward entries
2018-05-21 15:18:22.592883+01:00 Info bdd | Loaded 2818 query entries
2018-05-21 15:18:22.592887+01:00 Info bdd | Loaded 824 training examples
2018-05-21 15:18:22.930138+01:00 Info almabench | Loaded 1926 reward entries
2018-05-21 15:18:22.930144+01:00 Info almabench | Loaded 846 query entries
2018-05-21 15:18:22.930146+01:00 Info almabench | Loaded 317 training examples
2018-05-21 15:18:23.635557+01:00 Info lexifi | Loaded 4262 reward entries
2018-05-21 15:18:23.635573+01:00 Info lexifi | Loaded 4073 query entries
2018-05-21 15:18:23.635577+01:00 Info lexifi | Loaded 1370 training examples
2018-05-21 15:18:27.059855+01:00 Info kb | Loaded 4747 reward entries
2018-05-21 15:18:27.059966+01:00 Info kb | Loaded 35367 query entries
2018-05-21 15:18:27.059969+01:00 Info kb | Loaded 281 training examples
2018-05-21 15:18:28.040642+01:00 Info floats-in-functor | Loaded 2774 reward entries
2018-05-21 15:18:28.040691+01:00 Info floats-in-functor | Loaded 8773 query entries
2018-05-21 15:18:28.040695+01:00 Info floats-in-functor | Loaded 784 training examples
2018-05-21 15:18:28.040797+01:00 Info fyq-stdlib-int-sets | Loaded 0 reward entries
2018-05-21 15:18:28.040798+01:00 Info fyq-stdlib-int-sets | Loaded 0 query entries
2018-05-21 15:18:28.040799+01:00 Info fyq-stdlib-int-sets | Loaded 0 training examples
2018-05-21 15:18:28.271276+01:00 Info fft | Loaded 1865 reward entries
2018-05-21 15:18:28.271282+01:00 Info fft | Loaded 842 query entries
2018-05-21 15:18:28.271284+01:00 Info fft | Loaded 306 training examples
2018-05-21 15:18:28.480580+01:00 Info quicksort | Loaded 1667 reward entries
2018-05-21 15:18:28.480585+01:00 Info quicksort | Loaded 829 query entries
2018-05-21 15:18:28.480588+01:00 Info quicksort | Loaded 306 training examples
2018-05-21 15:18:28.480680+01:00 Info fyq-symbolic-maths | Loaded 0 reward entries
2018-05-21 15:18:28.480682+01:00 Info fyq-symbolic-maths | Loaded 0 query entries
2018-05-21 15:18:28.480683+01:00 Info fyq-symbolic-maths | Loaded 0 training examples
2018-05-21 15:18:28.607520+01:00 Info lens | Loaded 1698 reward entries
2018-05-21 15:18:28.607526+01:00 Info lens | Loaded 835 query entries
2018-05-21 15:18:28.607529+01:00 Info lens | Loaded 296 training examples
2018-05-21 15:18:28.607659+01:00 Info fyq-rev-list | Loaded 0 reward entries
2018-05-21 15:18:28.607660+01:00 Info fyq-rev-list | Loaded 0 query entries
2018-05-21 15:18:28.607661+01:00 Info fyq-rev-list | Loaded 0 training examples
2018-05-21 15:18:28.785264+01:00 Info sequence-cps | Loaded 3135 reward entries
2018-05-21 15:18:28.785270+01:00 Info sequence-cps | Loaded 1134 query entries
2018-05-21 15:18:28.785273+01:00 Info sequence-cps | Loaded 330 training examples
2018-05-21 15:18:29.693786+01:00 Info hamming | Loaded 3032 reward entries
2018-05-21 15:18:29.693812+01:00 Info hamming | Loaded 8514 query entries
2018-05-21 15:18:29.693815+01:00 Info hamming | Loaded 1412 training examples
2018-05-21 15:18:32.720367+01:00 Info sequence | Loaded 14618 reward entries
2018-05-21 15:18:32.720383+01:00 Info sequence | Loaded 4111 query entries
2018-05-21 15:18:32.720386+01:00 Info sequence | Loaded 86 training examples
2018-05-21 15:18:32.720500+01:00 Info fyq-stdlib-functor-record-sets | Loaded 0 reward entries
2018-05-21 15:18:32.720501+01:00 Info fyq-stdlib-functor-record-sets | Loaded 0 query entries
2018-05-21 15:18:32.720502+01:00 Info fyq-stdlib-functor-record-sets | Loaded 0 training examples
2018-05-21 15:18:32.720558+01:00 Info Loaded a total of 6312 training examples
2018-05-21 15:18:32.720897+01:00 Info Loaded 6312 IN-SAMPLE training examples and 2 OUT-OF-SAMPLE test examples
2018-05-21 15:18:32.721376+01:00 Info (hyperparams((l2_reg 0.001)(dropout_keep_prob 0.5)))
2018-05-21 15:18:32.821502+01:00 Info ((name"training examples")(distribution((0 0.648720032507111)(1 0.35127996749288909))))
2018-05-21 15:18:32.821505+01:00 Info ((name"test examples")(distribution((0 -nan)(1 -nan))))
(monitor.ml.Error (Invalid_argument "index out of bounds")
 ("Raised by primitive operation at file \"src/owl/dense/owl_dense_ndarray_generic.ml\", line 229, characters 26-36"
  "Called from file \"tools/decision_model.ml\", line 144, characters 6-150"
  "Called from file \"tools/decision_model.ml\", line 153, characters 18-60"
  "Called from file \"src/deferred0.ml\", line 61, characters 64-69"
  "Called from file \"src/job_queue.ml\", line 159, characters 6-47"))
