2018-05-21 15:21:37.160384+01:00 Info fyq-symbolic-maths | Loaded 0 reward entries
2018-05-21 15:21:37.160385+01:00 Info fyq-symbolic-maths | Loaded 0 query entries
2018-05-21 15:21:37.160385+01:00 Info fyq-symbolic-maths | Loaded 0 training examples
2018-05-21 15:21:37.160643+01:00 Info Loaded a total of 0 training examples
2018-05-21 15:21:38.212390+01:00 Info bdd | Loaded 5717 reward entries
2018-05-21 15:21:38.212402+01:00 Info bdd | Loaded 2818 query entries
2018-05-21 15:21:38.212407+01:00 Info bdd | Loaded 824 training examples
2018-05-21 15:21:38.561480+01:00 Info almabench | Loaded 1926 reward entries
2018-05-21 15:21:38.561485+01:00 Info almabench | Loaded 846 query entries
2018-05-21 15:21:38.561488+01:00 Info almabench | Loaded 317 training examples
2018-05-21 15:21:39.283045+01:00 Info lexifi | Loaded 4262 reward entries
2018-05-21 15:21:39.283061+01:00 Info lexifi | Loaded 4073 query entries
2018-05-21 15:21:39.283065+01:00 Info lexifi | Loaded 1370 training examples
2018-05-21 15:21:42.539924+01:00 Info kb | Loaded 4747 reward entries
2018-05-21 15:21:42.540023+01:00 Info kb | Loaded 35367 query entries
2018-05-21 15:21:42.540026+01:00 Info kb | Loaded 281 training examples
2018-05-21 15:21:43.463393+01:00 Info floats-in-functor | Loaded 2774 reward entries
2018-05-21 15:21:43.463422+01:00 Info floats-in-functor | Loaded 8773 query entries
2018-05-21 15:21:43.463426+01:00 Info floats-in-functor | Loaded 784 training examples
2018-05-21 15:21:43.463627+01:00 Info fyq-stdlib-int-sets | Loaded 0 reward entries
2018-05-21 15:21:43.463628+01:00 Info fyq-stdlib-int-sets | Loaded 0 query entries
2018-05-21 15:21:43.463629+01:00 Info fyq-stdlib-int-sets | Loaded 0 training examples
2018-05-21 15:21:43.697884+01:00 Info fft | Loaded 1865 reward entries
2018-05-21 15:21:43.697890+01:00 Info fft | Loaded 842 query entries
2018-05-21 15:21:43.697893+01:00 Info fft | Loaded 306 training examples
2018-05-21 15:21:43.914912+01:00 Info quicksort | Loaded 1667 reward entries
2018-05-21 15:21:43.914919+01:00 Info quicksort | Loaded 829 query entries
2018-05-21 15:21:43.914922+01:00 Info quicksort | Loaded 306 training examples
2018-05-21 15:21:44.034621+01:00 Info lens | Loaded 1698 reward entries
2018-05-21 15:21:44.034627+01:00 Info lens | Loaded 835 query entries
2018-05-21 15:21:44.034630+01:00 Info lens | Loaded 296 training examples
2018-05-21 15:21:44.034778+01:00 Info fyq-rev-list | Loaded 0 reward entries
2018-05-21 15:21:44.034780+01:00 Info fyq-rev-list | Loaded 0 query entries
2018-05-21 15:21:44.034781+01:00 Info fyq-rev-list | Loaded 0 training examples
2018-05-21 15:21:44.205421+01:00 Info sequence-cps | Loaded 3135 reward entries
2018-05-21 15:21:44.205426+01:00 Info sequence-cps | Loaded 1134 query entries
2018-05-21 15:21:44.205429+01:00 Info sequence-cps | Loaded 330 training examples
2018-05-21 15:21:45.101271+01:00 Info hamming | Loaded 3032 reward entries
2018-05-21 15:21:45.101302+01:00 Info hamming | Loaded 8514 query entries
2018-05-21 15:21:45.101307+01:00 Info hamming | Loaded 1412 training examples
2018-05-21 15:21:45.102692+01:00 Info kahan-sum | Loaded 19 reward entries
2018-05-21 15:21:45.102693+01:00 Info kahan-sum | Loaded 14 query entries
2018-05-21 15:21:45.102694+01:00 Info kahan-sum | Loaded 2 training examples
2018-05-21 15:21:48.073937+01:00 Info sequence | Loaded 14618 reward entries
2018-05-21 15:21:48.073951+01:00 Info sequence | Loaded 4111 query entries
2018-05-21 15:21:48.073953+01:00 Info sequence | Loaded 86 training examples
2018-05-21 15:21:48.074093+01:00 Info fyq-stdlib-functor-record-sets | Loaded 0 reward entries
2018-05-21 15:21:48.074095+01:00 Info fyq-stdlib-functor-record-sets | Loaded 0 query entries
2018-05-21 15:21:48.074096+01:00 Info fyq-stdlib-functor-record-sets | Loaded 0 training examples
2018-05-21 15:21:48.074162+01:00 Info Loaded a total of 6314 training examples
2018-05-21 15:21:48.074680+01:00 Info Loaded 6314 IN-SAMPLE training examples and 0 OUT-OF-SAMPLE test examples
2018-05-21 15:21:48.075339+01:00 Info (hyperparams((l2_reg 0.01)(dropout_keep_prob 0.5)))
2018-05-21 15:21:48.175538+01:00 Info ((name"training examples")(distribution((0 0.648720032507111)(1 0.35127996749288909))))
2018-05-21 15:21:48.175542+01:00 Info ((name"test examples")(distribution((0 -nan)(1 -nan))))
(monitor.ml.Error (Invalid_argument "index out of bounds")
 ("Raised by primitive operation at file \"src/owl/dense/owl_dense_ndarray_generic.ml\", line 229, characters 26-36"
  "Called from file \"tools/decision_model.ml\", line 144, characters 6-150"
  "Called from file \"tools/decision_model.ml\", line 153, characters 18-60"
  "Called from file \"src/deferred0.ml\", line 61, characters 64-69"
  "Called from file \"src/job_queue.ml\", line 159, characters 6-47"))
