2018-05-21 15:21:49.325639+01:00 Info fyq-rev-list | Loaded 0 reward entries
2018-05-21 15:21:49.325641+01:00 Info fyq-rev-list | Loaded 0 query entries
2018-05-21 15:21:49.325643+01:00 Info fyq-rev-list | Loaded 0 training examples
2018-05-21 15:21:49.325909+01:00 Info Loaded a total of 0 training examples
2018-05-21 15:21:50.393152+01:00 Info bdd | Loaded 5717 reward entries
2018-05-21 15:21:50.393164+01:00 Info bdd | Loaded 2818 query entries
2018-05-21 15:21:50.393167+01:00 Info bdd | Loaded 824 training examples
2018-05-21 15:21:50.732895+01:00 Info almabench | Loaded 1926 reward entries
2018-05-21 15:21:50.732899+01:00 Info almabench | Loaded 846 query entries
2018-05-21 15:21:50.732915+01:00 Info almabench | Loaded 317 training examples
2018-05-21 15:21:51.417000+01:00 Info lexifi | Loaded 4262 reward entries
2018-05-21 15:21:51.417019+01:00 Info lexifi | Loaded 4073 query entries
2018-05-21 15:21:51.417025+01:00 Info lexifi | Loaded 1370 training examples
2018-05-21 15:21:54.718919+01:00 Info kb | Loaded 4747 reward entries
2018-05-21 15:21:54.719013+01:00 Info kb | Loaded 35367 query entries
2018-05-21 15:21:54.719016+01:00 Info kb | Loaded 281 training examples
2018-05-21 15:21:55.651652+01:00 Info floats-in-functor | Loaded 2774 reward entries
2018-05-21 15:21:55.651680+01:00 Info floats-in-functor | Loaded 8773 query entries
2018-05-21 15:21:55.651683+01:00 Info floats-in-functor | Loaded 784 training examples
2018-05-21 15:21:55.651834+01:00 Info fyq-stdlib-int-sets | Loaded 0 reward entries
2018-05-21 15:21:55.651835+01:00 Info fyq-stdlib-int-sets | Loaded 0 query entries
2018-05-21 15:21:55.651836+01:00 Info fyq-stdlib-int-sets | Loaded 0 training examples
2018-05-21 15:21:55.875573+01:00 Info fft | Loaded 1865 reward entries
2018-05-21 15:21:55.875578+01:00 Info fft | Loaded 842 query entries
2018-05-21 15:21:55.875581+01:00 Info fft | Loaded 306 training examples
2018-05-21 15:21:56.085988+01:00 Info quicksort | Loaded 1667 reward entries
2018-05-21 15:21:56.085994+01:00 Info quicksort | Loaded 829 query entries
2018-05-21 15:21:56.085998+01:00 Info quicksort | Loaded 306 training examples
2018-05-21 15:21:56.086117+01:00 Info fyq-symbolic-maths | Loaded 0 reward entries
2018-05-21 15:21:56.086118+01:00 Info fyq-symbolic-maths | Loaded 0 query entries
2018-05-21 15:21:56.086118+01:00 Info fyq-symbolic-maths | Loaded 0 training examples
2018-05-21 15:21:56.212073+01:00 Info lens | Loaded 1698 reward entries
2018-05-21 15:21:56.212079+01:00 Info lens | Loaded 835 query entries
2018-05-21 15:21:56.212082+01:00 Info lens | Loaded 296 training examples
2018-05-21 15:21:56.384156+01:00 Info sequence-cps | Loaded 3135 reward entries
2018-05-21 15:21:56.384163+01:00 Info sequence-cps | Loaded 1134 query entries
2018-05-21 15:21:56.384166+01:00 Info sequence-cps | Loaded 330 training examples
2018-05-21 15:21:57.299442+01:00 Info hamming | Loaded 3032 reward entries
2018-05-21 15:21:57.299471+01:00 Info hamming | Loaded 8514 query entries
2018-05-21 15:21:57.299475+01:00 Info hamming | Loaded 1412 training examples
2018-05-21 15:21:57.300650+01:00 Info kahan-sum | Loaded 19 reward entries
2018-05-21 15:21:57.300651+01:00 Info kahan-sum | Loaded 14 query entries
2018-05-21 15:21:57.300653+01:00 Info kahan-sum | Loaded 2 training examples
2018-05-21 15:22:00.282017+01:00 Info sequence | Loaded 14618 reward entries
2018-05-21 15:22:00.282037+01:00 Info sequence | Loaded 4111 query entries
2018-05-21 15:22:00.282053+01:00 Info sequence | Loaded 86 training examples
2018-05-21 15:22:00.282187+01:00 Info fyq-stdlib-functor-record-sets | Loaded 0 reward entries
2018-05-21 15:22:00.282188+01:00 Info fyq-stdlib-functor-record-sets | Loaded 0 query entries
2018-05-21 15:22:00.282190+01:00 Info fyq-stdlib-functor-record-sets | Loaded 0 training examples
2018-05-21 15:22:00.282248+01:00 Info Loaded a total of 6314 training examples
2018-05-21 15:22:00.282634+01:00 Info Loaded 6314 IN-SAMPLE training examples and 0 OUT-OF-SAMPLE test examples
2018-05-21 15:22:00.283121+01:00 Info (hyperparams((l2_reg 0.01)(dropout_keep_prob 0.5)))
2018-05-21 15:22:00.383412+01:00 Info ((name"training examples")(distribution((0 0.648720032507111)(1 0.35127996749288909))))
2018-05-21 15:22:00.383431+01:00 Info ((name"test examples")(distribution((0 -nan)(1 -nan))))
(monitor.ml.Error (Invalid_argument "index out of bounds")
 ("Raised by primitive operation at file \"src/owl/dense/owl_dense_ndarray_generic.ml\", line 229, characters 26-36"
  "Called from file \"tools/decision_model.ml\", line 144, characters 6-150"
  "Called from file \"tools/decision_model.ml\", line 153, characters 18-60"
  "Called from file \"src/deferred0.ml\", line 61, characters 64-69"
  "Called from file \"src/job_queue.ml\", line 159, characters 6-47"))
