2018-05-23 16:02:07.353379+01:00 Info fyq-rev-list | Loaded 0 reward entries
2018-05-23 16:02:07.353381+01:00 Info fyq-rev-list | Loaded 0 query entries
2018-05-23 16:02:07.353383+01:00 Info fyq-rev-list | Loaded 0 training examples
2018-05-23 16:02:07.353768+01:00 Info Loaded a total of 0 training examples
2018-05-23 16:02:08.837391+01:00 Info bdd | Loaded 5717 reward entries
2018-05-23 16:02:08.837404+01:00 Info bdd | Loaded 2818 query entries
2018-05-23 16:02:08.837408+01:00 Info bdd | Loaded 824 training examples
2018-05-23 16:02:09.283742+01:00 Info almabench | Loaded 1926 reward entries
2018-05-23 16:02:09.283749+01:00 Info almabench | Loaded 846 query entries
2018-05-23 16:02:09.283752+01:00 Info almabench | Loaded 317 training examples
2018-05-23 16:02:10.508309+01:00 Info lexifi | Loaded 4262 reward entries
2018-05-23 16:02:10.508329+01:00 Info lexifi | Loaded 4073 query entries
2018-05-23 16:02:10.508333+01:00 Info lexifi | Loaded 1370 training examples
2018-05-23 16:02:17.867069+01:00 Info kb | Loaded 4747 reward entries
2018-05-23 16:02:17.867212+01:00 Info kb | Loaded 35367 query entries
2018-05-23 16:02:17.867217+01:00 Info kb | Loaded 281 training examples
2018-05-23 16:02:19.942589+01:00 Info floats-in-functor | Loaded 2774 reward entries
2018-05-23 16:02:19.942645+01:00 Info floats-in-functor | Loaded 8773 query entries
2018-05-23 16:02:19.942652+01:00 Info floats-in-functor | Loaded 784 training examples
2018-05-23 16:02:19.942807+01:00 Info fyq-stdlib-int-sets | Loaded 0 reward entries
2018-05-23 16:02:19.942808+01:00 Info fyq-stdlib-int-sets | Loaded 0 query entries
2018-05-23 16:02:19.942810+01:00 Info fyq-stdlib-int-sets | Loaded 0 training examples
2018-05-23 16:02:20.290047+01:00 Info fft | Loaded 1865 reward entries
2018-05-23 16:02:20.290053+01:00 Info fft | Loaded 842 query entries
2018-05-23 16:02:20.290057+01:00 Info fft | Loaded 306 training examples
2018-05-23 16:02:20.627226+01:00 Info quicksort | Loaded 1667 reward entries
2018-05-23 16:02:20.627232+01:00 Info quicksort | Loaded 829 query entries
2018-05-23 16:02:20.627235+01:00 Info quicksort | Loaded 306 training examples
2018-05-23 16:02:20.627347+01:00 Info fyq-symbolic-maths | Loaded 0 reward entries
2018-05-23 16:02:20.627348+01:00 Info fyq-symbolic-maths | Loaded 0 query entries
2018-05-23 16:02:20.627349+01:00 Info fyq-symbolic-maths | Loaded 0 training examples
2018-05-23 16:02:20.895535+01:00 Info lens | Loaded 1698 reward entries
2018-05-23 16:02:20.895540+01:00 Info lens | Loaded 835 query entries
2018-05-23 16:02:20.895543+01:00 Info lens | Loaded 296 training examples
2018-05-23 16:02:22.077414+01:00 Info sequence-cps | Loaded 3135 reward entries
2018-05-23 16:02:22.077422+01:00 Info sequence-cps | Loaded 1134 query entries
2018-05-23 16:02:22.077425+01:00 Info sequence-cps | Loaded 330 training examples
2018-05-23 16:02:24.423241+01:00 Info hamming | Loaded 3032 reward entries
2018-05-23 16:02:24.423282+01:00 Info hamming | Loaded 8514 query entries
2018-05-23 16:02:24.423287+01:00 Info hamming | Loaded 1412 training examples
2018-05-23 16:02:24.426308+01:00 Info kahan-sum | Loaded 19 reward entries
2018-05-23 16:02:24.426310+01:00 Info kahan-sum | Loaded 14 query entries
2018-05-23 16:02:24.426311+01:00 Info kahan-sum | Loaded 2 training examples
2018-05-23 16:02:27.356912+01:00 Info sequence | Loaded 14618 reward entries
2018-05-23 16:02:27.356943+01:00 Info sequence | Loaded 4111 query entries
2018-05-23 16:02:27.356946+01:00 Info sequence | Loaded 86 training examples
2018-05-23 16:02:27.357146+01:00 Info fyq-stdlib-functor-record-sets | Loaded 0 reward entries
2018-05-23 16:02:27.357147+01:00 Info fyq-stdlib-functor-record-sets | Loaded 0 query entries
2018-05-23 16:02:27.357148+01:00 Info fyq-stdlib-functor-record-sets | Loaded 0 training examples
2018-05-23 16:02:27.357247+01:00 Info Loaded a total of 6314 training examples
2018-05-23 16:02:27.357646+01:00 Info Loaded 6314 IN-SAMPLE training examples and 0 OUT-OF-SAMPLE test examples
2018-05-23 16:02:27.357660+01:00 Info (hyperparams((l2_reg 0.001)(dropout_keep_prob 0.5)))
(monitor.ml.Error (Invalid_argument "index out of bounds")
 ("Raised by primitive operation at file \"src/owl/dense/owl_dense_ndarray_generic.ml\", line 229, characters 26-36"
  "Called from file \"tools/familiarity_model.ml\", line 139, characters 6-150"
  "Called from file \"tools/familiarity_model.ml\", line 152, characters 18-60"
  "Called from file \"src/deferred0.ml\", line 61, characters 64-69"
  "Called from file \"src/job_queue.ml\", line 159, characters 6-47"))
