2018-05-23 15:59:49.066416+01:00 Info fyq-stdlib-int-sets | Loaded 0 reward entries
2018-05-23 15:59:49.066417+01:00 Info fyq-stdlib-int-sets | Loaded 0 query entries
2018-05-23 15:59:49.066419+01:00 Info fyq-stdlib-int-sets | Loaded 0 training examples
2018-05-23 15:59:49.066808+01:00 Info Loaded a total of 0 training examples
2018-05-23 15:59:50.840184+01:00 Info bdd | Loaded 5717 reward entries
2018-05-23 15:59:50.840199+01:00 Info bdd | Loaded 2818 query entries
2018-05-23 15:59:50.840204+01:00 Info bdd | Loaded 824 training examples
2018-05-23 15:59:51.353140+01:00 Info almabench | Loaded 1926 reward entries
2018-05-23 15:59:51.353146+01:00 Info almabench | Loaded 846 query entries
2018-05-23 15:59:51.353149+01:00 Info almabench | Loaded 317 training examples
2018-05-23 15:59:52.766759+01:00 Info lexifi | Loaded 4262 reward entries
2018-05-23 15:59:52.766809+01:00 Info lexifi | Loaded 4073 query entries
2018-05-23 15:59:52.766821+01:00 Info lexifi | Loaded 1370 training examples
2018-05-23 16:00:12.992330+01:00 Info kb | Loaded 4747 reward entries
2018-05-23 16:00:12.999536+01:00 Info kb | Loaded 35367 query entries
2018-05-23 16:00:13.000633+01:00 Info kb | Loaded 281 training examples
2018-05-23 16:00:38.131393+01:00 Info floats-in-functor | Loaded 2774 reward entries
2018-05-23 16:00:38.131419+01:00 Info floats-in-functor | Loaded 8773 query entries
2018-05-23 16:00:38.131423+01:00 Info floats-in-functor | Loaded 784 training examples
2018-05-23 16:00:43.203647+01:00 Info fft | Loaded 1865 reward entries
2018-05-23 16:00:43.203656+01:00 Info fft | Loaded 842 query entries
2018-05-23 16:00:43.203661+01:00 Info fft | Loaded 306 training examples
2018-05-23 16:00:47.310455+01:00 Info quicksort | Loaded 1667 reward entries
2018-05-23 16:00:47.310476+01:00 Info quicksort | Loaded 829 query entries
2018-05-23 16:00:47.461936+01:00 Info quicksort | Loaded 306 training examples
2018-05-23 16:00:47.844748+01:00 Info fyq-symbolic-maths | Loaded 0 reward entries
2018-05-23 16:00:47.844749+01:00 Info fyq-symbolic-maths | Loaded 0 query entries
2018-05-23 16:00:47.844751+01:00 Info fyq-symbolic-maths | Loaded 0 training examples
2018-05-23 16:00:48.324282+01:00 Info lens | Loaded 1698 reward entries
2018-05-23 16:00:48.324287+01:00 Info lens | Loaded 835 query entries
2018-05-23 16:00:48.324291+01:00 Info lens | Loaded 296 training examples
2018-05-23 16:00:48.324395+01:00 Info fyq-rev-list | Loaded 0 reward entries
2018-05-23 16:00:48.324397+01:00 Info fyq-rev-list | Loaded 0 query entries
2018-05-23 16:00:48.324398+01:00 Info fyq-rev-list | Loaded 0 training examples
2018-05-23 16:00:49.512598+01:00 Info sequence-cps | Loaded 3135 reward entries
2018-05-23 16:00:49.512607+01:00 Info sequence-cps | Loaded 1134 query entries
2018-05-23 16:00:49.512611+01:00 Info sequence-cps | Loaded 330 training examples
2018-05-23 16:00:51.818070+01:00 Info hamming | Loaded 3032 reward entries
2018-05-23 16:00:51.818127+01:00 Info hamming | Loaded 8514 query entries
2018-05-23 16:00:51.818134+01:00 Info hamming | Loaded 1412 training examples
2018-05-23 16:00:51.822450+01:00 Info kahan-sum | Loaded 19 reward entries
2018-05-23 16:00:51.822452+01:00 Info kahan-sum | Loaded 14 query entries
2018-05-23 16:00:51.822455+01:00 Info kahan-sum | Loaded 2 training examples
2018-05-23 16:00:54.852148+01:00 Info sequence | Loaded 14618 reward entries
2018-05-23 16:00:54.852177+01:00 Info sequence | Loaded 4111 query entries
2018-05-23 16:00:54.852182+01:00 Info sequence | Loaded 86 training examples
2018-05-23 16:00:54.852425+01:00 Info fyq-stdlib-functor-record-sets | Loaded 0 reward entries
2018-05-23 16:00:54.852427+01:00 Info fyq-stdlib-functor-record-sets | Loaded 0 query entries
2018-05-23 16:00:54.852428+01:00 Info fyq-stdlib-functor-record-sets | Loaded 0 training examples
2018-05-23 16:00:54.852530+01:00 Info Loaded a total of 6314 training examples
2018-05-23 16:00:54.853148+01:00 Info Loaded 6314 IN-SAMPLE training examples and 0 OUT-OF-SAMPLE test examples
2018-05-23 16:00:54.853365+01:00 Info (hyperparams((l2_reg 0.001)(dropout_keep_prob 0.5)))
(monitor.ml.Error (Invalid_argument "index out of bounds")
 ("Raised by primitive operation at file \"src/owl/dense/owl_dense_ndarray_generic.ml\", line 229, characters 26-36"
  "Called from file \"tools/familiarity_model.ml\", line 139, characters 6-150"
  "Called from file \"tools/familiarity_model.ml\", line 152, characters 18-60"
  "Called from file \"src/deferred0.ml\", line 61, characters 64-69"
  "Called from file \"src/job_queue.ml\", line 159, characters 6-47"))
