2018-05-23 16:29:55.006961+01:00 Info fyq-symbolic-maths | Loaded 0 reward entries
2018-05-23 16:29:55.006963+01:00 Info fyq-symbolic-maths | Loaded 0 query entries
2018-05-23 16:29:55.006964+01:00 Info fyq-symbolic-maths | Loaded 0 training examples
2018-05-23 16:29:55.007383+01:00 Info Loaded a total of 0 training examples
2018-05-23 16:29:56.581310+01:00 Info bdd | Loaded 5717 reward entries
2018-05-23 16:29:56.581327+01:00 Info bdd | Loaded 2818 query entries
2018-05-23 16:29:56.581331+01:00 Info bdd | Loaded 824 training examples
2018-05-23 16:29:57.086468+01:00 Info almabench | Loaded 1926 reward entries
2018-05-23 16:29:57.086478+01:00 Info almabench | Loaded 846 query entries
2018-05-23 16:29:57.086482+01:00 Info almabench | Loaded 317 training examples
2018-05-23 16:29:58.475919+01:00 Info lexifi | Loaded 4262 reward entries
2018-05-23 16:29:58.475936+01:00 Info lexifi | Loaded 4073 query entries
2018-05-23 16:29:58.475940+01:00 Info lexifi | Loaded 1370 training examples
2018-05-23 16:30:06.892055+01:00 Info kb | Loaded 4747 reward entries
2018-05-23 16:30:06.892239+01:00 Info kb | Loaded 35367 query entries
2018-05-23 16:30:06.892245+01:00 Info kb | Loaded 281 training examples
2018-05-23 16:30:09.133748+01:00 Info floats-in-functor | Loaded 2774 reward entries
2018-05-23 16:30:09.133787+01:00 Info floats-in-functor | Loaded 8773 query entries
2018-05-23 16:30:09.133792+01:00 Info floats-in-functor | Loaded 784 training examples
2018-05-23 16:30:09.133918+01:00 Info fyq-stdlib-int-sets | Loaded 0 reward entries
2018-05-23 16:30:09.133919+01:00 Info fyq-stdlib-int-sets | Loaded 0 query entries
2018-05-23 16:30:09.133921+01:00 Info fyq-stdlib-int-sets | Loaded 0 training examples
2018-05-23 16:30:09.484113+01:00 Info fft | Loaded 1865 reward entries
2018-05-23 16:30:09.484120+01:00 Info fft | Loaded 842 query entries
2018-05-23 16:30:09.484123+01:00 Info fft | Loaded 306 training examples
2018-05-23 16:30:09.831531+01:00 Info quicksort | Loaded 1667 reward entries
2018-05-23 16:30:09.831539+01:00 Info quicksort | Loaded 829 query entries
2018-05-23 16:30:09.831543+01:00 Info quicksort | Loaded 306 training examples
2018-05-23 16:30:10.119833+01:00 Info lens | Loaded 1698 reward entries
2018-05-23 16:30:10.119839+01:00 Info lens | Loaded 835 query entries
2018-05-23 16:30:10.119843+01:00 Info lens | Loaded 296 training examples
2018-05-23 16:30:10.119960+01:00 Info fyq-rev-list | Loaded 0 reward entries
2018-05-23 16:30:10.119961+01:00 Info fyq-rev-list | Loaded 0 query entries
2018-05-23 16:30:10.119961+01:00 Info fyq-rev-list | Loaded 0 training examples
2018-05-23 16:30:11.314687+01:00 Info sequence-cps | Loaded 3135 reward entries
2018-05-23 16:30:11.314698+01:00 Info sequence-cps | Loaded 1134 query entries
2018-05-23 16:30:11.314702+01:00 Info sequence-cps | Loaded 330 training examples
2018-05-23 16:30:13.867732+01:00 Info hamming | Loaded 3032 reward entries
2018-05-23 16:30:13.867797+01:00 Info hamming | Loaded 8514 query entries
2018-05-23 16:30:13.867809+01:00 Info hamming | Loaded 1412 training examples
2018-05-23 16:30:13.871678+01:00 Info kahan-sum | Loaded 19 reward entries
2018-05-23 16:30:13.871680+01:00 Info kahan-sum | Loaded 14 query entries
2018-05-23 16:30:13.871682+01:00 Info kahan-sum | Loaded 2 training examples
2018-05-23 16:30:16.728168+01:00 Info sequence | Loaded 14618 reward entries
2018-05-23 16:30:16.728194+01:00 Info sequence | Loaded 4111 query entries
2018-05-23 16:30:16.728198+01:00 Info sequence | Loaded 86 training examples
2018-05-23 16:30:16.728330+01:00 Info fyq-stdlib-functor-record-sets | Loaded 0 reward entries
2018-05-23 16:30:16.728331+01:00 Info fyq-stdlib-functor-record-sets | Loaded 0 query entries
2018-05-23 16:30:16.728332+01:00 Info fyq-stdlib-functor-record-sets | Loaded 0 training examples
2018-05-23 16:30:16.728403+01:00 Info Loaded a total of 6314 training examples
2018-05-23 16:30:16.728771+01:00 Info Loaded 6314 IN-SAMPLE training examples and 0 OUT-OF-SAMPLE test examples
2018-05-23 16:30:16.728787+01:00 Info (hyperparams((l2_reg 0.1)(dropout_keep_prob 1)))
(monitor.ml.Error (Invalid_argument "index out of bounds")
 ("Raised by primitive operation at file \"src/owl/dense/owl_dense_ndarray_generic.ml\", line 229, characters 26-36"
  "Called from file \"tools/familiarity_model.ml\", line 139, characters 6-150"
  "Called from file \"tools/familiarity_model.ml\", line 152, characters 18-60"
  "Called from file \"src/deferred0.ml\", line 61, characters 64-69"
  "Called from file \"src/job_queue.ml\", line 159, characters 6-47"))
