2018-05-21 15:27:57.059560+01:00 Info kahan-sum | Loaded 19 reward entries
2018-05-21 15:27:57.059561+01:00 Info kahan-sum | Loaded 14 query entries
2018-05-21 15:27:57.059563+01:00 Info kahan-sum | Loaded 2 training examples
2018-05-21 15:27:57.059772+01:00 Info Loaded a total of 2 training examples
2018-05-21 15:27:57.881842+01:00 Info bdd | Loaded 5717 reward entries
2018-05-21 15:27:57.881855+01:00 Info bdd | Loaded 2818 query entries
2018-05-21 15:27:57.881860+01:00 Info bdd | Loaded 824 training examples
2018-05-21 15:27:58.096721+01:00 Info almabench | Loaded 1926 reward entries
2018-05-21 15:27:58.096727+01:00 Info almabench | Loaded 846 query entries
2018-05-21 15:27:58.096730+01:00 Info almabench | Loaded 317 training examples
2018-05-21 15:27:58.596468+01:00 Info lexifi | Loaded 4262 reward entries
2018-05-21 15:27:58.596483+01:00 Info lexifi | Loaded 4073 query entries
2018-05-21 15:27:58.596487+01:00 Info lexifi | Loaded 1370 training examples
2018-05-21 15:28:01.874354+01:00 Info kb | Loaded 4747 reward entries
2018-05-21 15:28:01.874485+01:00 Info kb | Loaded 35367 query entries
2018-05-21 15:28:01.874489+01:00 Info kb | Loaded 281 training examples
2018-05-21 15:28:02.852350+01:00 Info floats-in-functor | Loaded 2774 reward entries
2018-05-21 15:28:02.852378+01:00 Info floats-in-functor | Loaded 8773 query entries
2018-05-21 15:28:02.852382+01:00 Info floats-in-functor | Loaded 784 training examples
2018-05-21 15:28:02.852499+01:00 Info fyq-stdlib-int-sets | Loaded 0 reward entries
2018-05-21 15:28:02.852499+01:00 Info fyq-stdlib-int-sets | Loaded 0 query entries
2018-05-21 15:28:02.852500+01:00 Info fyq-stdlib-int-sets | Loaded 0 training examples
2018-05-21 15:28:03.082131+01:00 Info fft | Loaded 1865 reward entries
2018-05-21 15:28:03.082137+01:00 Info fft | Loaded 842 query entries
2018-05-21 15:28:03.082140+01:00 Info fft | Loaded 306 training examples
2018-05-21 15:28:03.296694+01:00 Info quicksort | Loaded 1667 reward entries
2018-05-21 15:28:03.296700+01:00 Info quicksort | Loaded 829 query entries
2018-05-21 15:28:03.296702+01:00 Info quicksort | Loaded 306 training examples
2018-05-21 15:28:03.296846+01:00 Info fyq-symbolic-maths | Loaded 0 reward entries
2018-05-21 15:28:03.296847+01:00 Info fyq-symbolic-maths | Loaded 0 query entries
2018-05-21 15:28:03.296847+01:00 Info fyq-symbolic-maths | Loaded 0 training examples
2018-05-21 15:28:03.422347+01:00 Info lens | Loaded 1698 reward entries
2018-05-21 15:28:03.422352+01:00 Info lens | Loaded 835 query entries
2018-05-21 15:28:03.422355+01:00 Info lens | Loaded 296 training examples
2018-05-21 15:28:03.422463+01:00 Info fyq-rev-list | Loaded 0 reward entries
2018-05-21 15:28:03.422464+01:00 Info fyq-rev-list | Loaded 0 query entries
2018-05-21 15:28:03.422465+01:00 Info fyq-rev-list | Loaded 0 training examples
2018-05-21 15:28:03.602013+01:00 Info sequence-cps | Loaded 3135 reward entries
2018-05-21 15:28:03.602020+01:00 Info sequence-cps | Loaded 1134 query entries
2018-05-21 15:28:03.602023+01:00 Info sequence-cps | Loaded 330 training examples
2018-05-21 15:28:04.527024+01:00 Info hamming | Loaded 3032 reward entries
2018-05-21 15:28:04.527050+01:00 Info hamming | Loaded 8514 query entries
2018-05-21 15:28:04.527055+01:00 Info hamming | Loaded 1412 training examples
2018-05-21 15:28:07.578812+01:00 Info sequence | Loaded 14618 reward entries
2018-05-21 15:28:07.578828+01:00 Info sequence | Loaded 4111 query entries
2018-05-21 15:28:07.578830+01:00 Info sequence | Loaded 86 training examples
2018-05-21 15:28:07.578998+01:00 Info fyq-stdlib-functor-record-sets | Loaded 0 reward entries
2018-05-21 15:28:07.578998+01:00 Info fyq-stdlib-functor-record-sets | Loaded 0 query entries
2018-05-21 15:28:07.578999+01:00 Info fyq-stdlib-functor-record-sets | Loaded 0 training examples
2018-05-21 15:28:07.579054+01:00 Info Loaded a total of 6312 training examples
2018-05-21 15:28:07.579396+01:00 Info Loaded 6312 IN-SAMPLE training examples and 2 OUT-OF-SAMPLE test examples
2018-05-21 15:28:07.579804+01:00 Info (hyperparams((l2_reg 0.1)(dropout_keep_prob 1)))
2018-05-21 15:28:07.679977+01:00 Info ((name"training examples")(distribution((0 0.648720032507111)(1 0.35127996749288909))))
2018-05-21 15:28:07.679981+01:00 Info ((name"test examples")(distribution((0 -nan)(1 -nan))))
(monitor.ml.Error (Invalid_argument "index out of bounds")
 ("Raised by primitive operation at file \"src/owl/dense/owl_dense_ndarray_generic.ml\", line 229, characters 26-36"
  "Called from file \"tools/decision_model.ml\", line 144, characters 6-150"
  "Called from file \"tools/decision_model.ml\", line 153, characters 18-60"
  "Called from file \"src/deferred0.ml\", line 61, characters 64-69"
  "Called from file \"src/job_queue.ml\", line 159, characters 6-47"))
