2018-05-21 15:28:12.096917+01:00 Info fyq-stdlib-functor-record-sets | Loaded 0 reward entries
2018-05-21 15:28:12.096918+01:00 Info fyq-stdlib-functor-record-sets | Loaded 0 query entries
2018-05-21 15:28:12.096919+01:00 Info fyq-stdlib-functor-record-sets | Loaded 0 training examples
2018-05-21 15:28:12.097168+01:00 Info Loaded a total of 0 training examples
2018-05-21 15:28:13.051068+01:00 Info bdd | Loaded 5717 reward entries
2018-05-21 15:28:13.051079+01:00 Info bdd | Loaded 2818 query entries
2018-05-21 15:28:13.051083+01:00 Info bdd | Loaded 824 training examples
2018-05-21 15:28:13.347889+01:00 Info almabench | Loaded 1926 reward entries
2018-05-21 15:28:13.347895+01:00 Info almabench | Loaded 846 query entries
2018-05-21 15:28:13.347897+01:00 Info almabench | Loaded 317 training examples
2018-05-21 15:28:13.962678+01:00 Info lexifi | Loaded 4262 reward entries
2018-05-21 15:28:13.962691+01:00 Info lexifi | Loaded 4073 query entries
2018-05-21 15:28:13.962694+01:00 Info lexifi | Loaded 1370 training examples
2018-05-21 15:28:16.772228+01:00 Info kb | Loaded 4747 reward entries
2018-05-21 15:28:16.772324+01:00 Info kb | Loaded 35367 query entries
2018-05-21 15:28:16.772327+01:00 Info kb | Loaded 281 training examples
2018-05-21 15:28:17.657387+01:00 Info floats-in-functor | Loaded 2774 reward entries
2018-05-21 15:28:17.657415+01:00 Info floats-in-functor | Loaded 8773 query entries
2018-05-21 15:28:17.657419+01:00 Info floats-in-functor | Loaded 784 training examples
2018-05-21 15:28:17.657560+01:00 Info fyq-stdlib-int-sets | Loaded 0 reward entries
2018-05-21 15:28:17.657561+01:00 Info fyq-stdlib-int-sets | Loaded 0 query entries
2018-05-21 15:28:17.657562+01:00 Info fyq-stdlib-int-sets | Loaded 0 training examples
2018-05-21 15:28:17.868010+01:00 Info fft | Loaded 1865 reward entries
2018-05-21 15:28:17.868014+01:00 Info fft | Loaded 842 query entries
2018-05-21 15:28:17.868016+01:00 Info fft | Loaded 306 training examples
2018-05-21 15:28:18.063709+01:00 Info quicksort | Loaded 1667 reward entries
2018-05-21 15:28:18.063714+01:00 Info quicksort | Loaded 829 query entries
2018-05-21 15:28:18.063716+01:00 Info quicksort | Loaded 306 training examples
2018-05-21 15:28:18.063864+01:00 Info fyq-symbolic-maths | Loaded 0 reward entries
2018-05-21 15:28:18.063865+01:00 Info fyq-symbolic-maths | Loaded 0 query entries
2018-05-21 15:28:18.063865+01:00 Info fyq-symbolic-maths | Loaded 0 training examples
2018-05-21 15:28:18.177954+01:00 Info lens | Loaded 1698 reward entries
2018-05-21 15:28:18.177959+01:00 Info lens | Loaded 835 query entries
2018-05-21 15:28:18.177962+01:00 Info lens | Loaded 296 training examples
2018-05-21 15:28:18.178124+01:00 Info fyq-rev-list | Loaded 0 reward entries
2018-05-21 15:28:18.178126+01:00 Info fyq-rev-list | Loaded 0 query entries
2018-05-21 15:28:18.178127+01:00 Info fyq-rev-list | Loaded 0 training examples
2018-05-21 15:28:18.344604+01:00 Info sequence-cps | Loaded 3135 reward entries
2018-05-21 15:28:18.344610+01:00 Info sequence-cps | Loaded 1134 query entries
2018-05-21 15:28:18.344612+01:00 Info sequence-cps | Loaded 330 training examples
2018-05-21 15:28:19.168903+01:00 Info hamming | Loaded 3032 reward entries
2018-05-21 15:28:19.168936+01:00 Info hamming | Loaded 8514 query entries
2018-05-21 15:28:19.168940+01:00 Info hamming | Loaded 1412 training examples
2018-05-21 15:28:19.169970+01:00 Info kahan-sum | Loaded 19 reward entries
2018-05-21 15:28:19.169971+01:00 Info kahan-sum | Loaded 14 query entries
2018-05-21 15:28:19.169972+01:00 Info kahan-sum | Loaded 2 training examples
2018-05-21 15:28:21.938155+01:00 Info sequence | Loaded 14618 reward entries
2018-05-21 15:28:21.938168+01:00 Info sequence | Loaded 4111 query entries
2018-05-21 15:28:21.938170+01:00 Info sequence | Loaded 86 training examples
2018-05-21 15:28:21.938232+01:00 Info Loaded a total of 6314 training examples
2018-05-21 15:28:21.938561+01:00 Info Loaded 6314 IN-SAMPLE training examples and 0 OUT-OF-SAMPLE test examples
2018-05-21 15:28:21.938976+01:00 Info (hyperparams((l2_reg 0.1)(dropout_keep_prob 1)))
2018-05-21 15:28:22.039150+01:00 Info ((name"training examples")(distribution((0 0.648720032507111)(1 0.35127996749288909))))
2018-05-21 15:28:22.039152+01:00 Info ((name"test examples")(distribution((0 -nan)(1 -nan))))
(monitor.ml.Error (Invalid_argument "index out of bounds")
 ("Raised by primitive operation at file \"src/owl/dense/owl_dense_ndarray_generic.ml\", line 229, characters 26-36"
  "Called from file \"tools/decision_model.ml\", line 144, characters 6-150"
  "Called from file \"tools/decision_model.ml\", line 153, characters 18-60"
  "Called from file \"src/deferred0.ml\", line 61, characters 64-69"
  "Called from file \"src/job_queue.ml\", line 159, characters 6-47"))
