2018-05-21 15:27:00.032052+01:00 Info fyq-stdlib-int-sets | Loaded 0 reward entries
2018-05-21 15:27:00.032053+01:00 Info fyq-stdlib-int-sets | Loaded 0 query entries
2018-05-21 15:27:00.032054+01:00 Info fyq-stdlib-int-sets | Loaded 0 training examples
2018-05-21 15:27:00.032316+01:00 Info Loaded a total of 0 training examples
2018-05-21 15:27:01.043951+01:00 Info bdd | Loaded 5717 reward entries
2018-05-21 15:27:01.043962+01:00 Info bdd | Loaded 2818 query entries
2018-05-21 15:27:01.043966+01:00 Info bdd | Loaded 824 training examples
2018-05-21 15:27:01.374949+01:00 Info almabench | Loaded 1926 reward entries
2018-05-21 15:27:01.374955+01:00 Info almabench | Loaded 846 query entries
2018-05-21 15:27:01.374957+01:00 Info almabench | Loaded 317 training examples
2018-05-21 15:27:02.040522+01:00 Info lexifi | Loaded 4262 reward entries
2018-05-21 15:27:02.040542+01:00 Info lexifi | Loaded 4073 query entries
2018-05-21 15:27:02.040547+01:00 Info lexifi | Loaded 1370 training examples
2018-05-21 15:27:05.020764+01:00 Info kb | Loaded 4747 reward entries
2018-05-21 15:27:05.020862+01:00 Info kb | Loaded 35367 query entries
2018-05-21 15:27:05.020865+01:00 Info kb | Loaded 281 training examples
2018-05-21 15:27:05.903571+01:00 Info floats-in-functor | Loaded 2774 reward entries
2018-05-21 15:27:05.903601+01:00 Info floats-in-functor | Loaded 8773 query entries
2018-05-21 15:27:05.903606+01:00 Info floats-in-functor | Loaded 784 training examples
2018-05-21 15:27:06.135636+01:00 Info fft | Loaded 1865 reward entries
2018-05-21 15:27:06.135643+01:00 Info fft | Loaded 842 query entries
2018-05-21 15:27:06.135646+01:00 Info fft | Loaded 306 training examples
2018-05-21 15:27:06.323339+01:00 Info quicksort | Loaded 1667 reward entries
2018-05-21 15:27:06.323344+01:00 Info quicksort | Loaded 829 query entries
2018-05-21 15:27:06.323347+01:00 Info quicksort | Loaded 306 training examples
2018-05-21 15:27:06.323451+01:00 Info fyq-symbolic-maths | Loaded 0 reward entries
2018-05-21 15:27:06.323452+01:00 Info fyq-symbolic-maths | Loaded 0 query entries
2018-05-21 15:27:06.323453+01:00 Info fyq-symbolic-maths | Loaded 0 training examples
2018-05-21 15:27:06.432043+01:00 Info lens | Loaded 1698 reward entries
2018-05-21 15:27:06.432049+01:00 Info lens | Loaded 835 query entries
2018-05-21 15:27:06.432052+01:00 Info lens | Loaded 296 training examples
2018-05-21 15:27:06.432166+01:00 Info fyq-rev-list | Loaded 0 reward entries
2018-05-21 15:27:06.432167+01:00 Info fyq-rev-list | Loaded 0 query entries
2018-05-21 15:27:06.432168+01:00 Info fyq-rev-list | Loaded 0 training examples
2018-05-21 15:27:06.593486+01:00 Info sequence-cps | Loaded 3135 reward entries
2018-05-21 15:27:06.593492+01:00 Info sequence-cps | Loaded 1134 query entries
2018-05-21 15:27:06.593495+01:00 Info sequence-cps | Loaded 330 training examples
2018-05-21 15:27:07.383102+01:00 Info hamming | Loaded 3032 reward entries
2018-05-21 15:27:07.383130+01:00 Info hamming | Loaded 8514 query entries
2018-05-21 15:27:07.383135+01:00 Info hamming | Loaded 1412 training examples
2018-05-21 15:27:07.384627+01:00 Info kahan-sum | Loaded 19 reward entries
2018-05-21 15:27:07.384628+01:00 Info kahan-sum | Loaded 14 query entries
2018-05-21 15:27:07.384629+01:00 Info kahan-sum | Loaded 2 training examples
2018-05-21 15:27:10.248038+01:00 Info sequence | Loaded 14618 reward entries
2018-05-21 15:27:10.248052+01:00 Info sequence | Loaded 4111 query entries
2018-05-21 15:27:10.248054+01:00 Info sequence | Loaded 86 training examples
2018-05-21 15:27:10.248301+01:00 Info fyq-stdlib-functor-record-sets | Loaded 0 reward entries
2018-05-21 15:27:10.248302+01:00 Info fyq-stdlib-functor-record-sets | Loaded 0 query entries
2018-05-21 15:27:10.248303+01:00 Info fyq-stdlib-functor-record-sets | Loaded 0 training examples
2018-05-21 15:27:10.248380+01:00 Info Loaded a total of 6314 training examples
2018-05-21 15:27:10.248706+01:00 Info Loaded 6314 IN-SAMPLE training examples and 0 OUT-OF-SAMPLE test examples
2018-05-21 15:27:10.249117+01:00 Info (hyperparams((l2_reg 0.1)(dropout_keep_prob 1)))
2018-05-21 15:27:10.349392+01:00 Info ((name"training examples")(distribution((0 0.648720032507111)(1 0.35127996749288909))))
2018-05-21 15:27:10.349396+01:00 Info ((name"test examples")(distribution((0 -nan)(1 -nan))))
(monitor.ml.Error (Invalid_argument "index out of bounds")
 ("Raised by primitive operation at file \"src/owl/dense/owl_dense_ndarray_generic.ml\", line 229, characters 26-36"
  "Called from file \"tools/decision_model.ml\", line 144, characters 6-150"
  "Called from file \"tools/decision_model.ml\", line 153, characters 18-60"
  "Called from file \"src/deferred0.ml\", line 61, characters 64-69"
  "Called from file \"src/job_queue.ml\", line 159, characters 6-47"))
