2018-05-21 15:27:23.403889+01:00 Info fyq-symbolic-maths | Loaded 0 reward entries
2018-05-21 15:27:23.403890+01:00 Info fyq-symbolic-maths | Loaded 0 query entries
2018-05-21 15:27:23.403891+01:00 Info fyq-symbolic-maths | Loaded 0 training examples
2018-05-21 15:27:23.404152+01:00 Info Loaded a total of 0 training examples
2018-05-21 15:27:24.467222+01:00 Info bdd | Loaded 5717 reward entries
2018-05-21 15:27:24.467233+01:00 Info bdd | Loaded 2818 query entries
2018-05-21 15:27:24.467237+01:00 Info bdd | Loaded 824 training examples
2018-05-21 15:27:24.809571+01:00 Info almabench | Loaded 1926 reward entries
2018-05-21 15:27:24.809577+01:00 Info almabench | Loaded 846 query entries
2018-05-21 15:27:24.809580+01:00 Info almabench | Loaded 317 training examples
2018-05-21 15:27:25.536957+01:00 Info lexifi | Loaded 4262 reward entries
2018-05-21 15:27:25.536976+01:00 Info lexifi | Loaded 4073 query entries
2018-05-21 15:27:25.536982+01:00 Info lexifi | Loaded 1370 training examples
2018-05-21 15:27:28.804121+01:00 Info kb | Loaded 4747 reward entries
2018-05-21 15:27:28.804278+01:00 Info kb | Loaded 35367 query entries
2018-05-21 15:27:28.804282+01:00 Info kb | Loaded 281 training examples
2018-05-21 15:27:29.754503+01:00 Info floats-in-functor | Loaded 2774 reward entries
2018-05-21 15:27:29.754537+01:00 Info floats-in-functor | Loaded 8773 query entries
2018-05-21 15:27:29.754541+01:00 Info floats-in-functor | Loaded 784 training examples
2018-05-21 15:27:29.754727+01:00 Info fyq-stdlib-int-sets | Loaded 0 reward entries
2018-05-21 15:27:29.754728+01:00 Info fyq-stdlib-int-sets | Loaded 0 query entries
2018-05-21 15:27:29.754729+01:00 Info fyq-stdlib-int-sets | Loaded 0 training examples
2018-05-21 15:27:29.987894+01:00 Info fft | Loaded 1865 reward entries
2018-05-21 15:27:29.987899+01:00 Info fft | Loaded 842 query entries
2018-05-21 15:27:29.987901+01:00 Info fft | Loaded 306 training examples
2018-05-21 15:27:30.214617+01:00 Info quicksort | Loaded 1667 reward entries
2018-05-21 15:27:30.214622+01:00 Info quicksort | Loaded 829 query entries
2018-05-21 15:27:30.214625+01:00 Info quicksort | Loaded 306 training examples
2018-05-21 15:27:30.328674+01:00 Info lens | Loaded 1698 reward entries
2018-05-21 15:27:30.328680+01:00 Info lens | Loaded 835 query entries
2018-05-21 15:27:30.328683+01:00 Info lens | Loaded 296 training examples
2018-05-21 15:27:30.328800+01:00 Info fyq-rev-list | Loaded 0 reward entries
2018-05-21 15:27:30.328802+01:00 Info fyq-rev-list | Loaded 0 query entries
2018-05-21 15:27:30.328804+01:00 Info fyq-rev-list | Loaded 0 training examples
2018-05-21 15:27:30.511275+01:00 Info sequence-cps | Loaded 3135 reward entries
2018-05-21 15:27:30.511282+01:00 Info sequence-cps | Loaded 1134 query entries
2018-05-21 15:27:30.511285+01:00 Info sequence-cps | Loaded 330 training examples
2018-05-21 15:27:31.415627+01:00 Info hamming | Loaded 3032 reward entries
2018-05-21 15:27:31.415672+01:00 Info hamming | Loaded 8514 query entries
2018-05-21 15:27:31.415677+01:00 Info hamming | Loaded 1412 training examples
2018-05-21 15:27:31.416746+01:00 Info kahan-sum | Loaded 19 reward entries
2018-05-21 15:27:31.416747+01:00 Info kahan-sum | Loaded 14 query entries
2018-05-21 15:27:31.416748+01:00 Info kahan-sum | Loaded 2 training examples
2018-05-21 15:27:34.342936+01:00 Info sequence | Loaded 14618 reward entries
2018-05-21 15:27:34.342952+01:00 Info sequence | Loaded 4111 query entries
2018-05-21 15:27:34.342955+01:00 Info sequence | Loaded 86 training examples
2018-05-21 15:27:34.343100+01:00 Info fyq-stdlib-functor-record-sets | Loaded 0 reward entries
2018-05-21 15:27:34.343101+01:00 Info fyq-stdlib-functor-record-sets | Loaded 0 query entries
2018-05-21 15:27:34.343102+01:00 Info fyq-stdlib-functor-record-sets | Loaded 0 training examples
2018-05-21 15:27:34.343161+01:00 Info Loaded a total of 6314 training examples
2018-05-21 15:27:34.343513+01:00 Info Loaded 6314 IN-SAMPLE training examples and 0 OUT-OF-SAMPLE test examples
2018-05-21 15:27:34.343937+01:00 Info (hyperparams((l2_reg 0.1)(dropout_keep_prob 1)))
2018-05-21 15:27:34.444028+01:00 Info ((name"training examples")(distribution((0 0.648720032507111)(1 0.35127996749288909))))
2018-05-21 15:27:34.444032+01:00 Info ((name"test examples")(distribution((0 -nan)(1 -nan))))
(monitor.ml.Error (Invalid_argument "index out of bounds")
 ("Raised by primitive operation at file \"src/owl/dense/owl_dense_ndarray_generic.ml\", line 229, characters 26-36"
  "Called from file \"tools/decision_model.ml\", line 144, characters 6-150"
  "Called from file \"tools/decision_model.ml\", line 153, characters 18-60"
  "Called from file \"src/deferred0.ml\", line 61, characters 64-69"
  "Called from file \"src/job_queue.ml\", line 159, characters 6-47"))
