2018-05-23 16:14:56.393179+01:00 Info fyq-stdlib-functor-record-sets | Loaded 0 reward entries
2018-05-23 16:14:56.393181+01:00 Info fyq-stdlib-functor-record-sets | Loaded 0 query entries
2018-05-23 16:14:56.393182+01:00 Info fyq-stdlib-functor-record-sets | Loaded 0 training examples
2018-05-23 16:14:56.393464+01:00 Info Loaded a total of 0 training examples
2018-05-23 16:14:57.950787+01:00 Info bdd | Loaded 5717 reward entries
2018-05-23 16:14:57.950802+01:00 Info bdd | Loaded 2818 query entries
2018-05-23 16:14:57.950806+01:00 Info bdd | Loaded 824 training examples
2018-05-23 16:14:58.359794+01:00 Info almabench | Loaded 1926 reward entries
2018-05-23 16:14:58.359800+01:00 Info almabench | Loaded 846 query entries
2018-05-23 16:14:58.359803+01:00 Info almabench | Loaded 317 training examples
2018-05-23 16:14:59.544947+01:00 Info lexifi | Loaded 4262 reward entries
2018-05-23 16:14:59.544965+01:00 Info lexifi | Loaded 4073 query entries
2018-05-23 16:14:59.544971+01:00 Info lexifi | Loaded 1370 training examples
2018-05-23 16:15:08.175341+01:00 Info kb | Loaded 4747 reward entries
2018-05-23 16:15:08.175460+01:00 Info kb | Loaded 35367 query entries
2018-05-23 16:15:08.175463+01:00 Info kb | Loaded 281 training examples
2018-05-23 16:15:10.288087+01:00 Info floats-in-functor | Loaded 2774 reward entries
2018-05-23 16:15:10.288142+01:00 Info floats-in-functor | Loaded 8773 query entries
2018-05-23 16:15:10.288148+01:00 Info floats-in-functor | Loaded 784 training examples
2018-05-23 16:15:10.288289+01:00 Info fyq-stdlib-int-sets | Loaded 0 reward entries
2018-05-23 16:15:10.288290+01:00 Info fyq-stdlib-int-sets | Loaded 0 query entries
2018-05-23 16:15:10.288291+01:00 Info fyq-stdlib-int-sets | Loaded 0 training examples
2018-05-23 16:15:10.654149+01:00 Info fft | Loaded 1865 reward entries
2018-05-23 16:15:10.654159+01:00 Info fft | Loaded 842 query entries
2018-05-23 16:15:10.654164+01:00 Info fft | Loaded 306 training examples
2018-05-23 16:15:10.986148+01:00 Info quicksort | Loaded 1667 reward entries
2018-05-23 16:15:10.986155+01:00 Info quicksort | Loaded 829 query entries
2018-05-23 16:15:10.986158+01:00 Info quicksort | Loaded 306 training examples
2018-05-23 16:15:10.986278+01:00 Info fyq-symbolic-maths | Loaded 0 reward entries
2018-05-23 16:15:10.986278+01:00 Info fyq-symbolic-maths | Loaded 0 query entries
2018-05-23 16:15:10.986279+01:00 Info fyq-symbolic-maths | Loaded 0 training examples
2018-05-23 16:15:11.278044+01:00 Info lens | Loaded 1698 reward entries
2018-05-23 16:15:11.278053+01:00 Info lens | Loaded 835 query entries
2018-05-23 16:15:11.278057+01:00 Info lens | Loaded 296 training examples
2018-05-23 16:15:11.278203+01:00 Info fyq-rev-list | Loaded 0 reward entries
2018-05-23 16:15:11.278205+01:00 Info fyq-rev-list | Loaded 0 query entries
2018-05-23 16:15:11.278206+01:00 Info fyq-rev-list | Loaded 0 training examples
2018-05-23 16:15:12.754051+01:00 Info sequence-cps | Loaded 3135 reward entries
2018-05-23 16:15:12.754060+01:00 Info sequence-cps | Loaded 1134 query entries
2018-05-23 16:15:12.754063+01:00 Info sequence-cps | Loaded 330 training examples
2018-05-23 16:15:15.028688+01:00 Info hamming | Loaded 3032 reward entries
2018-05-23 16:15:15.028739+01:00 Info hamming | Loaded 8514 query entries
2018-05-23 16:15:15.028747+01:00 Info hamming | Loaded 1412 training examples
2018-05-23 16:15:15.032751+01:00 Info kahan-sum | Loaded 19 reward entries
2018-05-23 16:15:15.032753+01:00 Info kahan-sum | Loaded 14 query entries
2018-05-23 16:15:15.032755+01:00 Info kahan-sum | Loaded 2 training examples
2018-05-23 16:15:17.572073+01:00 Info sequence | Loaded 14618 reward entries
2018-05-23 16:15:17.572098+01:00 Info sequence | Loaded 4111 query entries
2018-05-23 16:15:17.572101+01:00 Info sequence | Loaded 86 training examples
2018-05-23 16:15:17.572207+01:00 Info Loaded a total of 6314 training examples
2018-05-23 16:15:17.572598+01:00 Info Loaded 6314 IN-SAMPLE training examples and 0 OUT-OF-SAMPLE test examples
2018-05-23 16:15:17.572618+01:00 Info (hyperparams((l2_reg 0.01)(dropout_keep_prob 0.5)))
(monitor.ml.Error (Invalid_argument "index out of bounds")
 ("Raised by primitive operation at file \"src/owl/dense/owl_dense_ndarray_generic.ml\", line 229, characters 26-36"
  "Called from file \"tools/familiarity_model.ml\", line 139, characters 6-150"
  "Called from file \"tools/familiarity_model.ml\", line 152, characters 18-60"
  "Called from file \"src/deferred0.ml\", line 61, characters 64-69"
  "Called from file \"src/job_queue.ml\", line 159, characters 6-47"))
