2018-05-23 16:11:42.254960+01:00 Info fyq-stdlib-int-sets | Loaded 0 reward entries
2018-05-23 16:11:42.254961+01:00 Info fyq-stdlib-int-sets | Loaded 0 query entries
2018-05-23 16:11:42.254962+01:00 Info fyq-stdlib-int-sets | Loaded 0 training examples
2018-05-23 16:11:42.255304+01:00 Info Loaded a total of 0 training examples
2018-05-23 16:11:44.308709+01:00 Info bdd | Loaded 5717 reward entries
2018-05-23 16:11:44.308723+01:00 Info bdd | Loaded 2818 query entries
2018-05-23 16:11:44.308728+01:00 Info bdd | Loaded 824 training examples
2018-05-23 16:11:44.738108+01:00 Info almabench | Loaded 1926 reward entries
2018-05-23 16:11:44.738115+01:00 Info almabench | Loaded 846 query entries
2018-05-23 16:11:44.738119+01:00 Info almabench | Loaded 317 training examples
2018-05-23 16:11:46.172213+01:00 Info lexifi | Loaded 4262 reward entries
2018-05-23 16:11:46.172233+01:00 Info lexifi | Loaded 4073 query entries
2018-05-23 16:11:46.172238+01:00 Info lexifi | Loaded 1370 training examples
2018-05-23 16:11:54.564682+01:00 Info kb | Loaded 4747 reward entries
2018-05-23 16:11:54.564814+01:00 Info kb | Loaded 35367 query entries
2018-05-23 16:11:54.564818+01:00 Info kb | Loaded 281 training examples
2018-05-23 16:11:56.998091+01:00 Info floats-in-functor | Loaded 2774 reward entries
2018-05-23 16:11:56.998130+01:00 Info floats-in-functor | Loaded 8773 query entries
2018-05-23 16:11:56.998136+01:00 Info floats-in-functor | Loaded 784 training examples
2018-05-23 16:11:57.334891+01:00 Info fft | Loaded 1865 reward entries
2018-05-23 16:11:57.334900+01:00 Info fft | Loaded 842 query entries
2018-05-23 16:11:57.334903+01:00 Info fft | Loaded 306 training examples
2018-05-23 16:11:57.726808+01:00 Info quicksort | Loaded 1667 reward entries
2018-05-23 16:11:57.726817+01:00 Info quicksort | Loaded 829 query entries
2018-05-23 16:11:57.726821+01:00 Info quicksort | Loaded 306 training examples
2018-05-23 16:11:57.727020+01:00 Info fyq-symbolic-maths | Loaded 0 reward entries
2018-05-23 16:11:57.727021+01:00 Info fyq-symbolic-maths | Loaded 0 query entries
2018-05-23 16:11:57.727022+01:00 Info fyq-symbolic-maths | Loaded 0 training examples
2018-05-23 16:11:58.053193+01:00 Info lens | Loaded 1698 reward entries
2018-05-23 16:11:58.053200+01:00 Info lens | Loaded 835 query entries
2018-05-23 16:11:58.053203+01:00 Info lens | Loaded 296 training examples
2018-05-23 16:11:58.053345+01:00 Info fyq-rev-list | Loaded 0 reward entries
2018-05-23 16:11:58.053347+01:00 Info fyq-rev-list | Loaded 0 query entries
2018-05-23 16:11:58.053348+01:00 Info fyq-rev-list | Loaded 0 training examples
2018-05-23 16:11:59.204836+01:00 Info sequence-cps | Loaded 3135 reward entries
2018-05-23 16:11:59.204848+01:00 Info sequence-cps | Loaded 1134 query entries
2018-05-23 16:11:59.204852+01:00 Info sequence-cps | Loaded 330 training examples
2018-05-23 16:12:01.639350+01:00 Info hamming | Loaded 3032 reward entries
2018-05-23 16:12:01.639394+01:00 Info hamming | Loaded 8514 query entries
2018-05-23 16:12:01.639400+01:00 Info hamming | Loaded 1412 training examples
2018-05-23 16:12:01.643273+01:00 Info kahan-sum | Loaded 19 reward entries
2018-05-23 16:12:01.643275+01:00 Info kahan-sum | Loaded 14 query entries
2018-05-23 16:12:01.643277+01:00 Info kahan-sum | Loaded 2 training examples
2018-05-23 16:12:04.349498+01:00 Info sequence | Loaded 14618 reward entries
2018-05-23 16:12:04.349527+01:00 Info sequence | Loaded 4111 query entries
2018-05-23 16:12:04.349530+01:00 Info sequence | Loaded 86 training examples
2018-05-23 16:12:04.349672+01:00 Info fyq-stdlib-functor-record-sets | Loaded 0 reward entries
2018-05-23 16:12:04.349672+01:00 Info fyq-stdlib-functor-record-sets | Loaded 0 query entries
2018-05-23 16:12:04.349673+01:00 Info fyq-stdlib-functor-record-sets | Loaded 0 training examples
2018-05-23 16:12:04.349738+01:00 Info Loaded a total of 6314 training examples
2018-05-23 16:12:04.350103+01:00 Info Loaded 6314 IN-SAMPLE training examples and 0 OUT-OF-SAMPLE test examples
2018-05-23 16:12:04.350119+01:00 Info (hyperparams((l2_reg 0.01)(dropout_keep_prob 0.5)))
(monitor.ml.Error (Invalid_argument "index out of bounds")
 ("Raised by primitive operation at file \"src/owl/dense/owl_dense_ndarray_generic.ml\", line 229, characters 26-36"
  "Called from file \"tools/familiarity_model.ml\", line 139, characters 6-150"
  "Called from file \"tools/familiarity_model.ml\", line 152, characters 18-60"
  "Called from file \"src/deferred0.ml\", line 61, characters 64-69"
  "Called from file \"src/job_queue.ml\", line 159, characters 6-47"))
