2018-05-21 13:36:26.305634+01:00 Info fyq-rev-list | Loaded 0 reward entries
2018-05-21 13:36:26.305635+01:00 Info fyq-rev-list | Loaded 0 query entries
2018-05-21 13:36:26.305636+01:00 Info fyq-rev-list | Loaded 0 training examples
2018-05-21 13:36:26.305890+01:00 Info Loaded a total of 0 training examples
2018-05-21 13:36:27.375530+01:00 Info bdd | Loaded 5717 reward entries
2018-05-21 13:36:27.375542+01:00 Info bdd | Loaded 2818 query entries
2018-05-21 13:36:27.375545+01:00 Info bdd | Loaded 824 training examples
2018-05-21 13:36:27.729076+01:00 Info almabench | Loaded 1926 reward entries
2018-05-21 13:36:27.729080+01:00 Info almabench | Loaded 846 query entries
2018-05-21 13:36:27.729082+01:00 Info almabench | Loaded 317 training examples
2018-05-21 13:36:28.443539+01:00 Info lexifi | Loaded 4262 reward entries
2018-05-21 13:36:28.443555+01:00 Info lexifi | Loaded 4073 query entries
2018-05-21 13:36:28.443561+01:00 Info lexifi | Loaded 1370 training examples
2018-05-21 13:36:31.647684+01:00 Info kb | Loaded 4747 reward entries
2018-05-21 13:36:31.647792+01:00 Info kb | Loaded 35367 query entries
2018-05-21 13:36:31.647795+01:00 Info kb | Loaded 281 training examples
2018-05-21 13:36:32.569093+01:00 Info floats-in-functor | Loaded 2774 reward entries
2018-05-21 13:36:32.569136+01:00 Info floats-in-functor | Loaded 8773 query entries
2018-05-21 13:36:32.569139+01:00 Info floats-in-functor | Loaded 784 training examples
2018-05-21 13:36:32.569392+01:00 Info fyq-stdlib-int-sets | Loaded 0 reward entries
2018-05-21 13:36:32.569393+01:00 Info fyq-stdlib-int-sets | Loaded 0 query entries
2018-05-21 13:36:32.569394+01:00 Info fyq-stdlib-int-sets | Loaded 0 training examples
2018-05-21 13:36:32.788052+01:00 Info fft | Loaded 1865 reward entries
2018-05-21 13:36:32.788058+01:00 Info fft | Loaded 842 query entries
2018-05-21 13:36:32.788060+01:00 Info fft | Loaded 306 training examples
2018-05-21 13:36:32.994736+01:00 Info quicksort | Loaded 1667 reward entries
2018-05-21 13:36:32.994753+01:00 Info quicksort | Loaded 829 query entries
2018-05-21 13:36:32.994756+01:00 Info quicksort | Loaded 306 training examples
2018-05-21 13:36:32.994889+01:00 Info fyq-symbolic-maths | Loaded 0 reward entries
2018-05-21 13:36:32.994890+01:00 Info fyq-symbolic-maths | Loaded 0 query entries
2018-05-21 13:36:32.994891+01:00 Info fyq-symbolic-maths | Loaded 0 training examples
2018-05-21 13:36:33.110425+01:00 Info lens | Loaded 1698 reward entries
2018-05-21 13:36:33.110432+01:00 Info lens | Loaded 835 query entries
2018-05-21 13:36:33.110435+01:00 Info lens | Loaded 296 training examples
2018-05-21 13:36:33.278309+01:00 Info sequence-cps | Loaded 3135 reward entries
2018-05-21 13:36:33.278316+01:00 Info sequence-cps | Loaded 1134 query entries
2018-05-21 13:36:33.278319+01:00 Info sequence-cps | Loaded 330 training examples
2018-05-21 13:36:34.147887+01:00 Info hamming | Loaded 3032 reward entries
2018-05-21 13:36:34.147916+01:00 Info hamming | Loaded 8514 query entries
2018-05-21 13:36:34.147921+01:00 Info hamming | Loaded 1412 training examples
2018-05-21 13:36:34.149057+01:00 Info kahan-sum | Loaded 19 reward entries
2018-05-21 13:36:34.149058+01:00 Info kahan-sum | Loaded 14 query entries
2018-05-21 13:36:34.149060+01:00 Info kahan-sum | Loaded 2 training examples
2018-05-21 13:36:37.125803+01:00 Info sequence | Loaded 14618 reward entries
2018-05-21 13:36:37.125819+01:00 Info sequence | Loaded 4111 query entries
2018-05-21 13:36:37.125822+01:00 Info sequence | Loaded 86 training examples
2018-05-21 13:36:37.125931+01:00 Info fyq-stdlib-functor-record-sets | Loaded 0 reward entries
2018-05-21 13:36:37.125932+01:00 Info fyq-stdlib-functor-record-sets | Loaded 0 query entries
2018-05-21 13:36:37.125933+01:00 Info fyq-stdlib-functor-record-sets | Loaded 0 training examples
2018-05-21 13:36:37.125988+01:00 Info Loaded a total of 6314 training examples
2018-05-21 13:36:37.126344+01:00 Info Loaded 6314 IN-SAMPLE training examples and 0 OUT-OF-SAMPLE test examples
2018-05-21 13:36:37.126355+01:00 Info (hyperparams((l2_reg 0.1)(dropout_keep_prob 0.5)))
(monitor.ml.Error (Invalid_argument "index out of bounds")
 ("Raised by primitive operation at file \"src/owl/dense/owl_dense_ndarray_generic.ml\", line 229, characters 26-36"
  "Called from file \"tools/familiarity_model.ml\", line 139, characters 6-150"
  "Called from file \"tools/familiarity_model.ml\", line 152, characters 18-60"
  "Called from file \"src/deferred0.ml\", line 61, characters 64-69"
  "Called from file \"src/job_queue.ml\", line 159, characters 6-47"))
