2018-05-21 13:37:06.117482+01:00 Info fyq-stdlib-functor-record-sets | Loaded 0 reward entries
2018-05-21 13:37:06.117483+01:00 Info fyq-stdlib-functor-record-sets | Loaded 0 query entries
2018-05-21 13:37:06.117484+01:00 Info fyq-stdlib-functor-record-sets | Loaded 0 training examples
2018-05-21 13:37:06.117786+01:00 Info Loaded a total of 0 training examples
2018-05-21 13:37:07.185223+01:00 Info bdd | Loaded 5717 reward entries
2018-05-21 13:37:07.185235+01:00 Info bdd | Loaded 2818 query entries
2018-05-21 13:37:07.185240+01:00 Info bdd | Loaded 824 training examples
2018-05-21 13:37:07.528001+01:00 Info almabench | Loaded 1926 reward entries
2018-05-21 13:37:07.528006+01:00 Info almabench | Loaded 846 query entries
2018-05-21 13:37:07.528010+01:00 Info almabench | Loaded 317 training examples
2018-05-21 13:37:08.213074+01:00 Info lexifi | Loaded 4262 reward entries
2018-05-21 13:37:08.213094+01:00 Info lexifi | Loaded 4073 query entries
2018-05-21 13:37:08.213100+01:00 Info lexifi | Loaded 1370 training examples
2018-05-21 13:37:11.462791+01:00 Info kb | Loaded 4747 reward entries
2018-05-21 13:37:11.462979+01:00 Info kb | Loaded 35367 query entries
2018-05-21 13:37:11.462984+01:00 Info kb | Loaded 281 training examples
2018-05-21 13:37:12.364349+01:00 Info floats-in-functor | Loaded 2774 reward entries
2018-05-21 13:37:12.364381+01:00 Info floats-in-functor | Loaded 8773 query entries
2018-05-21 13:37:12.364385+01:00 Info floats-in-functor | Loaded 784 training examples
2018-05-21 13:37:12.364535+01:00 Info fyq-stdlib-int-sets | Loaded 0 reward entries
2018-05-21 13:37:12.364535+01:00 Info fyq-stdlib-int-sets | Loaded 0 query entries
2018-05-21 13:37:12.364536+01:00 Info fyq-stdlib-int-sets | Loaded 0 training examples
2018-05-21 13:37:12.594473+01:00 Info fft | Loaded 1865 reward entries
2018-05-21 13:37:12.594479+01:00 Info fft | Loaded 842 query entries
2018-05-21 13:37:12.594482+01:00 Info fft | Loaded 306 training examples
2018-05-21 13:37:12.803925+01:00 Info quicksort | Loaded 1667 reward entries
2018-05-21 13:37:12.803930+01:00 Info quicksort | Loaded 829 query entries
2018-05-21 13:37:12.803932+01:00 Info quicksort | Loaded 306 training examples
2018-05-21 13:37:12.804063+01:00 Info fyq-symbolic-maths | Loaded 0 reward entries
2018-05-21 13:37:12.804065+01:00 Info fyq-symbolic-maths | Loaded 0 query entries
2018-05-21 13:37:12.804065+01:00 Info fyq-symbolic-maths | Loaded 0 training examples
2018-05-21 13:37:12.922785+01:00 Info lens | Loaded 1698 reward entries
2018-05-21 13:37:12.922791+01:00 Info lens | Loaded 835 query entries
2018-05-21 13:37:12.922794+01:00 Info lens | Loaded 296 training examples
2018-05-21 13:37:12.922968+01:00 Info fyq-rev-list | Loaded 0 reward entries
2018-05-21 13:37:12.922969+01:00 Info fyq-rev-list | Loaded 0 query entries
2018-05-21 13:37:12.922970+01:00 Info fyq-rev-list | Loaded 0 training examples
2018-05-21 13:37:13.122257+01:00 Info sequence-cps | Loaded 3135 reward entries
2018-05-21 13:37:13.122267+01:00 Info sequence-cps | Loaded 1134 query entries
2018-05-21 13:37:13.122271+01:00 Info sequence-cps | Loaded 330 training examples
2018-05-21 13:37:13.980387+01:00 Info hamming | Loaded 3032 reward entries
2018-05-21 13:37:13.980416+01:00 Info hamming | Loaded 8514 query entries
2018-05-21 13:37:13.980421+01:00 Info hamming | Loaded 1412 training examples
2018-05-21 13:37:13.981681+01:00 Info kahan-sum | Loaded 19 reward entries
2018-05-21 13:37:13.981682+01:00 Info kahan-sum | Loaded 14 query entries
2018-05-21 13:37:13.981684+01:00 Info kahan-sum | Loaded 2 training examples
2018-05-21 13:37:17.077863+01:00 Info sequence | Loaded 14618 reward entries
2018-05-21 13:37:17.077879+01:00 Info sequence | Loaded 4111 query entries
2018-05-21 13:37:17.077881+01:00 Info sequence | Loaded 86 training examples
2018-05-21 13:37:17.077955+01:00 Info Loaded a total of 6314 training examples
2018-05-21 13:37:17.078412+01:00 Info Loaded 6314 IN-SAMPLE training examples and 0 OUT-OF-SAMPLE test examples
2018-05-21 13:37:17.078422+01:00 Info (hyperparams((l2_reg 0.1)(dropout_keep_prob 0.5)))
(monitor.ml.Error (Invalid_argument "index out of bounds")
 ("Raised by primitive operation at file \"src/owl/dense/owl_dense_ndarray_generic.ml\", line 229, characters 26-36"
  "Called from file \"tools/familiarity_model.ml\", line 139, characters 6-150"
  "Called from file \"tools/familiarity_model.ml\", line 152, characters 18-60"
  "Called from file \"src/deferred0.ml\", line 61, characters 64-69"
  "Called from file \"src/job_queue.ml\", line 159, characters 6-47"))
