2018-05-21 15:09:16.210953+01:00 Info fyq-symbolic-maths | Loaded 0 reward entries
2018-05-21 15:09:16.210954+01:00 Info fyq-symbolic-maths | Loaded 0 query entries
2018-05-21 15:09:16.210955+01:00 Info fyq-symbolic-maths | Loaded 0 training examples
2018-05-21 15:09:16.211313+01:00 Info Loaded a total of 0 training examples
2018-05-21 15:09:17.244612+01:00 Info bdd | Loaded 5717 reward entries
2018-05-21 15:09:17.244623+01:00 Info bdd | Loaded 2818 query entries
2018-05-21 15:09:17.244626+01:00 Info bdd | Loaded 824 training examples
2018-05-21 15:09:17.594104+01:00 Info almabench | Loaded 1926 reward entries
2018-05-21 15:09:17.594109+01:00 Info almabench | Loaded 846 query entries
2018-05-21 15:09:17.594112+01:00 Info almabench | Loaded 317 training examples
2018-05-21 15:09:18.306612+01:00 Info lexifi | Loaded 4262 reward entries
2018-05-21 15:09:18.306625+01:00 Info lexifi | Loaded 4073 query entries
2018-05-21 15:09:18.306628+01:00 Info lexifi | Loaded 1370 training examples
2018-05-21 15:09:21.558002+01:00 Info kb | Loaded 4747 reward entries
2018-05-21 15:09:21.558140+01:00 Info kb | Loaded 35367 query entries
2018-05-21 15:09:21.558143+01:00 Info kb | Loaded 281 training examples
2018-05-21 15:09:22.476326+01:00 Info floats-in-functor | Loaded 2774 reward entries
2018-05-21 15:09:22.476353+01:00 Info floats-in-functor | Loaded 8773 query entries
2018-05-21 15:09:22.476357+01:00 Info floats-in-functor | Loaded 784 training examples
2018-05-21 15:09:22.476531+01:00 Info fyq-stdlib-int-sets | Loaded 0 reward entries
2018-05-21 15:09:22.476532+01:00 Info fyq-stdlib-int-sets | Loaded 0 query entries
2018-05-21 15:09:22.476534+01:00 Info fyq-stdlib-int-sets | Loaded 0 training examples
2018-05-21 15:09:22.696782+01:00 Info fft | Loaded 1865 reward entries
2018-05-21 15:09:22.696788+01:00 Info fft | Loaded 842 query entries
2018-05-21 15:09:22.696791+01:00 Info fft | Loaded 306 training examples
2018-05-21 15:09:22.906908+01:00 Info quicksort | Loaded 1667 reward entries
2018-05-21 15:09:22.906913+01:00 Info quicksort | Loaded 829 query entries
2018-05-21 15:09:22.906915+01:00 Info quicksort | Loaded 306 training examples
2018-05-21 15:09:23.021314+01:00 Info lens | Loaded 1698 reward entries
2018-05-21 15:09:23.021336+01:00 Info lens | Loaded 835 query entries
2018-05-21 15:09:23.021339+01:00 Info lens | Loaded 296 training examples
2018-05-21 15:09:23.021573+01:00 Info fyq-rev-list | Loaded 0 reward entries
2018-05-21 15:09:23.021574+01:00 Info fyq-rev-list | Loaded 0 query entries
2018-05-21 15:09:23.021575+01:00 Info fyq-rev-list | Loaded 0 training examples
2018-05-21 15:09:23.223248+01:00 Info sequence-cps | Loaded 3135 reward entries
2018-05-21 15:09:23.223254+01:00 Info sequence-cps | Loaded 1134 query entries
2018-05-21 15:09:23.223257+01:00 Info sequence-cps | Loaded 330 training examples
2018-05-21 15:09:24.091822+01:00 Info hamming | Loaded 3032 reward entries
2018-05-21 15:09:24.091851+01:00 Info hamming | Loaded 8514 query entries
2018-05-21 15:09:24.091856+01:00 Info hamming | Loaded 1412 training examples
2018-05-21 15:09:24.092898+01:00 Info kahan-sum | Loaded 19 reward entries
2018-05-21 15:09:24.092898+01:00 Info kahan-sum | Loaded 14 query entries
2018-05-21 15:09:24.092900+01:00 Info kahan-sum | Loaded 2 training examples
2018-05-21 15:09:27.101807+01:00 Info sequence | Loaded 14618 reward entries
2018-05-21 15:09:27.101823+01:00 Info sequence | Loaded 4111 query entries
2018-05-21 15:09:27.101825+01:00 Info sequence | Loaded 86 training examples
2018-05-21 15:09:27.102021+01:00 Info fyq-stdlib-functor-record-sets | Loaded 0 reward entries
2018-05-21 15:09:27.102022+01:00 Info fyq-stdlib-functor-record-sets | Loaded 0 query entries
2018-05-21 15:09:27.102024+01:00 Info fyq-stdlib-functor-record-sets | Loaded 0 training examples
2018-05-21 15:09:27.102139+01:00 Info Loaded a total of 6314 training examples
2018-05-21 15:09:27.102564+01:00 Info Loaded 6314 IN-SAMPLE training examples and 0 OUT-OF-SAMPLE test examples
2018-05-21 15:09:27.102577+01:00 Info (hyperparams((l2_reg 0.01)(dropout_keep_prob 0.5)))
(monitor.ml.Error (Invalid_argument "index out of bounds")
 ("Raised by primitive operation at file \"src/owl/dense/owl_dense_ndarray_generic.ml\", line 229, characters 26-36"
  "Called from file \"tools/policy_model.ml\", line 134, characters 6-150"
  "Called from file \"tools/policy_model.ml\", line 149, characters 18-60"
  "Called from file \"src/deferred0.ml\", line 61, characters 64-69"
  "Called from file \"src/job_queue.ml\", line 159, characters 6-47"))
