2018-05-21 15:08:49.662570+01:00 Info fyq-stdlib-int-sets | Loaded 0 reward entries
2018-05-21 15:08:49.662571+01:00 Info fyq-stdlib-int-sets | Loaded 0 query entries
2018-05-21 15:08:49.662572+01:00 Info fyq-stdlib-int-sets | Loaded 0 training examples
2018-05-21 15:08:49.662827+01:00 Info Loaded a total of 0 training examples
2018-05-21 15:08:50.651602+01:00 Info bdd | Loaded 5717 reward entries
2018-05-21 15:08:50.651613+01:00 Info bdd | Loaded 2818 query entries
2018-05-21 15:08:50.651616+01:00 Info bdd | Loaded 824 training examples
2018-05-21 15:08:50.989353+01:00 Info almabench | Loaded 1926 reward entries
2018-05-21 15:08:50.989358+01:00 Info almabench | Loaded 846 query entries
2018-05-21 15:08:50.989362+01:00 Info almabench | Loaded 317 training examples
2018-05-21 15:08:51.630250+01:00 Info lexifi | Loaded 4262 reward entries
2018-05-21 15:08:51.630269+01:00 Info lexifi | Loaded 4073 query entries
2018-05-21 15:08:51.630273+01:00 Info lexifi | Loaded 1370 training examples
2018-05-21 15:08:54.560935+01:00 Info kb | Loaded 4747 reward entries
2018-05-21 15:08:54.561045+01:00 Info kb | Loaded 35367 query entries
2018-05-21 15:08:54.561049+01:00 Info kb | Loaded 281 training examples
2018-05-21 15:08:55.433322+01:00 Info floats-in-functor | Loaded 2774 reward entries
2018-05-21 15:08:55.433354+01:00 Info floats-in-functor | Loaded 8773 query entries
2018-05-21 15:08:55.433358+01:00 Info floats-in-functor | Loaded 784 training examples
2018-05-21 15:08:55.656118+01:00 Info fft | Loaded 1865 reward entries
2018-05-21 15:08:55.656123+01:00 Info fft | Loaded 842 query entries
2018-05-21 15:08:55.656126+01:00 Info fft | Loaded 306 training examples
2018-05-21 15:08:55.869724+01:00 Info quicksort | Loaded 1667 reward entries
2018-05-21 15:08:55.869729+01:00 Info quicksort | Loaded 829 query entries
2018-05-21 15:08:55.869731+01:00 Info quicksort | Loaded 306 training examples
2018-05-21 15:08:55.869889+01:00 Info fyq-symbolic-maths | Loaded 0 reward entries
2018-05-21 15:08:55.869890+01:00 Info fyq-symbolic-maths | Loaded 0 query entries
2018-05-21 15:08:55.869891+01:00 Info fyq-symbolic-maths | Loaded 0 training examples
2018-05-21 15:08:55.979084+01:00 Info lens | Loaded 1698 reward entries
2018-05-21 15:08:55.979090+01:00 Info lens | Loaded 835 query entries
2018-05-21 15:08:55.979092+01:00 Info lens | Loaded 296 training examples
2018-05-21 15:08:55.979171+01:00 Info fyq-rev-list | Loaded 0 reward entries
2018-05-21 15:08:55.979172+01:00 Info fyq-rev-list | Loaded 0 query entries
2018-05-21 15:08:55.979173+01:00 Info fyq-rev-list | Loaded 0 training examples
2018-05-21 15:08:56.163713+01:00 Info sequence-cps | Loaded 3135 reward entries
2018-05-21 15:08:56.163719+01:00 Info sequence-cps | Loaded 1134 query entries
2018-05-21 15:08:56.163722+01:00 Info sequence-cps | Loaded 330 training examples
2018-05-21 15:08:56.943652+01:00 Info hamming | Loaded 3032 reward entries
2018-05-21 15:08:56.943682+01:00 Info hamming | Loaded 8514 query entries
2018-05-21 15:08:56.943686+01:00 Info hamming | Loaded 1412 training examples
2018-05-21 15:08:56.945273+01:00 Info kahan-sum | Loaded 19 reward entries
2018-05-21 15:08:56.945274+01:00 Info kahan-sum | Loaded 14 query entries
2018-05-21 15:08:56.945275+01:00 Info kahan-sum | Loaded 2 training examples
2018-05-21 15:08:59.733604+01:00 Info sequence | Loaded 14618 reward entries
2018-05-21 15:08:59.733619+01:00 Info sequence | Loaded 4111 query entries
2018-05-21 15:08:59.733622+01:00 Info sequence | Loaded 86 training examples
2018-05-21 15:08:59.733746+01:00 Info fyq-stdlib-functor-record-sets | Loaded 0 reward entries
2018-05-21 15:08:59.733747+01:00 Info fyq-stdlib-functor-record-sets | Loaded 0 query entries
2018-05-21 15:08:59.733748+01:00 Info fyq-stdlib-functor-record-sets | Loaded 0 training examples
2018-05-21 15:08:59.733817+01:00 Info Loaded a total of 6314 training examples
2018-05-21 15:08:59.734228+01:00 Info Loaded 6314 IN-SAMPLE training examples and 0 OUT-OF-SAMPLE test examples
2018-05-21 15:08:59.734245+01:00 Info (hyperparams((l2_reg 0.01)(dropout_keep_prob 0.5)))
(monitor.ml.Error (Invalid_argument "index out of bounds")
 ("Raised by primitive operation at file \"src/owl/dense/owl_dense_ndarray_generic.ml\", line 229, characters 26-36"
  "Called from file \"tools/policy_model.ml\", line 134, characters 6-150"
  "Called from file \"tools/policy_model.ml\", line 149, characters 18-60"
  "Called from file \"src/deferred0.ml\", line 61, characters 64-69"
  "Called from file \"src/job_queue.ml\", line 159, characters 6-47"))
