2018-05-23 16:35:29.217680+01:00 Info fyq-stdlib-functor-record-sets | Loaded 0 reward entries
2018-05-23 16:35:29.217682+01:00 Info fyq-stdlib-functor-record-sets | Loaded 0 query entries
2018-05-23 16:35:29.217684+01:00 Info fyq-stdlib-functor-record-sets | Loaded 0 training examples
2018-05-23 16:35:29.218075+01:00 Info Loaded a total of 0 training examples
2018-05-23 16:35:30.932508+01:00 Info bdd | Loaded 5717 reward entries
2018-05-23 16:35:30.932524+01:00 Info bdd | Loaded 2818 query entries
2018-05-23 16:35:30.932528+01:00 Info bdd | Loaded 824 training examples
2018-05-23 16:35:31.357085+01:00 Info almabench | Loaded 1926 reward entries
2018-05-23 16:35:31.357092+01:00 Info almabench | Loaded 846 query entries
2018-05-23 16:35:31.357095+01:00 Info almabench | Loaded 317 training examples
2018-05-23 16:35:32.555539+01:00 Info lexifi | Loaded 4262 reward entries
2018-05-23 16:35:32.555554+01:00 Info lexifi | Loaded 4073 query entries
2018-05-23 16:35:32.555560+01:00 Info lexifi | Loaded 1370 training examples
2018-05-23 16:35:38.843438+01:00 Info kb | Loaded 4747 reward entries
2018-05-23 16:35:38.843584+01:00 Info kb | Loaded 35367 query entries
2018-05-23 16:35:38.843587+01:00 Info kb | Loaded 281 training examples
2018-05-23 16:35:40.370445+01:00 Info floats-in-functor | Loaded 2774 reward entries
2018-05-23 16:35:40.370479+01:00 Info floats-in-functor | Loaded 8773 query entries
2018-05-23 16:35:40.370485+01:00 Info floats-in-functor | Loaded 784 training examples
2018-05-23 16:35:40.370681+01:00 Info fyq-stdlib-int-sets | Loaded 0 reward entries
2018-05-23 16:35:40.370682+01:00 Info fyq-stdlib-int-sets | Loaded 0 query entries
2018-05-23 16:35:40.370683+01:00 Info fyq-stdlib-int-sets | Loaded 0 training examples
2018-05-23 16:35:40.666152+01:00 Info fft | Loaded 1865 reward entries
2018-05-23 16:35:40.666159+01:00 Info fft | Loaded 842 query entries
2018-05-23 16:35:40.666162+01:00 Info fft | Loaded 306 training examples
2018-05-23 16:35:40.913039+01:00 Info quicksort | Loaded 1667 reward entries
2018-05-23 16:35:40.913044+01:00 Info quicksort | Loaded 829 query entries
2018-05-23 16:35:40.913047+01:00 Info quicksort | Loaded 306 training examples
2018-05-23 16:35:40.913126+01:00 Info fyq-symbolic-maths | Loaded 0 reward entries
2018-05-23 16:35:40.913126+01:00 Info fyq-symbolic-maths | Loaded 0 query entries
2018-05-23 16:35:40.913127+01:00 Info fyq-symbolic-maths | Loaded 0 training examples
2018-05-23 16:35:41.136054+01:00 Info lens | Loaded 1698 reward entries
2018-05-23 16:35:41.136059+01:00 Info lens | Loaded 835 query entries
2018-05-23 16:35:41.136063+01:00 Info lens | Loaded 296 training examples
2018-05-23 16:35:41.136281+01:00 Info fyq-rev-list | Loaded 0 reward entries
2018-05-23 16:35:41.136282+01:00 Info fyq-rev-list | Loaded 0 query entries
2018-05-23 16:35:41.136283+01:00 Info fyq-rev-list | Loaded 0 training examples
2018-05-23 16:35:42.100394+01:00 Info sequence-cps | Loaded 3135 reward entries
2018-05-23 16:35:42.100402+01:00 Info sequence-cps | Loaded 1134 query entries
2018-05-23 16:35:42.100406+01:00 Info sequence-cps | Loaded 330 training examples
2018-05-23 16:35:44.023181+01:00 Info hamming | Loaded 3032 reward entries
2018-05-23 16:35:44.023213+01:00 Info hamming | Loaded 8514 query entries
2018-05-23 16:35:44.023219+01:00 Info hamming | Loaded 1412 training examples
2018-05-23 16:35:44.026182+01:00 Info kahan-sum | Loaded 19 reward entries
2018-05-23 16:35:44.026185+01:00 Info kahan-sum | Loaded 14 query entries
2018-05-23 16:35:44.026188+01:00 Info kahan-sum | Loaded 2 training examples
2018-05-23 16:35:46.270139+01:00 Info sequence | Loaded 14618 reward entries
2018-05-23 16:35:46.270159+01:00 Info sequence | Loaded 4111 query entries
2018-05-23 16:35:46.270162+01:00 Info sequence | Loaded 86 training examples
2018-05-23 16:35:46.270241+01:00 Info Loaded a total of 6314 training examples
2018-05-23 16:35:46.270581+01:00 Info Loaded 6314 IN-SAMPLE training examples and 0 OUT-OF-SAMPLE test examples
2018-05-23 16:35:46.270595+01:00 Info (hyperparams((l2_reg 0.001)(dropout_keep_prob 0.5)))
(monitor.ml.Error (Invalid_argument "index out of bounds")
 ("Raised by primitive operation at file \"src/owl/dense/owl_dense_ndarray_generic.ml\", line 229, characters 26-36"
  "Called from file \"tools/policy_model.ml\", line 135, characters 6-150"
  "Called from file \"tools/policy_model.ml\", line 150, characters 18-60"
  "Called from file \"src/deferred0.ml\", line 61, characters 64-69"
  "Called from file \"src/job_queue.ml\", line 159, characters 6-47"))
