2018-05-23 16:34:41.742499+01:00 Info fyq-rev-list | Loaded 0 reward entries
2018-05-23 16:34:41.742501+01:00 Info fyq-rev-list | Loaded 0 query entries
2018-05-23 16:34:41.742502+01:00 Info fyq-rev-list | Loaded 0 training examples
2018-05-23 16:34:41.742863+01:00 Info Loaded a total of 0 training examples
2018-05-23 16:34:43.343004+01:00 Info bdd | Loaded 5717 reward entries
2018-05-23 16:34:43.343031+01:00 Info bdd | Loaded 2818 query entries
2018-05-23 16:34:43.343040+01:00 Info bdd | Loaded 824 training examples
2018-05-23 16:34:43.802943+01:00 Info almabench | Loaded 1926 reward entries
2018-05-23 16:34:43.802953+01:00 Info almabench | Loaded 846 query entries
2018-05-23 16:34:43.802958+01:00 Info almabench | Loaded 317 training examples
2018-05-23 16:34:45.204311+01:00 Info lexifi | Loaded 4262 reward entries
2018-05-23 16:34:45.204334+01:00 Info lexifi | Loaded 4073 query entries
2018-05-23 16:34:45.204340+01:00 Info lexifi | Loaded 1370 training examples
2018-05-23 16:34:54.189811+01:00 Info kb | Loaded 4747 reward entries
2018-05-23 16:34:54.189961+01:00 Info kb | Loaded 35367 query entries
2018-05-23 16:34:54.189966+01:00 Info kb | Loaded 281 training examples
2018-05-23 16:34:56.700915+01:00 Info floats-in-functor | Loaded 2774 reward entries
2018-05-23 16:34:56.700986+01:00 Info floats-in-functor | Loaded 8773 query entries
2018-05-23 16:34:56.700997+01:00 Info floats-in-functor | Loaded 784 training examples
2018-05-23 16:34:56.701168+01:00 Info fyq-stdlib-int-sets | Loaded 0 reward entries
2018-05-23 16:34:56.701169+01:00 Info fyq-stdlib-int-sets | Loaded 0 query entries
2018-05-23 16:34:56.701171+01:00 Info fyq-stdlib-int-sets | Loaded 0 training examples
2018-05-23 16:34:57.143064+01:00 Info fft | Loaded 1865 reward entries
2018-05-23 16:34:57.143074+01:00 Info fft | Loaded 842 query entries
2018-05-23 16:34:57.143079+01:00 Info fft | Loaded 306 training examples
2018-05-23 16:34:57.549824+01:00 Info quicksort | Loaded 1667 reward entries
2018-05-23 16:34:57.549834+01:00 Info quicksort | Loaded 829 query entries
2018-05-23 16:34:57.549839+01:00 Info quicksort | Loaded 306 training examples
2018-05-23 16:34:57.550072+01:00 Info fyq-symbolic-maths | Loaded 0 reward entries
2018-05-23 16:34:57.550073+01:00 Info fyq-symbolic-maths | Loaded 0 query entries
2018-05-23 16:34:57.550075+01:00 Info fyq-symbolic-maths | Loaded 0 training examples
2018-05-23 16:34:57.937802+01:00 Info lens | Loaded 1698 reward entries
2018-05-23 16:34:57.937809+01:00 Info lens | Loaded 835 query entries
2018-05-23 16:34:57.937813+01:00 Info lens | Loaded 296 training examples
2018-05-23 16:34:59.286210+01:00 Info sequence-cps | Loaded 3135 reward entries
2018-05-23 16:34:59.286218+01:00 Info sequence-cps | Loaded 1134 query entries
2018-05-23 16:34:59.286223+01:00 Info sequence-cps | Loaded 330 training examples
2018-05-23 16:35:01.900826+01:00 Info hamming | Loaded 3032 reward entries
2018-05-23 16:35:01.900862+01:00 Info hamming | Loaded 8514 query entries
2018-05-23 16:35:01.900867+01:00 Info hamming | Loaded 1412 training examples
2018-05-23 16:35:01.904736+01:00 Info kahan-sum | Loaded 19 reward entries
2018-05-23 16:35:01.904738+01:00 Info kahan-sum | Loaded 14 query entries
2018-05-23 16:35:01.904740+01:00 Info kahan-sum | Loaded 2 training examples
2018-05-23 16:35:05.250521+01:00 Info sequence | Loaded 14618 reward entries
2018-05-23 16:35:05.250559+01:00 Info sequence | Loaded 4111 query entries
2018-05-23 16:35:05.250565+01:00 Info sequence | Loaded 86 training examples
2018-05-23 16:35:05.250778+01:00 Info fyq-stdlib-functor-record-sets | Loaded 0 reward entries
2018-05-23 16:35:05.250779+01:00 Info fyq-stdlib-functor-record-sets | Loaded 0 query entries
2018-05-23 16:35:05.250781+01:00 Info fyq-stdlib-functor-record-sets | Loaded 0 training examples
2018-05-23 16:35:05.250894+01:00 Info Loaded a total of 6314 training examples
2018-05-23 16:35:05.251474+01:00 Info Loaded 6314 IN-SAMPLE training examples and 0 OUT-OF-SAMPLE test examples
2018-05-23 16:35:05.251497+01:00 Info (hyperparams((l2_reg 0.001)(dropout_keep_prob 0.5)))
(monitor.ml.Error (Invalid_argument "index out of bounds")
 ("Raised by primitive operation at file \"src/owl/dense/owl_dense_ndarray_generic.ml\", line 229, characters 26-36"
  "Called from file \"tools/policy_model.ml\", line 135, characters 6-150"
  "Called from file \"tools/policy_model.ml\", line 150, characters 18-60"
  "Called from file \"src/deferred0.ml\", line 61, characters 64-69"
  "Called from file \"src/job_queue.ml\", line 159, characters 6-47"))
