2018-05-21 13:33:39.591820+01:00 Info fyq-stdlib-int-sets | Loaded 0 reward entries
2018-05-21 13:33:39.591821+01:00 Info fyq-stdlib-int-sets | Loaded 0 query entries
2018-05-21 13:33:39.591822+01:00 Info fyq-stdlib-int-sets | Loaded 0 training examples
2018-05-21 13:33:39.592087+01:00 Info Loaded a total of 0 training examples
2018-05-21 13:33:40.598140+01:00 Info bdd | Loaded 5717 reward entries
2018-05-21 13:33:40.598152+01:00 Info bdd | Loaded 2818 query entries
2018-05-21 13:33:40.598155+01:00 Info bdd | Loaded 824 training examples
2018-05-21 13:33:40.912988+01:00 Info almabench | Loaded 1926 reward entries
2018-05-21 13:33:40.912994+01:00 Info almabench | Loaded 846 query entries
2018-05-21 13:33:40.912997+01:00 Info almabench | Loaded 317 training examples
2018-05-21 13:33:41.544758+01:00 Info lexifi | Loaded 4262 reward entries
2018-05-21 13:33:41.544774+01:00 Info lexifi | Loaded 4073 query entries
2018-05-21 13:33:41.544778+01:00 Info lexifi | Loaded 1370 training examples
2018-05-21 13:33:44.487915+01:00 Info kb | Loaded 4747 reward entries
2018-05-21 13:33:44.488025+01:00 Info kb | Loaded 35367 query entries
2018-05-21 13:33:44.488028+01:00 Info kb | Loaded 281 training examples
2018-05-21 13:33:45.352777+01:00 Info floats-in-functor | Loaded 2774 reward entries
2018-05-21 13:33:45.352806+01:00 Info floats-in-functor | Loaded 8773 query entries
2018-05-21 13:33:45.352810+01:00 Info floats-in-functor | Loaded 784 training examples
2018-05-21 13:33:45.562286+01:00 Info fft | Loaded 1865 reward entries
2018-05-21 13:33:45.562290+01:00 Info fft | Loaded 842 query entries
2018-05-21 13:33:45.562294+01:00 Info fft | Loaded 306 training examples
2018-05-21 13:33:45.765882+01:00 Info quicksort | Loaded 1667 reward entries
2018-05-21 13:33:45.765887+01:00 Info quicksort | Loaded 829 query entries
2018-05-21 13:33:45.765889+01:00 Info quicksort | Loaded 306 training examples
2018-05-21 13:33:45.766039+01:00 Info fyq-symbolic-maths | Loaded 0 reward entries
2018-05-21 13:33:45.766040+01:00 Info fyq-symbolic-maths | Loaded 0 query entries
2018-05-21 13:33:45.766041+01:00 Info fyq-symbolic-maths | Loaded 0 training examples
2018-05-21 13:33:45.879076+01:00 Info lens | Loaded 1698 reward entries
2018-05-21 13:33:45.879083+01:00 Info lens | Loaded 835 query entries
2018-05-21 13:33:45.879086+01:00 Info lens | Loaded 296 training examples
2018-05-21 13:33:45.879367+01:00 Info fyq-rev-list | Loaded 0 reward entries
2018-05-21 13:33:45.879368+01:00 Info fyq-rev-list | Loaded 0 query entries
2018-05-21 13:33:45.879369+01:00 Info fyq-rev-list | Loaded 0 training examples
2018-05-21 13:33:46.048093+01:00 Info sequence-cps | Loaded 3135 reward entries
2018-05-21 13:33:46.048098+01:00 Info sequence-cps | Loaded 1134 query entries
2018-05-21 13:33:46.048102+01:00 Info sequence-cps | Loaded 330 training examples
2018-05-21 13:33:46.867318+01:00 Info hamming | Loaded 3032 reward entries
2018-05-21 13:33:46.867349+01:00 Info hamming | Loaded 8514 query entries
2018-05-21 13:33:46.867354+01:00 Info hamming | Loaded 1412 training examples
2018-05-21 13:33:46.868641+01:00 Info kahan-sum | Loaded 19 reward entries
2018-05-21 13:33:46.868643+01:00 Info kahan-sum | Loaded 14 query entries
2018-05-21 13:33:46.868644+01:00 Info kahan-sum | Loaded 2 training examples
2018-05-21 13:33:49.766623+01:00 Info sequence | Loaded 14618 reward entries
2018-05-21 13:33:49.766639+01:00 Info sequence | Loaded 4111 query entries
2018-05-21 13:33:49.766642+01:00 Info sequence | Loaded 86 training examples
2018-05-21 13:33:49.766771+01:00 Info fyq-stdlib-functor-record-sets | Loaded 0 reward entries
2018-05-21 13:33:49.766772+01:00 Info fyq-stdlib-functor-record-sets | Loaded 0 query entries
2018-05-21 13:33:49.766772+01:00 Info fyq-stdlib-functor-record-sets | Loaded 0 training examples
2018-05-21 13:33:49.766826+01:00 Info Loaded a total of 6314 training examples
2018-05-21 13:33:49.767162+01:00 Info Loaded 6314 IN-SAMPLE training examples and 0 OUT-OF-SAMPLE test examples
2018-05-21 13:33:49.767176+01:00 Info (hyperparams((l2_reg 0.01)(dropout_keep_prob 1)))
(monitor.ml.Error (Invalid_argument "index out of bounds")
 ("Raised by primitive operation at file \"src/owl/dense/owl_dense_ndarray_generic.ml\", line 229, characters 26-36"
  "Called from file \"tools/familiarity_model.ml\", line 139, characters 6-150"
  "Called from file \"tools/familiarity_model.ml\", line 152, characters 18-60"
  "Called from file \"src/deferred0.ml\", line 61, characters 64-69"
  "Called from file \"src/job_queue.ml\", line 159, characters 6-47"))
