2018-05-21 15:23:10.661828+01:00 Info fyq-stdlib-int-sets | Loaded 0 reward entries
2018-05-21 15:23:10.661829+01:00 Info fyq-stdlib-int-sets | Loaded 0 query entries
2018-05-21 15:23:10.661830+01:00 Info fyq-stdlib-int-sets | Loaded 0 training examples
2018-05-21 15:23:10.662138+01:00 Info Loaded a total of 0 training examples
2018-05-21 15:23:11.645801+01:00 Info bdd | Loaded 5717 reward entries
2018-05-21 15:23:11.645813+01:00 Info bdd | Loaded 2818 query entries
2018-05-21 15:23:11.645817+01:00 Info bdd | Loaded 824 training examples
2018-05-21 15:23:11.977577+01:00 Info almabench | Loaded 1926 reward entries
2018-05-21 15:23:11.977582+01:00 Info almabench | Loaded 846 query entries
2018-05-21 15:23:11.977585+01:00 Info almabench | Loaded 317 training examples
2018-05-21 15:23:12.628994+01:00 Info lexifi | Loaded 4262 reward entries
2018-05-21 15:23:12.629010+01:00 Info lexifi | Loaded 4073 query entries
2018-05-21 15:23:12.629014+01:00 Info lexifi | Loaded 1370 training examples
2018-05-21 15:23:15.593525+01:00 Info kb | Loaded 4747 reward entries
2018-05-21 15:23:15.593633+01:00 Info kb | Loaded 35367 query entries
2018-05-21 15:23:15.593637+01:00 Info kb | Loaded 281 training examples
2018-05-21 15:23:16.465671+01:00 Info floats-in-functor | Loaded 2774 reward entries
2018-05-21 15:23:16.465706+01:00 Info floats-in-functor | Loaded 8773 query entries
2018-05-21 15:23:16.465710+01:00 Info floats-in-functor | Loaded 784 training examples
2018-05-21 15:23:16.695657+01:00 Info fft | Loaded 1865 reward entries
2018-05-21 15:23:16.695662+01:00 Info fft | Loaded 842 query entries
2018-05-21 15:23:16.695665+01:00 Info fft | Loaded 306 training examples
2018-05-21 15:23:16.913686+01:00 Info quicksort | Loaded 1667 reward entries
2018-05-21 15:23:16.913695+01:00 Info quicksort | Loaded 829 query entries
2018-05-21 15:23:16.913699+01:00 Info quicksort | Loaded 306 training examples
2018-05-21 15:23:16.913862+01:00 Info fyq-symbolic-maths | Loaded 0 reward entries
2018-05-21 15:23:16.913863+01:00 Info fyq-symbolic-maths | Loaded 0 query entries
2018-05-21 15:23:16.913864+01:00 Info fyq-symbolic-maths | Loaded 0 training examples
2018-05-21 15:23:17.026978+01:00 Info lens | Loaded 1698 reward entries
2018-05-21 15:23:17.026984+01:00 Info lens | Loaded 835 query entries
2018-05-21 15:23:17.026987+01:00 Info lens | Loaded 296 training examples
2018-05-21 15:23:17.027078+01:00 Info fyq-rev-list | Loaded 0 reward entries
2018-05-21 15:23:17.027078+01:00 Info fyq-rev-list | Loaded 0 query entries
2018-05-21 15:23:17.027079+01:00 Info fyq-rev-list | Loaded 0 training examples
2018-05-21 15:23:17.198588+01:00 Info sequence-cps | Loaded 3135 reward entries
2018-05-21 15:23:17.198594+01:00 Info sequence-cps | Loaded 1134 query entries
2018-05-21 15:23:17.198597+01:00 Info sequence-cps | Loaded 330 training examples
2018-05-21 15:23:17.976981+01:00 Info hamming | Loaded 3032 reward entries
2018-05-21 15:23:17.977018+01:00 Info hamming | Loaded 8514 query entries
2018-05-21 15:23:17.977023+01:00 Info hamming | Loaded 1412 training examples
2018-05-21 15:23:17.978482+01:00 Info kahan-sum | Loaded 19 reward entries
2018-05-21 15:23:17.978482+01:00 Info kahan-sum | Loaded 14 query entries
2018-05-21 15:23:17.978484+01:00 Info kahan-sum | Loaded 2 training examples
2018-05-21 15:23:20.756844+01:00 Info sequence | Loaded 14618 reward entries
2018-05-21 15:23:20.756858+01:00 Info sequence | Loaded 4111 query entries
2018-05-21 15:23:20.756861+01:00 Info sequence | Loaded 86 training examples
2018-05-21 15:23:20.756981+01:00 Info fyq-stdlib-functor-record-sets | Loaded 0 reward entries
2018-05-21 15:23:20.756982+01:00 Info fyq-stdlib-functor-record-sets | Loaded 0 query entries
2018-05-21 15:23:20.756983+01:00 Info fyq-stdlib-functor-record-sets | Loaded 0 training examples
2018-05-21 15:23:20.757055+01:00 Info Loaded a total of 6314 training examples
2018-05-21 15:23:20.757585+01:00 Info Loaded 6314 IN-SAMPLE training examples and 0 OUT-OF-SAMPLE test examples
2018-05-21 15:23:20.758320+01:00 Info (hyperparams((l2_reg 0.01)(dropout_keep_prob 1)))
2018-05-21 15:23:20.858532+01:00 Info ((name"training examples")(distribution((0 0.648720032507111)(1 0.35127996749288909))))
2018-05-21 15:23:20.858536+01:00 Info ((name"test examples")(distribution((0 -nan)(1 -nan))))
(monitor.ml.Error (Invalid_argument "index out of bounds")
 ("Raised by primitive operation at file \"src/owl/dense/owl_dense_ndarray_generic.ml\", line 229, characters 26-36"
  "Called from file \"tools/decision_model.ml\", line 144, characters 6-150"
  "Called from file \"tools/decision_model.ml\", line 153, characters 18-60"
  "Called from file \"src/deferred0.ml\", line 61, characters 64-69"
  "Called from file \"src/job_queue.ml\", line 159, characters 6-47"))
