2018-05-21 15:23:35.574013+01:00 Info fyq-symbolic-maths | Loaded 0 reward entries
2018-05-21 15:23:35.574014+01:00 Info fyq-symbolic-maths | Loaded 0 query entries
2018-05-21 15:23:35.574015+01:00 Info fyq-symbolic-maths | Loaded 0 training examples
2018-05-21 15:23:35.574274+01:00 Info Loaded a total of 0 training examples
2018-05-21 15:23:36.689837+01:00 Info bdd | Loaded 5717 reward entries
2018-05-21 15:23:36.689850+01:00 Info bdd | Loaded 2818 query entries
2018-05-21 15:23:36.689852+01:00 Info bdd | Loaded 824 training examples
2018-05-21 15:23:37.043283+01:00 Info almabench | Loaded 1926 reward entries
2018-05-21 15:23:37.043288+01:00 Info almabench | Loaded 846 query entries
2018-05-21 15:23:37.043290+01:00 Info almabench | Loaded 317 training examples
2018-05-21 15:23:37.730223+01:00 Info lexifi | Loaded 4262 reward entries
2018-05-21 15:23:37.730237+01:00 Info lexifi | Loaded 4073 query entries
2018-05-21 15:23:37.730241+01:00 Info lexifi | Loaded 1370 training examples
2018-05-21 15:23:40.972672+01:00 Info kb | Loaded 4747 reward entries
2018-05-21 15:23:40.972810+01:00 Info kb | Loaded 35367 query entries
2018-05-21 15:23:40.972814+01:00 Info kb | Loaded 281 training examples
2018-05-21 15:23:41.893377+01:00 Info floats-in-functor | Loaded 2774 reward entries
2018-05-21 15:23:41.893406+01:00 Info floats-in-functor | Loaded 8773 query entries
2018-05-21 15:23:41.893410+01:00 Info floats-in-functor | Loaded 784 training examples
2018-05-21 15:23:41.893529+01:00 Info fyq-stdlib-int-sets | Loaded 0 reward entries
2018-05-21 15:23:41.893530+01:00 Info fyq-stdlib-int-sets | Loaded 0 query entries
2018-05-21 15:23:41.893530+01:00 Info fyq-stdlib-int-sets | Loaded 0 training examples
2018-05-21 15:23:42.121860+01:00 Info fft | Loaded 1865 reward entries
2018-05-21 15:23:42.121865+01:00 Info fft | Loaded 842 query entries
2018-05-21 15:23:42.121868+01:00 Info fft | Loaded 306 training examples
2018-05-21 15:23:42.325546+01:00 Info quicksort | Loaded 1667 reward entries
2018-05-21 15:23:42.325550+01:00 Info quicksort | Loaded 829 query entries
2018-05-21 15:23:42.325553+01:00 Info quicksort | Loaded 306 training examples
2018-05-21 15:23:42.445870+01:00 Info lens | Loaded 1698 reward entries
2018-05-21 15:23:42.445875+01:00 Info lens | Loaded 835 query entries
2018-05-21 15:23:42.445878+01:00 Info lens | Loaded 296 training examples
2018-05-21 15:23:42.445973+01:00 Info fyq-rev-list | Loaded 0 reward entries
2018-05-21 15:23:42.445974+01:00 Info fyq-rev-list | Loaded 0 query entries
2018-05-21 15:23:42.445975+01:00 Info fyq-rev-list | Loaded 0 training examples
2018-05-21 15:23:42.629030+01:00 Info sequence-cps | Loaded 3135 reward entries
2018-05-21 15:23:42.629037+01:00 Info sequence-cps | Loaded 1134 query entries
2018-05-21 15:23:42.629042+01:00 Info sequence-cps | Loaded 330 training examples
2018-05-21 15:23:43.517547+01:00 Info hamming | Loaded 3032 reward entries
2018-05-21 15:23:43.517580+01:00 Info hamming | Loaded 8514 query entries
2018-05-21 15:23:43.517585+01:00 Info hamming | Loaded 1412 training examples
2018-05-21 15:23:43.519301+01:00 Info kahan-sum | Loaded 19 reward entries
2018-05-21 15:23:43.519303+01:00 Info kahan-sum | Loaded 14 query entries
2018-05-21 15:23:43.519304+01:00 Info kahan-sum | Loaded 2 training examples
2018-05-21 15:23:46.469526+01:00 Info sequence | Loaded 14618 reward entries
2018-05-21 15:23:46.469542+01:00 Info sequence | Loaded 4111 query entries
2018-05-21 15:23:46.469544+01:00 Info sequence | Loaded 86 training examples
2018-05-21 15:23:46.469644+01:00 Info fyq-stdlib-functor-record-sets | Loaded 0 reward entries
2018-05-21 15:23:46.469644+01:00 Info fyq-stdlib-functor-record-sets | Loaded 0 query entries
2018-05-21 15:23:46.469645+01:00 Info fyq-stdlib-functor-record-sets | Loaded 0 training examples
2018-05-21 15:23:46.469739+01:00 Info Loaded a total of 6314 training examples
2018-05-21 15:23:46.470321+01:00 Info Loaded 6314 IN-SAMPLE training examples and 0 OUT-OF-SAMPLE test examples
2018-05-21 15:23:46.470879+01:00 Info (hyperparams((l2_reg 0.01)(dropout_keep_prob 1)))
2018-05-21 15:23:46.571051+01:00 Info ((name"training examples")(distribution((0 0.648720032507111)(1 0.35127996749288909))))
2018-05-21 15:23:46.571056+01:00 Info ((name"test examples")(distribution((0 -nan)(1 -nan))))
(monitor.ml.Error (Invalid_argument "index out of bounds")
 ("Raised by primitive operation at file \"src/owl/dense/owl_dense_ndarray_generic.ml\", line 229, characters 26-36"
  "Called from file \"tools/decision_model.ml\", line 144, characters 6-150"
  "Called from file \"tools/decision_model.ml\", line 153, characters 18-60"
  "Called from file \"src/deferred0.ml\", line 61, characters 64-69"
  "Called from file \"src/job_queue.ml\", line 159, characters 6-47"))
