2018-05-21 13:38:34.405591+01:00 Info fyq-rev-list | Loaded 0 reward entries
2018-05-21 13:38:34.405593+01:00 Info fyq-rev-list | Loaded 0 query entries
2018-05-21 13:38:34.405594+01:00 Info fyq-rev-list | Loaded 0 training examples
2018-05-21 13:38:34.405951+01:00 Info Loaded a total of 0 training examples
2018-05-21 13:38:35.449899+01:00 Info bdd | Loaded 5717 reward entries
2018-05-21 13:38:35.449911+01:00 Info bdd | Loaded 2818 query entries
2018-05-21 13:38:35.449914+01:00 Info bdd | Loaded 824 training examples
2018-05-21 13:38:35.780244+01:00 Info almabench | Loaded 1926 reward entries
2018-05-21 13:38:35.780250+01:00 Info almabench | Loaded 846 query entries
2018-05-21 13:38:35.780252+01:00 Info almabench | Loaded 317 training examples
2018-05-21 13:38:36.464985+01:00 Info lexifi | Loaded 4262 reward entries
2018-05-21 13:38:36.464998+01:00 Info lexifi | Loaded 4073 query entries
2018-05-21 13:38:36.465003+01:00 Info lexifi | Loaded 1370 training examples
2018-05-21 13:38:39.713799+01:00 Info kb | Loaded 4747 reward entries
2018-05-21 13:38:39.713915+01:00 Info kb | Loaded 35367 query entries
2018-05-21 13:38:39.713918+01:00 Info kb | Loaded 281 training examples
2018-05-21 13:38:40.627035+01:00 Info floats-in-functor | Loaded 2774 reward entries
2018-05-21 13:38:40.627063+01:00 Info floats-in-functor | Loaded 8773 query entries
2018-05-21 13:38:40.627067+01:00 Info floats-in-functor | Loaded 784 training examples
2018-05-21 13:38:40.627321+01:00 Info fyq-stdlib-int-sets | Loaded 0 reward entries
2018-05-21 13:38:40.627322+01:00 Info fyq-stdlib-int-sets | Loaded 0 query entries
2018-05-21 13:38:40.627324+01:00 Info fyq-stdlib-int-sets | Loaded 0 training examples
2018-05-21 13:38:40.853562+01:00 Info fft | Loaded 1865 reward entries
2018-05-21 13:38:40.853568+01:00 Info fft | Loaded 842 query entries
2018-05-21 13:38:40.853571+01:00 Info fft | Loaded 306 training examples
2018-05-21 13:38:41.064043+01:00 Info quicksort | Loaded 1667 reward entries
2018-05-21 13:38:41.064050+01:00 Info quicksort | Loaded 829 query entries
2018-05-21 13:38:41.064054+01:00 Info quicksort | Loaded 306 training examples
2018-05-21 13:38:41.064200+01:00 Info fyq-symbolic-maths | Loaded 0 reward entries
2018-05-21 13:38:41.064201+01:00 Info fyq-symbolic-maths | Loaded 0 query entries
2018-05-21 13:38:41.064201+01:00 Info fyq-symbolic-maths | Loaded 0 training examples
2018-05-21 13:38:41.180064+01:00 Info lens | Loaded 1698 reward entries
2018-05-21 13:38:41.180070+01:00 Info lens | Loaded 835 query entries
2018-05-21 13:38:41.180074+01:00 Info lens | Loaded 296 training examples
2018-05-21 13:38:41.359365+01:00 Info sequence-cps | Loaded 3135 reward entries
2018-05-21 13:38:41.359370+01:00 Info sequence-cps | Loaded 1134 query entries
2018-05-21 13:38:41.359374+01:00 Info sequence-cps | Loaded 330 training examples
2018-05-21 13:38:42.258196+01:00 Info hamming | Loaded 3032 reward entries
2018-05-21 13:38:42.258227+01:00 Info hamming | Loaded 8514 query entries
2018-05-21 13:38:42.258231+01:00 Info hamming | Loaded 1412 training examples
2018-05-21 13:38:42.259777+01:00 Info kahan-sum | Loaded 19 reward entries
2018-05-21 13:38:42.259778+01:00 Info kahan-sum | Loaded 14 query entries
2018-05-21 13:38:42.259779+01:00 Info kahan-sum | Loaded 2 training examples
2018-05-21 13:38:45.248822+01:00 Info sequence | Loaded 14618 reward entries
2018-05-21 13:38:45.248836+01:00 Info sequence | Loaded 4111 query entries
2018-05-21 13:38:45.248838+01:00 Info sequence | Loaded 86 training examples
2018-05-21 13:38:45.249033+01:00 Info fyq-stdlib-functor-record-sets | Loaded 0 reward entries
2018-05-21 13:38:45.249034+01:00 Info fyq-stdlib-functor-record-sets | Loaded 0 query entries
2018-05-21 13:38:45.249035+01:00 Info fyq-stdlib-functor-record-sets | Loaded 0 training examples
2018-05-21 13:38:45.249110+01:00 Info Loaded a total of 6314 training examples
2018-05-21 13:38:45.249645+01:00 Info Loaded 6314 IN-SAMPLE training examples and 0 OUT-OF-SAMPLE test examples
2018-05-21 13:38:45.249659+01:00 Info (hyperparams((l2_reg 0.1)(dropout_keep_prob 1)))
(monitor.ml.Error (Invalid_argument "index out of bounds")
 ("Raised by primitive operation at file \"src/owl/dense/owl_dense_ndarray_generic.ml\", line 229, characters 26-36"
  "Called from file \"tools/familiarity_model.ml\", line 139, characters 6-150"
  "Called from file \"tools/familiarity_model.ml\", line 152, characters 18-60"
  "Called from file \"src/deferred0.ml\", line 61, characters 64-69"
  "Called from file \"src/job_queue.ml\", line 159, characters 6-47"))
