2018-05-23 16:44:55.514856+01:00 Info fyq-rev-list | Loaded 0 reward entries
2018-05-23 16:44:55.514857+01:00 Info fyq-rev-list | Loaded 0 query entries
2018-05-23 16:44:55.514858+01:00 Info fyq-rev-list | Loaded 0 training examples
2018-05-23 16:44:55.515278+01:00 Info Loaded a total of 0 training examples
2018-05-23 16:44:57.260013+01:00 Info bdd | Loaded 5717 reward entries
2018-05-23 16:44:57.260033+01:00 Info bdd | Loaded 2818 query entries
2018-05-23 16:44:57.260039+01:00 Info bdd | Loaded 824 training examples
2018-05-23 16:44:57.725836+01:00 Info almabench | Loaded 1926 reward entries
2018-05-23 16:44:57.725846+01:00 Info almabench | Loaded 846 query entries
2018-05-23 16:44:57.725851+01:00 Info almabench | Loaded 317 training examples
2018-05-23 16:44:59.169907+01:00 Info lexifi | Loaded 4262 reward entries
2018-05-23 16:44:59.169926+01:00 Info lexifi | Loaded 4073 query entries
2018-05-23 16:44:59.169932+01:00 Info lexifi | Loaded 1370 training examples
2018-05-23 16:45:08.164745+01:00 Info kb | Loaded 4747 reward entries
2018-05-23 16:45:08.164919+01:00 Info kb | Loaded 35367 query entries
2018-05-23 16:45:08.164924+01:00 Info kb | Loaded 281 training examples
2018-05-23 16:45:10.415455+01:00 Info floats-in-functor | Loaded 2774 reward entries
2018-05-23 16:45:10.415519+01:00 Info floats-in-functor | Loaded 8773 query entries
2018-05-23 16:45:10.415524+01:00 Info floats-in-functor | Loaded 784 training examples
2018-05-23 16:45:10.415792+01:00 Info fyq-stdlib-int-sets | Loaded 0 reward entries
2018-05-23 16:45:10.415793+01:00 Info fyq-stdlib-int-sets | Loaded 0 query entries
2018-05-23 16:45:10.415795+01:00 Info fyq-stdlib-int-sets | Loaded 0 training examples
2018-05-23 16:45:10.740678+01:00 Info fft | Loaded 1865 reward entries
2018-05-23 16:45:10.740689+01:00 Info fft | Loaded 842 query entries
2018-05-23 16:45:10.740693+01:00 Info fft | Loaded 306 training examples
2018-05-23 16:45:11.150889+01:00 Info quicksort | Loaded 1667 reward entries
2018-05-23 16:45:11.150900+01:00 Info quicksort | Loaded 829 query entries
2018-05-23 16:45:11.150905+01:00 Info quicksort | Loaded 306 training examples
2018-05-23 16:45:11.151066+01:00 Info fyq-symbolic-maths | Loaded 0 reward entries
2018-05-23 16:45:11.151068+01:00 Info fyq-symbolic-maths | Loaded 0 query entries
2018-05-23 16:45:11.151069+01:00 Info fyq-symbolic-maths | Loaded 0 training examples
2018-05-23 16:45:11.472139+01:00 Info lens | Loaded 1698 reward entries
2018-05-23 16:45:11.472149+01:00 Info lens | Loaded 835 query entries
2018-05-23 16:45:11.472156+01:00 Info lens | Loaded 296 training examples
2018-05-23 16:45:12.743162+01:00 Info sequence-cps | Loaded 3135 reward entries
2018-05-23 16:45:12.743170+01:00 Info sequence-cps | Loaded 1134 query entries
2018-05-23 16:45:12.743173+01:00 Info sequence-cps | Loaded 330 training examples
2018-05-23 16:45:14.948589+01:00 Info hamming | Loaded 3032 reward entries
2018-05-23 16:45:14.948649+01:00 Info hamming | Loaded 8514 query entries
2018-05-23 16:45:14.948659+01:00 Info hamming | Loaded 1412 training examples
2018-05-23 16:45:14.952643+01:00 Info kahan-sum | Loaded 19 reward entries
2018-05-23 16:45:14.952645+01:00 Info kahan-sum | Loaded 14 query entries
2018-05-23 16:45:14.952647+01:00 Info kahan-sum | Loaded 2 training examples
2018-05-23 16:45:18.349139+01:00 Info sequence | Loaded 14618 reward entries
2018-05-23 16:45:18.349165+01:00 Info sequence | Loaded 4111 query entries
2018-05-23 16:45:18.349169+01:00 Info sequence | Loaded 86 training examples
2018-05-23 16:45:18.349371+01:00 Info fyq-stdlib-functor-record-sets | Loaded 0 reward entries
2018-05-23 16:45:18.349373+01:00 Info fyq-stdlib-functor-record-sets | Loaded 0 query entries
2018-05-23 16:45:18.349374+01:00 Info fyq-stdlib-functor-record-sets | Loaded 0 training examples
2018-05-23 16:45:18.349476+01:00 Info Loaded a total of 6314 training examples
2018-05-23 16:45:18.350060+01:00 Info Loaded 6314 IN-SAMPLE training examples and 0 OUT-OF-SAMPLE test examples
2018-05-23 16:45:18.350080+01:00 Info (hyperparams((l2_reg 0.1)(dropout_keep_prob 0.5)))
(monitor.ml.Error (Invalid_argument "index out of bounds")
 ("Raised by primitive operation at file \"src/owl/dense/owl_dense_ndarray_generic.ml\", line 229, characters 26-36"
  "Called from file \"tools/policy_model.ml\", line 135, characters 6-150"
  "Called from file \"tools/policy_model.ml\", line 150, characters 18-60"
  "Called from file \"src/deferred0.ml\", line 61, characters 64-69"
  "Called from file \"src/job_queue.ml\", line 159, characters 6-47"))
