2018-05-21 15:16:37.856505+01:00 Info fyq-stdlib-functor-record-sets | Loaded 0 reward entries
2018-05-21 15:16:37.856507+01:00 Info fyq-stdlib-functor-record-sets | Loaded 0 query entries
2018-05-21 15:16:37.856508+01:00 Info fyq-stdlib-functor-record-sets | Loaded 0 training examples
2018-05-21 15:16:37.856764+01:00 Info Loaded a total of 0 training examples
2018-05-21 15:16:38.926693+01:00 Info bdd | Loaded 5717 reward entries
2018-05-21 15:16:38.926703+01:00 Info bdd | Loaded 2818 query entries
2018-05-21 15:16:38.926707+01:00 Info bdd | Loaded 824 training examples
2018-05-21 15:16:39.272312+01:00 Info almabench | Loaded 1926 reward entries
2018-05-21 15:16:39.272318+01:00 Info almabench | Loaded 846 query entries
2018-05-21 15:16:39.272320+01:00 Info almabench | Loaded 317 training examples
2018-05-21 15:16:39.969390+01:00 Info lexifi | Loaded 4262 reward entries
2018-05-21 15:16:39.969405+01:00 Info lexifi | Loaded 4073 query entries
2018-05-21 15:16:39.969410+01:00 Info lexifi | Loaded 1370 training examples
2018-05-21 15:16:43.181546+01:00 Info kb | Loaded 4747 reward entries
2018-05-21 15:16:43.181667+01:00 Info kb | Loaded 35367 query entries
2018-05-21 15:16:43.181670+01:00 Info kb | Loaded 281 training examples
2018-05-21 15:16:44.112651+01:00 Info floats-in-functor | Loaded 2774 reward entries
2018-05-21 15:16:44.112685+01:00 Info floats-in-functor | Loaded 8773 query entries
2018-05-21 15:16:44.112688+01:00 Info floats-in-functor | Loaded 784 training examples
2018-05-21 15:16:44.112798+01:00 Info fyq-stdlib-int-sets | Loaded 0 reward entries
2018-05-21 15:16:44.112799+01:00 Info fyq-stdlib-int-sets | Loaded 0 query entries
2018-05-21 15:16:44.112800+01:00 Info fyq-stdlib-int-sets | Loaded 0 training examples
2018-05-21 15:16:44.351028+01:00 Info fft | Loaded 1865 reward entries
2018-05-21 15:16:44.351034+01:00 Info fft | Loaded 842 query entries
2018-05-21 15:16:44.351038+01:00 Info fft | Loaded 306 training examples
2018-05-21 15:16:44.555706+01:00 Info quicksort | Loaded 1667 reward entries
2018-05-21 15:16:44.555712+01:00 Info quicksort | Loaded 829 query entries
2018-05-21 15:16:44.555714+01:00 Info quicksort | Loaded 306 training examples
2018-05-21 15:16:44.556159+01:00 Info fyq-symbolic-maths | Loaded 0 reward entries
2018-05-21 15:16:44.556159+01:00 Info fyq-symbolic-maths | Loaded 0 query entries
2018-05-21 15:16:44.556160+01:00 Info fyq-symbolic-maths | Loaded 0 training examples
2018-05-21 15:16:44.671572+01:00 Info lens | Loaded 1698 reward entries
2018-05-21 15:16:44.671578+01:00 Info lens | Loaded 835 query entries
2018-05-21 15:16:44.671581+01:00 Info lens | Loaded 296 training examples
2018-05-21 15:16:44.671751+01:00 Info fyq-rev-list | Loaded 0 reward entries
2018-05-21 15:16:44.671752+01:00 Info fyq-rev-list | Loaded 0 query entries
2018-05-21 15:16:44.671753+01:00 Info fyq-rev-list | Loaded 0 training examples
2018-05-21 15:16:44.847047+01:00 Info sequence-cps | Loaded 3135 reward entries
2018-05-21 15:16:44.847054+01:00 Info sequence-cps | Loaded 1134 query entries
2018-05-21 15:16:44.847057+01:00 Info sequence-cps | Loaded 330 training examples
2018-05-21 15:16:45.724597+01:00 Info hamming | Loaded 3032 reward entries
2018-05-21 15:16:45.724624+01:00 Info hamming | Loaded 8514 query entries
2018-05-21 15:16:45.724629+01:00 Info hamming | Loaded 1412 training examples
2018-05-21 15:16:45.725922+01:00 Info kahan-sum | Loaded 19 reward entries
2018-05-21 15:16:45.725924+01:00 Info kahan-sum | Loaded 14 query entries
2018-05-21 15:16:45.725925+01:00 Info kahan-sum | Loaded 2 training examples
2018-05-21 15:16:48.704690+01:00 Info sequence | Loaded 14618 reward entries
2018-05-21 15:16:48.704719+01:00 Info sequence | Loaded 4111 query entries
2018-05-21 15:16:48.704721+01:00 Info sequence | Loaded 86 training examples
2018-05-21 15:16:48.704785+01:00 Info Loaded a total of 6314 training examples
2018-05-21 15:16:48.705103+01:00 Info Loaded 6314 IN-SAMPLE training examples and 0 OUT-OF-SAMPLE test examples
2018-05-21 15:16:48.705116+01:00 Info (hyperparams((l2_reg 0.1)(dropout_keep_prob 1)))
(monitor.ml.Error (Invalid_argument "index out of bounds")
 ("Raised by primitive operation at file \"src/owl/dense/owl_dense_ndarray_generic.ml\", line 229, characters 26-36"
  "Called from file \"tools/policy_model.ml\", line 134, characters 6-150"
  "Called from file \"tools/policy_model.ml\", line 149, characters 18-60"
  "Called from file \"src/deferred0.ml\", line 61, characters 64-69"
  "Called from file \"src/job_queue.ml\", line 159, characters 6-47"))
