2018-05-23 17:01:49.110148+01:00 Info kahan-sum | Loaded 19 reward entries
2018-05-23 17:01:49.110150+01:00 Info kahan-sum | Loaded 14 query entries
2018-05-23 17:01:49.110152+01:00 Info kahan-sum | Loaded 2 training examples
2018-05-23 17:01:49.110487+01:00 Info Loaded a total of 2 training examples
2018-05-23 17:01:50.744144+01:00 Info bdd | Loaded 5717 reward entries
2018-05-23 17:01:50.744162+01:00 Info bdd | Loaded 2818 query entries
2018-05-23 17:01:50.744167+01:00 Info bdd | Loaded 824 training examples
2018-05-23 17:01:51.213511+01:00 Info almabench | Loaded 1926 reward entries
2018-05-23 17:01:51.213522+01:00 Info almabench | Loaded 846 query entries
2018-05-23 17:01:51.213525+01:00 Info almabench | Loaded 317 training examples
2018-05-23 17:01:52.639923+01:00 Info lexifi | Loaded 4262 reward entries
2018-05-23 17:01:52.639949+01:00 Info lexifi | Loaded 4073 query entries
2018-05-23 17:01:52.639956+01:00 Info lexifi | Loaded 1370 training examples
2018-05-23 17:02:01.431654+01:00 Info kb | Loaded 4747 reward entries
2018-05-23 17:02:01.431841+01:00 Info kb | Loaded 35367 query entries
2018-05-23 17:02:01.431848+01:00 Info kb | Loaded 281 training examples
2018-05-23 17:02:03.634817+01:00 Info floats-in-functor | Loaded 2774 reward entries
2018-05-23 17:02:03.634865+01:00 Info floats-in-functor | Loaded 8773 query entries
2018-05-23 17:02:03.634871+01:00 Info floats-in-functor | Loaded 784 training examples
2018-05-23 17:02:03.635020+01:00 Info fyq-stdlib-int-sets | Loaded 0 reward entries
2018-05-23 17:02:03.635021+01:00 Info fyq-stdlib-int-sets | Loaded 0 query entries
2018-05-23 17:02:03.635022+01:00 Info fyq-stdlib-int-sets | Loaded 0 training examples
2018-05-23 17:02:04.027833+01:00 Info fft | Loaded 1865 reward entries
2018-05-23 17:02:04.027841+01:00 Info fft | Loaded 842 query entries
2018-05-23 17:02:04.027846+01:00 Info fft | Loaded 306 training examples
2018-05-23 17:02:04.368304+01:00 Info quicksort | Loaded 1667 reward entries
2018-05-23 17:02:04.368311+01:00 Info quicksort | Loaded 829 query entries
2018-05-23 17:02:04.368315+01:00 Info quicksort | Loaded 306 training examples
2018-05-23 17:02:04.368473+01:00 Info fyq-symbolic-maths | Loaded 0 reward entries
2018-05-23 17:02:04.368474+01:00 Info fyq-symbolic-maths | Loaded 0 query entries
2018-05-23 17:02:04.368474+01:00 Info fyq-symbolic-maths | Loaded 0 training examples
2018-05-23 17:02:04.715878+01:00 Info lens | Loaded 1698 reward entries
2018-05-23 17:02:04.715890+01:00 Info lens | Loaded 835 query entries
2018-05-23 17:02:04.715894+01:00 Info lens | Loaded 296 training examples
2018-05-23 17:02:04.716070+01:00 Info fyq-rev-list | Loaded 0 reward entries
2018-05-23 17:02:04.716073+01:00 Info fyq-rev-list | Loaded 0 query entries
2018-05-23 17:02:04.716074+01:00 Info fyq-rev-list | Loaded 0 training examples
2018-05-23 17:02:06.250766+01:00 Info sequence-cps | Loaded 3135 reward entries
2018-05-23 17:02:06.250777+01:00 Info sequence-cps | Loaded 1134 query entries
2018-05-23 17:02:06.250780+01:00 Info sequence-cps | Loaded 330 training examples
2018-05-23 17:02:08.905231+01:00 Info hamming | Loaded 3032 reward entries
2018-05-23 17:02:08.905275+01:00 Info hamming | Loaded 8514 query entries
2018-05-23 17:02:08.905284+01:00 Info hamming | Loaded 1412 training examples
2018-05-23 17:02:11.949337+01:00 Info sequence | Loaded 14618 reward entries
2018-05-23 17:02:11.949374+01:00 Info sequence | Loaded 4111 query entries
2018-05-23 17:02:11.949378+01:00 Info sequence | Loaded 86 training examples
2018-05-23 17:02:11.949624+01:00 Info fyq-stdlib-functor-record-sets | Loaded 0 reward entries
2018-05-23 17:02:11.949626+01:00 Info fyq-stdlib-functor-record-sets | Loaded 0 query entries
2018-05-23 17:02:11.949627+01:00 Info fyq-stdlib-functor-record-sets | Loaded 0 training examples
2018-05-23 17:02:11.949813+01:00 Info Loaded a total of 6312 training examples
2018-05-23 17:02:11.950412+01:00 Info Loaded 6312 IN-SAMPLE training examples and 2 OUT-OF-SAMPLE test examples
2018-05-23 17:02:11.951229+01:00 Info (hyperparams((l2_reg 0.01)(dropout_keep_prob 0.5)))
2018-05-23 17:02:12.051373+01:00 Info ((name"training examples")(distribution((0 0.648720032507111)(1 0.35127996749288909))))
2018-05-23 17:02:12.051378+01:00 Info ((name"test examples")(distribution((0 -nan)(1 -nan))))
(monitor.ml.Error (Invalid_argument "index out of bounds")
 ("Raised by primitive operation at file \"src/owl/dense/owl_dense_ndarray_generic.ml\", line 229, characters 26-36"
  "Called from file \"tools/decision_model.ml\", line 137, characters 6-150"
  "Called from file \"tools/decision_model.ml\", line 146, characters 18-60"
  "Called from file \"src/deferred0.ml\", line 61, characters 64-69"
  "Called from file \"src/job_queue.ml\", line 159, characters 6-47"))
