2018-05-23 16:59:31.794284+01:00 Info fyq-stdlib-int-sets | Loaded 0 reward entries
2018-05-23 16:59:31.794285+01:00 Info fyq-stdlib-int-sets | Loaded 0 query entries
2018-05-23 16:59:31.794287+01:00 Info fyq-stdlib-int-sets | Loaded 0 training examples
2018-05-23 16:59:31.794563+01:00 Info Loaded a total of 0 training examples
2018-05-23 16:59:33.359242+01:00 Info bdd | Loaded 5717 reward entries
2018-05-23 16:59:33.359265+01:00 Info bdd | Loaded 2818 query entries
2018-05-23 16:59:33.359271+01:00 Info bdd | Loaded 824 training examples
2018-05-23 16:59:33.833108+01:00 Info almabench | Loaded 1926 reward entries
2018-05-23 16:59:33.833119+01:00 Info almabench | Loaded 846 query entries
2018-05-23 16:59:33.833123+01:00 Info almabench | Loaded 317 training examples
2018-05-23 16:59:35.427797+01:00 Info lexifi | Loaded 4262 reward entries
2018-05-23 16:59:35.427818+01:00 Info lexifi | Loaded 4073 query entries
2018-05-23 16:59:35.427823+01:00 Info lexifi | Loaded 1370 training examples
2018-05-23 16:59:44.410672+01:00 Info kb | Loaded 4747 reward entries
2018-05-23 16:59:44.410806+01:00 Info kb | Loaded 35367 query entries
2018-05-23 16:59:44.410810+01:00 Info kb | Loaded 281 training examples
2018-05-23 16:59:46.585682+01:00 Info floats-in-functor | Loaded 2774 reward entries
2018-05-23 16:59:46.585722+01:00 Info floats-in-functor | Loaded 8773 query entries
2018-05-23 16:59:46.585728+01:00 Info floats-in-functor | Loaded 784 training examples
2018-05-23 16:59:46.995140+01:00 Info fft | Loaded 1865 reward entries
2018-05-23 16:59:46.995147+01:00 Info fft | Loaded 842 query entries
2018-05-23 16:59:46.995150+01:00 Info fft | Loaded 306 training examples
2018-05-23 16:59:47.403800+01:00 Info quicksort | Loaded 1667 reward entries
2018-05-23 16:59:47.403810+01:00 Info quicksort | Loaded 829 query entries
2018-05-23 16:59:47.403815+01:00 Info quicksort | Loaded 306 training examples
2018-05-23 16:59:47.403980+01:00 Info fyq-symbolic-maths | Loaded 0 reward entries
2018-05-23 16:59:47.403982+01:00 Info fyq-symbolic-maths | Loaded 0 query entries
2018-05-23 16:59:47.403984+01:00 Info fyq-symbolic-maths | Loaded 0 training examples
2018-05-23 16:59:47.779749+01:00 Info lens | Loaded 1698 reward entries
2018-05-23 16:59:47.779758+01:00 Info lens | Loaded 835 query entries
2018-05-23 16:59:47.779763+01:00 Info lens | Loaded 296 training examples
2018-05-23 16:59:47.779918+01:00 Info fyq-rev-list | Loaded 0 reward entries
2018-05-23 16:59:47.779919+01:00 Info fyq-rev-list | Loaded 0 query entries
2018-05-23 16:59:47.779921+01:00 Info fyq-rev-list | Loaded 0 training examples
2018-05-23 16:59:49.280359+01:00 Info sequence-cps | Loaded 3135 reward entries
2018-05-23 16:59:49.280370+01:00 Info sequence-cps | Loaded 1134 query entries
2018-05-23 16:59:49.280374+01:00 Info sequence-cps | Loaded 330 training examples
2018-05-23 16:59:51.657245+01:00 Info hamming | Loaded 3032 reward entries
2018-05-23 16:59:51.657289+01:00 Info hamming | Loaded 8514 query entries
2018-05-23 16:59:51.657295+01:00 Info hamming | Loaded 1412 training examples
2018-05-23 16:59:51.659989+01:00 Info kahan-sum | Loaded 19 reward entries
2018-05-23 16:59:51.659991+01:00 Info kahan-sum | Loaded 14 query entries
2018-05-23 16:59:51.659992+01:00 Info kahan-sum | Loaded 2 training examples
2018-05-23 16:59:54.597712+01:00 Info sequence | Loaded 14618 reward entries
2018-05-23 16:59:54.597733+01:00 Info sequence | Loaded 4111 query entries
2018-05-23 16:59:54.597737+01:00 Info sequence | Loaded 86 training examples
2018-05-23 16:59:54.597929+01:00 Info fyq-stdlib-functor-record-sets | Loaded 0 reward entries
2018-05-23 16:59:54.597931+01:00 Info fyq-stdlib-functor-record-sets | Loaded 0 query entries
2018-05-23 16:59:54.597932+01:00 Info fyq-stdlib-functor-record-sets | Loaded 0 training examples
2018-05-23 16:59:54.598036+01:00 Info Loaded a total of 6314 training examples
2018-05-23 16:59:54.598588+01:00 Info Loaded 6314 IN-SAMPLE training examples and 0 OUT-OF-SAMPLE test examples
2018-05-23 16:59:54.599417+01:00 Info (hyperparams((l2_reg 0.01)(dropout_keep_prob 0.5)))
2018-05-23 16:59:54.699570+01:00 Info ((name"training examples")(distribution((0 0.648720032507111)(1 0.35127996749288909))))
2018-05-23 16:59:54.699575+01:00 Info ((name"test examples")(distribution((0 -nan)(1 -nan))))
(monitor.ml.Error (Invalid_argument "index out of bounds")
 ("Raised by primitive operation at file \"src/owl/dense/owl_dense_ndarray_generic.ml\", line 229, characters 26-36"
  "Called from file \"tools/decision_model.ml\", line 137, characters 6-150"
  "Called from file \"tools/decision_model.ml\", line 146, characters 18-60"
  "Called from file \"src/deferred0.ml\", line 61, characters 64-69"
  "Called from file \"src/job_queue.ml\", line 159, characters 6-47"))
