2018-05-23 17:02:18.004065+01:00 Info fyq-stdlib-functor-record-sets | Loaded 0 reward entries
2018-05-23 17:02:18.004066+01:00 Info fyq-stdlib-functor-record-sets | Loaded 0 query entries
2018-05-23 17:02:18.004067+01:00 Info fyq-stdlib-functor-record-sets | Loaded 0 training examples
2018-05-23 17:02:18.004361+01:00 Info Loaded a total of 0 training examples
2018-05-23 17:02:19.688110+01:00 Info bdd | Loaded 5717 reward entries
2018-05-23 17:02:19.688134+01:00 Info bdd | Loaded 2818 query entries
2018-05-23 17:02:19.688140+01:00 Info bdd | Loaded 824 training examples
2018-05-23 17:02:20.118629+01:00 Info almabench | Loaded 1926 reward entries
2018-05-23 17:02:20.118641+01:00 Info almabench | Loaded 846 query entries
2018-05-23 17:02:20.118646+01:00 Info almabench | Loaded 317 training examples
2018-05-23 17:02:21.606172+01:00 Info lexifi | Loaded 4262 reward entries
2018-05-23 17:02:21.606194+01:00 Info lexifi | Loaded 4073 query entries
2018-05-23 17:02:21.606203+01:00 Info lexifi | Loaded 1370 training examples
2018-05-23 17:02:29.228074+01:00 Info kb | Loaded 4747 reward entries
2018-05-23 17:02:29.228196+01:00 Info kb | Loaded 35367 query entries
2018-05-23 17:02:29.228200+01:00 Info kb | Loaded 281 training examples
2018-05-23 17:02:31.212772+01:00 Info floats-in-functor | Loaded 2774 reward entries
2018-05-23 17:02:31.212810+01:00 Info floats-in-functor | Loaded 8773 query entries
2018-05-23 17:02:31.212814+01:00 Info floats-in-functor | Loaded 784 training examples
2018-05-23 17:02:31.212955+01:00 Info fyq-stdlib-int-sets | Loaded 0 reward entries
2018-05-23 17:02:31.212956+01:00 Info fyq-stdlib-int-sets | Loaded 0 query entries
2018-05-23 17:02:31.212957+01:00 Info fyq-stdlib-int-sets | Loaded 0 training examples
2018-05-23 17:02:31.531538+01:00 Info fft | Loaded 1865 reward entries
2018-05-23 17:02:31.531544+01:00 Info fft | Loaded 842 query entries
2018-05-23 17:02:31.531547+01:00 Info fft | Loaded 306 training examples
2018-05-23 17:02:31.799154+01:00 Info quicksort | Loaded 1667 reward entries
2018-05-23 17:02:31.799161+01:00 Info quicksort | Loaded 829 query entries
2018-05-23 17:02:31.799165+01:00 Info quicksort | Loaded 306 training examples
2018-05-23 17:02:31.799289+01:00 Info fyq-symbolic-maths | Loaded 0 reward entries
2018-05-23 17:02:31.799290+01:00 Info fyq-symbolic-maths | Loaded 0 query entries
2018-05-23 17:02:31.799290+01:00 Info fyq-symbolic-maths | Loaded 0 training examples
2018-05-23 17:02:32.047150+01:00 Info lens | Loaded 1698 reward entries
2018-05-23 17:02:32.047156+01:00 Info lens | Loaded 835 query entries
2018-05-23 17:02:32.047159+01:00 Info lens | Loaded 296 training examples
2018-05-23 17:02:32.047291+01:00 Info fyq-rev-list | Loaded 0 reward entries
2018-05-23 17:02:32.047292+01:00 Info fyq-rev-list | Loaded 0 query entries
2018-05-23 17:02:32.047293+01:00 Info fyq-rev-list | Loaded 0 training examples
2018-05-23 17:02:33.051486+01:00 Info sequence-cps | Loaded 3135 reward entries
2018-05-23 17:02:33.051495+01:00 Info sequence-cps | Loaded 1134 query entries
2018-05-23 17:02:33.051498+01:00 Info sequence-cps | Loaded 330 training examples
2018-05-23 17:02:35.319206+01:00 Info hamming | Loaded 3032 reward entries
2018-05-23 17:02:35.319243+01:00 Info hamming | Loaded 8514 query entries
2018-05-23 17:02:35.319249+01:00 Info hamming | Loaded 1412 training examples
2018-05-23 17:02:35.322951+01:00 Info kahan-sum | Loaded 19 reward entries
2018-05-23 17:02:35.322953+01:00 Info kahan-sum | Loaded 14 query entries
2018-05-23 17:02:35.322955+01:00 Info kahan-sum | Loaded 2 training examples
2018-05-23 17:02:38.095225+01:00 Info sequence | Loaded 14618 reward entries
2018-05-23 17:02:38.095255+01:00 Info sequence | Loaded 4111 query entries
2018-05-23 17:02:38.095263+01:00 Info sequence | Loaded 86 training examples
2018-05-23 17:02:38.095381+01:00 Info Loaded a total of 6314 training examples
2018-05-23 17:02:38.095938+01:00 Info Loaded 6314 IN-SAMPLE training examples and 0 OUT-OF-SAMPLE test examples
2018-05-23 17:02:38.096650+01:00 Info (hyperparams((l2_reg 0.01)(dropout_keep_prob 0.5)))
2018-05-23 17:02:38.196835+01:00 Info ((name"training examples")(distribution((0 0.648720032507111)(1 0.35127996749288909))))
2018-05-23 17:02:38.196841+01:00 Info ((name"test examples")(distribution((0 -nan)(1 -nan))))
(monitor.ml.Error (Invalid_argument "index out of bounds")
 ("Raised by primitive operation at file \"src/owl/dense/owl_dense_ndarray_generic.ml\", line 229, characters 26-36"
  "Called from file \"tools/decision_model.ml\", line 137, characters 6-150"
  "Called from file \"tools/decision_model.ml\", line 146, characters 18-60"
  "Called from file \"src/deferred0.ml\", line 61, characters 64-69"
  "Called from file \"src/job_queue.ml\", line 159, characters 6-47"))
