2018-05-23 17:09:11.965668+01:00 Info fyq-stdlib-int-sets | Loaded 0 reward entries
2018-05-23 17:09:11.965670+01:00 Info fyq-stdlib-int-sets | Loaded 0 query entries
2018-05-23 17:09:11.965672+01:00 Info fyq-stdlib-int-sets | Loaded 0 training examples
2018-05-23 17:09:11.966059+01:00 Info Loaded a total of 0 training examples
2018-05-23 17:09:13.896686+01:00 Info bdd | Loaded 5717 reward entries
2018-05-23 17:09:13.896706+01:00 Info bdd | Loaded 2818 query entries
2018-05-23 17:09:13.896711+01:00 Info bdd | Loaded 824 training examples
2018-05-23 17:09:14.271940+01:00 Info almabench | Loaded 1926 reward entries
2018-05-23 17:09:14.271950+01:00 Info almabench | Loaded 846 query entries
2018-05-23 17:09:14.271954+01:00 Info almabench | Loaded 317 training examples
2018-05-23 17:09:15.782973+01:00 Info lexifi | Loaded 4262 reward entries
2018-05-23 17:09:15.782998+01:00 Info lexifi | Loaded 4073 query entries
2018-05-23 17:09:15.783005+01:00 Info lexifi | Loaded 1370 training examples
2018-05-23 17:09:24.851474+01:00 Info kb | Loaded 4747 reward entries
2018-05-23 17:09:24.851599+01:00 Info kb | Loaded 35367 query entries
2018-05-23 17:09:24.851604+01:00 Info kb | Loaded 281 training examples
2018-05-23 17:09:27.153424+01:00 Info floats-in-functor | Loaded 2774 reward entries
2018-05-23 17:09:27.153488+01:00 Info floats-in-functor | Loaded 8773 query entries
2018-05-23 17:09:27.153495+01:00 Info floats-in-functor | Loaded 784 training examples
2018-05-23 17:09:27.506366+01:00 Info fft | Loaded 1865 reward entries
2018-05-23 17:09:27.506373+01:00 Info fft | Loaded 842 query entries
2018-05-23 17:09:27.506376+01:00 Info fft | Loaded 306 training examples
2018-05-23 17:09:27.871764+01:00 Info quicksort | Loaded 1667 reward entries
2018-05-23 17:09:27.871776+01:00 Info quicksort | Loaded 829 query entries
2018-05-23 17:09:27.871781+01:00 Info quicksort | Loaded 306 training examples
2018-05-23 17:09:27.871927+01:00 Info fyq-symbolic-maths | Loaded 0 reward entries
2018-05-23 17:09:27.871928+01:00 Info fyq-symbolic-maths | Loaded 0 query entries
2018-05-23 17:09:27.871930+01:00 Info fyq-symbolic-maths | Loaded 0 training examples
2018-05-23 17:09:28.198056+01:00 Info lens | Loaded 1698 reward entries
2018-05-23 17:09:28.198062+01:00 Info lens | Loaded 835 query entries
2018-05-23 17:09:28.198066+01:00 Info lens | Loaded 296 training examples
2018-05-23 17:09:28.198211+01:00 Info fyq-rev-list | Loaded 0 reward entries
2018-05-23 17:09:28.198212+01:00 Info fyq-rev-list | Loaded 0 query entries
2018-05-23 17:09:28.198214+01:00 Info fyq-rev-list | Loaded 0 training examples
2018-05-23 17:09:29.706777+01:00 Info sequence-cps | Loaded 3135 reward entries
2018-05-23 17:09:29.706785+01:00 Info sequence-cps | Loaded 1134 query entries
2018-05-23 17:09:29.706789+01:00 Info sequence-cps | Loaded 330 training examples
2018-05-23 17:09:32.210539+01:00 Info hamming | Loaded 3032 reward entries
2018-05-23 17:09:32.210569+01:00 Info hamming | Loaded 8514 query entries
2018-05-23 17:09:32.210575+01:00 Info hamming | Loaded 1412 training examples
2018-05-23 17:09:32.213504+01:00 Info kahan-sum | Loaded 19 reward entries
2018-05-23 17:09:32.213505+01:00 Info kahan-sum | Loaded 14 query entries
2018-05-23 17:09:32.213507+01:00 Info kahan-sum | Loaded 2 training examples
2018-05-23 17:09:35.007788+01:00 Info sequence | Loaded 14618 reward entries
2018-05-23 17:09:35.007816+01:00 Info sequence | Loaded 4111 query entries
2018-05-23 17:09:35.007819+01:00 Info sequence | Loaded 86 training examples
2018-05-23 17:09:35.007956+01:00 Info fyq-stdlib-functor-record-sets | Loaded 0 reward entries
2018-05-23 17:09:35.007958+01:00 Info fyq-stdlib-functor-record-sets | Loaded 0 query entries
2018-05-23 17:09:35.007960+01:00 Info fyq-stdlib-functor-record-sets | Loaded 0 training examples
2018-05-23 17:09:35.008081+01:00 Info Loaded a total of 6314 training examples
2018-05-23 17:09:35.008684+01:00 Info Loaded 6314 IN-SAMPLE training examples and 0 OUT-OF-SAMPLE test examples
2018-05-23 17:09:35.009475+01:00 Info (hyperparams((l2_reg 0.1)(dropout_keep_prob 0.5)))
2018-05-23 17:09:35.109709+01:00 Info ((name"training examples")(distribution((0 0.648720032507111)(1 0.35127996749288909))))
2018-05-23 17:09:35.109715+01:00 Info ((name"test examples")(distribution((0 -nan)(1 -nan))))
(monitor.ml.Error (Invalid_argument "index out of bounds")
 ("Raised by primitive operation at file \"src/owl/dense/owl_dense_ndarray_generic.ml\", line 229, characters 26-36"
  "Called from file \"tools/decision_model.ml\", line 137, characters 6-150"
  "Called from file \"tools/decision_model.ml\", line 146, characters 18-60"
  "Called from file \"src/deferred0.ml\", line 61, characters 64-69"
  "Called from file \"src/job_queue.ml\", line 159, characters 6-47"))
