2018-05-23 16:26:08.282273+01:00 Info fyq-stdlib-functor-record-sets | Loaded 0 reward entries
2018-05-23 16:26:08.282275+01:00 Info fyq-stdlib-functor-record-sets | Loaded 0 query entries
2018-05-23 16:26:08.282276+01:00 Info fyq-stdlib-functor-record-sets | Loaded 0 training examples
2018-05-23 16:26:08.282686+01:00 Info Loaded a total of 0 training examples
2018-05-23 16:26:09.993920+01:00 Info bdd | Loaded 5717 reward entries
2018-05-23 16:26:09.993932+01:00 Info bdd | Loaded 2818 query entries
2018-05-23 16:26:09.993936+01:00 Info bdd | Loaded 824 training examples
2018-05-23 16:26:10.404365+01:00 Info almabench | Loaded 1926 reward entries
2018-05-23 16:26:10.404374+01:00 Info almabench | Loaded 846 query entries
2018-05-23 16:26:10.404377+01:00 Info almabench | Loaded 317 training examples
2018-05-23 16:26:11.732191+01:00 Info lexifi | Loaded 4262 reward entries
2018-05-23 16:26:11.732215+01:00 Info lexifi | Loaded 4073 query entries
2018-05-23 16:26:11.732223+01:00 Info lexifi | Loaded 1370 training examples
2018-05-23 16:26:20.401857+01:00 Info kb | Loaded 4747 reward entries
2018-05-23 16:26:20.402082+01:00 Info kb | Loaded 35367 query entries
2018-05-23 16:26:20.402088+01:00 Info kb | Loaded 281 training examples
2018-05-23 16:26:22.622411+01:00 Info floats-in-functor | Loaded 2774 reward entries
2018-05-23 16:26:22.622463+01:00 Info floats-in-functor | Loaded 8773 query entries
2018-05-23 16:26:22.622469+01:00 Info floats-in-functor | Loaded 784 training examples
2018-05-23 16:26:22.622606+01:00 Info fyq-stdlib-int-sets | Loaded 0 reward entries
2018-05-23 16:26:22.622607+01:00 Info fyq-stdlib-int-sets | Loaded 0 query entries
2018-05-23 16:26:22.622608+01:00 Info fyq-stdlib-int-sets | Loaded 0 training examples
2018-05-23 16:26:22.970711+01:00 Info fft | Loaded 1865 reward entries
2018-05-23 16:26:22.970717+01:00 Info fft | Loaded 842 query entries
2018-05-23 16:26:22.970720+01:00 Info fft | Loaded 306 training examples
2018-05-23 16:26:23.298280+01:00 Info quicksort | Loaded 1667 reward entries
2018-05-23 16:26:23.298288+01:00 Info quicksort | Loaded 829 query entries
2018-05-23 16:26:23.298291+01:00 Info quicksort | Loaded 306 training examples
2018-05-23 16:26:23.298435+01:00 Info fyq-symbolic-maths | Loaded 0 reward entries
2018-05-23 16:26:23.298436+01:00 Info fyq-symbolic-maths | Loaded 0 query entries
2018-05-23 16:26:23.298436+01:00 Info fyq-symbolic-maths | Loaded 0 training examples
2018-05-23 16:26:23.548079+01:00 Info lens | Loaded 1698 reward entries
2018-05-23 16:26:23.548087+01:00 Info lens | Loaded 835 query entries
2018-05-23 16:26:23.548090+01:00 Info lens | Loaded 296 training examples
2018-05-23 16:26:23.548193+01:00 Info fyq-rev-list | Loaded 0 reward entries
2018-05-23 16:26:23.548194+01:00 Info fyq-rev-list | Loaded 0 query entries
2018-05-23 16:26:23.548195+01:00 Info fyq-rev-list | Loaded 0 training examples
2018-05-23 16:26:24.656650+01:00 Info sequence-cps | Loaded 3135 reward entries
2018-05-23 16:26:24.656658+01:00 Info sequence-cps | Loaded 1134 query entries
2018-05-23 16:26:24.656662+01:00 Info sequence-cps | Loaded 330 training examples
2018-05-23 16:26:26.868353+01:00 Info hamming | Loaded 3032 reward entries
2018-05-23 16:26:26.868387+01:00 Info hamming | Loaded 8514 query entries
2018-05-23 16:26:26.868395+01:00 Info hamming | Loaded 1412 training examples
2018-05-23 16:26:26.872095+01:00 Info kahan-sum | Loaded 19 reward entries
2018-05-23 16:26:26.872096+01:00 Info kahan-sum | Loaded 14 query entries
2018-05-23 16:26:26.872098+01:00 Info kahan-sum | Loaded 2 training examples
2018-05-23 16:26:29.272361+01:00 Info sequence | Loaded 14618 reward entries
2018-05-23 16:26:29.272379+01:00 Info sequence | Loaded 4111 query entries
2018-05-23 16:26:29.272382+01:00 Info sequence | Loaded 86 training examples
2018-05-23 16:26:29.272458+01:00 Info Loaded a total of 6314 training examples
2018-05-23 16:26:29.272954+01:00 Info Loaded 6314 IN-SAMPLE training examples and 0 OUT-OF-SAMPLE test examples
2018-05-23 16:26:29.272972+01:00 Info (hyperparams((l2_reg 0.1)(dropout_keep_prob 0.5)))
(monitor.ml.Error (Invalid_argument "index out of bounds")
 ("Raised by primitive operation at file \"src/owl/dense/owl_dense_ndarray_generic.ml\", line 229, characters 26-36"
  "Called from file \"tools/familiarity_model.ml\", line 139, characters 6-150"
  "Called from file \"tools/familiarity_model.ml\", line 152, characters 18-60"
  "Called from file \"src/deferred0.ml\", line 61, characters 64-69"
  "Called from file \"src/job_queue.ml\", line 159, characters 6-47"))
