2018-05-23 15:16:41.243753+01:00 Info fyq-rev-list | Loaded 0 reward entries
2018-05-23 15:16:41.243755+01:00 Info fyq-rev-list | Loaded 0 query entries
2018-05-23 15:16:41.243756+01:00 Info fyq-rev-list | Loaded 0 training examples
2018-05-23 15:16:41.244158+01:00 Info Loaded a total of 0 training examples
2018-05-23 15:16:42.804552+01:00 Info bdd | Loaded 5717 reward entries
2018-05-23 15:16:42.804563+01:00 Info bdd | Loaded 2818 query entries
2018-05-23 15:16:42.804567+01:00 Info bdd | Loaded 824 training examples
2018-05-23 15:16:43.175773+01:00 Info almabench | Loaded 1926 reward entries
2018-05-23 15:16:43.175779+01:00 Info almabench | Loaded 846 query entries
2018-05-23 15:16:43.175782+01:00 Info almabench | Loaded 317 training examples
2018-05-23 15:16:44.445705+01:00 Info lexifi | Loaded 4262 reward entries
2018-05-23 15:16:44.445729+01:00 Info lexifi | Loaded 4073 query entries
2018-05-23 15:16:44.445736+01:00 Info lexifi | Loaded 1370 training examples
2018-05-23 15:16:51.973664+01:00 Info kb | Loaded 4747 reward entries
2018-05-23 15:16:51.973815+01:00 Info kb | Loaded 35367 query entries
2018-05-23 15:16:51.973819+01:00 Info kb | Loaded 281 training examples
2018-05-23 15:16:53.874557+01:00 Info floats-in-functor | Loaded 2774 reward entries
2018-05-23 15:16:53.874593+01:00 Info floats-in-functor | Loaded 8773 query entries
2018-05-23 15:16:53.874598+01:00 Info floats-in-functor | Loaded 784 training examples
2018-05-23 15:16:53.874735+01:00 Info fyq-stdlib-int-sets | Loaded 0 reward entries
2018-05-23 15:16:53.874736+01:00 Info fyq-stdlib-int-sets | Loaded 0 query entries
2018-05-23 15:16:53.874738+01:00 Info fyq-stdlib-int-sets | Loaded 0 training examples
2018-05-23 15:16:54.238032+01:00 Info fft | Loaded 1865 reward entries
2018-05-23 15:16:54.238039+01:00 Info fft | Loaded 842 query entries
2018-05-23 15:16:54.238042+01:00 Info fft | Loaded 306 training examples
2018-05-23 15:16:54.611132+01:00 Info quicksort | Loaded 1667 reward entries
2018-05-23 15:16:54.611142+01:00 Info quicksort | Loaded 829 query entries
2018-05-23 15:16:54.611147+01:00 Info quicksort | Loaded 306 training examples
2018-05-23 15:16:54.611352+01:00 Info fyq-symbolic-maths | Loaded 0 reward entries
2018-05-23 15:16:54.611353+01:00 Info fyq-symbolic-maths | Loaded 0 query entries
2018-05-23 15:16:54.611354+01:00 Info fyq-symbolic-maths | Loaded 0 training examples
2018-05-23 15:16:54.944991+01:00 Info lens | Loaded 1698 reward entries
2018-05-23 15:16:54.945001+01:00 Info lens | Loaded 835 query entries
2018-05-23 15:16:54.945005+01:00 Info lens | Loaded 296 training examples
2018-05-23 15:16:56.071544+01:00 Info sequence-cps | Loaded 3135 reward entries
2018-05-23 15:16:56.071554+01:00 Info sequence-cps | Loaded 1134 query entries
2018-05-23 15:16:56.071557+01:00 Info sequence-cps | Loaded 330 training examples
2018-05-23 15:16:58.379090+01:00 Info hamming | Loaded 3032 reward entries
2018-05-23 15:16:58.379140+01:00 Info hamming | Loaded 8514 query entries
2018-05-23 15:16:58.379147+01:00 Info hamming | Loaded 1412 training examples
2018-05-23 15:16:58.382534+01:00 Info kahan-sum | Loaded 19 reward entries
2018-05-23 15:16:58.382535+01:00 Info kahan-sum | Loaded 14 query entries
2018-05-23 15:16:58.382537+01:00 Info kahan-sum | Loaded 2 training examples
2018-05-23 15:17:01.061984+01:00 Info sequence | Loaded 14618 reward entries
2018-05-23 15:17:01.062011+01:00 Info sequence | Loaded 4111 query entries
2018-05-23 15:17:01.062015+01:00 Info sequence | Loaded 86 training examples
2018-05-23 15:17:01.062153+01:00 Info fyq-stdlib-functor-record-sets | Loaded 0 reward entries
2018-05-23 15:17:01.062154+01:00 Info fyq-stdlib-functor-record-sets | Loaded 0 query entries
2018-05-23 15:17:01.062155+01:00 Info fyq-stdlib-functor-record-sets | Loaded 0 training examples
2018-05-23 15:17:01.062248+01:00 Info Loaded a total of 6314 training examples
2018-05-23 15:17:01.062809+01:00 Info Loaded 6314 IN-SAMPLE training examples and 0 OUT-OF-SAMPLE test examples
2018-05-23 15:17:01.062820+01:00 Info (hyperparams((l2_reg 0.1)(dropout_keep_prob 0.5)))
(monitor.ml.Error (Invalid_argument "index out of bounds")
 ("Raised by primitive operation at file \"src/owl/dense/owl_dense_ndarray_generic.ml\", line 229, characters 26-36"
  "Called from file \"tools/familiarity_model.ml\", line 139, characters 6-150"
  "Called from file \"tools/familiarity_model.ml\", line 152, characters 18-60"
  "Called from file \"src/deferred0.ml\", line 61, characters 64-69"
  "Called from file \"src/job_queue.ml\", line 159, characters 6-47"))
