2018-05-21 15:15:17.307371+01:00 Info fyq-stdlib-int-sets | Loaded 0 reward entries
2018-05-21 15:15:17.307372+01:00 Info fyq-stdlib-int-sets | Loaded 0 query entries
2018-05-21 15:15:17.307373+01:00 Info fyq-stdlib-int-sets | Loaded 0 training examples
2018-05-21 15:15:17.307642+01:00 Info Loaded a total of 0 training examples
2018-05-21 15:15:18.307346+01:00 Info bdd | Loaded 5717 reward entries
2018-05-21 15:15:18.307360+01:00 Info bdd | Loaded 2818 query entries
2018-05-21 15:15:18.307365+01:00 Info bdd | Loaded 824 training examples
2018-05-21 15:15:18.627092+01:00 Info almabench | Loaded 1926 reward entries
2018-05-21 15:15:18.627099+01:00 Info almabench | Loaded 846 query entries
2018-05-21 15:15:18.627102+01:00 Info almabench | Loaded 317 training examples
2018-05-21 15:15:19.246483+01:00 Info lexifi | Loaded 4262 reward entries
2018-05-21 15:15:19.246496+01:00 Info lexifi | Loaded 4073 query entries
2018-05-21 15:15:19.246500+01:00 Info lexifi | Loaded 1370 training examples
2018-05-21 15:15:22.208795+01:00 Info kb | Loaded 4747 reward entries
2018-05-21 15:15:22.208903+01:00 Info kb | Loaded 35367 query entries
2018-05-21 15:15:22.208905+01:00 Info kb | Loaded 281 training examples
2018-05-21 15:15:23.089110+01:00 Info floats-in-functor | Loaded 2774 reward entries
2018-05-21 15:15:23.089158+01:00 Info floats-in-functor | Loaded 8773 query entries
2018-05-21 15:15:23.089162+01:00 Info floats-in-functor | Loaded 784 training examples
2018-05-21 15:15:23.316175+01:00 Info fft | Loaded 1865 reward entries
2018-05-21 15:15:23.316179+01:00 Info fft | Loaded 842 query entries
2018-05-21 15:15:23.316182+01:00 Info fft | Loaded 306 training examples
2018-05-21 15:15:23.510726+01:00 Info quicksort | Loaded 1667 reward entries
2018-05-21 15:15:23.510731+01:00 Info quicksort | Loaded 829 query entries
2018-05-21 15:15:23.510735+01:00 Info quicksort | Loaded 306 training examples
2018-05-21 15:15:23.510947+01:00 Info fyq-symbolic-maths | Loaded 0 reward entries
2018-05-21 15:15:23.510948+01:00 Info fyq-symbolic-maths | Loaded 0 query entries
2018-05-21 15:15:23.510949+01:00 Info fyq-symbolic-maths | Loaded 0 training examples
2018-05-21 15:15:23.618239+01:00 Info lens | Loaded 1698 reward entries
2018-05-21 15:15:23.618245+01:00 Info lens | Loaded 835 query entries
2018-05-21 15:15:23.618248+01:00 Info lens | Loaded 296 training examples
2018-05-21 15:15:23.618508+01:00 Info fyq-rev-list | Loaded 0 reward entries
2018-05-21 15:15:23.618509+01:00 Info fyq-rev-list | Loaded 0 query entries
2018-05-21 15:15:23.618510+01:00 Info fyq-rev-list | Loaded 0 training examples
2018-05-21 15:15:23.770209+01:00 Info sequence-cps | Loaded 3135 reward entries
2018-05-21 15:15:23.770214+01:00 Info sequence-cps | Loaded 1134 query entries
2018-05-21 15:15:23.770217+01:00 Info sequence-cps | Loaded 330 training examples
2018-05-21 15:15:24.583167+01:00 Info hamming | Loaded 3032 reward entries
2018-05-21 15:15:24.583194+01:00 Info hamming | Loaded 8514 query entries
2018-05-21 15:15:24.583199+01:00 Info hamming | Loaded 1412 training examples
2018-05-21 15:15:24.584550+01:00 Info kahan-sum | Loaded 19 reward entries
2018-05-21 15:15:24.584551+01:00 Info kahan-sum | Loaded 14 query entries
2018-05-21 15:15:24.584552+01:00 Info kahan-sum | Loaded 2 training examples
2018-05-21 15:15:27.375183+01:00 Info sequence | Loaded 14618 reward entries
2018-05-21 15:15:27.375204+01:00 Info sequence | Loaded 4111 query entries
2018-05-21 15:15:27.375206+01:00 Info sequence | Loaded 86 training examples
2018-05-21 15:15:27.375467+01:00 Info fyq-stdlib-functor-record-sets | Loaded 0 reward entries
2018-05-21 15:15:27.375468+01:00 Info fyq-stdlib-functor-record-sets | Loaded 0 query entries
2018-05-21 15:15:27.375481+01:00 Info fyq-stdlib-functor-record-sets | Loaded 0 training examples
2018-05-21 15:15:27.375547+01:00 Info Loaded a total of 6314 training examples
2018-05-21 15:15:27.376070+01:00 Info Loaded 6314 IN-SAMPLE training examples and 0 OUT-OF-SAMPLE test examples
2018-05-21 15:15:27.376086+01:00 Info (hyperparams((l2_reg 0.1)(dropout_keep_prob 1)))
(monitor.ml.Error (Invalid_argument "index out of bounds")
 ("Raised by primitive operation at file \"src/owl/dense/owl_dense_ndarray_generic.ml\", line 229, characters 26-36"
  "Called from file \"tools/policy_model.ml\", line 134, characters 6-150"
  "Called from file \"tools/policy_model.ml\", line 149, characters 18-60"
  "Called from file \"src/deferred0.ml\", line 61, characters 64-69"
  "Called from file \"src/job_queue.ml\", line 159, characters 6-47"))
