2018-05-21 13:27:38.720685+01:00 Info fyq-symbolic-maths | Loaded 0 reward entries
2018-05-21 13:27:38.720686+01:00 Info fyq-symbolic-maths | Loaded 0 query entries
2018-05-21 13:27:38.720687+01:00 Info fyq-symbolic-maths | Loaded 0 training examples
2018-05-21 13:27:38.720941+01:00 Info Loaded a total of 0 training examples
2018-05-21 13:27:39.781508+01:00 Info bdd | Loaded 5717 reward entries
2018-05-21 13:27:39.781520+01:00 Info bdd | Loaded 2818 query entries
2018-05-21 13:27:39.781525+01:00 Info bdd | Loaded 824 training examples
2018-05-21 13:27:40.124336+01:00 Info almabench | Loaded 1926 reward entries
2018-05-21 13:27:40.124341+01:00 Info almabench | Loaded 846 query entries
2018-05-21 13:27:40.124344+01:00 Info almabench | Loaded 317 training examples
2018-05-21 13:27:40.812086+01:00 Info lexifi | Loaded 4262 reward entries
2018-05-21 13:27:40.812104+01:00 Info lexifi | Loaded 4073 query entries
2018-05-21 13:27:40.812108+01:00 Info lexifi | Loaded 1370 training examples
2018-05-21 13:27:44.092206+01:00 Info kb | Loaded 4747 reward entries
2018-05-21 13:27:44.092316+01:00 Info kb | Loaded 35367 query entries
2018-05-21 13:27:44.092319+01:00 Info kb | Loaded 281 training examples
2018-05-21 13:27:44.995750+01:00 Info floats-in-functor | Loaded 2774 reward entries
2018-05-21 13:27:44.995777+01:00 Info floats-in-functor | Loaded 8773 query entries
2018-05-21 13:27:44.995780+01:00 Info floats-in-functor | Loaded 784 training examples
2018-05-21 13:27:44.995930+01:00 Info fyq-stdlib-int-sets | Loaded 0 reward entries
2018-05-21 13:27:44.995931+01:00 Info fyq-stdlib-int-sets | Loaded 0 query entries
2018-05-21 13:27:44.995931+01:00 Info fyq-stdlib-int-sets | Loaded 0 training examples
2018-05-21 13:27:45.232774+01:00 Info fft | Loaded 1865 reward entries
2018-05-21 13:27:45.232780+01:00 Info fft | Loaded 842 query entries
2018-05-21 13:27:45.232783+01:00 Info fft | Loaded 306 training examples
2018-05-21 13:27:45.442630+01:00 Info quicksort | Loaded 1667 reward entries
2018-05-21 13:27:45.442634+01:00 Info quicksort | Loaded 829 query entries
2018-05-21 13:27:45.442636+01:00 Info quicksort | Loaded 306 training examples
2018-05-21 13:27:45.557672+01:00 Info lens | Loaded 1698 reward entries
2018-05-21 13:27:45.557677+01:00 Info lens | Loaded 835 query entries
2018-05-21 13:27:45.557680+01:00 Info lens | Loaded 296 training examples
2018-05-21 13:27:45.557769+01:00 Info fyq-rev-list | Loaded 0 reward entries
2018-05-21 13:27:45.557770+01:00 Info fyq-rev-list | Loaded 0 query entries
2018-05-21 13:27:45.557771+01:00 Info fyq-rev-list | Loaded 0 training examples
2018-05-21 13:27:45.730327+01:00 Info sequence-cps | Loaded 3135 reward entries
2018-05-21 13:27:45.730334+01:00 Info sequence-cps | Loaded 1134 query entries
2018-05-21 13:27:45.730337+01:00 Info sequence-cps | Loaded 330 training examples
2018-05-21 13:27:46.601130+01:00 Info hamming | Loaded 3032 reward entries
2018-05-21 13:27:46.601173+01:00 Info hamming | Loaded 8514 query entries
2018-05-21 13:27:46.601178+01:00 Info hamming | Loaded 1412 training examples
2018-05-21 13:27:46.602388+01:00 Info kahan-sum | Loaded 19 reward entries
2018-05-21 13:27:46.602389+01:00 Info kahan-sum | Loaded 14 query entries
2018-05-21 13:27:46.602391+01:00 Info kahan-sum | Loaded 2 training examples
2018-05-21 13:27:49.584851+01:00 Info sequence | Loaded 14618 reward entries
2018-05-21 13:27:49.584868+01:00 Info sequence | Loaded 4111 query entries
2018-05-21 13:27:49.584870+01:00 Info sequence | Loaded 86 training examples
2018-05-21 13:27:49.585010+01:00 Info fyq-stdlib-functor-record-sets | Loaded 0 reward entries
2018-05-21 13:27:49.585011+01:00 Info fyq-stdlib-functor-record-sets | Loaded 0 query entries
2018-05-21 13:27:49.585013+01:00 Info fyq-stdlib-functor-record-sets | Loaded 0 training examples
2018-05-21 13:27:49.585076+01:00 Info Loaded a total of 6314 training examples
2018-05-21 13:27:49.585426+01:00 Info Loaded 6314 IN-SAMPLE training examples and 0 OUT-OF-SAMPLE test examples
2018-05-21 13:27:49.585441+01:00 Info (hyperparams((l2_reg 0.001)(dropout_keep_prob 0.5)))
(monitor.ml.Error (Invalid_argument "index out of bounds")
 ("Raised by primitive operation at file \"src/owl/dense/owl_dense_ndarray_generic.ml\", line 229, characters 26-36"
  "Called from file \"tools/familiarity_model.ml\", line 139, characters 6-150"
  "Called from file \"tools/familiarity_model.ml\", line 152, characters 18-60"
  "Called from file \"src/deferred0.ml\", line 61, characters 64-69"
  "Called from file \"src/job_queue.ml\", line 159, characters 6-47"))
