2018-05-21 13:27:49.887739+01:00 Info fyq-rev-list | Loaded 0 reward entries
2018-05-21 13:27:49.887740+01:00 Info fyq-rev-list | Loaded 0 query entries
2018-05-21 13:27:49.887741+01:00 Info fyq-rev-list | Loaded 0 training examples
2018-05-21 13:27:49.888006+01:00 Info Loaded a total of 0 training examples
2018-05-21 13:27:50.980081+01:00 Info bdd | Loaded 5717 reward entries
2018-05-21 13:27:50.980091+01:00 Info bdd | Loaded 2818 query entries
2018-05-21 13:27:50.980094+01:00 Info bdd | Loaded 824 training examples
2018-05-21 13:27:51.330201+01:00 Info almabench | Loaded 1926 reward entries
2018-05-21 13:27:51.330206+01:00 Info almabench | Loaded 846 query entries
2018-05-21 13:27:51.330209+01:00 Info almabench | Loaded 317 training examples
2018-05-21 13:27:52.023848+01:00 Info lexifi | Loaded 4262 reward entries
2018-05-21 13:27:52.023863+01:00 Info lexifi | Loaded 4073 query entries
2018-05-21 13:27:52.023867+01:00 Info lexifi | Loaded 1370 training examples
2018-05-21 13:27:55.240434+01:00 Info kb | Loaded 4747 reward entries
2018-05-21 13:27:55.240540+01:00 Info kb | Loaded 35367 query entries
2018-05-21 13:27:55.240544+01:00 Info kb | Loaded 281 training examples
2018-05-21 13:27:56.163352+01:00 Info floats-in-functor | Loaded 2774 reward entries
2018-05-21 13:27:56.163384+01:00 Info floats-in-functor | Loaded 8773 query entries
2018-05-21 13:27:56.163388+01:00 Info floats-in-functor | Loaded 784 training examples
2018-05-21 13:27:56.163559+01:00 Info fyq-stdlib-int-sets | Loaded 0 reward entries
2018-05-21 13:27:56.163560+01:00 Info fyq-stdlib-int-sets | Loaded 0 query entries
2018-05-21 13:27:56.163561+01:00 Info fyq-stdlib-int-sets | Loaded 0 training examples
2018-05-21 13:27:56.379411+01:00 Info fft | Loaded 1865 reward entries
2018-05-21 13:27:56.379417+01:00 Info fft | Loaded 842 query entries
2018-05-21 13:27:56.379421+01:00 Info fft | Loaded 306 training examples
2018-05-21 13:27:56.583446+01:00 Info quicksort | Loaded 1667 reward entries
2018-05-21 13:27:56.583452+01:00 Info quicksort | Loaded 829 query entries
2018-05-21 13:27:56.583454+01:00 Info quicksort | Loaded 306 training examples
2018-05-21 13:27:56.583605+01:00 Info fyq-symbolic-maths | Loaded 0 reward entries
2018-05-21 13:27:56.583606+01:00 Info fyq-symbolic-maths | Loaded 0 query entries
2018-05-21 13:27:56.583607+01:00 Info fyq-symbolic-maths | Loaded 0 training examples
2018-05-21 13:27:56.701281+01:00 Info lens | Loaded 1698 reward entries
2018-05-21 13:27:56.701289+01:00 Info lens | Loaded 835 query entries
2018-05-21 13:27:56.701291+01:00 Info lens | Loaded 296 training examples
2018-05-21 13:27:56.879444+01:00 Info sequence-cps | Loaded 3135 reward entries
2018-05-21 13:27:56.879452+01:00 Info sequence-cps | Loaded 1134 query entries
2018-05-21 13:27:56.879456+01:00 Info sequence-cps | Loaded 330 training examples
2018-05-21 13:27:57.739078+01:00 Info hamming | Loaded 3032 reward entries
2018-05-21 13:27:57.739107+01:00 Info hamming | Loaded 8514 query entries
2018-05-21 13:27:57.739111+01:00 Info hamming | Loaded 1412 training examples
2018-05-21 13:27:57.740243+01:00 Info kahan-sum | Loaded 19 reward entries
2018-05-21 13:27:57.740244+01:00 Info kahan-sum | Loaded 14 query entries
2018-05-21 13:27:57.740245+01:00 Info kahan-sum | Loaded 2 training examples
2018-05-21 13:28:00.715572+01:00 Info sequence | Loaded 14618 reward entries
2018-05-21 13:28:00.715589+01:00 Info sequence | Loaded 4111 query entries
2018-05-21 13:28:00.715591+01:00 Info sequence | Loaded 86 training examples
2018-05-21 13:28:00.715828+01:00 Info fyq-stdlib-functor-record-sets | Loaded 0 reward entries
2018-05-21 13:28:00.715829+01:00 Info fyq-stdlib-functor-record-sets | Loaded 0 query entries
2018-05-21 13:28:00.715830+01:00 Info fyq-stdlib-functor-record-sets | Loaded 0 training examples
2018-05-21 13:28:00.715905+01:00 Info Loaded a total of 6314 training examples
2018-05-21 13:28:00.716408+01:00 Info Loaded 6314 IN-SAMPLE training examples and 0 OUT-OF-SAMPLE test examples
2018-05-21 13:28:00.716423+01:00 Info (hyperparams((l2_reg 0.001)(dropout_keep_prob 0.5)))
(monitor.ml.Error (Invalid_argument "index out of bounds")
 ("Raised by primitive operation at file \"src/owl/dense/owl_dense_ndarray_generic.ml\", line 229, characters 26-36"
  "Called from file \"tools/familiarity_model.ml\", line 139, characters 6-150"
  "Called from file \"tools/familiarity_model.ml\", line 152, characters 18-60"
  "Called from file \"src/deferred0.ml\", line 61, characters 64-69"
  "Called from file \"src/job_queue.ml\", line 159, characters 6-47"))
